i: 1,1,1,1
s: 3
t: 0.752
c: 0

i: 2,1,1,1
s: 3
t: 0.834
c: 0

i: 3,1,1,1
s: 3
t: 0.721
c: 0

i: 4,1,1,1
s: 3
t: 0.708
c: 0

i: 5,1,1,1
s: 3
t: 0.714
c: 0

i: 1,1,1,2
s: 4
t: 0.699
c: 0

i: 2,1,1,2
s: 3
t: 0.738
c: 0

i: 3,1,1,2
s: 2
t: 0.805
c: 0

i: 4,1,1,2
s: 3
t: 0.630
c: 0

i: 5,1,1,2
s: 3
t: 0.720
c: 0

i: 1,1,1,3
s: 4
t: 0.788
c: 0

i: 2,1,1,3
s: 3
t: 0.973
c: 0

i: 3,1,1,3
s: 2
t: 0.844
c: 0

i: 4,1,1,3
s: 3
t: 0.712
c: 0

i: 5,1,1,3
s: 3
t: 0.692
c: 0

i: 1,1,1,4
s: 3
t: 0.770
c: 0

i: 2,1,1,4
s: 3
t: 0.656
c: 0

i: 3,1,1,4
s: 3
t: 0.665
c: 0

i: 4,1,1,4
s: 3
t: 0.662
c: 0

i: 5,1,1,4
s: 3
t: 0.665
c: 0

i: 1,1,1,5
s: 3
t: 0.705
c: 0

i: 2,1,1,5
s: 3
t: 0.587
c: 0

i: 3,1,1,5
s: 3
t: 0.592
c: 0

i: 4,1,1,5
s: 3
t: 0.594
c: 0

i: 5,1,1,5
s: 3
t: 0.601
c: 0

i: 1,1,2,1
s: 3
t: 0.968
c: 0

i: 2,1,2,1
s: 3
t: 0.961
c: 0

i: 3,1,2,1
s: 3
t: 0.889
c: 0

i: 4,1,2,1
s: 3
t: 0.986
c: 0

i: 5,1,2,1
s: 3
t: 0.995
c: 0

i: 1,1,2,2
s: 4
t: 0.603
c: 0

i: 2,1,2,2
s: 4
t: 0.609
c: 0

i: 3,1,2,2
s: 2
t: 0.833
c: 0

i: 4,1,2,2
s: 3
t: 1.052
c: 0

i: 5,1,2,2
s: 3
t: 0.703
c: 0

i: 1,1,2,3
s: 4
t: 0.664
c: 0

i: 2,1,2,3
s: 4
t: 0.970
c: 0

i: 3,1,2,3
s: 2
t: 0.944
c: 0

i: 4,1,2,3
s: 3
t: 0.788
c: 0

i: 5,1,2,3
s: 3
t: 0.817
c: 0

i: 1,1,2,4
s: 3
t: 0.985
c: 0

i: 2,1,2,4
s: 3
t: 0.999
c: 0

i: 3,1,2,4
s: 3
t: 0.856
c: 0

i: 4,1,2,4
s: 3
t: 0.874
c: 0

i: 5,1,2,4
s: 3
t: 0.872
c: 0

i: 1,1,2,5
s: 2
t: 0.997
c: 0

i: 2,1,2,5
s: 2
t: 0.855
c: 0

i: 3,1,2,5
s: 2
t: 0.883
c: 0

i: 4,1,2,5
s: 2
t: 0.899
c: 0

i: 5,1,2,5
s: 2
t: 0.897
c: 0

i: 1,1,3,1
s: 3
t: 1.218
c: 0

i: 2,1,3,1
s: 3
t: 1.072
c: 0

i: 3,1,3,1
s: 3
t: 1.085
c: 0

i: 4,1,3,1
s: 3
t: 1.225
c: 0

i: 5,1,3,1
s: 3
t: 1.079
c: 0

i: 1,1,3,2
s: 4
t: 0.658
c: 0

i: 2,1,3,2
s: 4
t: 0.585
c: 0

i: 3,1,3,2
s: 2
t: 1.007
c: 0

i: 4,1,3,2
s: 3
t: 1.080
c: 0

i: 5,1,3,2
s: 3
t: 0.926
c: 0

i: 1,1,3,3
s: 4
t: 0.572
c: 0

i: 2,1,3,3
s: 4
t: 0.683
c: 0

i: 3,1,3,3
s: 2
t: 0.985
c: 0

i: 4,1,3,3
s: 3
t: 1.129
c: 0

i: 5,1,3,3
s: 3
t: 0.650
c: 0

i: 1,1,3,4
s: 3
t: 1.303
c: 0

i: 2,1,3,4
s: 3
t: 1.167
c: 0

i: 3,1,3,4
s: 3
t: 0.992
c: 0

i: 4,1,3,4
s: 3
t: 1.011
c: 0

i: 5,1,3,4
s: 3
t: 1.026
c: 0

i: 1,1,3,5
s: 2
t: 1.162
c: 0

i: 2,1,3,5
s: 2
t: 1.214
c: 0

i: 3,1,3,5
s: 2
t: 1.061
c: 0

i: 4,1,3,5
s: 2
t: 1.088
c: 0

i: 5,1,3,5
s: 2
t: 1.093
c: 0

i: 1,1,4,1
s: 3
t: 1.456
c: 0

i: 2,1,4,1
s: 3
t: 1.415
c: 0

i: 3,1,4,1
s: 2
t: 1.467
c: 0

i: 4,1,4,1
s: 4
t: 0.687
c: 0

i: 5,1,4,1
s: 3
t: 1.382
c: 0

i: 1,1,4,2
s: 4
t: 0.719
c: 0

i: 2,1,4,2
s: 4
t: 0.740
c: 0

i: 3,1,4,2
s: 2
t: 1.361
c: 0

i: 4,1,4,2
s: 3
t: 1.479
c: 0

i: 5,1,4,2
s: 3
t: 1.340
c: 0

i: 1,1,4,3
s: 4
t: 0.679
c: 0

i: 2,1,4,3
s: 4
t: 1.635
c: 0

i: 3,1,4,3
s: 2
t: 1.439
c: 0

i: 4,1,4,3
s: 3
t: 1.353
c: 0

i: 5,1,4,3
s: 3
t: 1.252
c: 0

i: 1,1,4,4
s: 4
t: 0.757
c: 0

i: 2,1,4,4
s: 3
t: 1.394
c: 0

i: 3,1,4,4
s: 2
t: 1.381
c: 0

i: 4,1,4,4
s: 3
t: 1.423
c: 0

i: 5,1,4,4
s: 3
t: 1.053
c: 0

i: 1,1,4,5
s: 4
t: 0.827
c: 0

i: 2,1,4,5
s: 4
t: 1.252
c: 0

i: 3,1,4,5
s: 3
t: 1.289
c: 0

i: 4,1,4,5
s: 3
t: 1.304
c: 0

i: 5,1,4,5
s: 3
t: 1.035
c: 0

MaxSAT max time: 1.64
MaxSAT min time: 0.57
MaxSAT avg time: 0.95
MaxSAT cumulative time: 94.91
nombre of explain instances: 100
all times: 0.752, 0.834, 0.721, 0.708, 0.714, 0.699, 0.738, 0.805, 0.630, 0.720, 0.788, 0.973, 0.844, 0.712, 0.692, 0.770, 0.656, 0.665, 0.662, 0.665, 0.705, 0.587, 0.592, 0.594, 0.601, 0.968, 0.961, 0.889, 0.986, 0.995, 0.603, 0.609, 0.833, 1.052, 0.703, 0.664, 0.970, 0.944, 0.788, 0.817, 0.985, 0.999, 0.856, 0.874, 0.872, 0.997, 0.855, 0.883, 0.899, 0.897, 1.218, 1.072, 1.085, 1.225, 1.079, 0.658, 0.585, 1.007, 1.080, 0.926, 0.572, 0.683, 0.985, 1.129, 0.650, 1.303, 1.167, 0.992, 1.011, 1.026, 1.162, 1.214, 1.061, 1.088, 1.093, 1.456, 1.415, 1.467, 0.687, 1.382, 0.719, 0.740, 1.361, 1.479, 1.340, 0.679, 1.635, 1.439, 1.353, 1.252, 0.757, 1.394, 1.381, 1.423, 1.053, 0.827, 1.252, 1.289, 1.304, 1.035
MaxSAT std dev: 0.27

mem usage: SMT=0.0 MB MaxSAT=0.0 MB
Nombre of timeouts MaxSAT: 0
