i: 1,1,1,1
s: 2
t: 0.142
c: 0

i: 2,1,1,1
s: 2
t: 0.199
c: 0

i: 3,1,1,1
s: 3
t: 0.190
c: 0

i: 4,1,1,1
s: 3
t: 0.212
c: 0

i: 5,1,1,1
s: 3
t: 0.173
c: 0

i: 1,1,1,2
s: 2
t: 0.211
c: 0

i: 2,1,1,2
s: 4
t: 0.186
c: 0

i: 3,1,1,2
s: 3
t: 0.233
c: 0

i: 4,1,1,2
s: 3
t: 0.226
c: 0

i: 5,1,1,2
s: 3
t: 0.233
c: 0

i: 1,1,1,3
s: 3
t: 0.231
c: 0

i: 2,1,1,3
s: 3
t: 0.178
c: 0

i: 3,1,1,3
s: 3
t: 0.191
c: 0

i: 4,1,1,3
s: 3
t: 0.193
c: 0

i: 5,1,1,3
s: 3
t: 0.148
c: 0

i: 1,1,1,4
s: 2
t: 0.178
c: 0

i: 2,1,1,4
s: 2
t: 0.180
c: 0

i: 3,1,1,4
s: 2
t: 0.192
c: 0

i: 4,1,1,4
s: 2
t: 0.187
c: 0

i: 5,1,1,4
s: 2
t: 0.141
c: 0

i: 1,1,1,5
s: 2
t: 0.182
c: 0

i: 2,1,1,5
s: 2
t: 0.185
c: 0

i: 3,1,1,5
s: 2
t: 0.151
c: 0

i: 4,1,1,5
s: 2
t: 0.154
c: 0

i: 5,1,1,5
s: 2
t: 0.151
c: 0

i: 2,1,2,1
s: 2
t: 0.215
c: 0

i: 3,1,2,1
s: 3
t: 0.207
c: 0

i: 4,1,2,1
s: 3
t: 0.178
c: 0

i: 5,1,2,1
s: 3
t: 0.179
c: 0

i: 1,1,2,2
s: 2
t: 0.213
c: 0

i: 2,1,2,2
s: 3
t: 0.257
c: 0

i: 3,1,2,2
s: 4
t: 0.217
c: 0

i: 4,1,2,2
s: 3
t: 0.159
c: 0

i: 5,1,2,2
s: 3
t: 0.173
c: 0

i: 1,1,2,3
s: 3
t: 0.222
c: 0

i: 2,1,2,3
s: 3
t: 0.193
c: 0

i: 3,1,2,3
s: 3
t: 0.191
c: 0

i: 4,1,2,3
s: 3
t: 0.198
c: 0

i: 5,1,2,3
s: 3
t: 0.198
c: 0

i: 1,1,2,4
s: 2
t: 0.178
c: 0

i: 2,1,2,4
s: 2
t: 0.177
c: 0

i: 3,1,2,4
s: 2
t: 0.181
c: 0

i: 4,1,2,4
s: 2
t: 0.185
c: 0

i: 5,1,2,4
s: 2
t: 0.139
c: 0

i: 1,1,2,5
s: 2
t: 0.174
c: 0

i: 2,1,2,5
s: 2
t: 0.185
c: 0

i: 3,1,2,5
s: 2
t: 0.180
c: 0

i: 4,1,2,5
s: 2
t: 0.175
c: 0

i: 5,1,2,5
s: 2
t: 0.132
c: 0

i: 3,1,3,1
s: 3
t: 0.228
c: 0

i: 4,1,3,1
s: 3
t: 0.181
c: 0

i: 5,1,3,1
s: 3
t: 0.181
c: 0

i: 2,1,3,2
s: 3
t: 0.206
c: 0

i: 3,1,3,2
s: 4
t: 0.236
c: 0

i: 4,1,3,2
s: 3
t: 0.161
c: 0

i: 5,1,3,2
s: 3
t: 0.173
c: 0

i: 1,1,3,3
s: 3
t: 0.260
c: 0

i: 2,1,3,3
s: 3
t: 0.230
c: 0

i: 3,1,3,3
s: 3
t: 0.199
c: 0

i: 4,1,3,3
s: 3
t: 0.203
c: 0

i: 5,1,3,3
s: 3
t: 0.201
c: 0

i: 1,1,3,4
s: 2
t: 0.224
c: 0

i: 2,1,3,4
s: 2
t: 0.191
c: 0

i: 3,1,3,4
s: 2
t: 0.185
c: 0

i: 4,1,3,4
s: 2
t: 0.190
c: 0

i: 5,1,3,4
s: 2
t: 0.196
c: 0

i: 1,1,3,5
s: 2
t: 0.175
c: 0

i: 2,1,3,5
s: 2
t: 0.172
c: 0

i: 3,1,3,5
s: 2
t: 0.178
c: 0

i: 4,1,3,5
s: 2
t: 0.187
c: 0

i: 5,1,3,5
s: 2
t: 0.132
c: 0

i: 4,1,4,1
s: 2
t: 0.236
c: 0

i: 5,1,4,1
s: 2
t: 0.293
c: 0

i: 2,1,4,2
s: 3
t: 0.231
c: 0

i: 3,1,4,2
s: 3
t: 0.222
c: 0

i: 4,1,4,2
s: 3
t: 0.188
c: 0

i: 5,1,4,2
s: 3
t: 0.196
c: 0

i: 2,1,4,3
s: 3
t: 0.257
c: 0

i: 3,1,4,3
s: 3
t: 0.179
c: 0

i: 4,1,4,3
s: 3
t: 0.201
c: 0

i: 5,1,4,3
s: 3
t: 0.208
c: 0

i: 1,1,4,4
s: 2
t: 0.258
c: 0

i: 2,1,4,4
s: 2
t: 0.231
c: 0

i: 3,1,4,4
s: 2
t: 0.197
c: 0

i: 4,1,4,4
s: 2
t: 0.201
c: 0

i: 5,1,4,4
s: 2
t: 0.202
c: 0

i: 1,1,4,5
s: 2
t: 0.225
c: 0

i: 2,1,4,5
s: 2
t: 0.225
c: 0

i: 3,1,4,5
s: 2
t: 0.190
c: 0

i: 4,1,4,5
s: 2
t: 0.188
c: 0

i: 5,1,4,5
s: 2
t: 0.193
c: 0

i: 5,1,5,1
s: 2
t: 0.228
c: 0

i: 3,1,5,2
s: 3
t: 0.237
c: 0

i: 4,1,5,2
s: 3
t: 0.209
c: 0

i: 5,1,5,2
s: 3
t: 0.202
c: 0

i: 2,1,5,3
s: 3
t: 0.244
c: 0

i: 3,1,5,3
s: 3
t: 0.210
c: 0

i: 4,1,5,3
s: 3
t: 0.212
c: 0

i: 5,1,5,3
s: 3
t: 0.212
c: 0

i: 2,1,5,4
s: 2
t: 0.240
c: 0

MaxSAT max time: 0.29
MaxSAT min time: 0.13
MaxSAT avg time: 0.20
MaxSAT cumulative time: 19.75
nombre of explain instances: 100
all times: 0.142, 0.199, 0.190, 0.212, 0.173, 0.211, 0.186, 0.233, 0.226, 0.233, 0.231, 0.178, 0.191, 0.193, 0.148, 0.178, 0.180, 0.192, 0.187, 0.141, 0.182, 0.185, 0.151, 0.154, 0.151, 0.215, 0.207, 0.178, 0.179, 0.213, 0.257, 0.217, 0.159, 0.173, 0.222, 0.193, 0.191, 0.198, 0.198, 0.178, 0.177, 0.181, 0.185, 0.139, 0.174, 0.185, 0.180, 0.175, 0.132, 0.228, 0.181, 0.181, 0.206, 0.236, 0.161, 0.173, 0.260, 0.230, 0.199, 0.203, 0.201, 0.224, 0.191, 0.185, 0.190, 0.196, 0.175, 0.172, 0.178, 0.187, 0.132, 0.236, 0.293, 0.231, 0.222, 0.188, 0.196, 0.257, 0.179, 0.201, 0.208, 0.258, 0.231, 0.197, 0.201, 0.202, 0.225, 0.225, 0.190, 0.188, 0.193, 0.228, 0.237, 0.209, 0.202, 0.244, 0.210, 0.212, 0.212, 0.240
MaxSAT std dev: 0.03

mem usage: SMT=0.0 MB MaxSAT=0.0 MB
Nombre of timeouts MaxSAT: 0
