i: 2,1,1,1
s: 3
t: 0.330
c: 0

i: 3,1,1,1
s: 3
t: 0.284
c: 0

i: 4,1,1,1
s: 3
t: 0.282
c: 0

i: 5,1,1,1
s: 2
t: 0.438
c: 0

i: 1,1,1,2
s: 3
t: 0.339
c: 0

i: 2,1,1,2
s: 3
t: 0.296
c: 0

i: 3,1,1,2
s: 3
t: 0.247
c: 0

i: 4,1,1,2
s: 3
t: 0.246
c: 0

i: 5,1,1,2
s: 3
t: 0.249
c: 0

i: 1,1,1,3
s: 3
t: 0.342
c: 0

i: 2,1,1,3
s: 3
t: 0.294
c: 0

i: 3,1,1,3
s: 3
t: 0.293
c: 0

i: 4,1,1,3
s: 3
t: 0.295
c: 0

i: 5,1,1,3
s: 3
t: 0.289
c: 0

i: 1,1,1,4
s: 3
t: 0.383
c: 0

i: 2,1,1,4
s: 3
t: 0.331
c: 0

i: 3,1,1,4
s: 3
t: 0.333
c: 0

i: 4,1,1,4
s: 3
t: 0.341
c: 0

i: 5,1,1,4
s: 3
t: 0.342
c: 0

i: 1,1,1,5
s: 2
t: 0.384
c: 0

i: 2,1,1,5
s: 2
t: 0.333
c: 0

i: 3,1,1,5
s: 2
t: 0.334
c: 0

i: 4,1,1,5
s: 2
t: 0.331
c: 0

i: 5,1,1,5
s: 2
t: 0.337
c: 0

i: 1,1,2,1
s: 2
t: 0.317
c: 0

i: 3,1,2,1
s: 3
t: 0.251
c: 0

i: 4,1,2,1
s: 3
t: 0.292
c: 0

i: 5,1,2,1
s: 2
t: 0.344
c: 0

i: 2,1,2,2
s: 3
t: 0.257
c: 0

i: 3,1,2,2
s: 3
t: 0.199
c: 0

i: 4,1,2,2
s: 3
t: 0.192
c: 0

i: 5,1,2,2
s: 3
t: 0.199
c: 0

i: 1,1,2,3
s: 3
t: 0.359
c: 0

i: 2,1,2,3
s: 3
t: 0.255
c: 0

i: 3,1,2,3
s: 3
t: 0.260
c: 0

i: 4,1,2,3
s: 3
t: 0.260
c: 0

i: 5,1,2,3
s: 3
t: 0.261
c: 0

i: 1,1,2,4
s: 3
t: 0.320
c: 0

i: 2,1,2,4
s: 3
t: 0.273
c: 0

i: 3,1,2,4
s: 3
t: 0.273
c: 0

i: 4,1,2,4
s: 3
t: 0.272
c: 0

i: 5,1,2,4
s: 3
t: 0.275
c: 0

i: 1,1,2,5
s: 2
t: 0.343
c: 0

i: 2,1,2,5
s: 2
t: 0.276
c: 0

i: 3,1,2,5
s: 2
t: 0.273
c: 0

i: 4,1,2,5
s: 2
t: 0.281
c: 0

i: 5,1,2,5
s: 2
t: 0.282
c: 0

i: 1,1,3,1
s: 2
t: 0.328
c: 0

i: 2,1,3,1
s: 3
t: 0.305
c: 0

i: 4,1,3,1
s: 3
t: 0.291
c: 0

i: 5,1,3,1
s: 2
t: 0.354
c: 0

i: 1,1,3,2
s: 3
t: 0.303
c: 0

i: 2,1,3,2
s: 4
t: 0.183
c: 0

i: 3,1,3,2
s: 3
t: 0.270
c: 0

i: 4,1,3,2
s: 3
t: 0.261
c: 0

i: 5,1,3,2
s: 2
t: 0.308
c: 0

i: 2,1,3,3
s: 3
t: 0.301
c: 0

i: 3,1,3,3
s: 3
t: 0.244
c: 0

i: 4,1,3,3
s: 3
t: 0.246
c: 0

i: 5,1,3,3
s: 3
t: 0.242
c: 0

i: 1,1,3,4
s: 3
t: 0.333
c: 0

i: 2,1,3,4
s: 3
t: 0.293
c: 0

i: 3,1,3,4
s: 3
t: 0.241
c: 0

i: 4,1,3,4
s: 3
t: 0.237
c: 0

i: 5,1,3,4
s: 3
t: 0.242
c: 0

i: 1,1,3,5
s: 2
t: 0.333
c: 0

i: 2,1,3,5
s: 2
t: 0.334
c: 0

i: 3,1,3,5
s: 2
t: 0.279
c: 0

i: 4,1,3,5
s: 2
t: 0.284
c: 0

i: 5,1,3,5
s: 2
t: 0.285
c: 0

i: 1,1,4,1
s: 2
t: 0.354
c: 0

i: 2,1,4,1
s: 3
t: 0.327
c: 0

i: 3,1,4,1
s: 3
t: 0.305
c: 0

i: 5,1,4,1
s: 2
t: 0.375
c: 0

i: 1,1,4,2
s: 3
t: 0.311
c: 0

i: 3,1,4,2
s: 3
t: 0.245
c: 0

i: 4,1,4,2
s: 3
t: 0.302
c: 0

i: 5,1,4,2
s: 2
t: 0.336
c: 0

i: 1,1,4,3
s: 3
t: 0.362
c: 0

i: 2,1,4,3
s: 4
t: 0.309
c: 0

i: 3,1,4,3
s: 3
t: 0.305
c: 0

i: 4,1,4,3
s: 3
t: 0.288
c: 0

i: 5,1,4,3
s: 2
t: 0.360
c: 0

i: 2,1,4,4
s: 3
t: 0.297
c: 0

i: 3,1,4,4
s: 3
t: 0.236
c: 0

i: 4,1,4,4
s: 3
t: 0.244
c: 0

i: 5,1,4,4
s: 3
t: 0.248
c: 0

i: 1,1,4,5
s: 2
t: 0.396
c: 0

i: 2,1,4,5
s: 2
t: 0.349
c: 0

i: 3,1,4,5
s: 2
t: 0.292
c: 0

i: 4,1,4,5
s: 2
t: 0.294
c: 0

i: 5,1,4,5
s: 2
t: 0.296
c: 0

i: 1,1,5,1
s: 2
t: 0.416
c: 0

i: 2,1,5,1
s: 3
t: 0.399
c: 0

i: 3,1,5,1
s: 3
t: 0.369
c: 0

i: 4,1,5,1
s: 3
t: 0.370
c: 0

i: 1,1,5,2
s: 3
t: 0.363
c: 0

i: 2,1,5,2
s: 3
t: 0.523
c: 0

i: 3,1,5,2
s: 3
t: 0.289
c: 0

i: 4,1,5,2
s: 3
t: 0.278
c: 0

MaxSAT max time: 0.52
MaxSAT min time: 0.18
MaxSAT avg time: 0.30
MaxSAT cumulative time: 30.32
nombre of explain instances: 100
all times: 0.330, 0.284, 0.282, 0.438, 0.339, 0.296, 0.247, 0.246, 0.249, 0.342, 0.294, 0.293, 0.295, 0.289, 0.383, 0.331, 0.333, 0.341, 0.342, 0.384, 0.333, 0.334, 0.331, 0.337, 0.317, 0.251, 0.292, 0.344, 0.257, 0.199, 0.192, 0.199, 0.359, 0.255, 0.260, 0.260, 0.261, 0.320, 0.273, 0.273, 0.272, 0.275, 0.343, 0.276, 0.273, 0.281, 0.282, 0.328, 0.305, 0.291, 0.354, 0.303, 0.183, 0.270, 0.261, 0.308, 0.301, 0.244, 0.246, 0.242, 0.333, 0.293, 0.241, 0.237, 0.242, 0.333, 0.334, 0.279, 0.284, 0.285, 0.354, 0.327, 0.305, 0.375, 0.311, 0.245, 0.302, 0.336, 0.362, 0.309, 0.305, 0.288, 0.360, 0.297, 0.236, 0.244, 0.248, 0.396, 0.349, 0.292, 0.294, 0.296, 0.416, 0.399, 0.369, 0.370, 0.363, 0.523, 0.289, 0.278
MaxSAT std dev: 0.05

mem usage: SMT=0.0 MB MaxSAT=0.0 MB
Nombre of timeouts MaxSAT: 0
