i: 30,0,0,0,0,0,0,0,0,0,0,1,0,0,1,0,1,0,0,0,0,1787,0,0,1,0,0,19,0,0,0,0,0,0,0,0,0,0,1,0,79,1,-1,0,0,0,0,1
s: 20
t: 30.937
c: 0

i: 33,0,0,0,0,0,0,0,1,0,0,0,0,0,1,0,0,1,0,0,0,4789,1,1,1,0,0,11,0,0,0,0,0,0,0,0,1,0,0,0,220,1,339,4,1,0,0,0
s: 14
t: 47.755
c: 0

i: 35,0,0,0,0,1,0,0,0,0,0,0,0,0,0,1,0,0,1,0,0,1350,1,0,1,0,0,16,1,0,0,0,0,0,0,0,0,0,0,0,185,1,330,1,1,0,0,0
s: 18
t: 57.588
c: 0

i: 30,0,0,0,0,1,0,0,0,0,0,0,0,0,1,0,0,0,1,0,0,1476,1,1,0,0,1,3,0,0,0,0,0,0,1,0,0,0,0,0,199,4,-1,0,0,0,0,1
s: 17
t: 59.332
c: 0

i: 59,0,1,0,0,0,0,0,0,0,0,0,0,0,1,0,0,1,0,0,0,0,1,0,0,0,1,5,0,0,0,0,0,0,0,0,1,0,0,0,226,1,-1,0,0,0,0,1
s: 19
t: 66.377
c: 0

i: 35,0,0,0,0,1,0,0,0,0,0,0,0,0,0,1,0,0,1,0,0,747,0,0,1,0,0,23,0,0,0,1,0,0,0,0,0,0,0,0,141,2,176,3,1,0,0,0
s: 17
t: 44.175
c: 0

i: 36,0,0,0,0,0,0,1,0,0,0,0,0,0,1,0,0,0,1,0,0,307,1,0,1,0,0,14,0,0,0,0,0,0,0,0,1,0,0,0,341,1,330,2,0,1,0,0
s: 19
t: 65.402
c: 0

i: 39,0,0,0,0,0,0,0,0,0,1,0,0,0,1,0,0,1,0,0,0,147,1,0,1,0,0,6,0,0,0,0,0,0,0,0,1,0,0,0,151,2,-1,0,0,0,0,1
s: 19
t: 89.886
c: 0

i: 41,0,0,1,0,0,0,0,0,0,0,0,0,0,1,0,0,0,1,0,0,221,1,0,0,0,1,14,0,0,0,0,0,0,0,0,1,0,0,0,57,2,-1,0,0,0,0,1
s: 15
t: 146.209
c: 0

i: 43,0,0,0,0,0,0,0,1,0,0,0,0,0,1,0,1,0,0,0,0,-88,1,1,1,0,0,17,1,0,0,0,0,0,0,0,0,0,0,0,313,1,147,2,1,0,0,0
s: 18
t: 70.135
c: 0

i: 39,0,0,0,0,0,0,0,1,0,0,0,0,0,1,0,0,1,0,0,0,9374,1,0,0,0,1,20,0,0,0,0,0,0,0,0,1,0,0,0,273,1,-1,0,0,0,0,1
s: 20
t: 134.121
c: 0

i: 43,1,0,0,0,0,0,0,0,0,0,0,0,0,1,0,0,1,0,0,0,264,1,0,1,0,0,17,1,0,0,0,0,0,0,0,0,0,0,0,113,2,-1,0,0,0,0,1
s: 15
t: 139.222
c: 0

i: 36,0,0,0,0,0,0,0,0,0,1,0,0,0,1,0,0,0,1,0,0,1109,0,0,1,0,0,13,0,1,0,0,0,0,0,0,0,0,0,0,328,2,-1,0,0,0,0,1
s: 21
t: 73.446
c: 0

i: 20,0,0,0,0,0,0,0,0,1,0,0,0,0,0,1,0,1,0,0,0,502,0,0,1,0,0,30,1,0,0,0,0,0,0,0,0,0,0,0,261,1,-1,0,0,0,0,1
s: 21
t: 30.304
c: 0

[TIMEOUT MaxSAT] instance 14
[TIMEOUT MaxSAT] instance 15
i: 56,0,0,0,0,0,0,0,0,0,1,0,0,0,1,0,0,1,0,0,0,4073,0,0,1,0,0,27,0,1,0,0,0,0,0,0,0,0,0,0,239,5,-1,0,0,0,0,1
s: 22
t: 110.497
c: 0

[TIMEOUT MaxSAT] instance 17
[TIMEOUT MaxSAT] instance 18
[TIMEOUT MaxSAT] instance 19
[TIMEOUT MaxSAT] instance 20
[TIMEOUT MaxSAT] instance 21
[TIMEOUT MaxSAT] instance 22
[TIMEOUT MaxSAT] instance 23
i: 26,0,0,0,1,0,0,0,0,0,0,0,0,0,1,0,0,0,1,0,0,543,0,0,1,0,0,30,0,0,0,0,1,0,0,0,0,0,0,0,169,3,-1,0,0,0,0,1
s: 16
t: 157.321
c: 0

[TIMEOUT MaxSAT] instance 25
[TIMEOUT MaxSAT] instance 26
[TIMEOUT MaxSAT] instance 27
[TIMEOUT MaxSAT] instance 28
[TIMEOUT MaxSAT] instance 29
i: 68,0,0,0,0,0,1,0,0,0,0,0,0,1,0,0,0,1,0,0,0,4189,0,0,0,1,0,14,0,0,0,0,0,1,0,0,0,0,0,0,897,2,-1,0,0,0,0,1
s: 19
t: 48.339
c: 0

i: 31,0,0,0,0,0,0,0,0,0,1,0,0,0,1,0,0,1,0,0,0,171,0,0,1,0,0,27,0,1,0,0,0,0,0,0,0,0,0,0,81,3,-1,0,0,0,0,1
s: 19
t: 140.946
c: 0

[TIMEOUT MaxSAT] instance 32
i: 32,0,0,0,0,1,0,0,0,0,0,0,0,0,0,1,0,0,1,0,0,2536,1,0,1,0,0,26,0,1,0,0,0,0,0,0,0,0,0,0,958,6,-1,0,0,0,0,1
s: 18
t: 69.439
c: 0

i: 49,0,0,0,0,0,0,0,0,0,1,0,0,0,1,0,0,0,1,0,0,1235,0,0,1,0,0,13,0,1,0,0,0,0,0,0,0,0,0,0,354,3,-1,0,0,0,0,1
s: 20
t: 37.971
c: 0

[TIMEOUT MaxSAT] instance 35
i: 78,0,0,0,0,0,1,0,0,0,0,0,0,1,0,0,1,0,0,0,0,229,0,0,0,1,0,22,0,0,0,0,0,0,0,0,0,0,1,0,97,1,-1,0,0,0,0,1
s: 27
t: 61.002
c: 0

i: 32,0,1,0,0,0,0,0,0,0,0,0,0,0,1,0,0,1,0,0,0,2089,1,0,1,0,0,14,0,0,0,0,0,0,0,0,0,1,0,0,132,1,-1,0,0,0,0,1
s: 13
t: 45.633
c: 0

i: 33,0,0,0,0,1,0,0,0,0,0,0,0,0,1,0,0,1,0,0,0,3935,1,0,1,0,0,6,0,0,0,0,0,0,0,0,1,0,0,0,765,1,342,2,1,0,0,0
s: 21
t: 87.115
c: 0

[TIMEOUT MaxSAT] instance 39
i: 38,0,0,0,0,1,0,0,0,0,0,0,0,0,0,1,0,0,1,0,0,11971,1,0,0,0,1,17,0,0,0,0,0,0,0,0,0,1,0,0,609,2,101,3,1,0,0,0
s: 17
t: 162.426
c: 0

[TIMEOUT MaxSAT] instance 41
[TIMEOUT MaxSAT] instance 42
[TIMEOUT MaxSAT] instance 43
[TIMEOUT MaxSAT] instance 44
[TIMEOUT MaxSAT] instance 45
[TIMEOUT MaxSAT] instance 46
[TIMEOUT MaxSAT] instance 47
i: 32,0,0,1,0,0,0,0,0,0,0,0,0,0,0,1,1,0,0,0,1,-849,1,1,1,0,0,4,0,0,0,1,0,0,0,0,0,0,0,0,204,1,-1,0,0,0,0,1
s: 17
t: 128.534
c: 0

i: 61,1,0,0,0,0,0,0,0,0,0,0,0,0,1,0,0,0,0,1,0,4629,1,0,1,0,0,27,0,0,0,0,1,0,0,0,0,0,0,0,181,1,92,1,0,0,1,0
s: 16
t: 111.830
c: 0

i: 45,0,1,0,0,0,0,0,0,0,0,0,0,1,0,0,1,0,0,0,0,844,0,0,0,0,1,5,0,0,0,0,0,0,1,0,0,0,0,0,1018,3,-1,0,0,0,0,1
s: 18
t: 63.345
c: 0

i: 37,0,0,0,0,0,0,0,0,0,1,0,0,0,0,1,0,1,0,0,0,228,1,0,1,0,0,20,0,1,0,0,0,0,0,0,0,0,0,0,1740,2,-1,0,0,0,0,1
s: 18
t: 61.097
c: 0

[TIMEOUT MaxSAT] instance 52
i: 34,0,0,0,0,0,0,0,0,0,1,0,0,0,1,0,0,0,1,0,0,1539,1,0,1,0,0,15,0,0,0,0,0,0,1,0,0,0,0,0,441,1,56,1,0,1,0,0
s: 18
t: 127.072
c: 0

[TIMEOUT MaxSAT] instance 54
[TIMEOUT MaxSAT] instance 55
[TIMEOUT MaxSAT] instance 56
i: 33,0,0,0,0,0,0,1,0,0,0,0,0,0,0,1,0,0,1,0,0,2155,0,0,1,0,0,17,0,0,0,0,0,0,0,0,0,1,0,0,295,1,-1,0,0,0,0,1
s: 23
t: 53.997
c: 0

[TIMEOUT MaxSAT] instance 58
[TIMEOUT MaxSAT] instance 59
i: 41,0,1,0,0,0,0,0,0,0,0,0,0,0,1,0,1,0,0,0,0,-516,0,1,0,1,0,8,0,0,0,0,0,1,0,0,0,0,0,0,554,3,-1,0,0,0,0,1
s: 20
t: 163.569
c: 0

i: 63,0,0,0,0,0,1,0,0,0,0,0,0,0,1,0,0,1,0,0,0,415,1,0,1,0,0,7,0,0,0,0,0,0,0,0,0,0,1,0,323,1,-1,0,0,0,0,1
s: 21
t: 48.818
c: 0

[TIMEOUT MaxSAT] instance 62
[TIMEOUT MaxSAT] instance 63
i: 56,1,0,0,0,0,0,0,0,0,0,0,0,0,1,0,0,1,0,0,0,16873,0,0,1,0,0,7,0,0,0,0,0,0,0,0,0,0,1,0,223,1,-1,0,0,0,0,1
s: 17
t: 166.362
c: 0

[TIMEOUT MaxSAT] instance 65
[TIMEOUT MaxSAT] instance 66
[TIMEOUT MaxSAT] instance 67
[TIMEOUT MaxSAT] instance 68
[TIMEOUT MaxSAT] instance 69
i: 37,0,0,0,0,1,0,0,0,0,0,0,0,0,1,0,0,0,1,0,0,0,0,0,1,0,0,16,0,0,0,0,0,1,0,0,0,0,0,0,268,2,182,3,0,0,1,0
s: 19
t: 120.187
c: 0

[TIMEOUT MaxSAT] instance 71
[TIMEOUT MaxSAT] instance 72
[TIMEOUT MaxSAT] instance 73
[TIMEOUT MaxSAT] instance 74
[TIMEOUT MaxSAT] instance 75
i: 41,0,1,0,0,0,0,0,0,0,0,0,0,1,0,0,0,1,0,0,0,174,1,0,1,0,0,14,0,0,0,0,0,0,0,0,1,0,0,0,367,2,297,1,0,1,0,0
s: 20
t: 172.527
c: 0

[TIMEOUT MaxSAT] instance 77
i: 50,0,1,0,0,0,0,0,0,0,0,0,0,1,0,0,1,0,0,0,0,388,0,0,1,0,0,5,0,0,0,1,0,0,0,0,0,0,0,0,701,1,-1,0,0,0,0,1
s: 20
t: 76.160
c: 0

[TIMEOUT MaxSAT] instance 79
i: 27,1,0,0,0,0,0,0,0,0,0,0,0,1,0,0,0,1,0,0,0,451,1,0,1,0,0,16,0,0,0,0,0,1,0,0,0,0,0,0,652,1,-1,0,0,0,0,1
s: 20
t: 141.466
c: 0

[TIMEOUT MaxSAT] instance 81
[TIMEOUT MaxSAT] instance 82
i: 52,0,0,0,0,0,0,0,1,0,0,0,0,0,1,0,0,1,0,0,0,657,0,0,0,1,0,7,0,0,0,0,0,1,0,0,0,0,0,0,398,2,460,2,1,0,0,0
s: 14
t: 158.345
c: 0

i: 37,0,0,0,0,1,0,0,0,0,0,0,0,0,1,0,0,0,1,0,0,1315,0,0,1,0,0,30,0,0,0,0,0,0,1,0,0,0,0,0,224,1,-1,0,0,0,0,1
s: 24
t: 167.019
c: 0

[TIMEOUT MaxSAT] instance 85
[TIMEOUT MaxSAT] instance 86
i: 35,0,1,0,0,0,0,0,0,0,0,0,0,0,0,1,1,0,0,0,0,293,1,0,0,0,1,30,0,0,0,0,0,0,0,0,1,0,0,0,521,2,-1,0,0,0,0,1
s: 24
t: 103.496
c: 0

i: 38,1,0,0,0,0,0,0,0,0,0,0,0,0,1,0,0,1,0,0,0,424,1,0,1,0,0,17,1,0,0,0,0,0,0,0,0,0,0,0,279,1,-1,0,0,0,0,1
s: 19
t: 149.424
c: 0

[TIMEOUT MaxSAT] instance 89
i: 39,0,1,0,0,0,0,0,0,0,0,0,0,0,1,0,1,0,0,0,0,111,0,0,1,0,0,18,0,0,0,0,0,0,0,0,0,1,0,0,201,2,-1,0,0,0,0,1
s: 19
t: 147.206
c: 0

i: 34,0,1,0,0,0,0,0,0,0,0,0,0,0,1,0,1,0,0,0,0,455,1,0,0,0,1,20,0,0,0,0,0,0,1,0,0,0,0,0,372,3,-1,0,0,0,0,1
s: 16
t: 173.634
c: 0

i: 27,0,0,0,0,0,0,0,1,0,0,0,0,0,0,1,0,1,0,0,0,-195,1,0,1,0,0,18,0,0,0,0,0,0,0,0,1,0,0,0,391,1,-1,0,0,0,0,1
s: 24
t: 153.847
c: 0

[TIMEOUT MaxSAT] instance 93
[TIMEOUT MaxSAT] instance 94
i: 41,0,0,0,0,0,0,0,0,0,0,0,1,0,0,1,0,0,1,0,0,1567,0,0,1,0,0,1,0,0,0,0,0,1,0,0,0,0,0,0,291,2,-1,0,0,0,0,1
s: 19
t: 76.263
c: 0

[TIMEOUT MaxSAT] instance 96
i: 30,1,0,0,0,0,0,0,0,0,0,0,0,0,0,1,0,0,1,0,0,261,0,0,1,0,0,19,0,0,0,0,0,0,0,0,0,0,1,0,233,1,137,20,1,0,0,0
s: 26
t: 163.599
c: 0

[TIMEOUT MaxSAT] instance 98
[TIMEOUT MaxSAT] instance 99
MaxSAT max time: 173.63
MaxSAT min time: 30.30
MaxSAT avg time: 102.25
MaxSAT cumulative time: 4703.38
nombre of explain instances: 46
all times: 30.937, 47.755, 57.588, 59.332, 66.377, 44.175, 65.402, 89.886, 146.209, 70.135, 134.121, 139.222, 73.446, 30.304, 110.497, 157.321, 48.339, 140.946, 69.439, 37.971, 61.002, 45.633, 87.115, 162.426, 128.534, 111.830, 63.345, 61.097, 127.072, 53.997, 163.569, 48.818, 166.362, 120.187, 172.527, 76.160, 141.466, 158.345, 167.019, 103.496, 149.424, 147.206, 173.634, 153.847, 76.263, 163.599
MaxSAT std dev: 47.10

mem usage: SMT=0.0 MB MaxSAT=0.0 MB
Nombre of timeouts MaxSAT: 54
