i: 3.919,2.6909,0.0,0.0,0.0,0.0,0.0,31.4,2.0,0.0,0.0,0.0,3.1060000000000003,2.55,9.002,0.0,0.96,1.142,0.0,0.0,0.0,1.2009999999999998,0.0,0.0,0.0,0.0,1.932,0.011,0.0,0.0,4.489,0.0,0.0,0.0,0.0,2.949,1.591,0.0,7.252999999999999,0.0,0.0
s: 22
t: 18.575
c: 0

i: 4.17,2.1144,0.0,0.0,0.0,0.0,0.0,30.8,1.0,1.0,0.0,0.0,2.461,1.393,8.722999999999999,1.0,0.989,1.144,0.0,0.0,0.0,1.104,1.0,0.0,0.0,0.0,2.214,-0.204,0.0,0.0,1.5419999999999998,0.0,0.0,0.0,0.0,3.315,1.967,0.0,7.257000000000001,0.0,0.0
s: 24
t: 12.544
c: 0

i: 3.932,3.2512,0.0,0.0,0.0,0.0,0.0,26.7,2.0,4.0,0.0,0.0,3.279,2.585,9.11,0.0,1.009,1.152,0.0,0.0,0.0,1.092,0.0,0.0,0.0,0.0,1.942,-0.008,0.0,0.0,4.891,0.0,0.0,0.0,1.0,3.076,2.417,0.0,7.601,0.0,0.0
s: 23
t: 19.221
c: 0

i: 3.0,2.7098,0.0,0.0,0.0,0.0,0.0,20.0,0.0,2.0,0.0,0.0,2.1,0.918,6.593999999999999,0.0,1.108,1.167,0.0,0.0,0.0,1.024,0.0,0.0,0.0,0.0,1.414,1.073,0.0,8.361,1.3330000000000002,0.0,0.0,0.0,1.0,3.0460000000000003,5.0,0.0,6.69,0.0,0.0
s: 17
t: 23.480
c: 0

i: 4.236000000000001,3.3944,0.0,0.0,0.0,0.0,0.0,29.4,2.0,4.0,0.0,-0.271,3.449,2.753,9.528,2.0,1.004,1.147,0.0,0.0,0.0,1.137,0.0,0.0,0.0,0.0,1.985,-0.002,0.0,10.348,5.587999999999999,0.0,0.0,0.0,0.0,3.3510000000000004,2.405,0.0,8.003,0.0,0.0
s: 22
t: 28.352
c: 0

i: 4.236000000000001,3.4286,0.0,0.0,0.0,0.0,0.0,28.6,2.0,4.0,0.0,-0.275,3.313,2.522,9.383,1.0,1.014,1.149,0.0,0.0,0.0,1.119,0.0,0.0,0.0,0.0,1.98,-0.008,0.0,10.276,4.746,0.0,0.0,0.0,0.0,3.3510000000000004,2.556,0.0,7.904,0.0,0.0
s: 24
t: 27.283
c: 0

i: 5.0,5.0476,1.0,0.0,0.0,0.0,0.0,11.1,0.0,3.0,0.0,0.0,2.872,0.722,9.657,0.0,1.092,1.153,0.0,0.0,0.0,1.125,0.0,0.0,0.0,0.0,2.0,0.446,0.0,18.375,0.8,0.0,0.0,0.0,1.0,4.712,4.583,0.0,9.303,0.0,0.0
s: 24
t: 29.868
c: 0

i: 4.525,3.8301,0.0,0.0,0.0,0.0,0.0,31.6,3.0,2.0,0.0,-0.039,3.418,2.468,9.786,5.0,0.98,1.142,0.0,0.0,0.0,1.179,0.0,0.0,0.0,0.0,2.119,-0.002,0.0,11.115,3.889,0.0,0.0,0.0,0.0,3.379,2.143,0.0,7.95,0.0,0.0
s: 26
t: 30.322
c: 0

i: 4.596,3.0777,0.0,0.0,0.0,0.0,2.0,44.4,2.0,0.0,0.0,0.0,2.97,0.875,9.54,0.0,0.968,1.115,0.0,0.0,0.0,1.328,1.0,0.0,0.0,0.0,2.175,0.0409999999999999,0.0,0.0,1.069,0.0,0.0,0.0,0.0,3.626,1.917,0.0,7.939,0.0,0.0
s: 18
t: 23.914
c: 0

i: 5.04,3.6112,0.0,0.0,1.0,0.0,2.0,41.2,0.0,4.0,3.0,-1.29,3.483,1.258,10.159,8.0,1.069,1.127,0.0,1.0,0.0,1.199,1.0,0.0,0.0,0.0,2.323,0.005,0.0,30.959,1.711,0.0,1.0,2.0,1.0,3.888,3.5,1.0,8.706,0.0,0.0
s: 24
t: 17.945
c: 0

i: 4.91,2.7414,0.0,0.0,0.0,0.0,2.0,52.9,0.0,2.0,0.0,-0.302,3.364,0.629,10.06,5.0,1.018,1.098,0.0,0.0,0.0,1.279,3.0,0.0,0.0,0.0,2.333,0.004,0.0,10.717,1.207,0.0,1.0,0.0,0.0,3.767,2.5,0.0,8.427,0.0,0.0
s: 22
t: 23.762
c: 0

i: 3.618,2.1906,0.0,0.0,0.0,0.0,0.0,29.4,2.0,0.0,0.0,0.0,2.333,1.5219999999999998,7.853,0.0,0.959,1.147,0.0,0.0,0.0,1.178,0.0,0.0,0.0,0.0,1.732,0.294,0.0,0.0,2.094,0.0,0.0,0.0,0.0,2.794,1.7,0.0,6.332999999999999,0.0,0.0
s: 20
t: 30.152
c: 0

i: 4.214,2.6272,0.0,0.0,0.0,0.0,0.0,30.0,3.0,0.0,0.0,0.0,2.523,1.459,8.755,0.0,0.959,1.145,0.0,0.0,0.0,1.213,0.0,0.0,0.0,0.0,1.902,-0.181,0.0,0.0,2.052,0.0,0.0,0.0,0.0,2.998,1.722,0.0,6.77,0.0,0.0
s: 21
t: 33.797
c: 0

i: 3.732,2.3391,0.0,0.0,0.0,0.0,0.0,30.0,2.0,0.0,0.0,0.0,2.511,1.585,8.16,0.0,0.959,1.145,0.0,0.0,0.0,1.196,0.0,0.0,0.0,0.0,1.802,-0.181,0.0,0.0,2.488,0.0,0.0,0.0,0.0,2.846,1.6669999999999998,0.0,6.557,0.0,0.0
s: 19
t: 31.984
c: 0

i: 3.879,2.5951,0.0,0.0,0.0,0.0,0.0,31.0,2.0,0.0,0.0,0.0,2.908,2.281,8.743,0.0,0.96,1.143,0.0,0.0,0.0,1.202,0.0,0.0,0.0,0.0,1.902,0.036,0.0,0.0,3.685,0.0,0.0,0.0,0.0,2.924,1.611,0.0,7.029,0.0,0.0
s: 24
t: 33.352
c: 0

i: 3.942,2.7719,1.0,0.0,0.0,0.0,0.0,31.6,2.0,0.0,0.0,0.0,3.44,2.777,9.207,0.0,0.969,1.141,0.0,0.0,0.0,1.22,0.0,0.0,1.0,0.0,1.95,0.003,0.0,0.0,5.294,0.0,0.0,0.0,0.0,3.542,1.739,0.0,8.127,0.0,1.0
s: 25
t: 22.039
c: 0

i: 3.966,2.852,1.0,0.0,0.0,0.0,0.0,32.0,2.0,0.0,0.0,0.0,4.075,3.1460000000000004,9.522,0.0,0.965,1.138,0.0,0.0,0.0,1.243,0.0,1.0,0.0,0.0,1.97,0.0,1.0,0.0,6.909,0.0,0.0,0.0,0.0,6.8660000000000005,1.6030000000000002,0.0,11.578,0.0,1.0
s: 21
t: 29.391
c: 0

i: 3.732,2.3761,0.0,0.0,1.0,0.0,0.0,26.3,2.0,0.0,1.0,0.0,2.532,1.585,8.16,0.0,0.969,1.157,0.0,0.0,0.0,1.152,0.0,0.0,0.0,0.0,1.802,-0.195,0.0,0.0,2.488,0.0,0.0,1.0,2.0,2.858,2.0,1.0,6.599,0.0,0.0
s: 21
t: 34.249
c: 0

i: 4.0,2.6264,0.0,0.0,0.0,0.0,0.0,23.1,0.0,0.0,0.0,0.0,2.167,0.8109999999999999,8.318,0.0,0.972,1.166,0.0,0.0,0.0,1.182,0.0,0.0,0.0,0.0,1.732,-0.522,0.0,0.0,1.0,0.0,0.0,0.0,0.0,2.991,2.0,1.0,6.579,0.0,0.0
s: 17
t: 38.966
c: 0

i: 2.0,1.1521,0.0,0.0,0.0,0.0,0.0,16.7,1.0,1.0,0.0,0.0,1.5490000000000002,0.0,4.174,0.0,1.016,1.173,0.0,0.0,0.0,0.93,0.0,0.0,0.0,0.0,1.0,-1.099,0.0,0.0,1.0,0.0,0.0,0.0,1.0,2.279,4.0,0.0,4.948,0.0,0.0
s: 21
t: 42.117
c: 0

i: 3.732,2.4062,0.0,0.0,0.0,0.0,0.0,27.8,2.0,1.0,0.0,0.0,2.555,1.585,8.16,1.0,0.979,1.15,0.0,0.0,0.0,1.134,0.0,0.0,0.0,0.0,1.802,-0.205,0.0,0.0,2.488,0.0,0.0,0.0,1.0,2.874,2.333,0.0,6.649,0.0,0.0
s: 22
t: 37.518
c: 0

i: 4.0,2.3699,0.0,0.0,0.0,0.0,0.0,30.0,1.0,1.0,0.0,0.0,2.273,1.0,8.482000000000001,0.0,0.998,1.146,0.0,0.0,0.0,1.09,1.0,0.0,0.0,0.0,2.17,0.34,0.0,0.0,1.0,0.0,0.0,0.0,0.0,3.302,2.083,0.0,7.174,0.0,0.0
s: 20
t: 39.406
c: 0

i: 3.414,2.2525,0.0,0.0,0.0,0.0,0.0,20.0,2.0,2.0,0.0,0.0,2.2430000000000003,1.0,7.407999999999999,0.0,1.031,1.166,0.0,0.0,0.0,0.98,0.0,0.0,0.0,0.0,1.618,-0.642,0.0,0.0,1.707,0.0,0.0,0.0,2.0,2.817,3.75,0.0,6.32,0.0,0.0
s: 22
t: 51.328
c: 0

i: 4.17,2.8042,0.0,0.0,0.0,0.0,0.0,23.1,2.0,2.0,0.0,0.0,2.449,0.971,8.597000000000001,1.0,1.015,1.16,0.0,0.0,0.0,1.044,0.0,0.0,0.0,0.0,1.848,0.391,0.0,0.0,1.5419999999999998,0.0,0.0,0.0,2.0,3.047,3.367,0.0,6.782,0.0,0.0
s: 21
t: 49.077
c: 0

i: 4.303,2.9558,0.0,0.0,0.0,0.0,0.0,25.0,2.0,2.0,0.0,0.0,2.608,1.459,8.815,2.0,1.005,1.156,0.0,0.0,0.0,1.056,0.0,0.0,0.0,0.0,1.932,-0.2289999999999999,0.0,0.0,1.745,0.0,0.0,0.0,2.0,3.083,3.056,0.0,6.914,0.0,0.0
s: 21
t: 43.387
c: 0

i: 3.414,2.6294,0.0,0.0,0.0,0.0,0.0,37.5,1.0,1.0,0.0,0.0,2.333,1.0,7.407999999999999,1.0,1.012,1.13,0.0,0.0,0.0,1.215,0.0,0.0,0.0,0.0,1.618,-0.66,0.0,0.0,1.707,0.0,0.0,0.0,1.0,3.188,3.5,0.0,7.035,0.0,0.0
s: 23
t: 47.082
c: 0

i: 4.214,3.0057,0.0,0.0,0.0,0.0,0.0,25.0,1.0,2.0,0.0,0.0,2.608,1.459,8.755,1.0,1.005,1.156,0.0,0.0,0.0,1.104,0.0,0.0,0.0,0.0,1.902,-0.236,0.0,0.0,2.052,0.0,0.0,0.0,1.0,3.087,2.722,0.0,6.989,0.0,0.0
s: 21
t: 58.018
c: 0

i: 3.848,2.8521,0.0,0.0,0.0,0.0,0.0,27.3,2.0,2.0,0.0,0.0,2.858,2.0,8.584,1.0,0.993,1.151,0.0,0.0,0.0,1.117,0.0,0.0,0.0,0.0,1.879,-0.076,0.0,0.0,3.284,0.0,0.0,0.0,1.0,2.997,2.375,0.0,7.074,0.0,0.0
s: 22
t: 58.570
c: 0

i: 3.414,2.3729,0.0,0.0,0.0,0.0,0.0,30.0,1.0,1.0,0.0,0.0,2.263,1.0,7.407999999999999,1.0,0.998,1.146,0.0,0.0,0.0,1.142,0.0,0.0,0.0,0.0,1.618,-0.589,0.0,9.174,1.707,0.0,0.0,0.0,0.0,3.0380000000000003,3.125,0.0,6.735,0.0,0.0
s: 23
t: 60.371
c: 0

i: 4.393,3.6458,0.0,0.0,0.0,0.0,0.0,37.0,3.0,1.0,0.0,2.487,3.233,2.187,9.562,1.0,0.978,1.131,0.0,0.0,0.0,1.259,0.0,0.0,0.0,0.0,2.048,0.013,0.0,10.02,3.684,0.0,0.0,0.0,0.0,3.39,2.303,0.0,8.029,0.0,0.0
s: 22
t: 74.119
c: 0

i: 4.562,3.3225,0.0,0.0,0.0,0.0,0.0,31.3,3.0,1.0,0.0,0.259,2.634,0.918,9.184,2.0,0.984,1.143,0.0,0.0,0.0,1.206,0.0,0.0,0.0,0.0,2.0,-0.218,0.0,10.144,1.521,0.0,0.0,0.0,0.0,3.375,2.667,0.0,7.403,0.0,0.0
s: 20
t: 105.334
c: 0

i: 4.0,2.9193,0.0,0.0,0.0,0.0,0.0,30.0,2.0,1.0,0.0,0.1669999999999999,2.279,0.8109999999999999,8.318,0.0,0.998,1.146,0.0,0.0,0.0,1.195,0.0,0.0,0.0,0.0,1.732,-0.596,0.0,9.444,1.0,0.0,0.0,0.0,0.0,3.261,3.167,0.0,7.097,0.0,0.0
s: 23
t: 55.016
c: 0

i: 4.694,3.646,0.0,0.0,0.0,0.0,0.0,30.0,2.0,2.0,0.0,-0.6709999999999999,2.917,1.406,9.425,4.0,0.998,1.146,0.0,0.0,0.0,1.14,0.0,0.0,0.0,0.0,2.101,-0.077,0.0,10.162,1.631,0.0,0.0,0.0,1.0,3.417,2.875,0.0,7.595,0.0,0.0
s: 22
t: 92.965
c: 0

i: 4.236000000000001,2.9879,0.0,0.0,0.0,0.0,0.0,33.3,0.0,2.0,0.0,-0.653,3.974,3.574,10.082,2.0,0.972,1.138,0.0,0.0,0.0,1.205,0.0,0.0,0.0,0.0,1.996,0.0,0.0,10.389,10.108,0.0,0.0,0.0,1.0,3.329,1.987,0.0,8.414,0.0,0.0
s: 26
t: 64.839
c: 0

i: 4.17,3.4453,0.0,0.0,0.0,0.0,0.0,27.3,1.0,2.0,0.0,-0.245,2.512,0.971,8.597000000000001,1.0,1.028,1.151,0.0,0.0,0.0,1.112,0.0,0.0,0.0,0.0,1.848,0.425,0.0,9.59,1.5419999999999998,0.0,0.0,0.0,0.0,3.337,3.233,0.0,7.294,0.0,0.0
s: 20
t: 83.824
c: 0

i: 4.214,3.3939,0.0,0.0,0.0,0.0,0.0,28.6,2.0,2.0,0.0,-0.211,2.662,1.459,8.755,1.0,1.014,1.149,0.0,0.0,0.0,1.138,0.0,0.0,0.0,0.0,1.902,-0.249,0.0,9.822,2.052,0.0,0.0,0.0,0.0,3.344,2.944,0.0,7.382000000000001,0.0,0.0
s: 24
t: 55.205
c: 0

i: 4.214,3.7074,0.0,0.0,0.0,0.0,0.0,33.3,1.0,2.0,0.0,-0.3289999999999999,2.713,1.459,8.755,1.0,1.025,1.139,0.0,0.0,0.0,1.186,0.0,0.0,0.0,0.0,1.902,-0.263,0.0,9.75,2.052,0.0,0.0,0.0,0.0,3.38,3.194,0.0,7.542999999999999,0.0,0.0
s: 21
t: 99.536
c: 0

i: 4.2330000000000005,3.4039,0.0,0.0,0.0,0.0,0.0,27.8,1.0,3.0,0.0,-0.262,2.938,1.906,9.011,1.0,1.022,1.15,0.0,0.0,0.0,1.119,0.0,0.0,0.0,0.0,1.95,-0.087,0.0,10.041,2.999,0.0,0.0,0.0,0.0,3.349,2.833,0.0,7.61,0.0,0.0
s: 23
t: 81.270
c: 0

i: 4.334,3.6943,0.0,0.0,0.0,0.0,0.0,33.3,1.0,2.0,0.0,-0.241,2.838,1.557,8.943999999999999,3.0,1.013,1.139,0.0,0.0,0.0,1.164,0.0,0.0,0.0,0.0,1.97,0.149,0.0,10.118,2.195,0.0,0.0,0.0,0.0,3.39,2.952,0.0,7.596,0.0,0.0
s: 20
t: 112.684
c: 0

i: 4.372,3.3652,0.0,0.0,0.0,0.0,0.0,33.3,1.0,2.0,0.0,-0.177,3.139,2.246,9.253,3.0,0.993,1.139,0.0,0.0,0.0,1.186,0.0,0.0,0.0,0.0,2.024,-0.025,0.0,10.624,3.412,0.0,0.0,0.0,0.0,3.394,2.517,0.0,7.787999999999999,0.0,0.0
s: 25
t: 107.115
c: 0

i: 5.392,4.5881,0.0,0.0,0.0,1.0,0.0,30.8,6.0,3.0,0.0,-0.209,3.517,1.907,10.633,13.0,0.989,1.144,0.0,0.0,0.0,1.169,0.0,0.0,0.0,0.0,2.314,0.001,0.0,11.278,3.5980000000000003,0.0,0.0,0.0,1.0,3.503,2.461,0.0,8.269,0.0,0.0
s: 17
t: 23.331
c: 0

i: 4.446000000000001,3.6985,0.0,0.0,0.0,0.0,0.0,30.0,0.0,4.0,0.0,-0.7959999999999999,3.192,1.922,9.523,6.0,1.036,1.146,0.0,0.0,0.0,1.116,0.0,0.0,0.0,0.0,2.061,-0.0279999999999999,0.0,20.804,3.132,0.0,0.0,0.0,0.0,3.431,3.133,0.0,8.008,0.0,0.0
s: 21
t: 122.677
c: 0

i: 4.4110000000000005,3.5866,0.0,0.0,0.0,0.0,0.0,31.8,2.0,4.0,0.0,-0.3279999999999999,3.699,2.948,9.956,8.0,0.995,1.142,0.0,0.0,0.0,1.164,0.0,0.0,0.0,0.0,2.08,0.0,0.0,22.47,6.131,0.0,0.0,0.0,0.0,3.393,2.407,0.0,8.325,0.0,0.0
s: 25
t: 112.269
c: 0

i: 4.527,3.7942,0.0,0.0,0.0,0.0,0.0,32.5,4.0,4.0,0.0,-0.1169999999999999,4.14,3.427,10.56,10.0,0.981,1.14,0.0,0.0,0.0,1.1840000000000002,0.0,0.0,0.0,0.0,2.13,0.0,0.0,23.699,9.594,0.0,0.0,0.0,0.0,3.393,2.086,0.0,8.693,0.0,0.0
s: 22
t: 103.811
c: 0

i: 4.347,3.1269,0.0,0.0,0.0,0.0,0.0,33.3,1.0,2.0,0.0,-0.076,3.809,3.309,9.933,3.0,0.975,1.138,0.0,0.0,0.0,1.202,0.0,0.0,0.0,0.0,2.019,0.0,0.0,10.914,8.395,0.0,0.0,0.0,0.0,3.358,1.96,0.0,8.298,0.0,0.0
s: 27
t: 59.569
c: 0

i: 4.562,3.8122,0.0,0.0,0.0,0.0,0.0,33.3,1.0,2.0,0.0,-0.759,2.7230000000000003,0.918,9.184,4.0,1.025,1.139,0.0,0.0,0.0,1.179,0.0,0.0,0.0,0.0,2.0,-0.258,0.0,9.6,1.521,0.0,0.0,0.0,1.0,3.511,3.556,0.0,7.676,0.0,0.0
s: 22
t: 118.602
c: 0

i: 4.629,4.0061,0.0,0.0,0.0,0.0,0.0,33.3,1.0,2.0,0.0,0.086,2.847,1.379,9.312,5.0,1.013,1.139,0.0,0.0,0.0,1.189,0.0,0.0,0.0,0.0,2.053,0.149,0.0,10.19,1.776,0.0,0.0,0.0,0.0,3.523,2.9760000000000004,0.0,7.747000000000001,0.0,0.0
s: 22
t: 125.880
c: 0

i: 4.655,2.4090000000000003,0.0,0.0,0.0,0.0,0.0,35.0,1.0,3.0,0.0,0.094,3.204,2.182,9.765,6.0,1.02,1.135,0.0,0.0,0.0,1.157,1.0,0.0,0.0,0.0,2.256,0.0139999999999999,0.0,10.698,2.989,0.0,0.0,0.0,0.0,3.542,2.667,0.0,8.185,0.0,0.0
s: 22
t: 110.263
c: 0

i: 4.644,3.9071,0.0,0.0,0.0,0.0,0.0,31.6,2.0,3.0,0.0,-0.104,3.082,1.837,9.467,5.0,1.021,1.142,0.0,0.0,0.0,1.149,0.0,0.0,0.0,0.0,2.084,0.049,0.0,10.469,2.732,0.0,0.0,0.0,1.0,3.525,3.093,0.0,7.886,0.0,0.0
s: 20
t: 136.982
c: 0

i: 4.646,3.9619,0.0,0.0,0.0,0.0,0.0,34.3,2.0,5.0,0.0,-0.1889999999999999,3.707,2.587,10.202,10.0,1.017,1.137,0.0,0.0,0.0,1.1840000000000002,0.0,0.0,0.0,0.0,2.107,0.0,0.0,21.879,6.086,0.0,0.0,0.0,0.0,3.535,2.775,0.0,8.578,0.0,0.0
s: 25
t: 116.602
c: 0

i: 4.468,4.1984,0.0,0.0,0.0,0.0,0.0,33.3,2.0,4.0,0.0,-1.073,3.37,2.252,9.651,6.0,1.025,1.139,0.0,0.0,0.0,1.158,0.0,0.0,0.0,0.0,2.085,-0.008,0.0,21.27,3.737,0.0,0.0,0.0,0.0,3.534,2.944,0.0,8.196,0.0,0.0
s: 21
t: 143.652
c: 0

i: 4.562,3.7287,2.0,0.0,0.0,0.0,0.0,25.0,1.0,2.0,0.0,-1.21,3.184,0.918,9.184,0.0,1.134,1.142,0.0,0.0,0.0,1.19,0.0,0.0,0.0,0.0,2.0,-0.271,0.0,9.435,1.521,0.0,0.0,0.0,1.0,3.976,4.037,0.0,8.593,0.0,2.0
s: 22
t: 63.451
c: 0

i: 5.206,3.3847,0.0,0.0,1.0,0.0,0.0,30.8,1.0,2.0,1.0,-0.947,3.713,2.9,10.416,0.0,0.979,1.145,0.0,0.0,0.0,1.187,0.0,0.0,0.0,0.0,2.218,0.0,0.0,10.57,6.77,0.0,0.0,2.0,0.0,3.47,2.167,1.0,8.295,0.0,0.0
s: 25
t: 133.994
c: 0

i: 4.691,3.8787,0.0,0.0,0.0,0.0,0.0,25.0,0.0,4.0,1.0,-2.498,3.125,1.436,9.666,4.0,1.0659999999999998,1.161,0.0,0.0,0.0,1.078,0.0,0.0,0.0,0.0,2.117,0.052,0.0,19.617,2.428,0.0,0.0,2.0,4.0,3.483,4.019,1.0,8.015,0.0,0.0
s: 22
t: 142.783
c: 0

i: 4.17,3.6206,0.0,0.0,0.0,0.0,0.0,28.6,0.0,3.0,0.0,-1.426,2.612,0.971,8.597000000000001,0.0,1.124,1.149,0.0,0.0,0.0,1.095,0.0,0.0,0.0,0.0,1.848,0.481,0.0,17.905,1.5419999999999998,0.0,0.0,0.0,1.0,3.427,4.7330000000000005,0.0,7.521,0.0,0.0
s: 18
t: 155.862
c: 0

i: 4.214,3.3376,0.0,0.0,0.0,0.0,0.0,33.3,0.0,2.0,1.0,-1.072,2.774,1.459,8.755,2.0,1.071,1.148,0.0,0.0,0.0,1.187,0.0,0.0,0.0,0.0,1.902,-0.2769999999999999,0.0,9.377,2.052,0.0,0.0,1.0,1.0,3.423,4.111000000000001,1.0,7.746,0.0,0.0
s: 19
t: 158.726
c: 0

i: 5.206,3.5794,0.0,0.0,1.0,0.0,0.0,30.6,1.0,3.0,3.0,-0.919,3.965,3.189,10.627,2.0,0.985,1.147,0.0,0.0,0.0,1.18,0.0,0.0,0.0,0.0,2.22,0.0,0.0,22.35,8.266,0.0,0.0,4.0,1.0,3.4730000000000003,2.306,2.0,8.611,0.0,0.0
s: 20
t: 117.487
c: 0

i: 4.17,2.6629,0.0,0.0,0.0,0.0,0.0,26.7,3.0,1.0,0.0,0.0,2.4,0.971,8.597000000000001,2.0,0.983,1.152,0.0,0.0,0.0,1.12,0.0,0.0,0.0,0.0,1.848,0.342,0.0,0.0,1.5419999999999998,0.0,0.0,0.0,1.0,3.0,2.567,0.0,6.683,0.0,0.0
s: 21
t: 133.213
c: 0

[TIMEOUT MaxSAT] instance 58
i: 4.642,3.0034,0.0,0.0,0.0,0.0,2.0,42.1,1.0,1.0,0.0,0.0,3.093,1.187,9.631,2.0,0.987,1.12,0.0,0.0,0.0,1.256,1.0,0.0,0.0,0.0,2.2,-0.024,0.0,0.0,1.487,0.0,1.0,0.0,1.0,3.639,2.315,0.0,8.009,0.0,0.0
s: 26
t: 107.677
c: 0

i: 4.607,2.9443,0.0,0.0,0.0,0.0,2.0,42.1,1.0,1.0,0.0,0.0,3.093,1.187,9.631,2.0,0.987,1.12,0.0,0.0,0.0,1.242,1.0,0.0,0.0,0.0,2.194,-0.024,0.0,0.0,1.544,0.0,1.0,0.0,1.0,3.635,2.315,0.0,8.009,0.0,0.0
s: 23
t: 120.229
c: 0

i: 4.807,3.2486,0.0,0.0,0.0,0.0,3.0,42.1,2.0,1.0,0.0,0.0,3.1,0.8809999999999999,9.833,3.0,0.987,1.12,0.0,0.0,0.0,1.272,1.0,0.0,0.0,0.0,2.246,-0.024,0.0,0.0,1.06,0.0,1.0,0.0,1.0,3.71,2.333,0.0,8.113999999999999,0.0,0.0
s: 24
t: 117.201
c: 0

i: 4.828,3.3386,0.0,0.0,0.0,0.0,2.0,40.0,0.0,2.0,0.0,0.0,3.2030000000000003,1.261,9.749,4.0,1.004,1.125,0.0,0.0,0.0,1.219,1.0,0.0,0.0,0.0,2.247,0.0139999999999999,0.0,0.0,1.436,0.0,2.0,0.0,0.0,3.677,2.233,0.0,8.113999999999999,0.0,0.0
s: 21
t: 19.854
c: 0

i: 4.543,2.7023,0.0,0.0,0.0,0.0,1.0,42.9,1.0,2.0,0.0,-0.242,3.309,1.705,9.722,3.0,1.003,1.119,0.0,0.0,0.0,1.241,1.0,0.0,0.0,0.0,2.166,-0.008,0.0,10.395,2.905,0.0,0.0,0.0,0.0,3.573,2.485,0.0,8.245,0.0,0.0
s: 25
t: 143.826
c: 0

[TIMEOUT MaxSAT] instance 64
[TIMEOUT MaxSAT] instance 65
[TIMEOUT MaxSAT] instance 66
[TIMEOUT MaxSAT] instance 67
[TIMEOUT MaxSAT] instance 68
[TIMEOUT MaxSAT] instance 69
[TIMEOUT MaxSAT] instance 70
[TIMEOUT MaxSAT] instance 71
i: 4.793,2.1244,0.0,0.0,0.0,0.0,2.0,50.0,0.0,2.0,0.0,-0.288,3.699,0.5,10.239,7.0,0.998,1.104,0.0,0.0,0.0,1.28,2.0,0.0,0.0,0.0,2.247,0.0,0.0,11.595999999999998,3.928,0.0,0.0,0.0,0.0,3.681,2.313,0.0,8.7,1.0,0.0
s: 25
t: 119.711
c: 0

[TIMEOUT MaxSAT] instance 73
[TIMEOUT MaxSAT] instance 74
[TIMEOUT MaxSAT] instance 75
[TIMEOUT MaxSAT] instance 76
i: 4.821000000000001,2.5866,0.0,0.0,0.0,0.0,0.0,33.3,2.0,2.0,0.0,-0.135,3.232,1.455,9.928,4.0,0.99,1.139,0.0,0.0,0.0,1.189,1.0,0.0,0.0,0.0,2.249,-0.0069999999999999,0.0,10.635,2.209,1.0,0.0,0.0,0.0,3.434,2.258,0.0,7.93,0.0,0.0
s: 27
t: 143.067
c: 0

i: 5.331,2.1747,1.0,0.0,0.0,0.0,3.0,47.4,0.0,4.0,0.0,0.0,4.133,0.3929999999999999,10.867,15.0,1.009,1.102,0.0,0.0,0.0,1.3,3.0,0.0,0.0,0.0,2.37,0.0,0.0,13.055,2.694,0.0,3.0,0.0,0.0,4.44,2.318,0.0,9.576,0.0,0.0
s: 27
t: 122.774
c: 0

i: 4.607,3.0422,0.0,0.0,0.0,0.0,2.0,47.1,1.0,1.0,0.0,0.0,3.127,1.187,9.631,2.0,0.992,1.11,0.0,0.0,0.0,1.2990000000000002,1.0,0.0,0.0,0.0,2.194,-0.025,0.0,10.118,1.544,0.0,0.0,0.0,0.0,3.651,2.481,0.0,8.116,0.0,0.0
s: 26
t: 136.846
c: 0

i: 5.814,2.4937,0.0,0.0,0.0,2.0,0.0,37.0,3.0,1.0,0.0,0.513,3.256,0.845,10.925999999999998,4.0,0.978,1.131,0.0,0.0,0.0,1.254,3.0,0.0,0.0,0.0,2.62,0.003,0.0,11.573,0.8109999999999999,1.0,0.0,0.0,0.0,3.756,2.091,0.0,8.196,0.0,0.0
s: 23
t: 142.473
c: 0

i: 5.6370000000000005,2.2966,0.0,0.0,0.0,1.0,0.0,38.5,3.0,0.0,0.0,1.646,3.144,0.853,10.63,0.0,0.964,1.128,0.0,0.0,0.0,1.267,3.0,0.0,0.0,0.0,2.5540000000000003,-0.006,0.0,0.0,0.986,2.0,0.0,0.0,0.0,3.676,1.658,0.0,8.065,0.0,0.0
s: 21
t: 113.808
c: 0

[TIMEOUT MaxSAT] instance 82
[TIMEOUT MaxSAT] instance 83
i: 4.923,2.7291,0.0,0.0,0.0,0.0,2.0,50.0,0.0,2.0,0.0,-0.1989999999999999,3.266,0.664,10.037,5.0,1.019,1.104,0.0,0.0,0.0,1.266,3.0,0.0,0.0,0.0,2.376,-0.008,0.0,10.843,1.057,0.0,0.0,0.0,0.0,3.783,2.5,0.0,8.33,1.0,0.0
s: 22
t: 175.536
c: 0

i: 4.414,3.2274,0.0,0.0,0.0,0.0,0.0,45.5,0.0,2.0,0.0,0.0,2.935,1.203,9.209,1.0,1.038,1.114,0.0,0.0,0.0,1.296,1.0,0.0,0.0,0.0,2.152,-0.085,0.0,9.774,1.496,0.0,0.0,0.0,0.0,3.67,2.881,0.0,8.002,0.0,0.0
s: 27
t: 112.230
c: 0

[TIMEOUT MaxSAT] instance 86
i: 4.982,2.8025,0.0,0.0,2.0,0.0,2.0,50.0,0.0,2.0,2.0,-0.601,3.38,0.762,10.226,6.0,1.033,1.109,0.0,0.0,0.0,1.261,3.0,0.0,0.0,0.0,2.424,0.004,0.0,21.888,1.027,0.0,0.0,2.0,1.0,3.853,2.833,1.0,8.508,0.0,0.0
s: 24
t: 132.658
c: 0

i: 4.651,2.7156,0.0,0.0,0.0,0.0,0.0,31.3,0.0,1.0,0.0,0.292,2.826,0.917,9.502,3.0,0.998,1.148,0.0,0.0,0.0,1.19,1.0,0.0,0.0,0.0,2.214,-0.074,0.0,10.5,0.918,0.0,0.0,2.0,0.0,3.482,2.452,1.0,7.624,0.0,0.0
s: 27
t: 127.823
c: 0

i: 4.802,3.0226,0.0,0.0,1.0,0.0,2.0,50.0,0.0,0.0,2.0,0.0,3.174,0.0,9.805,0.0,0.985,1.109,0.0,0.0,0.0,1.359,3.0,0.0,0.0,1.0,2.323,0.013,0.0,0.0,0.95,0.0,0.0,3.0,1.0,3.868,1.981,1.0,8.357000000000001,0.0,0.0
s: 20
t: 114.586
c: 0

i: 5.164,3.2947,1.0,0.0,0.0,0.0,0.0,23.1,0.0,3.0,0.0,0.0,3.108,0.917,9.968,4.0,1.055,1.138,0.0,0.0,0.0,1.188,1.0,0.0,0.0,0.0,2.256,-0.081,0.0,20.417,0.939,0.0,0.0,0.0,0.0,4.681,3.274,0.0,9.289,0.0,0.0
s: 20
t: 175.602
c: 0

[TIMEOUT MaxSAT] instance 91
i: 4.829,2.9046,1.0,0.0,1.0,0.0,2.0,39.3,2.0,3.0,2.0,-0.664,3.786,1.875,10.281,6.0,1.025,1.127,0.0,0.0,0.0,1.227,1.0,0.0,0.0,0.0,2.2840000000000003,0.0,0.0,22.271,3.31,0.0,1.0,3.0,1.0,3.74,2.736,1.0,8.888,1.0,1.0
s: 26
t: 110.714
c: 0

i: 5.439,2.3629,2.0,0.0,2.0,0.0,0.0,23.5,0.0,11.0,7.0,-0.945,4.381,1.871,11.509,12.0,1.055,1.155,0.0,0.0,0.0,1.154,2.0,0.0,0.0,0.0,2.466,0.0,0.0,35.388000000000005,5.533,0.0,0.0,4.0,5.0,4.61,3.182,4.0,9.993,0.0,0.0
s: 23
t: 139.460
c: 0

[TIMEOUT MaxSAT] instance 94
i: 4.659,3.7176,2.0,0.0,0.0,0.0,0.0,23.1,0.0,4.0,0.0,-2.138,3.714,2.128,10.094,4.0,1.042,1.144,0.0,0.0,0.0,1.1740000000000002,0.0,0.0,0.0,0.0,2.125,-0.002,0.0,20.538,4.56,0.0,0.0,4.0,6.0,4.061,3.333,2.0,8.992,0.0,0.0
s: 25
t: 175.655
c: 0

i: 3.975,2.8897,0.0,0.0,0.0,0.0,0.0,32.3,2.0,0.0,0.0,0.0,3.699,3.322,9.707,0.0,0.961,1.141,0.0,0.0,0.0,1.209,0.0,0.0,0.0,0.0,1.978,0.0,0.0,0.0,8.122,0.0,0.0,0.0,0.0,2.994,1.55,0.0,7.896,0.0,0.0
s: 25
t: 139.647
c: 0

[TIMEOUT MaxSAT] instance 97
i: 3.0,1.8227,0.0,0.0,0.0,0.0,0.0,20.0,0.0,0.0,0.0,0.0,1.883,0.918,6.593999999999999,0.0,0.975,1.1740000000000002,0.0,0.0,0.0,1.126,0.0,0.0,0.0,0.0,1.414,0.764,0.0,0.0,1.3330000000000002,0.0,0.0,0.0,1.0,2.642,2.167,1.0,5.834,0.0,0.0
s: 23
t: 177.201
c: 0

[TIMEOUT MaxSAT] instance 99
MaxSAT max time: 177.20
MaxSAT min time: 12.54
MaxSAT avg time: 85.95
MaxSAT cumulative time: 6875.71
nombre of explain instances: 80
all times: 18.575, 12.544, 19.221, 23.480, 28.352, 27.283, 29.868, 30.322, 23.914, 17.945, 23.762, 30.152, 33.797, 31.984, 33.352, 22.039, 29.391, 34.249, 38.966, 42.117, 37.518, 39.406, 51.328, 49.077, 43.387, 47.082, 58.018, 58.570, 60.371, 74.119, 105.334, 55.016, 92.965, 64.839, 83.824, 55.205, 99.536, 81.270, 112.684, 107.115, 23.331, 122.677, 112.269, 103.811, 59.569, 118.602, 125.880, 110.263, 136.982, 116.602, 143.652, 63.451, 133.994, 142.783, 155.862, 158.726, 117.487, 133.213, 107.677, 120.229, 117.201, 19.854, 143.826, 119.711, 143.067, 122.774, 136.846, 142.473, 113.808, 175.536, 112.230, 132.658, 127.823, 114.586, 175.602, 110.714, 139.460, 175.655, 139.647, 177.201
MaxSAT std dev: 48.98

mem usage: SMT=0.0 MB MaxSAT=0.0 MB
Nombre of timeouts MaxSAT: 20
