i: 36,0,0,1,1,0,0,0,0,0,0,0,0,0,0,0,0,0,0,0,0,0,0,1,0,1,0,0,1,0,0,1,0,0,0,0,0
s: 11
t: 10.698
c: 0

i: 39,0,0,1,1,0,0,0,0,0,0,0,0,0,0,0,0,0,0,0,0,0,0,1,0,0,0,1,0,0,0,1,0,0,0,0,0
s: 11
t: 16.117
c: 0

i: 41,0,0,1,1,0,0,0,0,0,0,0,0,0,0,0,0,0,0,0,0,0,0,1,0,1,0,0,1,0,0,0,0,1,0,0,0
s: 9
t: 16.858
c: 0

i: 40,0,0,1,1,0,0,0,0,0,0,0,0,0,0,0,0,0,0,0,0,0,0,1,0,0,1,0,0,0,0,1,0,0,0,0,0
s: 11
t: 14.949
c: 0

i: 51,0,1,0,1,0,0,0,0,0,0,0,0,0,0,0,0,0,0,0,0,0,0,1,0,0,1,0,1,0,0,0,1,0,0,0,0
s: 6
t: 21.974
c: 0

i: 65,0,1,0,1,0,0,0,0,0,0,0,0,0,0,0,0,0,0,0,0,0,0,1,0,0,1,0,0,0,0,1,0,0,0,0,0
s: 8
t: 18.839
c: 0

i: 60,0,1,0,1,0,0,0,0,0,0,0,0,0,0,0,0,0,0,0,0,0,0,1,0,0,1,0,0,0,0,1,0,0,0,0,0
s: 6
t: 22.658
c: 0

i: 34,0,0,1,1,0,0,0,0,0,0,0,0,0,0,0,0,0,0,0,0,0,0,1,0,0,1,0,0,0,0,0,0,1,0,0,0
s: 13
t: 13.836
c: 0

i: 30,0,0,1,0,0,1,0,0,0,0,0,0,0,0,0,0,0,0,0,0,0,0,1,0,0,0,1,0,0,0,1,0,0,0,0,1
s: 10
t: 23.872
c: 0

i: 58,0,1,0,1,0,0,0,0,0,0,0,0,0,0,0,0,0,0,0,0,0,0,1,0,0,1,0,1,0,0,1,0,0,0,0,0
s: 8
t: 16.352
c: 0

i: 62,0,1,0,1,0,0,0,0,0,0,0,0,0,0,0,0,0,0,0,0,0,0,1,0,0,0,1,1,0,0,0,1,0,0,0,0
s: 10
t: 27.704
c: 0

i: 46,0,0,1,0,0,0,1,0,0,0,0,0,0,0,0,0,0,0,0,0,0,0,0,1,0,1,0,1,0,0,1,0,0,0,0,0
s: 10
t: 33.143
c: 0

i: 53,0,0,1,1,0,0,0,0,0,0,0,0,0,0,0,0,0,0,0,0,0,0,1,0,0,1,0,0,0,0,1,0,0,0,0,1
s: 6
t: 32.728
c: 0

[TIMEOUT MaxSAT] instance 13
i: 46,0,0,1,1,0,0,0,0,0,0,0,0,0,0,0,0,0,0,0,0,0,0,1,0,1,0,0,1,0,0,0,1,0,0,0,0
s: 8
t: 69.668
c: 0

i: 48,0,0,1,1,0,0,0,0,0,0,0,0,0,0,0,0,0,0,0,0,0,0,1,0,0,0,1,0,0,1,0,0,0,0,0,0
s: 10
t: 61.749
c: 0

i: 54,0,1,0,1,0,0,0,0,0,0,0,0,0,0,0,0,0,0,0,0,0,0,1,0,0,1,0,1,0,0,1,0,0,0,0,0
s: 11
t: 15.678
c: 0

i: 37,0,0,1,0,1,0,0,0,0,0,0,0,0,0,0,0,0,0,0,0,0,0,1,0,1,0,0,0,0,0,1,0,0,0,0,0
s: 8
t: 20.057
c: 0

i: 51,0,0,1,1,0,0,0,0,0,0,0,0,0,0,0,0,0,0,0,0,0,0,1,0,1,0,0,1,0,0,0,1,0,0,0,1
s: 6
t: 95.385
c: 0

i: 62,0,1,0,0,0,0,0,0,0,0,1,0,0,0,0,0,0,0,0,0,0,0,0,1,0,0,1,0,0,1,0,0,0,0,0,0
s: 7
t: 97.528
c: 0

i: 60,0,1,0,1,0,0,0,0,0,0,0,0,0,0,0,0,0,0,0,0,0,0,1,0,0,1,0,0,0,0,0,1,0,0,0,0
s: 8
t: 26.239
c: 0

i: 52,0,1,0,0,1,0,0,0,0,0,0,0,0,0,0,0,0,0,0,0,0,0,1,0,0,1,0,0,0,0,0,1,0,0,0,0
s: 6
t: 95.834
c: 0

i: 62,0,1,0,0,0,1,0,0,0,0,0,0,0,0,0,0,0,0,0,0,0,0,0,1,0,1,0,1,0,0,0,0,0,1,1,1
s: 6
t: 22.744
c: 0

i: 35,0,0,1,0,0,0,1,0,0,0,0,0,0,0,0,0,0,0,0,0,0,0,1,0,0,0,1,1,0,0,0,0,0,1,1,0
s: 6
t: 108.292
c: 0

i: 52,0,0,1,1,0,0,0,0,0,0,0,0,0,0,0,0,0,0,0,0,0,0,1,0,0,0,1,0,0,0,1,0,0,0,0,0
s: 9
t: 124.619
c: 0

i: 50,0,0,1,1,0,0,0,0,0,0,0,0,0,0,0,0,0,0,0,0,0,0,1,0,0,1,0,1,0,0,0,0,1,0,0,0
s: 9
t: 26.795
c: 0

i: 36,0,0,1,0,1,0,0,0,0,0,0,0,0,0,0,0,0,0,0,0,0,0,1,0,1,0,0,1,0,0,0,1,0,0,0,1
s: 11
t: 79.998
c: 0

i: 37,0,0,1,1,0,0,0,0,0,0,0,0,0,0,0,0,0,0,0,0,0,0,1,0,0,1,0,1,0,0,0,0,0,1,0,0
s: 13
t: 23.567
c: 0

i: 31,0,0,1,1,0,0,0,0,0,0,0,0,0,0,0,0,0,0,0,0,0,0,1,0,1,0,0,1,0,0,1,0,0,0,0,1
s: 7
t: 23.038
c: 0

i: 54,0,0,1,1,0,0,0,0,0,0,0,0,0,0,0,0,0,0,0,0,0,0,1,0,0,1,0,1,0,0,0,1,0,0,0,0
s: 6
t: 136.958
c: 0

i: 64,0,1,0,1,0,0,0,0,0,0,0,0,0,0,0,0,0,0,0,0,0,0,1,0,1,0,0,1,0,0,0,1,0,0,0,0
s: 6
t: 174.529
c: 0

i: 48,0,0,1,0,1,0,0,0,0,0,0,0,0,0,0,0,0,0,0,0,0,0,1,0,0,1,0,0,0,0,0,0,1,0,0,0
s: 6
t: 119.441
c: 0

i: 45,0,0,1,1,0,0,0,0,0,0,0,0,0,0,0,0,0,0,0,0,0,0,1,0,1,0,0,0,0,0,0,0,1,0,0,0
s: 9
t: 41.885
c: 0

i: 45,0,1,0,0,0,0,1,0,0,0,0,0,0,0,0,0,0,0,0,0,0,0,1,0,0,0,1,0,0,0,1,0,0,0,0,1
s: 10
t: 131.396
c: 0

i: 50,0,0,1,0,0,0,1,0,0,0,0,0,0,0,0,0,0,0,0,0,0,0,0,1,0,1,0,0,0,0,1,0,0,0,1,0
s: 9
t: 105.648
c: 0

i: 50,0,0,1,1,0,0,0,0,0,0,0,0,0,0,0,0,0,0,0,0,0,0,1,0,0,1,0,0,0,0,0,1,0,0,0,0
s: 9
t: 101.866
c: 0

i: 41,0,0,1,1,0,0,0,0,0,0,0,0,0,0,0,0,0,0,0,0,0,0,1,0,0,1,0,1,0,0,0,1,0,0,0,0
s: 7
t: 48.818
c: 0

i: 45,0,0,1,1,0,0,0,0,0,0,0,0,0,0,0,0,0,0,0,0,0,0,1,0,0,1,0,1,0,0,0,0,1,0,0,0
s: 11
t: 45.306
c: 0

[TIMEOUT MaxSAT] instance 38
i: 45,0,0,1,1,0,0,0,0,0,0,0,0,0,0,0,0,0,0,0,0,0,0,1,0,0,1,0,1,0,0,1,0,0,0,0,0
s: 10
t: 131.428
c: 0

i: 60,0,1,0,1,0,0,0,0,0,0,0,0,0,0,0,0,0,0,0,0,0,0,1,0,1,0,0,0,0,0,1,0,0,0,0,0
s: 12
t: 40.548
c: 0

i: 35,0,0,1,0,0,0,0,0,0,0,0,0,0,1,0,0,0,0,0,0,0,0,1,0,0,1,0,1,0,0,0,1,0,0,1,1
s: 8
t: 129.435
c: 0

i: 41,0,0,1,1,0,0,0,0,0,0,0,0,0,0,0,0,0,0,0,0,0,0,1,0,0,1,0,0,0,0,0,1,0,0,0,0
s: 9
t: 54.092
c: 0

i: 33,0,0,1,0,0,1,0,0,0,0,0,0,0,0,0,0,0,0,0,0,0,0,1,0,0,0,1,0,0,1,0,0,0,0,0,0
s: 10
t: 45.591
c: 0

i: 55,0,1,0,0,1,0,0,0,0,0,0,0,0,0,0,0,0,0,0,0,0,0,0,1,0,1,0,1,0,0,0,1,0,0,0,0
s: 9
t: 44.559
c: 0

i: 33,0,0,1,0,1,0,0,0,0,0,0,0,0,0,0,0,0,0,0,0,0,0,1,0,0,1,0,0,0,0,0,0,1,0,0,0
s: 9
t: 119.032
c: 0

i: 50,0,1,0,0,1,0,0,0,0,0,0,0,0,0,0,0,0,0,0,0,0,0,0,1,0,1,0,0,0,1,0,0,0,0,1,0
s: 13
t: 102.551
c: 0

i: 70,0,1,0,1,0,0,0,0,0,0,0,0,0,0,0,0,0,0,0,0,0,0,1,0,0,0,1,0,0,0,0,1,0,0,0,0
s: 8
t: 46.350
c: 0

i: 48,0,1,0,0,1,0,0,0,0,0,0,0,0,0,0,0,0,0,0,0,0,0,1,0,0,1,0,0,0,0,1,0,0,0,0,0
s: 6
t: 153.476
c: 0

[TIMEOUT MaxSAT] instance 49
[TIMEOUT MaxSAT] instance 50
[TIMEOUT MaxSAT] instance 51
i: 47,0,0,1,1,0,0,0,0,0,0,0,0,0,0,0,0,0,0,0,0,0,0,1,0,1,0,0,1,0,0,0,1,0,0,0,1
s: 13
t: 100.124
c: 0

i: 74,0,1,0,1,0,0,0,0,0,0,0,0,0,0,0,0,0,0,0,0,0,0,1,0,0,1,0,0,0,1,0,0,0,0,0,0
s: 11
t: 34.313
c: 0

i: 63,0,1,0,0,0,0,0,0,1,0,0,0,0,0,0,0,0,0,0,0,0,1,0,0,1,0,0,1,0,0,1,0,0,0,1,0
s: 10
t: 58.098
c: 0

[TIMEOUT MaxSAT] instance 55
i: 46,0,0,1,0,0,1,0,0,0,0,0,0,0,0,0,0,0,0,0,0,0,0,1,0,0,1,0,1,0,0,0,1,0,0,0,0
s: 12
t: 55.693
c: 0

[TIMEOUT MaxSAT] instance 57
i: 54,0,1,0,1,0,0,0,0,0,0,0,0,0,0,0,0,0,0,0,0,0,0,1,0,1,0,0,0,0,0,0,1,0,0,0,0
s: 10
t: 57.417
c: 0

[TIMEOUT MaxSAT] instance 59
[TIMEOUT MaxSAT] instance 60
i: 54,0,1,0,1,0,0,0,0,0,0,0,0,0,0,0,0,0,0,0,0,0,0,1,0,0,1,0,1,0,0,0,0,0,1,0,0
s: 9
t: 44.230
c: 0

i: 43,0,0,1,1,0,0,0,0,0,0,0,0,0,0,0,0,0,0,0,0,0,0,1,0,1,0,0,1,0,0,0,1,0,0,0,0
s: 12
t: 154.588
c: 0

i: 52,0,1,0,1,0,0,0,0,0,0,0,0,0,0,0,0,0,0,0,0,0,0,1,0,0,1,0,0,0,0,1,0,0,0,0,0
s: 11
t: 60.865
c: 0

i: 47,0,0,1,1,0,0,0,0,0,0,0,0,0,0,0,0,0,0,0,0,0,0,1,0,0,1,0,0,0,1,0,0,0,0,0,0
s: 8
t: 100.252
c: 0

i: 49,0,0,1,1,0,0,0,0,0,0,0,0,0,0,0,0,0,0,0,0,0,0,1,0,0,1,0,0,0,0,0,1,0,0,0,0
s: 9
t: 92.108
c: 0

i: 52,0,1,0,0,0,0,1,0,0,0,0,0,0,0,0,0,0,0,0,0,0,0,0,1,0,1,0,1,0,0,0,1,0,0,0,0
s: 12
t: 68.208
c: 0

i: 68,0,1,0,1,0,0,0,0,0,0,0,0,0,0,0,0,0,0,0,0,0,0,1,0,1,0,0,0,0,1,0,0,0,0,0,0
s: 11
t: 53.319
c: 0

i: 57,0,1,0,1,0,0,0,0,0,0,0,0,0,0,0,0,0,0,0,0,0,0,1,0,0,1,0,0,0,0,1,0,0,0,0,0
s: 10
t: 77.124
c: 0

i: 47,0,1,0,1,0,0,0,0,0,0,0,0,0,0,0,0,0,0,0,0,0,0,1,0,0,0,1,0,0,0,0,1,0,0,0,0
s: 10
t: 75.679
c: 0

[TIMEOUT MaxSAT] instance 70
i: 47,0,0,1,1,0,0,0,0,0,0,0,0,0,0,0,0,0,0,0,0,0,0,1,0,0,0,1,0,0,0,0,1,0,0,0,0
s: 10
t: 161.007
c: 0

i: 63,0,1,0,1,0,0,0,0,0,0,0,0,0,0,0,0,0,0,0,0,0,0,1,0,0,1,0,1,0,0,1,0,0,0,0,0
s: 8
t: 68.372
c: 0

i: 54,0,1,0,1,0,0,0,0,0,0,0,0,0,0,0,0,0,0,0,0,0,0,1,0,1,0,0,0,0,0,1,0,0,0,0,0
s: 11
t: 73.452
c: 0

i: 46,0,0,1,0,0,1,0,0,0,0,0,0,0,0,0,0,0,0,0,0,0,0,1,0,0,0,1,1,0,0,0,1,0,0,1,0
s: 5
t: 176.236
c: 0

i: 47,0,0,1,0,0,0,0,0,1,0,0,0,0,0,0,0,0,0,0,0,0,0,1,0,0,1,0,1,0,0,0,1,0,0,0,1
s: 13
t: 136.514
c: 0

i: 64,0,1,0,0,1,0,0,0,0,0,0,0,0,0,0,0,0,0,0,0,0,0,1,0,0,0,1,0,0,0,0,1,0,0,0,1
s: 8
t: 179.018
c: 0

i: 54,0,1,0,1,0,0,0,0,0,0,0,0,0,0,0,0,0,0,0,0,0,0,1,0,1,0,0,1,0,0,1,0,0,0,0,0
s: 8
t: 140.994
c: 0

[TIMEOUT MaxSAT] instance 78
i: 49,0,1,0,1,0,0,0,0,0,0,0,0,0,0,0,0,0,0,0,0,0,0,1,0,0,0,1,0,0,0,1,0,0,0,0,0
s: 10
t: 59.362
c: 0

i: 39,0,0,1,0,0,0,1,0,0,0,0,0,0,0,0,0,0,0,0,0,0,0,1,0,0,1,0,1,0,1,0,0,0,0,0,0
s: 11
t: 86.233
c: 0

[TIMEOUT MaxSAT] instance 81
[TIMEOUT MaxSAT] instance 82
[TIMEOUT MaxSAT] instance 83
i: 52,0,1,0,0,0,0,0,0,0,1,0,0,0,0,0,0,0,0,0,0,0,0,0,1,0,0,1,0,0,0,1,0,0,0,1,1
s: 8
t: 160.220
c: 0

i: 62,1,0,0,1,0,0,0,0,0,0,0,0,0,0,0,0,0,0,0,0,0,0,1,0,1,0,0,0,0,0,1,0,0,0,0,0
s: 9
t: 162.535
c: 0

i: 52,0,1,0,1,0,0,0,0,0,0,0,0,0,0,0,0,0,0,0,0,0,0,1,0,0,0,1,0,0,0,0,1,0,0,0,0
s: 10
t: 85.190
c: 0

i: 48,0,0,1,0,1,0,0,0,0,0,0,0,0,0,0,0,0,0,0,0,0,0,1,0,0,1,0,0,0,0,1,0,0,0,1,0
s: 9
t: 139.682
c: 0

[TIMEOUT MaxSAT] instance 88
i: 49,0,1,0,0,0,0,0,0,0,0,0,0,0,0,0,0,0,0,1,0,0,0,0,1,0,1,0,1,0,0,0,1,0,0,1,0
s: 8
t: 118.122
c: 0

[TIMEOUT MaxSAT] instance 90
[TIMEOUT MaxSAT] instance 91
i: 36,0,0,1,1,0,0,0,0,0,0,0,0,0,0,0,0,0,0,0,0,0,0,1,0,0,1,0,0,0,0,0,0,1,0,0,0
s: 12
t: 91.312
c: 0

i: 50,0,0,1,0,0,0,0,1,0,0,0,0,0,0,0,0,0,0,0,0,0,0,1,0,1,0,0,1,0,0,0,1,0,0,0,0
s: 8
t: 107.886
c: 0

i: 43,0,0,1,1,0,0,0,0,0,0,0,0,0,0,0,0,0,0,0,0,0,0,1,0,1,0,0,1,0,0,0,0,1,0,0,0
s: 11
t: 121.235
c: 0

i: 50,0,1,0,1,0,0,0,0,0,0,0,0,0,0,0,0,0,0,0,0,0,0,1,0,0,1,0,1,0,0,0,0,0,1,0,0
s: 9
t: 108.647
c: 0

[TIMEOUT MaxSAT] instance 96
[TIMEOUT MaxSAT] instance 97
i: 63,0,1,0,0,1,0,0,0,0,0,0,0,0,0,0,0,0,0,0,0,0,0,1,0,1,0,0,1,0,0,0,1,0,0,0,1
s: 6
t: 104.276
c: 0

i: 73,0,1,0,1,0,0,0,0,0,0,0,0,0,0,0,0,0,0,0,0,0,0,1,0,1,0,0,0,0,0,0,0,1,0,0,0
s: 8
t: 93.176
c: 0

MaxSAT max time: 179.02
MaxSAT min time: 10.70
MaxSAT avg time: 78.26
MaxSAT cumulative time: 6339.31
nombre of explain instances: 81
all times: 10.698, 16.117, 16.858, 14.949, 21.974, 18.839, 22.658, 13.836, 23.872, 16.352, 27.704, 33.143, 32.728, 69.668, 61.749, 15.678, 20.057, 95.385, 97.528, 26.239, 95.834, 22.744, 108.292, 124.619, 26.795, 79.998, 23.567, 23.038, 136.958, 174.529, 119.441, 41.885, 131.396, 105.648, 101.866, 48.818, 45.306, 131.428, 40.548, 129.435, 54.092, 45.591, 44.559, 119.032, 102.551, 46.350, 153.476, 100.124, 34.313, 58.098, 55.693, 57.417, 44.230, 154.588, 60.865, 100.252, 92.108, 68.208, 53.319, 77.124, 75.679, 161.007, 68.372, 73.452, 176.236, 136.514, 179.018, 140.994, 59.362, 86.233, 160.220, 162.535, 85.190, 139.682, 118.122, 91.312, 107.886, 121.235, 108.647, 104.276, 93.176
MaxSAT std dev: 47.57

mem usage: SMT=0.0 MB MaxSAT=2.836 MB
Nombre of timeouts MaxSAT: 19
