i: 85,92,45,27,31
s: 4
t: 0.607
c: 0

i: 85,64,59,32,23
s: 4
t: 0.601
c: 0

i: 86,54,33,16,54
s: 3
t: 0.597
c: 0

i: 91,78,34,24,36
s: 4
t: 0.679
c: 0

i: 87,70,12,28,10
s: 4
t: 0.828
c: 0

i: 98,55,13,17,17
s: 3
t: 0.688
c: 0

i: 88,62,20,17,9
s: 4
t: 0.739
c: 0

i: 88,67,21,11,11
s: 3
t: 0.715
c: 0

i: 92,54,22,20,7
s: 3
t: 0.852
c: 0

i: 90,60,25,19,5
s: 4
t: 0.888
c: 0

i: 89,52,13,24,15
s: 3
t: 0.998
c: 0

i: 82,62,17,17,15
s: 4
t: 0.840
c: 0

i: 90,64,61,32,13
s: 4
t: 0.980
c: 0

i: 86,77,25,19,18
s: 3
t: 1.127
c: 0

i: 96,67,29,20,11
s: 3
t: 0.996
c: 0

i: 91,78,20,31,18
s: 4
t: 1.219
c: 0

i: 89,67,23,16,10
s: 3
t: 1.116
c: 0

i: 89,79,17,17,16
s: 3
t: 1.187
c: 0

i: 91,107,20,20,56
s: 3
t: 1.018
c: 0

i: 94,116,11,33,11
s: 4
t: 1.098
c: 0

i: 92,59,35,13,19
s: 4
t: 1.125
c: 0

i: 93,23,35,20,20
s: 3
t: 1.008
c: 0

i: 90,60,23,27,5
s: 4
t: 1.206
c: 0

i: 96,68,18,19,19
s: 4
t: 1.149
c: 0

i: 84,80,47,33,97
s: 3
t: 1.305
c: 0

i: 92,70,24,13,26
s: 4
t: 1.498
c: 0

i: 90,47,28,15,18
s: 3
t: 1.068
c: 0

i: 88,66,20,21,10
s: 3
t: 1.429
c: 0

i: 91,102,17,13,19
s: 3
t: 1.299
c: 0

i: 87,41,31,19,16
s: 3
t: 1.129
c: 0

i: 86,79,28,16,17
s: 3
t: 1.353
c: 0

i: 91,57,31,23,42
s: 4
t: 1.591
c: 0

i: 93,77,32,18,29
s: 4
t: 1.269
c: 0

i: 88,96,28,21,40
s: 4
t: 1.431
c: 0

i: 94,65,22,18,11
s: 3
t: 1.643
c: 0

i: 91,72,155,68,82
s: 3
t: 1.329
c: 0

i: 85,54,47,33,22
s: 4
t: 1.285
c: 0

i: 79,39,14,19,9
s: 3
t: 1.222
c: 0

i: 85,85,25,26,30
s: 2
t: 1.819
c: 0

i: 89,63,24,20,38
s: 3
t: 1.637
c: 0

i: 84,92,68,37,44
s: 3
t: 1.706
c: 0

i: 89,68,26,39,42
s: 3
t: 2.395
c: 0

i: 89,101,18,25,13
s: 4
t: 1.569
c: 0

i: 86,84,18,14,16
s: 3
t: 1.690
c: 0

i: 85,65,25,14,18
s: 3
t: 1.732
c: 0

i: 88,61,19,21,13
s: 4
t: 1.974
c: 0

i: 92,56,14,16,10
s: 3
t: 1.407
c: 0

i: 95,50,29,25,50
s: 3
t: 1.473
c: 0

i: 91,75,24,22,11
s: 3
t: 1.945
c: 0

i: 83,40,29,25,38
s: 3
t: 1.976
c: 0

i: 89,74,19,23,16
s: 3
t: 2.237
c: 0

i: 85,64,24,22,11
s: 3
t: 2.102
c: 0

i: 92,57,64,36,90
s: 3
t: 1.659
c: 0

i: 94,48,11,23,43
s: 3
t: 2.189
c: 0

i: 87,52,21,19,30
s: 4
t: 1.616
c: 0

i: 85,65,23,29,15
s: 3
t: 2.414
c: 0

i: 84,82,21,21,19
s: 3
t: 2.370
c: 0

i: 88,49,20,22,19
s: 3
t: 2.320
c: 0

i: 96,67,26,26,36
s: 4
t: 1.809
c: 0

i: 90,63,24,24,24
s: 3
t: 2.249
c: 0

i: 90,45,33,34,27
s: 5
t: 0.542
c: 0

i: 90,72,14,15,18
s: 4
t: 2.033
c: 0

i: 91,55,4,8,13
s: 3
t: 1.992
c: 0

i: 91,52,15,22,11
s: 3
t: 2.586
c: 0

i: 87,71,32,19,27
s: 4
t: 0.594
c: 0

i: 89,77,26,20,19
s: 2
t: 3.014
c: 0

i: 89,67,5,17,14
s: 4
t: 2.067
c: 0

i: 85,51,26,24,23
s: 4
t: 1.767
c: 0

i: 103,75,19,30,13
s: 3
t: 2.917
c: 0

i: 90,63,16,21,14
s: 3
t: 2.707
c: 0

i: 90,63,29,23,57
s: 4
t: 0.733
c: 0

i: 90,67,35,19,35
s: 4
t: 0.818
c: 0

i: 87,66,27,22,9
s: 4
t: 0.643
c: 0

i: 90,73,34,21,22
s: 4
t: 0.774
c: 0

i: 86,54,20,21,16
s: 3
t: 2.372
c: 0

i: 90,80,19,14,42
s: 4
t: 0.700
c: 0

i: 87,90,43,28,156
s: 5
t: 0.765
c: 0

i: 96,72,28,19,30
s: 4
t: 0.873
c: 0

i: 91,55,9,25,16
s: 5
t: 0.779
c: 0

i: 95,78,27,25,30
s: 4
t: 0.957
c: 0

i: 92,101,34,30,64
s: 4
t: 0.791
c: 0

i: 89,51,41,22,48
s: 3
t: 3.601
c: 0

i: 91,99,42,33,16
s: 4
t: 0.746
c: 0

i: 94,58,21,18,26
s: 4
t: 1.057
c: 0

i: 92,60,30,27,297
s: 4
t: 0.941
c: 0

i: 88,47,33,26,29
s: 4
t: 0.850
c: 0

i: 92,65,17,25,9
s: 4
t: 0.907
c: 0

i: 92,79,22,20,11
s: 3
t: 2.832
c: 0

i: 84,83,20,25,7
s: 3
t: 2.402
c: 0

i: 88,68,27,21,26
s: 4
t: 0.934
c: 0

i: 86,48,20,20,6
s: 3
t: 2.639
c: 0

i: 99,69,45,32,30
s: 4
t: 2.081
c: 0

i: 88,66,23,12,15
s: 3
t: 2.909
c: 0

i: 89,62,42,30,20
s: 4
t: 2.280
c: 0

i: 90,51,23,17,27
s: 3
t: 2.508
c: 0

i: 81,61,32,37,53
s: 3
t: 2.545
c: 0

i: 89,89,23,18,104
s: 3
t: 2.434
c: 0

i: 89,65,26,18,36
s: 4
t: 2.153
c: 0

i: 92,75,26,26,24
s: 4
t: 2.474
c: 0

i: 85,59,25,20,25
s: 3
t: 2.806
c: 0

MaxSAT max time: 3.60
MaxSAT min time: 0.54
MaxSAT avg time: 1.53
MaxSAT cumulative time: 152.92
nombre of explain instances: 100
all times: 0.607, 0.601, 0.597, 0.679, 0.828, 0.688, 0.739, 0.715, 0.852, 0.888, 0.998, 0.840, 0.980, 1.127, 0.996, 1.219, 1.116, 1.187, 1.018, 1.098, 1.125, 1.008, 1.206, 1.149, 1.305, 1.498, 1.068, 1.429, 1.299, 1.129, 1.353, 1.591, 1.269, 1.431, 1.643, 1.329, 1.285, 1.222, 1.819, 1.637, 1.706, 2.395, 1.569, 1.690, 1.732, 1.974, 1.407, 1.473, 1.945, 1.976, 2.237, 2.102, 1.659, 2.189, 1.616, 2.414, 2.370, 2.320, 1.809, 2.249, 0.542, 2.033, 1.992, 2.586, 0.594, 3.014, 2.067, 1.767, 2.917, 2.707, 0.733, 0.818, 0.643, 0.774, 2.372, 0.700, 0.765, 0.873, 0.779, 0.957, 0.791, 3.601, 0.746, 1.057, 0.941, 0.850, 0.907, 2.832, 2.402, 0.934, 2.639, 2.081, 2.909, 2.280, 2.508, 2.545, 2.434, 2.153, 2.474, 2.806
MaxSAT std dev: 0.71

mem usage: SMT=0.0 MB MaxSAT=0.0 MB
Nombre of timeouts MaxSAT: 0
