i: 29,1,1,0,0,0,31,64,1,0,0,1,49,0,22,0,0,1,0,0,1,0,0
s: 7
t: 1.596
c: 0

i: 33,1,0,0,0,1,40,111,0,0,0,1,10,1,15,0,1,0,3,1,0,0,0
s: 6
t: 1.470
c: 0

i: 33,1,0,0,0,1,14,60,0,0,0,1,29,1,25,0,1,0,2,0,0,1,0
s: 5
t: 1.535
c: 0

i: 3,1,0,0,1,0,22,80,0,1,0,0,84,0,32,0,0,1,0,1,0,0,0
s: 7
t: 1.801
c: 0

i: 7,0,0,1,0,0,22,35,0,0,0,1,71,0,14,1,0,0,0,1,0,0,0
s: 7
t: 2.086
c: 0

i: 22,1,0,1,0,0,14,67,0,1,0,0,76,0,8,1,0,0,0,1,0,0,0
s: 6
t: 2.556
c: 0

i: 28,0,0,0,0,1,28,97,0,0,0,1,59,0,33,0,0,1,2,1,0,0,0
s: 4
t: 1.807
c: 0

i: 23,0,0,0,0,1,14,145,0,1,0,0,62,1,6,1,0,0,0,1,0,0,0
s: 10
t: 1.510
c: 0

i: 29,1,0,0,0,1,22,83,0,0,0,1,46,0,14,0,1,0,1,0,0,1,0
s: 8
t: 1.983
c: 0

i: 19,1,0,0,0,1,28,34,1,0,0,1,54,1,29,0,0,1,0,0,0,1,0
s: 7
t: 1.663
c: 0

i: 23,1,0,0,0,1,28,25,0,1,0,0,47,0,4,0,1,0,0,0,1,0,0
s: 5
t: 2.154
c: 0

i: 22,0,0,1,0,0,28,116,0,0,0,1,52,0,13,0,1,0,0,1,0,0,0
s: 9
t: 2.201
c: 0

i: 22,1,0,0,1,0,22,85,1,0,0,1,41,1,6,0,1,0,1,0,1,0,0
s: 8
t: 2.628
c: 0

i: 10,1,0,1,0,0,14,92,0,1,0,0,72,0,0,1,0,0,0,0,0,1,0
s: 7
t: 2.906
c: 0

i: 18,1,0,0,1,0,44,31,1,1,0,0,61,0,5,1,0,0,0,0,0,1,0
s: 8
t: 3.856
c: 0

i: 23,1,0,0,1,0,34,9,0,1,0,0,73,0,16,1,0,0,0,1,0,0,0
s: 7
t: 3.090
c: 0

i: 14,1,0,1,0,0,8,60,0,1,0,0,67,0,10,0,0,1,0,0,0,1,0
s: 10
t: 1.885
c: 0

i: 20,1,0,0,0,1,28,69,0,1,0,0,59,0,12,1,0,0,0,1,0,0,0
s: 7
t: 3.784
c: 0

i: 14,0,0,0,1,0,22,103,0,1,0,0,38,0,2,1,0,0,0,1,0,0,0
s: 8
t: 3.703
c: 0

i: 15,1,0,1,0,0,22,95,0,1,0,0,70,0,6,1,0,0,0,1,0,0,0
s: 7
t: 4.530
c: 0

i: 30,1,1,0,0,0,8,42,0,0,0,1,43,1,17,0,1,0,0,1,0,0,0
s: 6
t: 3.834
c: 0

i: 24,0,1,0,0,0,34,109,1,0,0,1,61,0,10,1,0,0,0,1,0,0,0
s: 9
t: 3.937
c: 0

i: 24,1,0,1,0,0,14,110,0,0,0,1,59,0,17,0,1,0,0,1,0,0,0
s: 8
t: 3.408
c: 0

i: 24,1,0,0,1,0,23,55,0,0,0,1,72,0,30,1,0,0,2,0,0,1,0
s: 9
t: 1.934
c: 0

i: 26,1,0,0,0,1,22,37,0,0,0,1,32,1,23,0,1,0,2,0,0,1,0
s: 5
t: 2.399
c: 0

i: 16,0,0,0,1,0,14,50,0,1,0,0,57,0,16,0,1,0,0,1,0,0,0
s: 6
t: 3.767
c: 0

i: 24,0,0,0,1,0,14,141,0,1,0,0,71,0,0,1,0,0,0,1,0,0,0
s: 10
t: 4.378
c: 0

i: 32,0,1,0,0,0,34,57,0,1,0,0,15,0,25,0,0,1,0,1,0,0,0
s: 9
t: 5.441
c: 0

i: 9,1,0,0,0,1,34,77,0,1,0,0,70,0,15,1,0,0,0,1,0,0,0
s: 7
t: 4.965
c: 0

i: 6,1,0,0,0,1,8,8,0,0,0,1,15,1,19,0,1,0,0,0,0,1,0
s: 7
t: 2.206
c: 0

i: 35,0,1,0,0,0,28,69,0,1,0,0,50,0,17,1,0,0,2,1,0,0,0
s: 10
t: 3.334
c: 0

i: 26,1,0,0,0,1,12,61,1,1,0,0,59,1,14,1,0,0,2,0,0,1,0
s: 7
t: 2.006
c: 0

i: 30,1,0,0,1,0,28,140,0,1,0,0,57,0,0,1,0,0,0,1,0,0,0
s: 9
t: 1.679
c: 0

i: 25,1,0,0,0,1,25,65,0,1,0,0,60,0,5,0,1,0,0,0,0,1,0
s: 6
t: 3.413
c: 0

i: 10,1,0,0,1,0,22,64,0,1,0,0,77,1,4,1,0,0,0,1,0,0,0
s: 6
t: 6.883
c: 0

i: 8,1,0,0,0,1,28,57,0,1,0,0,76,0,0,1,0,0,0,1,0,0,0
s: 7
t: 6.429
c: 0

i: 9,1,0,0,0,1,14,15,0,0,0,1,20,1,24,0,1,0,0,0,0,1,0
s: 7
t: 3.325
c: 0

i: 23,1,0,0,0,1,34,104,0,0,0,1,13,1,6,0,1,0,1,0,1,0,0
s: 9
t: 3.641
c: 0

i: 21,1,0,0,0,1,23,144,0,1,0,0,32,1,12,0,1,0,1,0,0,1,0
s: 7
t: 3.585
c: 0

i: 27,1,0,0,1,0,34,73,1,1,0,0,36,1,10,0,1,0,0,1,0,0,0
s: 9
t: 3.867
c: 0

i: 31,0,0,0,0,1,34,56,0,0,0,1,15,0,10,0,1,0,3,0,0,1,0
s: 7
t: 3.901
c: 0

i: 6,1,1,0,0,0,28,31,0,1,0,0,76,1,14,1,0,0,0,0,0,1,0
s: 7
t: 4.106
c: 0

i: 37,0,0,1,0,0,40,121,0,1,0,0,61,0,4,1,0,0,2,1,0,0,0
s: 9
t: 4.511
c: 0

i: 25,1,0,0,1,0,34,43,1,1,0,0,56,0,16,1,0,0,0,1,0,0,0
s: 7
t: 6.802
c: 0

i: 27,0,0,0,0,1,22,139,0,0,0,1,68,0,0,1,0,0,0,1,0,0,0
s: 10
t: 2.578
c: 0

i: 24,1,0,0,1,0,9,61,0,0,0,1,64,0,24,0,1,0,1,0,0,1,0
s: 9
t: 4.295
c: 0

i: 17,1,0,0,1,0,8,13,0,1,0,0,23,0,6,1,0,0,0,1,0,0,0
s: 7
t: 6.700
c: 0

i: 16,1,0,0,0,1,34,73,0,0,0,1,28,0,25,0,1,0,0,0,0,1,0
s: 7
t: 4.097
c: 0

i: 31,0,0,0,1,0,28,150,1,0,0,1,56,0,8,1,0,0,1,1,0,0,0
s: 10
t: 6.926
c: 0

i: 19,1,0,0,1,0,22,29,1,0,0,1,51,0,12,0,0,1,0,1,0,0,0
s: 7
t: 5.981
c: 0

i: 7,0,0,1,0,0,5,30,0,1,0,0,67,0,0,1,0,0,1,1,0,0,0
s: 7
t: 5.358
c: 0

i: 31,1,0,0,0,1,14,15,0,1,0,0,39,0,4,1,0,0,0,0,0,1,0
s: 7
t: 4.672
c: 0

i: 10,1,0,0,0,1,9,114,0,0,0,1,52,0,0,1,0,0,1,1,0,0,0
s: 9
t: 7.711
c: 0

i: 10,1,0,1,0,0,22,50,0,0,0,1,85,0,0,1,0,0,0,1,0,0,0
s: 7
t: 8.529
c: 0

i: 26,1,0,0,0,1,22,82,0,1,0,0,43,1,14,1,0,0,1,0,0,1,0
s: 7
t: 3.302
c: 0

i: 20,1,0,0,0,1,17,95,0,0,0,1,11,1,21,0,1,0,1,0,0,1,0
s: 6
t: 4.349
c: 0

i: 16,1,0,0,1,0,28,64,0,1,0,0,62,0,6,0,1,0,1,0,0,1,0
s: 8
t: 3.962
c: 0

i: 7,1,0,0,0,1,8,11,0,0,0,1,57,0,0,1,0,0,0,0,0,1,0
s: 10
t: 1.977
c: 0

i: 20,1,0,0,1,0,18,101,0,0,0,1,51,0,5,0,0,1,1,1,0,0,0
s: 8
t: 6.063
c: 0

i: 17,1,1,0,0,0,18,44,0,0,0,1,25,1,14,1,0,0,1,1,0,0,0
s: 8
t: 3.952
c: 0

i: 17,0,0,0,0,1,22,124,0,1,0,0,41,1,12,0,1,0,0,0,0,1,0
s: 7
t: 3.587
c: 0

i: 12,0,0,0,1,0,29,15,0,0,0,1,59,1,14,0,0,1,0,1,0,0,0
s: 10
t: 4.616
c: 0

i: 24,1,0,0,0,1,20,47,0,0,0,1,31,1,21,0,1,0,3,0,0,1,0
s: 5
t: 4.537
c: 0

i: 20,0,0,0,1,0,25,123,1,1,0,0,69,0,0,1,0,0,0,1,0,0,0
s: 10
t: 6.118
c: 0

i: 20,1,0,0,0,1,14,24,0,1,0,0,14,0,14,0,1,0,1,0,0,1,0
s: 7
t: 5.472
c: 0

i: 26,1,0,0,0,1,31,108,0,0,0,1,41,1,26,0,1,0,2,0,0,1,0
s: 5
t: 4.216
c: 0

i: 26,1,0,0,1,0,28,21,0,0,0,1,54,0,28,0,1,0,0,1,0,0,0
s: 8
t: 5.718
c: 0

i: 20,1,0,0,1,0,34,63,0,0,0,1,64,0,16,1,0,0,0,0,0,1,0
s: 9
t: 8.377
c: 0

i: 25,1,0,0,0,1,43,137,0,0,0,1,39,1,31,0,0,1,0,0,0,1,0
s: 6
t: 4.040
c: 0

i: 12,1,0,0,1,0,34,62,0,1,0,0,46,0,33,0,1,0,0,1,0,0,0
s: 8
t: 4.172
c: 0

i: 31,0,0,0,1,0,37,98,0,1,0,0,47,0,8,1,0,0,0,1,0,0,0
s: 8
t: 8.316
c: 0

i: 33,1,0,0,0,1,18,83,1,1,0,0,62,0,2,0,1,0,2,0,0,1,0
s: 7
t: 4.160
c: 0

i: 28,1,0,0,0,1,14,96,0,1,0,0,6,1,17,0,1,0,2,0,0,1,0
s: 7
t: 5.204
c: 0

i: 31,1,0,0,0,1,8,78,0,0,0,1,57,0,6,1,0,0,2,0,1,0,0
s: 10
t: 2.874
c: 0

i: 10,1,0,0,0,1,8,29,0,0,0,1,75,0,0,1,0,0,1,1,0,0,0
s: 8
t: 6.080
c: 0

i: 31,0,0,0,1,0,40,146,0,0,0,1,50,0,8,1,0,0,0,1,0,0,0
s: 9
t: 10.534
c: 0

i: 26,1,0,0,0,1,18,87,0,0,0,1,40,1,26,0,1,0,1,0,0,1,0
s: 6
t: 5.425
c: 0

i: 17,0,0,0,1,0,28,127,0,0,0,1,41,0,15,1,0,0,1,1,0,0,0
s: 12
t: 4.371
c: 0

i: 14,1,0,1,0,0,22,75,0,0,0,1,78,0,2,0,1,0,0,1,0,0,0
s: 5
t: 10.398
c: 0

i: 24,1,0,0,0,1,34,99,0,0,0,1,12,1,8,1,0,0,0,0,0,1,0
s: 8
t: 4.521
c: 0

i: 11,1,0,0,0,1,4,39,0,0,0,1,47,1,28,0,1,0,0,1,0,0,0
s: 5
t: 7.783
c: 0

i: 19,0,0,0,0,1,22,93,0,0,0,1,42,0,4,0,1,0,0,1,0,0,0
s: 6
t: 11.465
c: 0

i: 5,1,0,0,1,0,28,134,0,0,0,1,80,0,0,1,0,0,0,1,0,0,0
s: 7
t: 9.402
c: 0

i: 34,1,0,0,1,0,47,102,1,0,0,1,49,1,16,0,1,0,0,0,0,1,0
s: 8
t: 3.928
c: 0

i: 18,1,0,1,0,0,14,136,0,1,0,0,71,0,2,1,0,0,0,1,0,0,0
s: 7
t: 9.543
c: 0

i: 10,1,0,0,1,0,28,66,0,0,0,1,78,0,0,1,0,0,0,1,0,0,0
s: 7
t: 12.332
c: 0

i: 13,1,0,0,1,0,27,86,0,0,0,1,55,0,0,1,0,0,0,1,0,0,0
s: 7
t: 10.786
c: 0

i: 19,0,0,0,1,0,20,47,0,0,0,1,16,0,0,1,0,0,0,0,0,0,1
s: 7
t: 11.745
c: 0

i: 19,0,0,0,0,1,27,65,0,0,0,1,59,0,0,1,0,0,0,1,0,0,0
s: 7
t: 13.618
c: 0

i: 17,0,0,0,1,0,22,85,0,0,0,1,48,0,5,1,0,0,0,1,0,0,0
s: 7
t: 10.700
c: 0

i: 32,1,0,0,0,1,14,121,0,0,0,1,50,0,4,0,1,0,0,1,0,0,0
s: 7
t: 9.097
c: 0

i: 28,0,0,0,0,1,40,6,0,0,0,1,44,0,39,0,0,1,3,0,0,1,0
s: 7
t: 4.410
c: 0

i: 28,1,0,0,1,0,22,62,0,1,0,0,45,0,17,0,1,0,3,0,0,1,0
s: 6
t: 5.125
c: 0

i: 10,0,0,0,1,0,7,2,0,1,0,0,74,0,6,0,1,0,0,1,0,0,0
s: 5
t: 10.276
c: 0

i: 29,0,0,0,1,0,25,81,0,0,0,1,71,0,0,1,0,0,0,1,0,0,0
s: 7
t: 14.215
c: 0

i: 18,1,0,0,0,1,20,84,0,1,0,0,60,1,0,1,0,0,1,0,0,1,0
s: 7
t: 5.247
c: 0

i: 25,1,0,0,0,1,8,69,0,0,0,1,41,1,12,0,1,0,1,0,0,1,0
s: 7
t: 6.682
c: 0

i: 26,0,0,0,0,1,34,87,0,0,0,1,56,0,25,0,1,0,2,0,0,1,0
s: 5
t: 6.017
c: 0

i: 18,1,0,1,0,0,24,33,0,1,0,0,57,0,8,1,0,0,1,1,0,0,0
s: 8
t: 11.347
c: 0

i: 14,1,0,0,0,1,15,53,0,0,0,1,83,0,0,1,0,0,0,1,0,0,0
s: 8
t: 15.873
c: 0

MaxSAT max time: 15.87
MaxSAT min time: 1.47
MaxSAT avg time: 5.25
MaxSAT cumulative time: 525.27
nombre of explain instances: 100
all times: 1.596, 1.470, 1.535, 1.801, 2.086, 2.556, 1.807, 1.510, 1.983, 1.663, 2.154, 2.201, 2.628, 2.906, 3.856, 3.090, 1.885, 3.784, 3.703, 4.530, 3.834, 3.937, 3.408, 1.934, 2.399, 3.767, 4.378, 5.441, 4.965, 2.206, 3.334, 2.006, 1.679, 3.413, 6.883, 6.429, 3.325, 3.641, 3.585, 3.867, 3.901, 4.106, 4.511, 6.802, 2.578, 4.295, 6.700, 4.097, 6.926, 5.981, 5.358, 4.672, 7.711, 8.529, 3.302, 4.349, 3.962, 1.977, 6.063, 3.952, 3.587, 4.616, 4.537, 6.118, 5.472, 4.216, 5.718, 8.377, 4.040, 4.172, 8.316, 4.160, 5.204, 2.874, 6.080, 10.534, 5.425, 4.371, 10.398, 4.521, 7.783, 11.465, 9.402, 3.928, 9.543, 12.332, 10.786, 11.745, 13.618, 10.700, 9.097, 4.410, 5.125, 10.276, 14.215, 5.247, 6.682, 6.017, 11.347, 15.873
MaxSAT std dev: 3.15

mem usage: SMT=0.0 MB MaxSAT=0.0 MB
Nombre of timeouts MaxSAT: 0
