i: 0,0,0,1,0,0,0,0,0,1,0
s: 9
t: 7.504
c: 0

i: 0,0,0,0,0,1,0,0,0,0,0
s: 5
t: 9.003
c: 0

i: 0,4,0,0,1,1,0,0,0,0,0
s: 3
t: 9.444
c: 0

i: 1,0,0,0,0,0,0,0,0,1,0
s: 5
t: 10.978
c: 0

i: 0,14,1,0,0,0,0,0,0,0,0
s: 4
t: 9.286
c: 0

i: 0,3,0,0,0,0,0,0,0,1,0
s: 6
t: 9.112
c: 0

i: 1,0,0,0,0,0,0,0,0,0,1
s: 4
t: 12.473
c: 0

i: 0,0,0,0,0,0,0,0,0,0,0
s: 9
t: 8.482
c: 0

i: 1,3,1,0,1,1,0,0,0,0,0
s: 6
t: 10.986
c: 0

i: 0,1,0,1,0,0,0,0,0,0,1
s: 5
t: 11.958
c: 0

i: 0,7,0,0,0,1,0,0,0,0,0
s: 6
t: 11.678
c: 0

i: 1,0,0,0,0,0,0,1,0,0,0
s: 5
t: 14.447
c: 0

i: 0,3,1,0,0,1,0,0,0,0,0
s: 6
t: 13.470
c: 0

i: 0,6,1,0,0,0,0,0,0,0,0
s: 7
t: 10.817
c: 0

i: 0,5,0,0,0,0,0,0,0,0,0
s: 7
t: 11.324
c: 0

i: 0,13,1,1,0,1,0,0,0,0,0
s: 7
t: 12.292
c: 0

i: 0,1,1,0,1,1,0,0,0,0,0
s: 6
t: 16.792
c: 0

i: 1,0,0,0,0,0,0,0,0,0,0
s: 5
t: 15.514
c: 0

i: 0,0,0,0,1,0,0,0,0,0,1
s: 6
t: 13.564
c: 0

i: 0,1,0,0,1,0,0,1,0,0,0
s: 7
t: 10.215
c: 0

i: 1,1,0,0,0,0,0,0,0,0,0
s: 5
t: 15.934
c: 0

i: 0,8,0,0,0,1,0,0,0,0,0
s: 6
t: 14.293
c: 0

i: 0,5,1,0,0,1,0,0,0,0,0
s: 7
t: 13.532
c: 0

i: 0,0,1,0,0,1,0,0,0,0,0
s: 5
t: 20.545
c: 0

i: 0,9,1,0,0,0,0,0,0,0,0
s: 5
t: 13.747
c: 0

i: 0,4,1,0,0,1,0,0,0,0,0
s: 7
t: 14.307
c: 0

i: 0,0,0,1,0,0,0,0,0,0,0
s: 9
t: 10.812
c: 0

i: 0,7,0,1,0,0,0,0,0,1,0
s: 6
t: 11.907
c: 0

i: 1,4,1,0,0,0,0,0,0,0,1
s: 7
t: 15.424
c: 0

i: 1,1,0,0,1,0,0,0,0,0,0
s: 5
t: 15.554
c: 0

i: 0,21,1,0,0,1,0,0,0,0,0
s: 6
t: 12.947
c: 0

i: 0,2,1,0,1,1,0,0,0,0,1
s: 6
t: 17.340
c: 0

i: 1,2,0,1,0,1,0,0,0,0,0
s: 8
t: 11.275
c: 0

i: 1,2,0,0,0,0,0,0,0,0,0
s: 8
t: 11.732
c: 0

i: 0,7,0,1,0,1,0,0,0,0,1
s: 7
t: 15.728
c: 0

i: 1,9,1,0,0,0,0,0,0,0,0
s: 5
t: 14.088
c: 0

i: 0,13,1,0,0,1,0,0,0,0,0
s: 4
t: 12.421
c: 0

i: 1,0,0,1,0,0,0,0,0,0,0
s: 5
t: 18.563
c: 0

i: 0,1,0,0,0,0,0,0,0,0,0
s: 5
t: 19.453
c: 0

i: 0,0,0,0,0,0,0,0,0,1,1
s: 5
t: 20.481
c: 0

i: 0,15,1,0,0,1,0,0,0,0,0
s: 4
t: 15.239
c: 0

i: 0,2,0,0,1,1,0,0,0,0,0
s: 6
t: 17.510
c: 0

i: 1,0,1,0,0,0,0,1,0,0,0
s: 5
t: 24.748
c: 0

i: 1,4,0,1,0,1,0,0,0,0,0
s: 8
t: 12.436
c: 0

i: 0,8,1,1,0,0,0,0,0,0,0
s: 8
t: 16.671
c: 0

i: 0,5,0,0,0,1,0,0,0,0,0
s: 7
t: 17.655
c: 0

i: 1,4,0,0,0,0,0,0,0,0,0
s: 7
t: 17.043
c: 0

i: 0,1,0,0,1,1,0,0,0,0,0
s: 8
t: 15.509
c: 0

i: 1,0,0,1,0,0,0,1,0,0,0
s: 5
t: 30.139
c: 0

i: 0,6,1,0,0,1,0,0,0,0,0
s: 7
t: 21.342
c: 0

i: 1,0,0,1,0,1,0,0,0,0,1
s: 4
t: 26.012
c: 0

i: 0,6,0,1,0,0,0,1,0,0,0
s: 7
t: 20.014
c: 0

i: 1,1,0,0,0,1,0,0,0,0,0
s: 4
t: 34.385
c: 0

i: 0,1,1,0,0,0,0,0,0,0,0
s: 9
t: 14.048
c: 0

i: 0,2,0,0,0,1,0,0,0,0,0
s: 6
t: 21.143
c: 0

i: 1,1,0,0,1,1,0,0,0,0,0
s: 8
t: 16.752
c: 0

i: 0,0,1,0,1,0,0,0,0,0,0
s: 8
t: 16.286
c: 0

i: 0,1,0,0,0,1,0,0,0,0,1
s: 4
t: 35.519
c: 0

i: 1,8,1,0,0,1,0,0,0,0,0
s: 5
t: 19.196
c: 0

i: 0,14,1,0,0,1,0,0,0,0,0
s: 4
t: 13.385
c: 0

i: 0,0,1,0,1,0,0,0,0,1,0
s: 5
t: 32.454
c: 0

i: 0,2,1,0,1,1,0,0,0,0,0
s: 6
t: 27.858
c: 0

i: 1,1,0,0,0,1,0,0,0,0,1
s: 4
t: 40.120
c: 0

i: 0,9,1,0,0,1,0,0,0,0,0
s: 9
t: 22.144
c: 0

i: 0,7,1,0,0,0,0,0,0,0,0
s: 7
t: 18.266
c: 0

i: 0,1,1,0,1,0,0,0,0,1,0
s: 5
t: 31.133
c: 0

i: 0,0,1,0,1,0,0,0,0,0,1
s: 8
t: 16.361
c: 0

i: 0,2,0,0,0,0,0,0,0,0,0
s: 6
t: 28.728
c: 0

i: 1,0,0,1,0,0,0,0,0,0,1
s: 4
t: 38.553
c: 0

i: 1,0,0,0,0,0,0,1,0,0,1
s: 5
t: 46.684
c: 0

i: 0,1,0,0,0,1,0,0,0,0,0
s: 4
t: 64.969
c: 0

i: 0,0,0,0,0,0,0,0,0,0,1
s: 9
t: 15.942
c: 0

i: 0,8,1,0,1,0,0,0,0,0,0
s: 8
t: 26.137
c: 0

i: 1,0,1,0,0,0,0,0,0,0,0
s: 5
t: 48.098
c: 0

i: 0,1,0,0,0,0,0,0,0,0,1
s: 5
t: 40.125
c: 0

i: 0,3,1,0,1,1,0,0,0,0,0
s: 6
t: 37.377
c: 0

i: 1,5,0,0,0,0,0,0,0,0,0
s: 7
t: 31.264
c: 0

i: 0,0,1,0,0,0,0,0,0,0,0
s: 5
t: 46.660
c: 0

i: 0,3,0,0,0,1,0,0,0,0,0
s: 7
t: 35.623
c: 0

i: 0,10,1,0,0,1,0,0,0,0,0
s: 9
t: 23.368
c: 0

i: 0,0,0,0,1,1,0,0,0,0,0
s: 8
t: 17.776
c: 0

i: 0,28,1,0,0,1,0,0,0,0,0
s: 1
t: 13.493
c: 0

i: 1,1,1,0,0,1,0,0,0,0,0
s: 4
t: 63.906
c: 0

i: 0,1,0,0,0,0,0,0,0,1,1
s: 4
t: 50.454
c: 0

i: 0,13,1,0,0,0,0,0,0,0,0
s: 9
t: 30.092
c: 0

i: 1,3,1,1,0,0,0,0,0,0,0
s: 6
t: 42.312
c: 0

i: 0,19,1,0,0,1,0,0,0,0,0
s: 4
t: 16.552
c: 0

i: 0,6,0,0,0,0,0,0,0,0,0
s: 7
t: 35.891
c: 0

i: 0,2,0,0,0,0,0,0,0,0,1
s: 6
t: 39.052
c: 0

i: 1,2,0,0,0,0,0,0,0,1,1
s: 6
t: 51.977
c: 0

i: 1,0,0,0,1,1,0,0,0,0,1
s: 8
t: 18.768
c: 0

i: 0,10,0,0,0,0,0,0,0,0,1
s: 3
t: 15.264
c: 0

i: 0,1,0,1,0,0,0,0,0,0,0
s: 9
t: 15.710
c: 0

i: 0,1,1,0,1,1,0,0,0,0,1
s: 9
t: 18.635
c: 0

i: 0,11,1,0,0,1,0,0,0,0,0
s: 7
t: 24.855
c: 0

i: 0,0,0,0,0,1,0,0,0,0,1
s: 5
t: 64.409
c: 0

i: 0,7,1,0,0,1,0,0,0,0,1
s: 7
t: 42.285
c: 0

i: 0,2,1,0,0,1,0,0,0,0,0
s: 6
t: 47.235
c: 0

i: 0,0,1,0,1,1,0,0,0,0,1
s: 6
t: 52.557
c: 0

i: 1,0,1,0,0,0,0,0,0,0,1
s: 6
t: 63.110
c: 0

MaxSAT max time: 64.97
MaxSAT min time: 7.50
MaxSAT avg time: 23.31
MaxSAT cumulative time: 2330.65
nombre of explain instances: 100
all times: 7.504, 9.003, 9.444, 10.978, 9.286, 9.112, 12.473, 8.482, 10.986, 11.958, 11.678, 14.447, 13.470, 10.817, 11.324, 12.292, 16.792, 15.514, 13.564, 10.215, 15.934, 14.293, 13.532, 20.545, 13.747, 14.307, 10.812, 11.907, 15.424, 15.554, 12.947, 17.340, 11.275, 11.732, 15.728, 14.088, 12.421, 18.563, 19.453, 20.481, 15.239, 17.510, 24.748, 12.436, 16.671, 17.655, 17.043, 15.509, 30.139, 21.342, 26.012, 20.014, 34.385, 14.048, 21.143, 16.752, 16.286, 35.519, 19.196, 13.385, 32.454, 27.858, 40.120, 22.144, 18.266, 31.133, 16.361, 28.728, 38.553, 46.684, 64.969, 15.942, 26.137, 48.098, 40.125, 37.377, 31.264, 46.660, 35.623, 23.368, 17.776, 13.493, 63.906, 50.454, 30.092, 42.312, 16.552, 35.891, 39.052, 51.977, 18.768, 15.264, 15.710, 18.635, 24.855, 64.409, 42.285, 47.235, 52.557, 63.110
MaxSAT std dev: 14.18

mem usage: SMT=0.0 MB MaxSAT=0.0 MB
Nombre of timeouts MaxSAT: 0
