i: 0,1,0,0,6,0,1,0,0,0,0,0,0,0,0,0,0,1,0,0,1169,0,0,0,0,1,0,0,0,1,0,4,0,0,0,1,0,0,1,4,0,0,1,0,67,0,1,0,0,1,0,2,0,0,0,1,1,1
s: 10
t: 2.300
c: 0

i: 1,0,0,0,48,0,0,0,1,0,0,0,0,0,0,0,0,1,0,0,5951,0,0,1,0,0,1,0,0,0,0,2,1,0,0,0,0,0,1,2,0,0,1,0,22,0,1,0,0,1,0,1,0,0,0,1,1,0
s: 16
t: 2.409
c: 0

i: 0,0,0,1,12,0,1,0,0,0,0,0,0,0,1,0,0,0,0,0,2096,0,0,1,0,0,0,1,0,0,0,2,0,0,0,1,0,0,1,3,0,0,1,0,49,0,1,0,0,1,0,1,0,0,1,0,2,0
s: 12
t: 2.245
c: 0

i: 0,1,0,0,42,0,0,0,1,0,0,0,0,0,0,1,0,0,0,0,7882,0,0,1,0,0,0,1,0,0,0,2,0,0,0,1,0,1,0,4,1,0,0,0,45,0,1,0,1,0,0,1,0,0,0,1,2,0
s: 13
t: 2.880
c: 0

i: 0,1,0,0,24,0,0,1,0,0,0,1,0,0,0,0,0,0,0,0,4870,0,0,1,0,0,1,0,0,0,0,3,0,0,0,1,0,0,1,4,0,1,0,0,53,0,1,0,1,0,0,2,0,0,0,1,2,0
s: 14
t: 2.394
c: 0

i: 0,0,0,1,36,0,0,0,1,0,0,0,0,0,1,0,0,0,0,0,9055,0,0,0,0,1,1,0,0,0,0,2,0,0,0,1,0,0,1,4,0,1,0,0,35,0,1,0,1,0,0,1,0,0,1,0,2,1
s: 14
t: 2.283
c: 0

i: 0,0,0,1,24,0,0,0,1,0,0,0,0,0,0,1,0,0,0,0,2835,0,1,0,0,0,0,0,0,1,0,3,0,0,0,1,0,0,1,4,1,0,0,0,53,0,1,0,0,1,0,1,0,0,0,1,1,0
s: 13
t: 2.741
c: 0

i: 1,0,0,0,36,0,0,0,1,0,0,0,1,0,0,0,0,0,0,0,6948,0,0,1,0,0,1,0,0,0,0,2,0,0,0,1,0,0,1,2,0,0,0,1,35,0,1,0,0,0,1,1,1,0,0,0,1,1
s: 14
t: 2.849
c: 0

i: 0,0,0,1,12,0,0,0,1,0,0,0,0,0,0,0,0,1,0,0,3059,0,0,0,1,0,0,1,0,0,0,2,0,1,0,0,0,0,1,4,0,0,1,0,61,0,1,0,0,1,0,1,0,0,1,0,1,0
s: 7
t: 2.477
c: 0

i: 1,0,0,0,30,0,1,0,0,0,0,1,0,0,0,0,0,0,0,0,5234,0,0,1,0,0,0,0,0,0,1,4,0,0,1,0,0,0,1,2,0,0,0,1,28,0,1,0,0,1,0,2,1,0,0,0,1,0
s: 11
t: 2.406
c: 0

i: 1,0,0,0,12,0,0,0,1,0,0,1,0,0,0,0,0,0,0,0,1295,0,0,1,0,0,0,0,1,0,0,3,1,0,0,0,0,0,1,1,0,0,0,1,25,0,1,0,0,0,1,1,0,0,0,1,1,0
s: 10
t: 3.130
c: 0

i: 0,1,0,0,48,0,0,0,1,0,0,0,0,1,0,0,0,0,0,0,4308,0,0,1,0,0,0,0,1,0,0,3,1,0,0,0,0,0,1,4,1,0,0,0,24,0,1,0,0,0,1,1,0,0,0,1,1,0
s: 15
t: 3.220
c: 0

i: 1,0,0,0,12,0,0,0,1,0,0,0,0,0,0,0,0,1,0,0,1567,0,0,1,0,0,1,0,0,0,0,1,1,0,0,0,0,0,1,1,0,0,0,1,22,0,1,0,0,1,0,1,0,0,0,1,1,1
s: 12
t: 4.046
c: 0

i: 0,1,0,0,24,0,1,0,0,0,0,1,0,0,0,0,0,0,0,0,1199,0,0,1,0,0,0,0,0,1,0,4,0,0,0,1,0,0,1,4,0,0,0,1,60,0,1,0,0,1,0,2,0,0,1,0,1,0
s: 10
t: 4.296
c: 0

i: 0,1,0,0,15,0,0,0,1,0,0,1,0,0,0,0,0,0,0,0,1403,0,0,1,0,0,1,0,0,0,0,2,1,0,0,0,0,0,1,4,0,0,0,1,28,0,1,0,0,0,1,1,0,0,0,1,1,0
s: 16
t: 6.423
c: 0

i: 0,1,0,0,24,0,0,0,1,0,0,0,0,0,0,0,0,1,0,0,1282,1,0,0,0,0,1,0,0,0,0,4,1,0,0,0,0,0,1,2,0,0,0,1,32,0,1,0,0,1,0,1,0,0,1,0,1,0
s: 17
t: 5.346
c: 0

i: 0,0,0,1,24,0,1,0,0,0,0,0,0,0,0,0,0,1,0,0,2424,0,0,0,0,1,0,0,0,1,0,4,0,0,0,1,0,0,1,4,1,0,0,0,53,0,1,0,0,1,0,2,0,0,0,1,1,0
s: 11
t: 5.514
c: 0

i: 0,1,0,0,30,0,0,0,0,1,0,0,0,1,0,0,0,0,0,0,8072,0,0,0,0,1,0,0,1,0,0,2,0,0,0,1,0,0,1,3,0,0,0,1,25,1,0,0,0,1,0,3,0,0,0,1,1,0
s: 18
t: 6.818
c: 0

i: 1,0,0,0,24,0,0,0,1,0,0,0,1,0,0,0,0,0,0,0,12579,0,0,1,0,0,0,0,0,1,0,4,1,0,0,0,0,0,1,2,0,1,0,0,44,0,1,0,1,0,0,1,1,0,0,0,1,1
s: 13
t: 3.845
c: 0

i: 0,0,0,1,24,0,0,0,1,0,0,0,0,0,0,0,0,1,0,0,3430,0,1,0,0,0,0,0,0,1,0,3,0,0,0,1,0,0,1,2,0,0,0,1,31,0,1,0,0,1,0,1,0,0,0,1,2,1
s: 11
t: 4.980
c: 0

i: 0,0,0,1,9,0,1,0,0,0,0,1,0,0,0,0,0,0,0,0,2134,0,0,1,0,0,1,0,0,0,0,4,0,0,0,1,0,0,1,4,0,0,0,1,48,0,1,0,0,1,0,3,0,0,0,1,1,1
s: 10
t: 6.788
c: 0

i: 0,1,0,0,6,0,0,0,1,0,0,0,0,0,0,0,0,1,0,0,2647,0,1,0,0,0,1,0,0,0,0,2,0,0,0,1,0,0,1,3,0,0,1,0,44,0,1,0,0,0,1,1,0,0,0,1,2,0
s: 19
t: 4.417
c: 0

i: 0,1,0,0,10,0,1,0,0,0,0,1,0,0,0,0,0,0,0,0,2241,0,0,1,0,0,0,0,1,0,0,1,0,0,0,1,0,0,1,3,0,0,1,0,48,0,1,0,0,0,1,2,0,0,1,0,2,0
s: 14
t: 1.926
c: 0

i: 1,0,0,0,12,0,1,0,0,0,0,0,1,0,0,0,0,0,0,0,1804,1,0,0,0,0,0,0,1,0,0,3,0,0,0,1,0,0,1,4,1,0,0,0,44,0,1,0,0,1,0,1,0,0,0,1,1,0
s: 16
t: 3.582
c: 0

i: 0,0,0,1,10,0,1,0,0,0,0,0,0,0,0,1,0,0,0,0,2069,0,0,0,0,1,1,0,0,0,0,2,0,0,1,0,0,0,1,1,0,0,0,1,26,0,1,0,0,1,0,2,0,0,0,1,1,0
s: 7
t: 1.986
c: 0

i: 0,1,0,0,6,0,0,0,1,0,0,0,0,0,0,1,0,0,0,0,1374,0,0,1,0,0,1,0,0,0,0,1,0,0,0,1,0,0,1,2,0,0,1,0,36,1,0,0,0,1,0,1,0,0,1,0,1,1
s: 19
t: 2.060
c: 0

i: 0,0,0,1,6,0,0,0,0,1,0,0,0,0,0,0,0,1,0,0,426,0,0,1,0,0,0,0,0,1,0,4,0,0,1,0,0,0,1,4,0,0,0,1,39,0,1,0,0,1,0,1,0,0,1,0,1,0
s: 12
t: 6.313
c: 0

i: 0,0,1,0,12,1,0,0,0,0,0,0,0,0,0,0,0,1,0,0,409,0,0,0,1,0,1,0,0,0,0,3,1,0,0,0,0,0,1,3,0,0,1,0,42,0,1,0,0,0,1,2,0,0,0,1,1,0
s: 12
t: 6.319
c: 0

i: 1,0,0,0,7,0,0,0,1,0,0,0,0,0,0,0,0,1,0,0,2415,0,0,1,0,0,1,0,0,0,0,3,0,0,0,1,0,1,0,2,0,0,1,0,34,0,1,0,0,1,0,1,0,0,0,1,1,0
s: 19
t: 6.267
c: 0

i: 0,1,0,0,60,0,0,1,0,0,0,0,0,1,0,0,0,0,0,0,6836,0,0,1,0,0,0,0,0,1,0,3,0,0,0,1,0,0,1,4,0,1,0,0,63,0,1,0,0,1,0,2,0,0,0,1,1,1
s: 8
t: 4.968
c: 0

i: 1,0,0,0,18,0,0,0,1,0,0,0,0,1,0,0,0,0,0,0,1913,0,0,0,1,0,0,0,1,0,0,3,0,0,1,0,0,0,1,3,0,0,1,0,36,1,0,0,0,1,0,1,0,0,0,1,1,1
s: 11
t: 3.881
c: 0

i: 0,1,0,0,24,0,0,0,1,0,0,0,0,0,0,1,0,0,0,0,4020,0,0,1,0,0,1,0,0,0,0,2,0,0,0,1,0,0,1,2,0,0,0,1,27,0,0,1,0,1,0,1,0,0,0,1,1,0
s: 13
t: 7.082
c: 0

i: 1,0,0,0,18,0,0,0,1,0,0,1,0,0,0,0,0,0,0,0,5866,1,0,0,0,0,1,0,0,0,0,2,0,0,0,1,0,0,1,2,0,0,0,1,30,0,1,0,0,1,0,2,0,0,0,1,1,1
s: 13
t: 5.813
c: 0

i: 0,0,0,1,12,0,1,0,0,0,0,0,0,1,0,0,0,0,0,0,1264,0,0,0,0,1,0,0,0,1,0,4,0,0,0,1,0,0,1,4,0,1,0,0,57,0,1,0,0,0,1,1,0,0,1,0,1,0
s: 11
t: 6.892
c: 0

i: 0,0,1,0,12,0,0,0,1,0,0,0,0,0,0,1,0,0,0,0,1474,0,0,1,0,0,0,0,1,0,0,4,1,0,0,0,0,0,1,1,1,0,0,0,33,1,0,0,0,1,0,1,1,0,0,0,1,1
s: 15
t: 2.152
c: 0

i: 1,0,0,0,45,0,1,0,0,0,0,0,0,0,0,0,0,1,0,0,4746,0,0,1,0,0,0,0,1,0,0,4,0,0,0,1,0,0,1,2,1,0,0,0,25,0,1,0,0,1,0,2,0,0,1,0,1,0
s: 8
t: 4.933
c: 0

i: 0,0,0,1,48,0,1,0,0,0,0,0,0,0,1,0,0,0,0,0,6110,0,0,1,0,0,1,0,0,0,0,1,0,0,0,1,0,0,1,3,0,1,0,0,31,1,0,0,1,0,0,1,0,0,0,1,1,1
s: 14
t: 3.779
c: 0

i: 0,0,1,0,18,0,0,0,1,0,0,0,0,0,0,0,0,1,0,0,2100,0,0,1,0,0,1,0,0,0,0,4,0,0,0,1,1,0,0,2,0,0,1,0,37,0,0,1,0,1,0,1,0,0,0,1,1,0
s: 13
t: 5.030
c: 0

i: 0,0,1,0,10,0,0,0,1,0,1,0,0,0,0,0,0,0,0,0,1225,0,0,1,0,0,1,0,0,0,0,2,0,0,0,1,0,0,1,2,0,0,0,1,37,0,1,0,0,1,0,1,0,0,0,1,1,1
s: 13
t: 9.918
c: 0

i: 1,0,0,0,9,0,0,0,1,0,0,0,0,0,0,0,0,1,0,0,458,0,0,1,0,0,1,0,0,0,0,4,0,0,0,1,0,0,1,3,0,0,1,0,24,0,1,0,0,1,0,1,0,0,0,1,1,0
s: 12
t: 9.603
c: 0

i: 0,0,0,1,30,0,0,0,1,0,0,0,0,0,0,0,0,1,0,0,2333,0,1,0,0,0,0,0,0,1,0,4,0,0,0,1,0,0,1,2,0,0,0,1,30,1,0,0,0,1,0,1,1,0,0,0,1,0
s: 11
t: 5.014
c: 0

i: 1,0,0,0,12,0,0,0,1,0,0,0,0,0,0,0,0,1,0,0,1158,0,1,0,0,0,1,0,0,0,0,3,0,1,0,0,0,0,1,1,0,0,0,1,26,0,1,0,0,1,0,1,0,0,0,1,1,1
s: 12
t: 7.522
c: 0

i: 1,0,0,0,18,0,0,1,0,0,0,0,0,0,0,0,0,0,1,0,6204,0,0,1,0,0,1,0,0,0,0,2,0,0,0,1,0,0,1,4,0,0,1,0,44,0,1,0,0,1,0,1,0,0,1,0,2,1
s: 14
t: 5.764
c: 0

i: 0,1,0,0,30,0,1,0,0,0,0,0,1,0,0,0,0,0,0,0,6187,1,0,0,0,0,0,1,0,0,0,1,0,0,1,0,0,0,1,4,0,0,0,1,24,0,1,0,0,0,1,2,0,0,0,1,1,0
s: 11
t: 4.640
c: 0

i: 0,1,0,0,48,0,1,0,0,0,0,0,1,0,0,0,0,0,0,0,6143,0,0,1,0,0,0,0,0,1,0,4,1,0,0,0,0,0,1,4,0,1,0,0,58,0,0,1,1,0,0,2,0,0,1,0,1,0
s: 10
t: 6.428
c: 0

i: 0,0,0,1,11,0,1,0,0,0,0,1,0,0,0,0,0,0,0,0,1393,0,0,1,0,0,0,0,1,0,0,4,1,0,0,0,0,0,1,4,0,0,0,1,35,0,1,0,0,1,0,2,1,0,0,0,1,0
s: 10
t: 6.944
c: 0

i: 0,0,0,1,36,0,0,0,1,0,0,0,0,0,0,0,0,1,0,0,2299,0,1,0,0,0,0,0,0,1,0,4,0,0,0,1,0,0,1,4,0,0,0,1,39,0,1,0,0,1,0,1,0,0,0,1,1,0
s: 17
t: 6.890
c: 0

i: 0,1,0,0,6,0,0,0,1,0,0,0,1,0,0,0,0,0,0,0,1352,0,1,0,0,0,0,0,0,0,1,1,1,0,0,0,0,0,1,2,1,0,0,0,23,0,1,0,0,0,1,1,0,1,0,0,1,1
s: 16
t: 11.648
c: 0

i: 0,0,0,1,11,0,1,0,0,0,0,1,0,0,0,0,0,0,0,0,7228,0,0,1,0,0,1,0,0,0,0,1,0,0,0,1,0,0,1,4,1,0,0,0,39,0,1,0,0,1,0,2,0,0,1,0,1,0
s: 16
t: 1.942
c: 0

i: 0,0,0,1,12,0,0,0,1,0,0,0,0,0,0,0,0,1,0,0,2073,1,0,0,0,0,1,0,0,0,0,4,1,0,0,0,1,0,0,2,0,0,1,0,28,0,1,0,0,1,0,1,0,0,0,1,1,0
s: 16
t: 5.834
c: 0

i: 1,0,0,0,24,0,0,1,0,0,0,0,0,0,0,1,0,0,0,0,2333,0,0,0,0,1,0,0,1,0,0,4,0,0,0,1,0,0,1,2,1,0,0,0,29,1,0,0,0,1,0,1,0,0,1,0,1,0
s: 6
t: 5.332
c: 0

i: 1,0,0,0,27,0,0,1,0,0,0,0,1,0,0,0,0,0,0,0,5965,0,0,1,0,0,0,0,0,1,0,1,0,0,0,1,0,0,1,2,0,0,0,1,30,0,1,0,0,1,0,2,1,0,0,0,1,1
s: 12
t: 12.936
c: 0

i: 0,0,0,1,12,0,0,0,1,0,0,0,0,0,0,0,0,1,0,0,1262,0,0,1,0,0,1,0,0,0,0,3,0,0,0,1,0,0,1,2,0,0,0,1,25,0,1,0,0,1,0,1,0,0,0,1,1,0
s: 10
t: 8.332
c: 0

i: 0,0,0,1,18,0,0,0,1,0,0,0,1,0,0,0,0,0,0,0,3378,0,0,0,0,1,1,0,0,0,0,2,0,0,0,1,0,0,1,1,1,0,0,0,31,0,1,0,0,1,0,1,0,0,0,1,1,1
s: 15
t: 8.169
c: 0

i: 1,0,0,0,36,0,0,1,0,0,0,1,0,0,0,0,0,0,0,0,2225,0,0,1,0,0,0,0,0,1,0,4,0,0,0,1,0,0,1,4,0,1,0,0,57,1,0,0,1,0,0,2,0,0,0,1,1,1
s: 16
t: 10.807
c: 0

i: 0,0,0,1,6,1,0,0,0,0,0,1,0,0,0,0,0,0,0,0,783,0,0,0,0,1,1,0,0,0,0,1,0,0,0,1,0,1,0,2,0,0,1,0,26,0,0,1,0,1,0,1,0,0,1,0,2,0
s: 11
t: 1.996
c: 0

i: 1,0,0,0,12,0,0,0,1,0,0,0,0,0,0,0,0,1,0,0,6468,0,0,0,0,1,0,0,0,0,1,2,0,0,0,1,0,0,1,1,0,1,0,0,52,0,1,0,0,1,0,1,1,0,0,0,1,1
s: 9
t: 7.418
c: 0

i: 0,0,0,1,36,0,1,0,0,0,0,0,0,0,0,0,0,1,0,0,9566,0,0,1,0,0,1,0,0,0,0,2,1,0,0,0,0,0,1,2,0,0,0,1,31,0,0,1,0,1,0,2,0,0,0,1,1,0
s: 11
t: 10.397
c: 0

i: 0,0,1,0,18,0,0,0,1,0,0,1,0,0,0,0,0,0,0,0,1961,0,0,1,0,0,0,0,0,1,0,3,1,0,0,0,0,0,1,2,0,0,0,1,23,0,1,0,0,1,0,1,1,0,0,0,1,0
s: 13
t: 7.643
c: 0

i: 0,1,0,0,36,0,1,0,0,0,0,0,0,0,0,1,0,0,0,0,6229,0,0,1,0,0,0,0,1,0,0,4,1,0,0,0,1,0,0,4,0,1,0,0,23,0,1,0,0,0,1,2,0,0,1,0,1,1
s: 13
t: 8.623
c: 0

i: 1,0,0,0,9,0,0,0,1,0,0,0,0,1,0,0,0,0,0,0,1391,0,0,1,0,0,1,0,0,0,0,2,0,0,1,0,0,0,1,1,0,0,1,0,27,1,0,0,0,1,0,1,0,0,0,1,1,1
s: 16
t: 7.744
c: 0

i: 1,0,0,0,15,0,1,0,0,0,0,0,0,0,0,0,0,1,0,0,1537,0,0,0,0,1,0,0,0,1,0,4,0,0,0,1,0,1,0,4,0,0,1,0,50,0,1,0,0,1,0,2,0,0,0,1,1,1
s: 9
t: 9.999
c: 0

i: 1,0,0,0,36,0,0,0,0,1,0,0,0,1,0,0,0,0,0,0,1953,0,0,1,0,0,0,0,0,1,0,4,0,0,0,1,0,0,1,4,0,1,0,0,61,0,1,0,1,0,0,1,1,0,0,0,1,1
s: 16
t: 11.369
c: 0

i: 1,0,0,0,48,0,0,0,0,1,0,0,0,1,0,0,0,0,0,0,14421,0,0,1,0,0,1,0,0,0,0,2,0,0,0,1,0,0,1,2,0,0,0,1,25,0,1,0,0,1,0,1,0,0,0,1,1,1
s: 14
t: 11.077
c: 0

i: 0,0,0,1,24,0,0,0,1,0,0,0,0,0,0,0,0,1,0,0,3181,0,0,1,0,0,0,0,1,0,0,4,1,0,0,0,0,0,1,4,1,0,0,0,26,0,1,0,0,1,0,1,0,0,0,1,1,1
s: 14
t: 7.528
c: 0

i: 0,0,0,1,27,0,0,0,1,0,0,0,0,0,0,0,0,0,1,0,5190,0,0,0,0,1,0,0,0,1,0,4,0,0,0,1,0,0,1,4,1,0,0,0,48,0,1,0,0,1,0,4,0,0,0,1,2,1
s: 14
t: 7.810
c: 0

i: 0,0,0,1,12,0,0,0,1,0,0,0,0,0,0,0,0,1,0,0,2171,0,0,1,0,0,0,0,1,0,0,2,1,0,0,0,0,0,1,2,0,0,0,1,29,1,0,0,0,1,0,1,0,0,0,1,1,0
s: 17
t: 7.850
c: 0

i: 1,0,0,0,12,0,0,0,1,0,0,1,0,0,0,0,0,0,0,0,1007,0,0,0,1,0,1,0,0,0,0,4,0,0,1,0,0,0,1,1,0,0,1,0,22,0,1,0,0,1,0,1,0,0,0,1,1,0
s: 7
t: 9.117
c: 0

i: 0,0,0,1,36,0,0,0,1,0,0,0,0,0,1,0,0,0,0,0,1819,0,0,1,0,0,1,0,0,0,0,4,0,0,0,1,0,0,1,4,0,1,0,0,37,0,0,1,1,0,0,1,0,0,0,1,1,1
s: 18
t: 13.046
c: 0

i: 0,0,0,1,36,0,0,0,1,0,0,0,0,0,0,0,0,1,0,0,2394,0,0,0,0,1,1,0,0,0,0,4,1,0,0,0,0,0,1,4,0,0,0,1,25,0,1,0,0,1,0,1,0,0,0,1,1,0
s: 12
t: 13.860
c: 0

i: 0,0,0,1,36,0,0,0,1,0,0,0,1,0,0,0,0,0,0,0,8133,0,0,1,0,0,1,0,0,0,0,1,1,0,0,0,0,0,1,2,1,0,0,0,30,1,0,0,0,1,0,1,0,0,0,1,1,0
s: 10
t: 9.493
c: 0

i: 0,0,0,1,7,0,1,0,0,0,0,0,0,0,0,0,0,1,0,0,730,0,0,0,0,1,0,0,0,1,0,4,0,0,0,1,0,0,1,2,1,0,0,0,46,0,1,0,0,0,1,2,0,0,1,0,1,1
s: 10
t: 9.126
c: 0

i: 0,1,0,0,8,0,1,0,0,0,0,0,0,0,0,0,1,0,0,0,1164,0,0,1,0,0,0,0,0,1,0,3,0,0,0,1,0,0,1,4,0,1,0,0,51,1,0,0,1,0,0,2,1,0,0,0,2,1
s: 9
t: 12.567
c: 0

i: 1,0,0,0,42,0,1,0,0,0,0,0,0,1,0,0,0,0,0,0,5954,0,0,1,0,0,0,1,0,0,0,2,1,0,0,0,0,0,1,1,0,0,1,0,41,1,0,0,0,1,0,2,0,0,1,0,1,0
s: 6
t: 6.639
c: 0

i: 0,1,0,0,36,0,0,0,1,0,0,0,0,0,1,0,0,0,0,0,1977,0,0,0,0,1,0,0,0,1,0,4,0,0,0,1,0,0,1,4,0,1,0,0,40,0,1,0,0,1,0,1,1,0,0,0,1,1
s: 15
t: 12.462
c: 0

i: 0,1,0,0,12,0,1,0,0,0,0,0,1,0,0,0,0,0,0,0,1526,0,0,1,0,0,0,0,0,1,0,4,0,0,0,1,0,0,1,4,0,1,0,0,66,0,1,0,1,0,0,2,1,0,0,0,1,0
s: 16
t: 11.510
c: 0

i: 0,1,0,0,42,0,0,0,1,0,0,0,0,0,0,0,0,1,0,0,3965,0,0,1,0,0,0,0,1,0,0,4,0,0,0,1,0,0,1,3,0,0,0,1,34,0,1,0,0,1,0,1,0,0,0,1,1,0
s: 17
t: 11.968
c: 0

i: 1,0,0,0,11,0,0,1,0,0,0,0,0,0,0,0,0,1,0,0,4771,0,0,1,0,0,0,1,0,0,0,2,0,0,0,1,0,0,1,4,1,0,0,0,51,0,1,0,0,1,0,1,0,0,0,1,1,0
s: 13
t: 14.328
c: 0

i: 0,0,0,1,54,0,0,0,0,1,0,0,1,0,0,0,0,0,0,0,9436,0,0,0,0,1,1,0,0,0,0,2,0,0,0,1,0,0,1,2,1,0,0,0,39,0,1,0,0,1,0,1,0,0,1,0,2,0
s: 11
t: 10.929
c: 0

i: 1,0,0,0,30,0,0,0,1,0,0,0,0,0,0,1,0,0,0,0,3832,0,0,1,0,0,0,0,1,0,0,2,0,0,1,0,0,0,1,1,1,0,0,0,22,0,1,0,0,1,0,1,0,0,0,1,1,0
s: 9
t: 8.296
c: 0

i: 0,0,0,1,24,0,0,0,1,0,0,0,0,0,0,0,0,1,0,0,5943,0,0,0,0,1,0,0,1,0,0,1,1,0,0,0,0,0,1,1,0,0,0,1,44,0,1,0,0,1,0,2,0,0,0,1,1,1
s: 11
t: 15.002
c: 0

i: 0,0,0,1,15,0,0,0,1,0,0,0,0,0,0,0,0,1,0,0,1213,0,1,0,0,0,0,0,0,1,0,4,0,0,0,1,0,0,1,3,1,0,0,0,47,0,0,1,0,1,0,1,0,0,0,1,1,1
s: 14
t: 16.931
c: 0

i: 0,0,0,1,18,0,0,0,1,0,0,0,0,1,0,0,0,0,0,0,1568,1,0,0,0,0,1,0,0,0,0,3,1,0,0,0,0,0,1,4,1,0,0,0,24,0,1,0,0,0,1,1,0,0,1,0,1,0
s: 11
t: 10.326
c: 0

i: 0,1,0,0,24,0,0,0,1,0,0,0,0,0,0,0,1,0,0,0,1755,0,0,1,0,0,0,0,0,1,0,4,1,0,0,0,0,1,0,4,0,0,1,0,58,0,1,0,0,1,0,1,0,0,1,0,1,1
s: 16
t: 26.869
c: 0

i: 0,1,0,0,10,0,0,0,1,0,0,0,0,0,0,0,0,1,0,0,2315,0,0,1,0,0,0,0,0,1,0,3,0,0,0,1,0,0,1,4,0,0,1,0,52,0,1,0,0,1,0,1,0,0,1,0,1,0
s: 13
t: 12.064
c: 0

i: 0,0,0,1,12,0,1,0,0,0,0,0,0,1,0,0,0,0,0,0,1412,0,0,1,0,0,1,0,0,0,0,4,1,0,0,0,0,1,0,2,0,0,1,0,29,0,1,0,0,1,0,2,1,0,0,0,1,1
s: 16
t: 11.797
c: 0

i: 1,0,0,0,18,0,1,0,0,0,0,0,0,0,0,1,0,0,0,0,1295,0,0,1,0,0,0,0,1,0,0,4,1,0,0,0,0,0,1,1,1,0,0,0,27,0,1,0,0,1,0,2,0,0,0,1,1,0
s: 12
t: 9.969
c: 0

i: 1,0,0,0,36,0,0,0,1,0,0,0,0,0,1,0,0,0,0,0,12612,1,0,0,0,0,1,0,0,0,0,1,0,0,0,1,0,0,1,4,0,1,0,0,47,0,1,0,1,0,0,1,0,0,0,1,2,1
s: 12
t: 14.488
c: 0

i: 0,1,0,0,18,0,0,0,1,0,0,1,0,0,0,0,0,0,0,0,2249,1,0,0,0,0,0,1,0,0,0,4,0,0,0,1,0,0,1,3,0,0,0,1,30,0,1,0,0,1,0,1,1,0,0,0,2,1
s: 14
t: 13.030
c: 0

i: 0,1,0,0,12,0,0,0,0,1,0,0,0,0,0,0,0,0,1,0,1108,0,0,1,0,0,0,1,0,0,0,4,0,0,0,1,0,0,1,3,0,0,1,0,28,0,1,0,0,1,0,2,0,0,0,1,1,0
s: 20
t: 2.979
c: 0

i: 0,0,0,1,12,0,1,0,0,0,0,0,0,0,0,0,0,1,0,0,618,0,0,1,0,0,0,0,0,1,0,4,0,0,0,1,0,0,1,4,0,0,1,0,56,0,1,0,0,1,0,1,0,0,0,1,1,0
s: 9
t: 11.478
c: 0

i: 0,1,0,0,12,0,1,0,0,0,0,0,1,0,0,0,0,0,0,0,1409,0,0,1,0,0,0,0,0,1,0,4,0,0,0,1,0,0,1,3,0,0,1,0,54,0,1,0,0,1,0,1,0,0,0,1,1,0
s: 11
t: 11.331
c: 0

i: 0,0,0,1,12,0,1,0,0,0,0,0,0,0,0,0,0,1,0,0,797,0,0,0,0,1,0,0,0,1,0,4,1,0,0,0,0,0,1,3,1,0,0,0,33,1,0,0,0,1,0,1,0,0,1,0,2,0
s: 10
t: 21.652
c: 0

i: 0,0,1,0,24,0,1,0,0,0,0,0,0,0,0,1,0,0,0,0,3617,0,0,0,0,1,0,0,0,1,0,4,0,0,0,1,1,0,0,4,0,1,0,0,20,0,1,0,0,0,1,2,0,0,0,1,1,0
s: 14
t: 18.094
c: 0

i: 1,0,0,0,12,0,0,0,1,0,0,1,0,0,0,0,0,0,0,0,1318,0,0,0,1,0,0,0,0,1,0,4,0,0,0,1,0,0,1,4,0,0,1,0,54,0,1,0,0,1,0,1,0,0,0,1,1,1
s: 10
t: 16.422
c: 0

i: 1,0,0,0,54,0,0,0,0,1,0,0,0,1,0,0,0,0,0,0,15945,0,0,1,0,0,0,0,1,0,0,3,0,0,0,1,0,0,1,4,0,1,0,0,58,0,1,0,0,0,1,1,0,0,0,1,1,1
s: 8
t: 12.566
c: 0

i: 0,0,0,1,12,0,1,0,0,0,0,0,0,0,1,0,0,0,0,0,2012,0,0,0,0,1,0,1,0,0,0,4,1,0,0,0,0,0,1,2,0,0,0,1,61,0,1,0,0,1,0,1,0,0,0,1,1,0
s: 10
t: 13.558
c: 0

i: 1,0,0,0,18,0,0,0,1,0,0,0,0,1,0,0,0,0,0,0,2622,1,0,0,0,0,1,0,0,0,0,4,0,0,0,1,0,0,1,4,0,0,0,1,34,0,1,0,0,1,0,1,0,0,0,1,1,0
s: 18
t: 13.850
c: 0

i: 1,0,0,0,36,0,1,0,0,0,0,0,0,0,0,0,0,1,0,0,2337,0,0,1,0,0,0,0,0,1,0,4,0,0,0,1,0,0,1,4,0,0,1,0,36,0,1,0,0,1,0,1,0,0,0,1,1,0
s: 17
t: 16.022
c: 0

i: 1,0,0,0,20,0,0,1,0,0,0,0,1,0,0,0,0,0,0,0,7057,0,0,0,0,1,0,1,0,0,0,3,0,0,0,1,0,0,1,4,1,0,0,0,36,1,0,0,0,0,1,2,1,0,0,0,2,1
s: 14
t: 6.567
c: 0

MaxSAT max time: 26.87
MaxSAT min time: 1.93
MaxSAT avg time: 8.02
MaxSAT cumulative time: 802.31
nombre of explain instances: 100
all times: 2.300, 2.409, 2.245, 2.880, 2.394, 2.283, 2.741, 2.849, 2.477, 2.406, 3.130, 3.220, 4.046, 4.296, 6.423, 5.346, 5.514, 6.818, 3.845, 4.980, 6.788, 4.417, 1.926, 3.582, 1.986, 2.060, 6.313, 6.319, 6.267, 4.968, 3.881, 7.082, 5.813, 6.892, 2.152, 4.933, 3.779, 5.030, 9.918, 9.603, 5.014, 7.522, 5.764, 4.640, 6.428, 6.944, 6.890, 11.648, 1.942, 5.834, 5.332, 12.936, 8.332, 8.169, 10.807, 1.996, 7.418, 10.397, 7.643, 8.623, 7.744, 9.999, 11.369, 11.077, 7.528, 7.810, 7.850, 9.117, 13.046, 13.860, 9.493, 9.126, 12.567, 6.639, 12.462, 11.510, 11.968, 14.328, 10.929, 8.296, 15.002, 16.931, 10.326, 26.869, 12.064, 11.797, 9.969, 14.488, 13.030, 2.979, 11.478, 11.331, 21.652, 18.094, 16.422, 12.566, 13.558, 13.850, 16.022, 6.567
MaxSAT std dev: 4.73

mem usage: SMT=0.0 MB MaxSAT=0.0 MB
Nombre of timeouts MaxSAT: 0
