i: 1,65,168,0,1,0,0,0,0,1,0,0,0,0,0,0,0,0,0,0,0,0,0,1,0,0,0,0,39,0,0,1,1,0,1,0,32,161
s: 7
t: 22.334

i: 0,72,123,0,1,0,0,0,0,0,0,0,0,1,0,0,0,0,0,0,0,0,0,1,0,0,0,0,5,0,0,1,0,0,1,0,53,1
s: 6
t: 39.915

i: 0,142,52,1,0,0,0,0,0,1,0,0,0,0,0,0,0,0,0,0,0,0,0,1,0,0,0,0,31,0,0,1,1,0,1,0,98,1
s: 10
t: 10.991

i: 0,60,169,1,0,0,0,0,0,0,1,0,0,0,0,0,0,0,0,0,0,0,1,0,0,0,0,0,1,1,1,12,1,0,1,0,1,1
s: 9
t: 47.575

i: 1,44,134,0,1,0,0,0,0,0,0,1,0,0,0,0,0,0,0,0,0,0,0,1,0,0,0,0,46,1,1,15,0,0,1,0,18,68
s: 6
t: 35.640

i: 0,4,20,0,1,0,0,0,0,0,0,0,0,1,0,0,0,0,0,0,0,0,0,0,0,0,1,0,37,1,1,3,0,0,1,0,32,1
s: 13
t: 3.359

i: 1,16,119,0,1,0,0,0,1,0,0,0,0,0,0,0,0,0,0,0,0,0,0,1,0,0,0,0,4,0,0,1,0,0,1,0,18,50
s: 7
t: 17.448

i: 0,330,94,0,1,0,0,0,0,0,0,0,0,0,0,0,1,0,0,0,0,0,0,0,0,0,1,0,66,1,1,7,0,0,1,0,12,120
s: 5
t: 115.164

i: 1,126,33,1,0,0,0,1,0,0,0,0,0,0,0,0,0,0,0,0,0,0,0,0,0,0,1,0,65,0,0,1,0,0,1,0,61,117
s: 8
t: 17.497

i: 0,315,125,0,1,0,0,0,0,1,0,0,0,0,0,0,0,0,0,0,0,0,0,0,0,0,1,0,100,1,1,4,1,0,1,0,32,36
s: 9
t: 7.660

i: 1,183,52,0,1,0,0,0,0,0,0,0,0,0,0,0,0,0,0,1,0,0,0,0,0,0,1,0,81,1,1,5,1,0,1,0,89,144
s: 6
t: 63.953

i: 1,248,102,0,1,0,0,0,0,0,0,0,0,0,0,0,1,0,0,0,0,0,0,0,0,0,1,0,85,1,1,7,1,0,1,0,148,1
s: 8
t: 29.765

i: 1,49,40,1,0,0,0,0,0,0,0,0,0,1,0,0,0,0,0,0,0,0,0,0,0,0,1,0,34,1,1,4,1,0,1,0,45,79
s: 11
t: 38.675

i: 1,198,102,0,1,0,0,0,0,0,0,0,0,0,0,0,0,0,0,1,0,0,0,0,0,0,1,0,104,1,1,7,1,0,1,0,1,150
s: 5
t: 124.021

i: 1,329,69,0,1,0,0,0,0,0,0,0,0,1,0,0,0,0,0,0,0,0,0,1,0,0,0,0,56,0,0,1,1,0,1,0,107,1
s: 11
t: 15.682

i: 1,284,116,0,1,0,0,0,0,1,0,0,0,0,0,0,0,0,0,0,0,0,0,1,0,0,0,0,2,0,0,1,0,0,1,0,1,196
s: 8
t: 5.644

i: 1,142,95,0,1,0,0,0,0,0,0,0,0,0,1,0,0,0,0,0,0,0,0,1,0,0,0,0,104,1,1,3,1,0,1,0,109,1
s: 11
t: 34.966

i: 0,33,139,0,1,0,0,0,0,0,0,1,0,0,0,0,0,0,0,0,0,0,0,1,0,0,0,0,20,1,1,3,0,0,1,0,26,124
s: 9
t: 3.742

i: 1,42,40,1,0,0,0,0,0,1,0,0,0,0,0,0,0,0,0,0,0,0,0,1,0,0,0,0,4,0,0,1,0,0,1,0,45,5
s: 7
t: 129.854

i: 0,69,111,0,1,0,0,0,0,0,0,0,0,0,0,0,1,0,0,0,0,0,0,1,0,0,0,0,60,1,1,8,0,0,1,0,41,202
s: 5
t: 98.913

i: 0,129,20,0,1,0,0,0,0,0,0,1,0,0,0,0,0,0,0,0,0,0,0,1,0,0,0,0,2,0,0,1,0,0,1,0,92,151
s: 8
t: 18.238

i: 0,35,20,1,0,0,0,0,0,0,0,1,0,0,0,0,0,0,0,0,0,0,0,1,0,0,0,0,16,1,0,1,1,0,1,0,53,1
s: 9
t: 5.659

i: 1,246,42,0,1,0,0,1,0,0,0,0,0,0,0,0,0,0,0,0,0,0,0,1,0,0,0,0,5,0,0,1,0,0,1,0,57,1
s: 6
t: 17.744

i: 1,250,52,0,1,0,0,0,0,1,0,0,0,0,0,0,0,0,0,0,0,0,0,1,0,0,0,0,6,1,0,1,0,0,1,0,53,1
s: 8
t: 8.420

i: 1,38,146,0,1,0,0,0,0,0,0,1,0,0,0,0,0,0,0,0,0,0,0,1,0,0,0,0,21,0,0,1,0,0,1,0,24,101
s: 6
t: 15.177

i: 1,176,46,0,1,0,0,0,0,0,0,0,0,0,0,0,0,0,1,0,0,0,0,0,0,0,1,0,93,1,1,4,1,0,1,0,1,1
s: 7
t: 33.925

i: 1,70,5,1,0,0,0,0,0,1,0,0,0,0,0,0,0,0,0,0,0,0,0,1,0,0,0,0,4,0,0,1,0,0,1,0,69,44
s: 9
t: 25.731

i: 1,181,74,1,0,0,0,0,0,0,0,0,0,1,0,0,0,0,0,0,0,0,0,0,0,0,1,0,48,1,1,2,1,0,1,0,63,235
s: 8
t: 24.305

i: 0,155,175,0,1,0,0,0,0,0,0,0,0,1,0,0,0,0,0,0,0,0,0,1,0,0,0,0,47,1,1,2,0,0,1,0,77,20
s: 12
t: 19.985

i: 1,77,66,0,1,0,0,0,0,0,0,0,0,1,0,0,0,0,0,0,0,0,0,1,0,0,0,0,28,1,1,12,1,0,1,0,18,186
s: 5
t: 145.162

i: 1,118,26,0,1,0,0,0,0,0,0,0,0,1,0,0,0,0,0,0,0,0,0,0,0,0,1,0,78,1,1,4,1,0,1,0,106,66
s: 11
t: 17.178

i: 0,47,160,1,0,0,0,0,0,0,0,0,0,0,0,0,0,0,0,1,0,0,0,0,0,0,1,0,1,0,0,1,1,0,1,0,51,28
s: 9
t: 31.364

i: 1,305,43,1,0,0,0,0,0,0,0,0,0,1,0,0,0,0,0,0,0,0,0,0,0,0,1,0,114,1,0,1,1,0,1,0,69,50
s: 10
t: 4.490

i: 1,77,169,0,1,0,0,0,0,0,0,0,0,0,1,0,0,0,0,0,0,0,0,0,0,0,1,0,50,1,1,12,1,0,1,0,100,92
s: 6
t: 26.710

i: 1,259,40,0,1,0,0,0,0,0,0,0,1,0,0,0,0,0,0,0,0,0,0,1,0,0,0,0,123,0,1,2,1,0,1,0,115,54
s: 10
t: 3.552

i: 1,348,204,1,0,0,1,0,0,0,0,0,0,0,0,0,0,0,0,0,1,0,0,0,0,0,0,0,2,0,1,3,0,0,1,0,1,102
s: 12
t: 11.344

i: 1,95,180,0,1,0,0,0,0,0,0,1,0,0,0,0,0,0,0,0,0,0,0,1,0,0,0,0,65,1,0,1,1,1,0,0,3,1
s: 8
t: 41.328

i: 1,236,191,0,1,0,0,0,0,0,0,0,0,0,1,0,0,0,0,0,0,0,0,1,0,0,0,0,111,1,1,7,1,0,1,0,20,1
s: 6
t: 37.853

i: 0,282,132,0,1,0,0,0,0,0,0,0,0,1,0,0,0,0,0,0,0,0,0,1,0,0,0,0,106,1,1,7,1,0,1,0,1,164
s: 5
t: 107.077

i: 0,280,73,0,1,0,0,0,0,0,0,0,0,0,0,0,0,0,0,1,0,0,0,1,0,0,0,0,123,1,1,3,1,0,1,0,155,178
s: 5
t: 62.093

i: 1,78,1,0,1,0,0,0,0,0,0,0,0,0,0,0,0,0,1,0,0,0,0,1,0,0,0,0,3,1,0,1,0,0,1,0,1,1
s: 11
t: 38.543

i: 1,71,46,1,0,0,0,0,0,0,0,1,0,0,0,0,0,0,0,0,0,0,0,1,0,0,0,0,15,0,0,1,1,0,1,0,38,42
s: 11
t: 39.180

i: 1,115,37,0,1,0,0,0,0,0,0,0,0,0,0,0,0,0,0,1,0,0,0,0,0,0,1,0,31,1,0,1,0,0,1,0,1,216
s: 8
t: 16.495

i: 1,338,18,0,1,0,0,0,0,0,0,0,0,1,0,0,0,0,0,0,0,0,0,1,0,0,0,0,16,1,1,4,1,0,1,0,63,1
s: 6
t: 2.061

i: 1,84,14,1,0,0,0,0,0,0,0,0,0,1,0,0,0,0,0,0,0,0,0,1,0,0,0,0,2,0,1,3,0,0,1,0,40,7
s: 10
t: 39.206

i: 0,50,156,0,1,0,0,0,0,0,0,0,0,0,0,0,1,0,0,0,0,0,0,1,0,0,0,0,19,1,1,3,1,0,1,0,14,1
s: 12
t: 13.395

i: 0,90,52,1,0,0,0,0,0,0,0,0,0,1,0,0,0,0,0,0,0,0,0,1,0,0,0,0,5,0,0,1,0,0,1,0,43,1
s: 5
t: 69.586

i: 1,8,2,0,1,0,0,0,0,0,0,0,0,1,0,0,0,0,0,0,0,0,0,1,0,0,0,0,2,0,0,1,0,0,1,0,1,1
s: 7
t: 29.766

i: 0,141,55,1,0,0,0,0,0,0,0,0,0,0,0,1,0,0,0,0,0,0,0,0,0,0,1,0,47,0,0,1,0,0,1,0,91,18
s: 6
t: 12.094

i: 0,308,196,0,1,0,0,0,0,0,0,0,0,1,0,0,0,0,0,0,0,0,0,1,0,0,0,0,93,1,1,15,0,0,1,0,1,188
s: 5
t: 100.056

i: 1,173,82,0,1,0,0,0,0,1,0,0,0,0,0,0,0,0,0,0,0,0,0,1,0,0,0,0,14,0,0,1,1,0,1,0,84,1
s: 6
t: 23.988

i: 1,53,90,1,0,0,0,0,1,0,0,0,0,0,0,0,0,0,0,0,0,0,0,0,0,0,1,0,2,0,0,1,0,0,1,0,45,50
s: 8
t: 47.922

i: 1,129,5,1,0,0,0,0,0,1,0,0,0,0,0,0,0,0,0,0,0,0,0,1,0,0,0,0,3,0,0,1,0,0,1,0,76,185
s: 9
t: 3.785

i: 1,34,52,1,0,0,0,0,0,0,0,0,0,1,0,0,0,0,0,0,0,0,0,1,0,0,0,0,54,0,0,1,1,0,1,0,36,7
s: 10
t: 6.845

i: 1,123,78,1,0,0,0,0,0,0,0,0,0,0,0,0,1,0,0,0,0,0,0,0,0,0,1,0,87,0,1,3,1,0,1,0,119,2
s: 7
t: 28.174

i: 1,126,46,0,1,0,0,0,0,0,0,0,0,0,1,0,0,0,0,0,0,0,0,1,0,0,0,0,47,1,1,12,1,0,1,0,140,30
s: 13
t: 6.111

i: 1,239,119,0,1,0,0,0,0,0,0,1,0,0,0,0,0,0,0,0,0,0,0,0,1,0,0,0,73,1,1,2,0,0,1,0,1,115
s: 5
t: 61.822

i: 0,216,66,0,1,0,0,0,1,0,0,0,0,0,0,0,0,0,0,0,0,0,0,0,0,0,1,0,6,0,0,1,0,0,1,0,92,86
s: 7
t: 10.510

i: 1,257,101,1,0,0,0,0,0,0,0,0,0,0,1,0,0,0,0,0,0,0,0,1,0,0,0,0,69,1,0,1,1,0,1,0,16,173
s: 4
t: 132.461

i: 1,321,177,0,1,0,0,0,0,0,0,0,1,0,0,0,0,0,0,0,0,0,0,1,0,0,0,0,31,1,1,5,1,0,1,0,69,1
s: 7
t: 68.254

i: 1,262,102,0,1,0,0,0,1,0,0,0,0,0,0,0,0,0,0,0,0,0,0,0,1,0,0,0,52,0,0,1,1,0,1,0,46,1
s: 8
t: 28.853

i: 0,84,25,0,1,0,0,0,0,0,0,0,0,0,1,0,0,0,0,0,0,0,0,1,0,0,0,0,7,0,1,2,1,0,1,0,86,5
s: 6
t: 26.107

i: 1,28,55,0,1,0,0,0,1,0,0,0,0,0,0,0,0,0,0,0,0,0,0,1,0,0,0,0,37,1,1,3,0,0,1,0,38,94
s: 8
t: 19.817

i: 0,243,82,0,1,0,0,0,1,0,0,0,0,0,0,0,0,0,0,0,0,0,0,0,1,0,0,0,14,0,0,1,0,1,0,0,170,1
s: 12
t: 17.299

i: 0,90,17,0,1,0,0,0,0,0,0,0,0,0,0,0,1,0,0,0,0,0,0,0,0,0,1,0,37,1,0,1,0,0,1,0,98,141
s: 6
t: 97.596

i: 1,253,149,0,1,0,0,0,0,0,0,0,0,0,0,0,0,0,0,1,0,0,0,0,0,0,1,0,107,1,1,9,0,0,1,0,1,1
s: 5
t: 54.657

i: 0,38,6,0,1,0,0,0,0,0,0,0,0,0,0,0,1,0,0,0,0,0,0,1,0,0,0,0,2,0,0,1,1,0,1,0,124,1
s: 13
t: 3.390

i: 1,58,169,0,1,0,0,0,1,0,0,0,0,0,0,0,0,0,0,0,0,0,0,1,0,0,0,0,14,1,0,1,1,0,1,0,32,43
s: 10
t: 2.338

i: 1,160,71,0,1,0,1,0,0,0,0,0,0,0,0,0,0,0,0,0,1,0,0,0,0,0,0,0,1,0,1,6,0,0,1,0,61,64
s: 12
t: 14.320

i: 1,120,48,0,1,0,0,0,0,0,0,0,0,0,0,0,0,0,1,0,0,0,0,0,0,0,1,0,44,1,1,13,1,0,1,0,160,131
s: 6
t: 42.677

i: 1,290,214,1,0,0,1,0,0,0,0,0,0,0,0,0,0,0,0,0,1,0,0,0,0,0,0,0,1,1,0,1,1,0,1,0,1,1
s: 10
t: 3.591

i: 0,152,43,0,1,0,0,0,0,0,0,0,0,0,1,0,0,0,0,0,0,0,0,0,0,0,1,0,2,0,1,4,0,0,1,0,1,29
s: 8
t: 16.783

i: 1,140,40,0,1,0,0,0,0,0,0,0,0,0,1,0,0,0,0,0,0,0,0,1,0,0,0,0,43,0,0,1,0,0,1,0,69,1
s: 10
t: 15.711

i: 1,130,103,1,0,0,0,0,0,0,0,0,0,1,0,0,0,0,0,0,0,0,0,0,1,0,0,0,37,1,1,9,1,0,1,0,47,8
s: 12
t: 3.714

i: 1,240,208,0,1,0,0,0,0,0,0,0,0,0,0,1,0,0,0,0,0,0,0,0,0,0,0,1,131,1,1,12,0,0,1,0,1,158
s: 5
t: 110.826

i: 1,211,92,0,1,0,0,0,0,0,0,0,0,0,0,0,1,0,0,0,0,0,0,1,0,0,0,0,73,0,0,1,0,0,1,0,144,36
s: 9
t: 12.741

i: 1,102,12,0,1,0,0,0,0,1,0,0,0,0,0,0,0,0,0,0,0,0,0,0,0,0,1,0,73,0,0,1,1,0,1,0,111,1
s: 11
t: 0.669

i: 1,145,82,0,1,0,0,0,0,0,0,0,0,1,0,0,0,0,0,0,0,0,0,1,0,0,0,0,5,0,0,1,0,0,1,0,76,1
s: 6
t: 29.219

i: 1,77,1,0,1,0,0,0,0,1,0,0,0,0,0,0,0,0,0,0,0,0,0,1,0,0,0,0,26,0,1,12,0,1,0,0,1,1
s: 12
t: 6.383

i: 0,171,45,0,1,0,0,0,0,0,0,0,0,0,1,0,0,0,0,0,0,0,0,1,0,0,0,0,28,1,1,17,0,0,1,0,38,184
s: 8
t: 24.215

i: 1,97,82,0,1,0,0,0,0,0,0,0,0,0,0,0,0,0,1,0,0,0,0,1,0,0,0,0,17,1,1,8,0,0,1,0,1,223
s: 5
t: 88.795

i: 0,200,85,0,1,0,1,0,0,0,0,0,0,0,0,0,0,0,0,0,1,0,0,0,0,0,0,0,1,0,1,7,0,0,1,0,1,77
s: 7
t: 6.668

i: 0,29,151,0,1,0,0,1,0,0,0,0,0,0,0,0,0,0,0,0,0,0,0,1,0,0,0,0,11,0,0,1,0,0,1,0,24,34
s: 6
t: 18.207

i: 1,238,102,0,1,0,0,0,1,0,0,0,0,0,0,0,0,0,0,0,0,0,0,0,1,0,0,0,6,0,0,1,0,0,1,0,158,1
s: 13
t: 17.811

i: 1,81,33,0,1,0,0,0,0,0,0,0,0,1,0,0,0,0,0,0,0,0,0,1,0,0,0,0,14,0,0,1,1,1,0,0,98,1
s: 8
t: 12.584

i: 1,219,1,0,1,0,0,0,0,0,0,0,0,1,0,0,0,0,0,0,0,0,0,1,0,0,0,0,1,0,0,1,0,0,0,1,65,1
s: 12
t: 0.484

i: 0,92,189,0,1,0,0,0,0,0,0,0,0,0,0,0,1,0,0,0,0,0,0,0,0,0,1,0,37,0,0,1,0,0,1,0,98,2
s: 7
t: 11.728

i: 0,276,185,0,1,0,0,0,1,0,0,0,0,0,0,0,0,0,0,0,0,0,0,0,1,0,0,0,89,1,1,10,1,0,1,0,1,1
s: 5
t: 52.449

i: 1,190,106,0,1,0,0,0,0,0,0,0,0,0,1,0,0,0,0,0,0,0,0,1,0,0,0,0,3,0,0,1,1,0,1,0,100,7
s: 16
t: 1.511

i: 1,66,20,1,0,0,1,0,0,0,0,0,0,0,0,0,0,0,0,0,1,0,0,0,0,0,0,0,1,0,0,1,0,0,1,0,32,1
s: 9
t: 31.039

i: 1,125,41,0,1,0,0,0,0,1,0,0,0,0,0,0,0,0,0,0,0,0,0,0,0,0,1,0,7,0,0,1,1,1,0,0,45,1
s: 7
t: 30.358

i: 1,258,89,0,1,0,0,0,0,0,0,1,0,0,0,0,0,0,0,0,0,0,0,1,0,0,0,0,2,0,0,1,0,0,1,0,34,50
s: 12
t: 26.563

i: 1,135,193,0,1,0,0,1,0,0,0,0,0,0,0,0,0,0,0,0,0,0,0,1,0,0,0,0,4,0,0,1,0,0,1,0,1,93
s: 6
t: 18.110

i: 1,208,102,0,1,0,0,0,0,0,0,0,0,1,0,0,0,0,0,0,0,0,0,0,1,0,0,0,58,1,1,7,0,0,1,0,1,104
s: 5
t: 68.046

i: 0,24,151,1,0,0,0,0,0,0,0,0,0,0,0,0,1,0,0,0,0,0,0,0,0,0,1,0,5,0,0,1,0,0,1,0,111,1
s: 9
t: 6.883

i: 1,55,46,0,1,0,0,0,0,0,0,0,0,0,1,0,0,0,0,0,0,0,0,1,0,0,0,0,37,0,0,1,0,0,1,0,49,9
s: 11
t: 5.022

i: 0,228,50,0,1,0,0,0,0,0,0,1,0,0,0,0,0,0,0,0,0,0,0,1,0,0,0,0,7,0,0,1,0,0,1,0,1,106
s: 6
t: 8.856

i: 1,167,2,1,0,0,0,0,0,0,0,0,1,0,0,0,0,0,0,0,0,0,0,1,0,0,0,0,2,0,0,1,0,0,1,0,1,1
s: 10
t: 10.554

i: 0,15,144,0,1,0,0,0,0,0,0,1,0,0,0,0,0,0,0,0,0,0,0,1,0,0,0,0,43,0,1,11,1,0,1,0,1,11
s: 9
t: 11.773

i: 0,47,29,0,1,0,0,0,0,0,0,0,0,0,0,0,1,0,0,0,0,0,0,1,0,0,0,0,39,1,1,2,0,0,1,0,1,1
s: 9
t: 32.000

SMT max time: 145.16
SMT min time: 0.48
SMT avg time: 32.61
SMT cumulative time: 3260.73
nombre of explain instances: 100
SMT std dev: 33.56

Nombre of timeouts SMT: 0
