i: 1,1,1,1
s: 2
t: 0.090

i: 2,1,1,1
s: 2
t: 0.065

i: 3,1,1,1
s: 3
t: 0.045

i: 4,1,1,1
s: 3
t: 0.044

i: 5,1,1,1
s: 3
t: 0.044

i: 1,1,1,2
s: 2
t: 0.069

i: 2,1,1,2
s: 4
t: 0.046

i: 3,1,1,2
s: 3
t: 0.045

i: 4,1,1,2
s: 3
t: 0.054

i: 5,1,1,2
s: 3
t: 0.055

i: 1,1,1,3
s: 3
t: 0.100

i: 2,1,1,3
s: 3
t: 0.077

i: 3,1,1,3
s: 3
t: 0.049

i: 4,1,1,3
s: 3
t: 0.038

i: 5,1,1,3
s: 3
t: 0.028

i: 1,1,1,4
s: 2
t: 0.087

i: 2,1,1,4
s: 2
t: 0.054

i: 3,1,1,4
s: 2
t: 0.060

i: 4,1,1,4
s: 2
t: 0.032

i: 5,1,1,4
s: 2
t: 0.059

i: 1,1,1,5
s: 2
t: 0.060

i: 2,1,1,5
s: 2
t: 0.044

i: 3,1,1,5
s: 2
t: 0.061

i: 4,1,1,5
s: 2
t: 0.035

i: 5,1,1,5
s: 2
t: 0.033

i: 2,1,2,1
s: 2
t: 0.084

i: 3,1,2,1
s: 3
t: 0.063

i: 4,1,2,1
s: 3
t: 0.043

i: 5,1,2,1
s: 3
t: 0.045

i: 1,1,2,2
s: 2
t: 0.067

i: 2,1,2,2
s: 3
t: 0.070

i: 3,1,2,2
s: 4
t: 0.046

i: 4,1,2,2
s: 3
t: 0.065

i: 5,1,2,2
s: 3
t: 0.049

i: 1,1,2,3
s: 3
t: 0.059

i: 2,1,2,3
s: 3
t: 0.043

i: 3,1,2,3
s: 3
t: 0.045

i: 4,1,2,3
s: 3
t: 0.036

i: 5,1,2,3
s: 3
t: 0.036

i: 1,1,2,4
s: 2
t: 0.092

i: 2,1,2,4
s: 2
t: 0.064

i: 3,1,2,4
s: 2
t: 0.053

i: 4,1,2,4
s: 2
t: 0.050

i: 5,1,2,4
s: 2
t: 0.081

i: 1,1,2,5
s: 2
t: 0.092

i: 2,1,2,5
s: 2
t: 0.044

i: 3,1,2,5
s: 2
t: 0.036

i: 4,1,2,5
s: 2
t: 0.072

i: 5,1,2,5
s: 2
t: 0.045

i: 3,1,3,1
s: 3
t: 0.057

i: 4,1,3,1
s: 3
t: 0.045

i: 5,1,3,1
s: 3
t: 0.041

i: 2,1,3,2
s: 3
t: 0.069

i: 3,1,3,2
s: 4
t: 0.048

i: 4,1,3,2
s: 3
t: 0.053

i: 5,1,3,2
s: 3
t: 0.057

i: 1,1,3,3
s: 3
t: 0.053

i: 2,1,3,3
s: 3
t: 0.070

i: 3,1,3,3
s: 3
t: 0.058

i: 4,1,3,3
s: 3
t: 0.034

i: 5,1,3,3
s: 3
t: 0.044

i: 1,1,3,4
s: 2
t: 0.054

i: 2,1,3,4
s: 2
t: 0.036

i: 3,1,3,4
s: 2
t: 0.065

i: 4,1,3,4
s: 2
t: 0.076

i: 5,1,3,4
s: 2
t: 0.041

i: 1,1,3,5
s: 2
t: 0.046

i: 2,1,3,5
s: 2
t: 0.037

i: 3,1,3,5
s: 2
t: 0.032

i: 4,1,3,5
s: 2
t: 0.033

i: 5,1,3,5
s: 2
t: 0.035

i: 4,1,4,1
s: 2
t: 0.083

i: 5,1,4,1
s: 2
t: 0.046

i: 2,1,4,2
s: 3
t: 0.065

i: 3,1,4,2
s: 3
t: 0.066

i: 4,1,4,2
s: 3
t: 0.056

i: 5,1,4,2
s: 3
t: 0.049

i: 2,1,4,3
s: 3
t: 0.056

i: 3,1,4,3
s: 3
t: 0.042

i: 4,1,4,3
s: 3
t: 0.044

i: 5,1,4,3
s: 3
t: 0.046

i: 1,1,4,4
s: 2
t: 0.055

i: 2,1,4,4
s: 2
t: 0.038

i: 3,1,4,4
s: 2
t: 0.031

i: 4,1,4,4
s: 2
t: 0.031

i: 5,1,4,4
s: 2
t: 0.031

i: 1,1,4,5
s: 2
t: 0.065

i: 2,1,4,5
s: 2
t: 0.069

i: 3,1,4,5
s: 2
t: 0.051

i: 4,1,4,5
s: 2
t: 0.037

i: 5,1,4,5
s: 2
t: 0.034

i: 5,1,5,1
s: 2
t: 0.142

i: 3,1,5,2
s: 3
t: 0.055

i: 4,1,5,2
s: 3
t: 0.049

i: 5,1,5,2
s: 3
t: 0.041

i: 2,1,5,3
s: 3
t: 0.049

i: 3,1,5,3
s: 3
t: 0.035

i: 4,1,5,3
s: 3
t: 0.035

i: 5,1,5,3
s: 3
t: 0.035

i: 2,1,5,4
s: 2
t: 0.061

SMT max time: 0.14
SMT min time: 0.03
SMT avg time: 0.05
SMT cumulative time: 5.33
nombre of explain instances: 100
SMT std dev: 0.02

Nombre of timeouts SMT: 0
