i: 2,1,1,1
s: 3
t: 0.061

i: 3,1,1,1
s: 3
t: 0.040

i: 4,1,1,1
s: 3
t: 0.044

i: 5,1,1,1
s: 2
t: 0.056

i: 1,1,1,2
s: 3
t: 0.070

i: 2,1,1,2
s: 3
t: 0.068

i: 3,1,1,2
s: 3
t: 0.034

i: 4,1,1,2
s: 3
t: 0.032

i: 5,1,1,2
s: 3
t: 0.032

i: 1,1,1,3
s: 3
t: 0.069

i: 2,1,1,3
s: 3
t: 0.064

i: 3,1,1,3
s: 3
t: 0.064

i: 4,1,1,3
s: 3
t: 0.089

i: 5,1,1,3
s: 3
t: 0.057

i: 1,1,1,4
s: 3
t: 0.053

i: 2,1,1,4
s: 3
t: 0.053

i: 3,1,1,4
s: 3
t: 0.056

i: 4,1,1,4
s: 3
t: 0.055

i: 5,1,1,4
s: 3
t: 0.042

i: 1,1,1,5
s: 2
t: 0.061

i: 2,1,1,5
s: 2
t: 0.053

i: 3,1,1,5
s: 2
t: 0.056

i: 4,1,1,5
s: 2
t: 0.056

i: 5,1,1,5
s: 2
t: 0.059

i: 1,1,2,1
s: 2
t: 0.081

i: 3,1,2,1
s: 3
t: 0.043

i: 4,1,2,1
s: 3
t: 0.039

i: 5,1,2,1
s: 2
t: 0.055

i: 2,1,2,2
s: 3
t: 0.067

i: 3,1,2,2
s: 3
t: 0.049

i: 4,1,2,2
s: 3
t: 0.038

i: 5,1,2,2
s: 3
t: 0.036

i: 1,1,2,3
s: 3
t: 0.064

i: 2,1,2,3
s: 3
t: 0.046

i: 3,1,2,3
s: 3
t: 0.036

i: 4,1,2,3
s: 3
t: 0.032

i: 5,1,2,3
s: 3
t: 0.032

i: 1,1,2,4
s: 3
t: 0.073

i: 2,1,2,4
s: 3
t: 0.069

i: 3,1,2,4
s: 3
t: 0.071

i: 4,1,2,4
s: 3
t: 0.071

i: 5,1,2,4
s: 3
t: 0.048

i: 1,1,2,5
s: 2
t: 0.065

i: 2,1,2,5
s: 2
t: 0.065

i: 3,1,2,5
s: 2
t: 0.036

i: 4,1,2,5
s: 2
t: 0.035

i: 5,1,2,5
s: 2
t: 0.031

i: 1,1,3,1
s: 2
t: 0.069

i: 2,1,3,1
s: 3
t: 0.057

i: 4,1,3,1
s: 3
t: 0.046

i: 5,1,3,1
s: 2
t: 0.057

i: 1,1,3,2
s: 3
t: 0.065

i: 2,1,3,2
s: 4
t: 0.048

i: 3,1,3,2
s: 3
t: 0.057

i: 4,1,3,2
s: 3
t: 0.061

i: 5,1,3,2
s: 2
t: 0.056

i: 2,1,3,3
s: 3
t: 0.060

i: 3,1,3,3
s: 3
t: 0.036

i: 4,1,3,3
s: 3
t: 0.036

i: 5,1,3,3
s: 3
t: 0.036

i: 1,1,3,4
s: 3
t: 0.061

i: 2,1,3,4
s: 3
t: 0.034

i: 3,1,3,4
s: 3
t: 0.033

i: 4,1,3,4
s: 3
t: 0.033

i: 5,1,3,4
s: 3
t: 0.033

i: 1,1,3,5
s: 2
t: 0.070

i: 2,1,3,5
s: 2
t: 0.077

i: 3,1,3,5
s: 2
t: 0.051

i: 4,1,3,5
s: 2
t: 0.044

i: 5,1,3,5
s: 2
t: 0.047

i: 1,1,4,1
s: 2
t: 0.064

i: 2,1,4,1
s: 3
t: 0.059

i: 3,1,4,1
s: 3
t: 0.053

i: 5,1,4,1
s: 2
t: 0.056

i: 1,1,4,2
s: 3
t: 0.065

i: 3,1,4,2
s: 3
t: 0.053

i: 4,1,4,2
s: 3
t: 0.045

i: 5,1,4,2
s: 2
t: 0.061

i: 1,1,4,3
s: 3
t: 0.074

i: 2,1,4,3
s: 4
t: 0.047

i: 3,1,4,3
s: 3
t: 0.056

i: 4,1,4,3
s: 3
t: 0.051

i: 5,1,4,3
s: 2
t: 0.061

i: 2,1,4,4
s: 3
t: 0.050

i: 3,1,4,4
s: 3
t: 0.032

i: 4,1,4,4
s: 3
t: 0.032

i: 5,1,4,4
s: 3
t: 0.033

i: 1,1,4,5
s: 2
t: 0.053

i: 2,1,4,5
s: 2
t: 0.050

i: 3,1,4,5
s: 2
t: 0.043

i: 4,1,4,5
s: 2
t: 0.036

i: 5,1,4,5
s: 2
t: 0.030

i: 1,1,5,1
s: 2
t: 0.067

i: 2,1,5,1
s: 3
t: 0.070

i: 3,1,5,1
s: 3
t: 0.046

i: 4,1,5,1
s: 3
t: 0.043

i: 1,1,5,2
s: 3
t: 0.069

i: 2,1,5,2
s: 3
t: 0.061

i: 3,1,5,2
s: 3
t: 0.054

i: 4,1,5,2
s: 3
t: 0.046

SMT max time: 0.09
SMT min time: 0.03
SMT avg time: 0.05
SMT cumulative time: 5.23
nombre of explain instances: 100
SMT std dev: 0.01

Nombre of timeouts SMT: 0
