i: 85,92,45,27,31
s: 4
t: 0.375

i: 85,64,59,32,23
s: 4
t: 0.177

i: 86,54,33,16,54
s: 3
t: 0.277

i: 91,78,34,24,36
s: 4
t: 0.184

i: 87,70,12,28,10
s: 4
t: 0.213

i: 98,55,13,17,17
s: 3
t: 0.329

i: 88,62,20,17,9
s: 4
t: 0.341

i: 88,67,21,11,11
s: 3
t: 0.263

i: 92,54,22,20,7
s: 3
t: 0.429

i: 90,60,25,19,5
s: 4
t: 0.267

i: 89,52,13,24,15
s: 3
t: 0.610

i: 82,62,17,17,15
s: 4
t: 0.195

i: 90,64,61,32,13
s: 4
t: 0.130

i: 86,77,25,19,18
s: 3
t: 0.542

i: 96,67,29,20,11
s: 3
t: 0.445

i: 91,78,20,31,18
s: 4
t: 0.261

i: 89,67,23,16,10
s: 3
t: 0.347

i: 89,79,17,17,16
s: 3
t: 0.205

i: 91,107,20,20,56
s: 3
t: 0.829

i: 94,116,11,33,11
s: 4
t: 0.135

i: 92,59,35,13,19
s: 4
t: 0.081

i: 93,23,35,20,20
s: 3
t: 0.312

i: 90,60,23,27,5
s: 4
t: 0.317

i: 96,68,18,19,19
s: 4
t: 0.328

i: 84,80,47,33,97
s: 3
t: 0.244

i: 92,70,24,13,26
s: 4
t: 0.212

i: 90,47,28,15,18
s: 3
t: 0.371

i: 88,66,20,21,10
s: 3
t: 0.252

i: 91,102,17,13,19
s: 3
t: 0.216

i: 87,41,31,19,16
s: 3
t: 0.390

i: 86,79,28,16,17
s: 3
t: 0.283

i: 91,57,31,23,42
s: 4
t: 0.136

i: 93,77,32,18,29
s: 4
t: 0.088

i: 88,96,28,21,40
s: 4
t: 0.069

i: 94,65,22,18,11
s: 3
t: 0.293

i: 91,72,155,68,82
s: 3
t: 0.307

i: 85,54,47,33,22
s: 4
t: 0.232

i: 79,39,14,19,9
s: 3
t: 0.787

i: 85,85,25,26,30
s: 2
t: 1.323

i: 89,63,24,20,38
s: 3
t: 0.326

i: 84,92,68,37,44
s: 3
t: 0.481

i: 89,68,26,39,42
s: 3
t: 0.312

i: 89,101,18,25,13
s: 4
t: 0.132

i: 86,84,18,14,16
s: 3
t: 0.394

i: 85,65,25,14,18
s: 3
t: 0.691

i: 88,61,19,21,13
s: 4
t: 0.187

i: 92,56,14,16,10
s: 3
t: 0.390

i: 95,50,29,25,50
s: 3
t: 0.367

i: 91,75,24,22,11
s: 3
t: 0.475

i: 83,40,29,25,38
s: 3
t: 0.744

i: 89,74,19,23,16
s: 3
t: 0.471

i: 85,64,24,22,11
s: 3
t: 0.895

i: 92,57,64,36,90
s: 3
t: 0.232

i: 94,48,11,23,43
s: 3
t: 0.434

i: 87,52,21,19,30
s: 4
t: 0.079

i: 85,65,23,29,15
s: 3
t: 0.252

i: 84,82,21,21,19
s: 3
t: 0.204

i: 88,49,20,22,19
s: 3
t: 0.433

i: 96,67,26,26,36
s: 4
t: 0.244

i: 90,63,24,24,24
s: 3
t: 0.232

i: 90,45,33,34,27
s: 5
t: 0.086

i: 90,72,14,15,18
s: 4
t: 0.086

i: 91,55,4,8,13
s: 3
t: 0.716

i: 91,52,15,22,11
s: 3
t: 0.774

i: 87,71,32,19,27
s: 4
t: 0.087

i: 89,77,26,20,19
s: 2
t: 0.972

i: 89,67,5,17,14
s: 4
t: 0.130

i: 85,51,26,24,23
s: 4
t: 0.097

i: 103,75,19,30,13
s: 3
t: 0.434

i: 90,63,16,21,14
s: 3
t: 0.235

i: 90,63,29,23,57
s: 4
t: 0.182

i: 90,67,35,19,35
s: 4
t: 0.100

i: 87,66,27,22,9
s: 4
t: 0.082

i: 90,73,34,21,22
s: 4
t: 0.075

i: 86,54,20,21,16
s: 3
t: 0.454

i: 90,80,19,14,42
s: 4
t: 0.121

i: 87,90,43,28,156
s: 5
t: 0.057

i: 96,72,28,19,30
s: 4
t: 0.125

i: 91,55,9,25,16
s: 5
t: 0.058

i: 95,78,27,25,30
s: 4
t: 0.125

i: 92,101,34,30,64
s: 4
t: 0.089

i: 89,51,41,22,48
s: 3
t: 0.359

i: 91,99,42,33,16
s: 4
t: 0.147

i: 94,58,21,18,26
s: 4
t: 0.080

i: 92,60,30,27,297
s: 4
t: 0.060

i: 88,47,33,26,29
s: 4
t: 0.157

i: 92,65,17,25,9
s: 4
t: 0.098

i: 92,79,22,20,11
s: 3
t: 0.638

i: 84,83,20,25,7
s: 3
t: 1.350

i: 88,68,27,21,26
s: 4
t: 0.132

i: 86,48,20,20,6
s: 3
t: 0.641

i: 99,69,45,32,30
s: 4
t: 0.094

i: 88,66,23,12,15
s: 3
t: 0.533

i: 89,62,42,30,20
s: 4
t: 0.141

i: 90,51,23,17,27
s: 3
t: 0.136

i: 81,61,32,37,53
s: 3
t: 0.178

i: 89,89,23,18,104
s: 3
t: 0.108

i: 89,65,26,18,36
s: 4
t: 0.070

i: 92,75,26,26,24
s: 4
t: 0.147

i: 85,59,25,20,25
s: 3
t: 0.228

SMT max time: 1.35
SMT min time: 0.06
SMT avg time: 0.31
SMT cumulative time: 31.15
nombre of explain instances: 100
SMT std dev: 0.25

Nombre of timeouts SMT: 0
