i: 29,1,1,0,0,0,31,64,1,0,0,1,49,0,22,0,0,1,0,0,1,0,0
s: 7
t: 10.624

i: 33,1,0,0,0,1,40,111,0,0,0,1,10,1,15,0,1,0,3,1,0,0,0
s: 6
t: 22.123

i: 33,1,0,0,0,1,14,60,0,0,0,1,29,1,25,0,1,0,2,0,0,1,0
s: 5
t: 67.570

i: 3,1,0,0,1,0,22,80,0,1,0,0,84,0,32,0,0,1,0,1,0,0,0
s: 7
t: 29.878

i: 7,0,0,1,0,0,22,35,0,0,0,1,71,0,14,1,0,0,0,1,0,0,0
s: 7
t: 74.394

i: 22,1,0,1,0,0,14,67,0,1,0,0,76,0,8,1,0,0,0,1,0,0,0
s: 6
t: 89.356

i: 28,0,0,0,0,1,28,97,0,0,0,1,59,0,33,0,0,1,2,1,0,0,0
s: 4
t: 118.800

i: 23,0,0,0,0,1,14,145,0,1,0,0,62,1,6,1,0,0,0,1,0,0,0
s: 10
t: 0.994

i: 29,1,0,0,0,1,22,83,0,0,0,1,46,0,14,0,1,0,1,0,0,1,0
s: 8
t: 9.220

i: 19,1,0,0,0,1,28,34,1,0,0,1,54,1,29,0,0,1,0,0,0,1,0
s: 7
t: 1.196

i: 23,1,0,0,0,1,28,25,0,1,0,0,47,0,4,0,1,0,0,0,1,0,0
s: 5
t: 66.668

i: 22,0,0,1,0,0,28,116,0,0,0,1,52,0,13,0,1,0,0,1,0,0,0
s: 9
t: 1.489

i: 22,1,0,0,1,0,22,85,1,0,0,1,41,1,6,0,1,0,1,0,1,0,0
s: 8
t: 7.160

i: 10,1,0,1,0,0,14,92,0,1,0,0,72,0,0,1,0,0,0,0,0,1,0
s: 7
t: 2.684

i: 18,1,0,0,1,0,44,31,1,1,0,0,61,0,5,1,0,0,0,0,0,1,0
s: 8
t: 17.223

i: 23,1,0,0,1,0,34,9,0,1,0,0,73,0,16,1,0,0,0,1,0,0,0
s: 7
t: 75.522

i: 14,1,0,1,0,0,8,60,0,1,0,0,67,0,10,0,0,1,0,0,0,1,0
s: 10
t: 0.551

i: 20,1,0,0,0,1,28,69,0,1,0,0,59,0,12,1,0,0,0,1,0,0,0
s: 7
t: 51.709

i: 14,0,0,0,1,0,22,103,0,1,0,0,38,0,2,1,0,0,0,1,0,0,0
s: 8
t: 8.215

i: 15,1,0,1,0,0,22,95,0,1,0,0,70,0,6,1,0,0,0,1,0,0,0
s: 7
t: 80.282

i: 30,1,1,0,0,0,8,42,0,0,0,1,43,1,17,0,1,0,0,1,0,0,0
s: 6
t: 8.739

i: 24,0,1,0,0,0,34,109,1,0,0,1,61,0,10,1,0,0,0,1,0,0,0
s: 9
t: 3.896

i: 24,1,0,1,0,0,14,110,0,0,0,1,59,0,17,0,1,0,0,1,0,0,0
s: 8
t: 2.982

i: 24,1,0,0,1,0,23,55,0,0,0,1,72,0,30,1,0,0,2,0,0,1,0
s: 9
t: 0.733

i: 26,1,0,0,0,1,22,37,0,0,0,1,32,1,23,0,1,0,2,0,0,1,0
s: 5
t: 132.614

i: 16,0,0,0,1,0,14,50,0,1,0,0,57,0,16,0,1,0,0,1,0,0,0
s: 6
t: 8.476

i: 24,0,0,0,1,0,14,141,0,1,0,0,71,0,0,1,0,0,0,1,0,0,0
s: 10
t: 5.842

i: 32,0,1,0,0,0,34,57,0,1,0,0,15,0,25,0,0,1,0,1,0,0,0
s: 9
t: 33.295

i: 9,1,0,0,0,1,34,77,0,1,0,0,70,0,15,1,0,0,0,1,0,0,0
s: 7
t: 41.904

i: 6,1,0,0,0,1,8,8,0,0,0,1,15,1,19,0,1,0,0,0,0,1,0
s: 7
t: 2.865

i: 35,0,1,0,0,0,28,69,0,1,0,0,50,0,17,1,0,0,2,1,0,0,0
s: 10
t: 0.652

i: 26,1,0,0,0,1,12,61,1,1,0,0,59,1,14,1,0,0,2,0,0,1,0
s: 7
t: 2.694

i: 30,1,0,0,1,0,28,140,0,1,0,0,57,0,0,1,0,0,0,1,0,0,0
s: 9
t: 0.363

i: 25,1,0,0,0,1,25,65,0,1,0,0,60,0,5,0,1,0,0,0,0,1,0
s: 6
t: 1.785

i: 10,1,0,0,1,0,22,64,0,1,0,0,77,1,4,1,0,0,0,1,0,0,0
s: 6
t: 123.619

i: 8,1,0,0,0,1,28,57,0,1,0,0,76,0,0,1,0,0,0,1,0,0,0
s: 7
t: 28.928

i: 9,1,0,0,0,1,14,15,0,0,0,1,20,1,24,0,1,0,0,0,0,1,0
s: 7
t: 16.837

i: 23,1,0,0,0,1,34,104,0,0,0,1,13,1,6,0,1,0,1,0,1,0,0
s: 9
t: 4.727

i: 21,1,0,0,0,1,23,144,0,1,0,0,32,1,12,0,1,0,1,0,0,1,0
s: 7
t: 33.040

i: 27,1,0,0,1,0,34,73,1,1,0,0,36,1,10,0,1,0,0,1,0,0,0
s: 9
t: 1.600

i: 31,0,0,0,0,1,34,56,0,0,0,1,15,0,10,0,1,0,3,0,0,1,0
s: 7
t: 32.279

i: 6,1,1,0,0,0,28,31,0,1,0,0,76,1,14,1,0,0,0,0,0,1,0
s: 7
t: 5.727

i: 37,0,0,1,0,0,40,121,0,1,0,0,61,0,4,1,0,0,2,1,0,0,0
s: 9
t: 2.429

i: 25,1,0,0,1,0,34,43,1,1,0,0,56,0,16,1,0,0,0,1,0,0,0
s: 7
t: 33.795

i: 27,0,0,0,0,1,22,139,0,0,0,1,68,0,0,1,0,0,0,1,0,0,0
s: 10
t: 1.520

i: 24,1,0,0,1,0,9,61,0,0,0,1,64,0,24,0,1,0,1,0,0,1,0
s: 9
t: 11.218

i: 17,1,0,0,1,0,8,13,0,1,0,0,23,0,6,1,0,0,0,1,0,0,0
s: 7
t: 42.375

i: 16,1,0,0,0,1,34,73,0,0,0,1,28,0,25,0,1,0,0,0,0,1,0
s: 7
t: 6.795

i: 31,0,0,0,1,0,28,150,1,0,0,1,56,0,8,1,0,0,1,1,0,0,0
s: 10
t: 13.903

i: 19,1,0,0,1,0,22,29,1,0,0,1,51,0,12,0,0,1,0,1,0,0,0
s: 7
t: 29.999

i: 7,0,0,1,0,0,5,30,0,1,0,0,67,0,0,1,0,0,1,1,0,0,0
s: 7
t: 4.632

i: 31,1,0,0,0,1,14,15,0,1,0,0,39,0,4,1,0,0,0,0,0,1,0
s: 7
t: 6.862

i: 10,1,0,0,0,1,9,114,0,0,0,1,52,0,0,1,0,0,1,1,0,0,0
s: 9
t: 5.958

i: 10,1,0,1,0,0,22,50,0,0,0,1,85,0,0,1,0,0,0,1,0,0,0
s: 7
t: 55.825

i: 26,1,0,0,0,1,22,82,0,1,0,0,43,1,14,1,0,0,1,0,0,1,0
s: 7
t: 13.878

i: 20,1,0,0,0,1,17,95,0,0,0,1,11,1,21,0,1,0,1,0,0,1,0
s: 6
t: 41.038

i: 16,1,0,0,1,0,28,64,0,1,0,0,62,0,6,0,1,0,1,0,0,1,0
s: 8
t: 5.908

i: 7,1,0,0,0,1,8,11,0,0,0,1,57,0,0,1,0,0,0,0,0,1,0
s: 10
t: 0.254

i: 20,1,0,0,1,0,18,101,0,0,0,1,51,0,5,0,0,1,1,1,0,0,0
s: 8
t: 2.430

i: 17,1,1,0,0,0,18,44,0,0,0,1,25,1,14,1,0,0,1,1,0,0,0
s: 8
t: 3.064

i: 17,0,0,0,0,1,22,124,0,1,0,0,41,1,12,0,1,0,0,0,0,1,0
s: 7
t: 4.341

i: 12,0,0,0,1,0,29,15,0,0,0,1,59,1,14,0,0,1,0,1,0,0,0
s: 10
t: 1.460

i: 24,1,0,0,0,1,20,47,0,0,0,1,31,1,21,0,1,0,3,0,0,1,0
s: 5
t: 158.633

i: 20,0,0,0,1,0,25,123,1,1,0,0,69,0,0,1,0,0,0,1,0,0,0
s: 10
t: 0.848

i: 20,1,0,0,0,1,14,24,0,1,0,0,14,0,14,0,1,0,1,0,0,1,0
s: 7
t: 35.548

i: 26,1,0,0,0,1,31,108,0,0,0,1,41,1,26,0,1,0,2,0,0,1,0
s: 5
t: 97.619

i: 26,1,0,0,1,0,28,21,0,0,0,1,54,0,28,0,1,0,0,1,0,0,0
s: 8
t: 1.175

i: 20,1,0,0,1,0,34,63,0,0,0,1,64,0,16,1,0,0,0,0,0,1,0
s: 9
t: 2.723

i: 25,1,0,0,0,1,43,137,0,0,0,1,39,1,31,0,0,1,0,0,0,1,0
s: 6
t: 2.034

i: 12,1,0,0,1,0,34,62,0,1,0,0,46,0,33,0,1,0,0,1,0,0,0
s: 8
t: 1.051

i: 31,0,0,0,1,0,37,98,0,1,0,0,47,0,8,1,0,0,0,1,0,0,0
s: 8
t: 12.579

i: 33,1,0,0,0,1,18,83,1,1,0,0,62,0,2,0,1,0,2,0,0,1,0
s: 7
t: 19.243

i: 28,1,0,0,0,1,14,96,0,1,0,0,6,1,17,0,1,0,2,0,0,1,0
s: 7
t: 51.508

i: 31,1,0,0,0,1,8,78,0,0,0,1,57,0,6,1,0,0,2,0,1,0,0
s: 10
t: 0.397

i: 10,1,0,0,0,1,8,29,0,0,0,1,75,0,0,1,0,0,1,1,0,0,0
s: 8
t: 3.008

i: 31,0,0,0,1,0,40,146,0,0,0,1,50,0,8,1,0,0,0,1,0,0,0
s: 9
t: 21.936

i: 26,1,0,0,0,1,18,87,0,0,0,1,40,1,26,0,1,0,1,0,0,1,0
s: 6
t: 61.039

i: 17,0,0,0,1,0,28,127,0,0,0,1,41,0,15,1,0,0,1,1,0,0,0
s: 12
t: 0.293

[TIMEOUT SMT] instance 78
i: 24,1,0,0,0,1,34,99,0,0,0,1,12,1,8,1,0,0,0,0,0,1,0
s: 8
t: 1.891

i: 11,1,0,0,0,1,4,39,0,0,0,1,47,1,28,0,1,0,0,1,0,0,0
s: 5
t: 30.475

i: 19,0,0,0,0,1,22,93,0,0,0,1,42,0,4,0,1,0,0,1,0,0,0
s: 6
t: 145.854

i: 5,1,0,0,1,0,28,134,0,0,0,1,80,0,0,1,0,0,0,1,0,0,0
s: 7
t: 14.804

i: 34,1,0,0,1,0,47,102,1,0,0,1,49,1,16,0,1,0,0,0,0,1,0
s: 8
t: 1.463

i: 18,1,0,1,0,0,14,136,0,1,0,0,71,0,2,1,0,0,0,1,0,0,0
s: 7
t: 12.370

i: 10,1,0,0,1,0,28,66,0,0,0,1,78,0,0,1,0,0,0,1,0,0,0
s: 7
t: 46.722

i: 13,1,0,0,1,0,27,86,0,0,0,1,55,0,0,1,0,0,0,1,0,0,0
s: 7
t: 15.007

i: 19,0,0,0,1,0,20,47,0,0,0,1,16,0,0,1,0,0,0,0,0,0,1
s: 7
t: 36.961

i: 19,0,0,0,0,1,27,65,0,0,0,1,59,0,0,1,0,0,0,1,0,0,0
s: 7
t: 37.403

i: 17,0,0,0,1,0,22,85,0,0,0,1,48,0,5,1,0,0,0,1,0,0,0
s: 7
t: 22.399

i: 32,1,0,0,0,1,14,121,0,0,0,1,50,0,4,0,1,0,0,1,0,0,0
s: 7
t: 6.049

i: 28,0,0,0,0,1,40,6,0,0,0,1,44,0,39,0,0,1,3,0,0,1,0
s: 7
t: 2.320

i: 28,1,0,0,1,0,22,62,0,1,0,0,45,0,17,0,1,0,3,0,0,1,0
s: 6
t: 36.204

i: 10,0,0,0,1,0,7,2,0,1,0,0,74,0,6,0,1,0,0,1,0,0,0
s: 5
t: 85.076

i: 29,0,0,0,1,0,25,81,0,0,0,1,71,0,0,1,0,0,0,1,0,0,0
s: 7
t: 34.061

i: 18,1,0,0,0,1,20,84,0,1,0,0,60,1,0,1,0,0,1,0,0,1,0
s: 7
t: 13.312

i: 25,1,0,0,0,1,8,69,0,0,0,1,41,1,12,0,1,0,1,0,0,1,0
s: 7
t: 40.166

i: 26,0,0,0,0,1,34,87,0,0,0,1,56,0,25,0,1,0,2,0,0,1,0
s: 5
t: 91.293

i: 18,1,0,1,0,0,24,33,0,1,0,0,57,0,8,1,0,0,1,1,0,0,0
s: 8
t: 10.578

i: 14,1,0,0,0,1,15,53,0,0,0,1,83,0,0,1,0,0,0,1,0,0,0
s: 8
t: 34.985

SMT max time: 158.63
SMT min time: 0.25
SMT avg time: 27.33
SMT cumulative time: 2705.97
nombre of explain instances: 99
SMT std dev: 35.14

Nombre of timeouts SMT: 1
