i: 0,0,0,1,0,0,0,0,0,1,0
s: 9
t: 0.189

i: 0,0,0,0,0,1,0,0,0,0,0
s: 5
t: 0.314

i: 0,4,0,0,1,1,0,0,0,0,0
s: 3
t: 0.573

i: 1,0,0,0,0,0,0,0,0,1,0
s: 5
t: 0.257

i: 0,14,1,0,0,0,0,0,0,0,0
s: 4
t: 0.416

i: 0,3,0,0,0,0,0,0,0,1,0
s: 6
t: 0.181

i: 1,0,0,0,0,0,0,0,0,0,1
s: 4
t: 0.457

i: 0,0,0,0,0,0,0,0,0,0,0
s: 9
t: 0.125

i: 1,3,1,0,1,1,0,0,0,0,0
s: 6
t: 0.179

i: 0,1,0,1,0,0,0,0,0,0,1
s: 5
t: 0.245

i: 0,7,0,0,0,1,0,0,0,0,0
s: 6
t: 0.153

i: 1,0,0,0,0,0,0,1,0,0,0
s: 5
t: 0.243

i: 0,3,1,0,0,1,0,0,0,0,0
s: 6
t: 0.151

i: 0,6,1,0,0,0,0,0,0,0,0
s: 7
t: 0.168

i: 0,5,0,0,0,0,0,0,0,0,0
s: 7
t: 0.132

i: 0,13,1,1,0,1,0,0,0,0,0
s: 7
t: 0.207

i: 0,1,1,0,1,1,0,0,0,0,0
s: 6
t: 0.233

i: 1,0,0,0,0,0,0,0,0,0,0
s: 5
t: 0.368

i: 0,0,0,0,1,0,0,0,0,0,1
s: 6
t: 0.199

i: 0,1,0,0,1,0,0,1,0,0,0
s: 7
t: 0.162

i: 1,1,0,0,0,0,0,0,0,0,0
s: 5
t: 0.218

i: 0,8,0,0,0,1,0,0,0,0,0
s: 6
t: 0.171

i: 0,5,1,0,0,1,0,0,0,0,0
s: 7
t: 0.138

i: 0,0,1,0,0,1,0,0,0,0,0
s: 5
t: 0.247

i: 0,9,1,0,0,0,0,0,0,0,0
s: 5
t: 0.393

i: 0,4,1,0,0,1,0,0,0,0,0
s: 7
t: 0.128

i: 0,0,0,1,0,0,0,0,0,0,0
s: 9
t: 0.134

i: 0,7,0,1,0,0,0,0,0,1,0
s: 6
t: 0.199

i: 1,4,1,0,0,0,0,0,0,0,1
s: 7
t: 0.170

i: 1,1,0,0,1,0,0,0,0,0,0
s: 5
t: 0.194

i: 0,21,1,0,0,1,0,0,0,0,0
s: 6
t: 0.157

i: 0,2,1,0,1,1,0,0,0,0,1
s: 6
t: 0.171

i: 1,2,0,1,0,1,0,0,0,0,0
s: 8
t: 0.151

i: 1,2,0,0,0,0,0,0,0,0,0
s: 8
t: 0.118

i: 0,7,0,1,0,1,0,0,0,0,1
s: 7
t: 0.163

i: 1,9,1,0,0,0,0,0,0,0,0
s: 5
t: 0.338

i: 0,13,1,0,0,1,0,0,0,0,0
s: 4
t: 0.356

i: 1,0,0,1,0,0,0,0,0,0,0
s: 5
t: 0.325

i: 0,1,0,0,0,0,0,0,0,0,0
s: 5
t: 0.233

i: 0,0,0,0,0,0,0,0,0,1,1
s: 5
t: 0.261

i: 0,15,1,0,0,1,0,0,0,0,0
s: 4
t: 0.504

i: 0,2,0,0,1,1,0,0,0,0,0
s: 6
t: 0.158

i: 1,0,1,0,0,0,0,1,0,0,0
s: 5
t: 0.246

i: 1,4,0,1,0,1,0,0,0,0,0
s: 8
t: 0.149

i: 0,8,1,1,0,0,0,0,0,0,0
s: 8
t: 0.154

i: 0,5,0,0,0,1,0,0,0,0,0
s: 7
t: 0.145

i: 1,4,0,0,0,0,0,0,0,0,0
s: 7
t: 0.135

i: 0,1,0,0,1,1,0,0,0,0,0
s: 8
t: 0.201

i: 1,0,0,1,0,0,0,1,0,0,0
s: 5
t: 0.240

i: 0,6,1,0,0,1,0,0,0,0,0
s: 7
t: 0.138

i: 1,0,0,1,0,1,0,0,0,0,1
s: 4
t: 0.306

i: 0,6,0,1,0,0,0,1,0,0,0
s: 7
t: 0.205

i: 1,1,0,0,0,1,0,0,0,0,0
s: 4
t: 0.327

i: 0,1,1,0,0,0,0,0,0,0,0
s: 9
t: 0.133

i: 0,2,0,0,0,1,0,0,0,0,0
s: 6
t: 0.162

i: 1,1,0,0,1,1,0,0,0,0,0
s: 8
t: 0.238

i: 0,0,1,0,1,0,0,0,0,0,0
s: 8
t: 0.146

i: 0,1,0,0,0,1,0,0,0,0,1
s: 4
t: 0.480

i: 1,8,1,0,0,1,0,0,0,0,0
s: 5
t: 0.239

i: 0,14,1,0,0,1,0,0,0,0,0
s: 4
t: 0.335

i: 0,0,1,0,1,0,0,0,0,1,0
s: 5
t: 0.240

i: 0,2,1,0,1,1,0,0,0,0,0
s: 6
t: 0.174

i: 1,1,0,0,0,1,0,0,0,0,1
s: 4
t: 0.403

i: 0,9,1,0,0,1,0,0,0,0,0
s: 9
t: 0.139

i: 0,7,1,0,0,0,0,0,0,0,0
s: 7
t: 0.180

i: 0,1,1,0,1,0,0,0,0,1,0
s: 5
t: 0.236

i: 0,0,1,0,1,0,0,0,0,0,1
s: 8
t: 0.183

i: 0,2,0,0,0,0,0,0,0,0,0
s: 6
t: 0.154

i: 1,0,0,1,0,0,0,0,0,0,1
s: 4
t: 0.354

i: 1,0,0,0,0,0,0,1,0,0,1
s: 5
t: 0.184

i: 0,1,0,0,0,1,0,0,0,0,0
s: 4
t: 0.327

i: 0,0,0,0,0,0,0,0,0,0,1
s: 9
t: 0.126

i: 0,8,1,0,1,0,0,0,0,0,0
s: 8
t: 0.138

i: 1,0,1,0,0,0,0,0,0,0,0
s: 5
t: 0.233

i: 0,1,0,0,0,0,0,0,0,0,1
s: 5
t: 0.269

i: 0,3,1,0,1,1,0,0,0,0,0
s: 6
t: 0.162

i: 1,5,0,0,0,0,0,0,0,0,0
s: 7
t: 0.145

i: 0,0,1,0,0,0,0,0,0,0,0
s: 5
t: 0.244

i: 0,3,0,0,0,1,0,0,0,0,0
s: 7
t: 0.153

i: 0,10,1,0,0,1,0,0,0,0,0
s: 9
t: 0.143

i: 0,0,0,0,1,1,0,0,0,0,0
s: 8
t: 0.216

i: 0,28,1,0,0,1,0,0,0,0,0
s: 1
t: 1.596

i: 1,1,1,0,0,1,0,0,0,0,0
s: 4
t: 0.318

i: 0,1,0,0,0,0,0,0,0,1,1
s: 4
t: 0.364

i: 0,13,1,0,0,0,0,0,0,0,0
s: 9
t: 0.143

i: 1,3,1,1,0,0,0,0,0,0,0
s: 6
t: 0.178

i: 0,19,1,0,0,1,0,0,0,0,0
s: 4
t: 0.295

i: 0,6,0,0,0,0,0,0,0,0,0
s: 7
t: 0.154

i: 0,2,0,0,0,0,0,0,0,0,1
s: 6
t: 0.156

i: 1,2,0,0,0,0,0,0,0,1,1
s: 6
t: 0.184

i: 1,0,0,0,1,1,0,0,0,0,1
s: 8
t: 0.204

i: 0,10,0,0,0,0,0,0,0,0,1
s: 3
t: 0.695

i: 0,1,0,1,0,0,0,0,0,0,0
s: 9
t: 0.138

i: 0,1,1,0,1,1,0,0,0,0,1
s: 9
t: 0.196

i: 0,11,1,0,0,1,0,0,0,0,0
s: 7
t: 0.147

i: 0,0,0,0,0,1,0,0,0,0,1
s: 5
t: 0.256

i: 0,7,1,0,0,1,0,0,0,0,1
s: 7
t: 0.183

i: 0,2,1,0,0,1,0,0,0,0,0
s: 6
t: 0.164

i: 0,0,1,0,1,1,0,0,0,0,1
s: 6
t: 0.140

i: 1,0,1,0,0,0,0,0,0,0,1
s: 6
t: 0.190

SMT max time: 1.60
SMT min time: 0.12
SMT avg time: 0.24
SMT cumulative time: 23.96
nombre of explain instances: 100
SMT std dev: 0.17

Nombre of timeouts SMT: 0
