i: 24,0,1,0,0,0,0,1,0,3,1,1,0,1,0,0,0,0,1,0,0
s: 13
t: 1.288

i: 45,1,0,0,0,0,0,1,0,10,1,1,0,0,1,0,0,0,0,1,0
s: 9
t: 15.198

i: 43,0,1,0,0,0,0,1,0,7,1,1,0,0,1,0,0,0,0,1,0
s: 13
t: 1.024

i: 42,0,0,1,0,0,1,0,0,9,1,1,0,0,1,0,0,0,1,0,0
s: 10
t: 5.751

i: 36,0,0,1,0,0,0,1,0,8,1,1,0,0,1,0,0,1,0,0,0
s: 10
t: 5.819

[TIMEOUT SMT] instance 5
i: 38,0,1,0,0,0,0,1,0,6,1,1,0,0,1,0,0,1,0,0,0
s: 9
t: 11.908

i: 21,0,0,1,0,0,0,1,0,1,1,0,0,0,1,0,0,1,0,0,0
s: 12
t: 2.316

i: 27,0,1,0,0,0,0,1,0,3,1,1,0,0,1,0,0,0,0,1,0
s: 11
t: 3.149

i: 45,1,0,0,0,1,0,0,0,8,1,1,0,1,0,0,0,1,0,0,1
s: 8
t: 69.998

i: 38,1,0,0,0,0,0,1,0,2,1,0,0,0,1,0,0,0,1,0,1
s: 6
t: 43.200

i: 42,1,0,0,0,0,0,0,1,4,1,1,1,0,0,0,0,0,1,0,0
s: 8
t: 17.178

i: 44,0,0,0,1,0,0,0,1,1,1,0,1,0,0,0,0,0,0,1,0
s: 4
t: 138.583

i: 42,0,1,0,0,0,0,0,1,1,1,0,0,0,1,0,0,0,1,0,0
s: 14
t: 11.926

i: 38,0,0,1,0,0,0,0,1,2,1,1,0,1,0,0,0,0,1,0,0
s: 13
t: 1.037

[TIMEOUT SMT] instance 15
i: 48,1,0,0,0,1,0,0,0,7,1,1,0,1,0,0,0,0,0,1,0
s: 17
t: 2.142

i: 39,0,1,0,0,0,1,0,0,6,1,1,0,1,0,0,0,0,0,1,0
s: 11
t: 2.369

i: 37,0,1,0,0,0,1,0,0,8,1,1,0,1,0,0,0,0,1,0,0
s: 10
t: 4.582

[TIMEOUT SMT] instance 19
i: 26,0,0,1,0,0,0,0,1,1,1,0,0,0,0,1,1,0,0,0,0
s: 8
t: 17.241

[TIMEOUT SMT] instance 21
i: 46,0,0,0,1,0,0,0,1,1,0,1,1,0,0,0,0,0,0,1,0
s: 8
t: 10.337

[TIMEOUT SMT] instance 23
i: 48,0,0,0,1,0,0,0,1,5,1,1,1,0,0,0,0,0,0,1,0
s: 10
t: 3.720

i: 40,0,1,0,0,0,0,0,1,8,1,1,0,0,1,0,0,0,1,0,0
s: 7
t: 34.451

i: 38,0,0,0,1,0,0,0,1,1,1,0,1,0,0,0,0,0,0,1,0
s: 5
t: 91.086

[TIMEOUT SMT] instance 27
i: 24,0,0,0,1,0,0,0,1,0,1,0,0,1,0,0,0,1,0,0,0
s: 8
t: 169.926

i: 43,1,0,0,0,0,1,0,0,8,1,1,0,1,0,0,0,0,0,1,0
s: 12
t: 1.907

i: 31,0,0,1,0,0,0,0,1,2,1,1,1,0,0,0,0,0,0,1,0
s: 10
t: 4.416

i: 31,0,0,0,1,0,0,0,1,2,1,1,0,0,1,0,0,1,0,0,0
s: 11
t: 2.554

[TIMEOUT SMT] instance 32
i: 33,0,1,0,0,0,1,0,0,2,1,1,0,0,1,0,1,0,0,0,0
s: 14
t: 4.114

i: 24,0,1,0,0,0,0,1,0,1,1,1,0,0,1,0,0,0,1,0,0
s: 11
t: 2.192

i: 42,1,0,0,0,0,0,1,0,9,1,1,0,0,1,0,0,1,0,0,1
s: 9
t: 9.141

i: 43,1,0,0,0,0,1,0,0,8,1,0,0,0,1,0,1,0,0,0,0
s: 9
t: 8.153

i: 25,0,0,1,0,0,0,1,0,4,1,1,0,0,1,0,0,1,0,0,0
s: 13
t: 0.937

i: 42,0,1,0,0,0,1,0,0,3,1,1,0,0,1,0,0,0,0,1,0
s: 6
t: 56.568

i: 28,0,1,0,0,0,1,0,0,1,1,1,0,1,0,0,0,0,0,1,0
s: 13
t: 1.587

i: 28,1,0,0,0,1,0,0,0,3,1,1,0,0,1,0,1,0,0,0,0
s: 11
t: 6.109

[TIMEOUT SMT] instance 41
i: 48,0,1,0,0,0,0,0,1,2,1,1,1,0,0,0,0,0,1,0,0
s: 6
t: 39.081

i: 40,0,0,0,1,0,0,0,1,2,0,1,1,0,0,0,0,0,0,1,0
s: 9
t: 6.946

i: 28,0,1,0,0,0,1,0,0,1,1,1,0,0,1,0,0,1,0,0,0
s: 12
t: 3.597

i: 25,1,0,0,0,0,0,0,1,1,1,1,0,1,0,0,1,0,0,0,0
s: 9
t: 8.369

i: 32,0,0,0,1,0,0,0,1,2,1,1,0,1,0,0,0,0,1,0,0
s: 11
t: 3.734

[TIMEOUT SMT] instance 47
i: 26,0,0,0,1,0,0,0,1,1,1,1,1,0,0,0,0,0,0,1,0
s: 10
t: 3.904

[TIMEOUT SMT] instance 49
[TIMEOUT SMT] instance 50
i: 49,0,0,0,1,0,0,0,1,7,0,1,0,1,0,0,0,0,0,1,0
s: 10
t: 6.392

i: 40,0,0,1,0,0,0,0,1,8,1,1,0,0,1,0,0,0,1,0,0
s: 7
t: 18.947

i: 34,0,0,0,1,0,0,0,1,1,0,0,0,1,0,0,0,0,1,0,0
s: 5
t: 74.461

i: 36,0,1,0,0,0,0,0,1,5,1,1,0,1,0,0,0,0,1,0,0
s: 13
t: 1.076

i: 20,0,1,0,0,0,1,0,0,2,1,1,0,1,0,0,0,1,0,0,1
s: 7
t: 22.878

i: 43,0,0,0,1,0,0,0,1,5,1,0,1,0,0,0,0,0,0,1,0
s: 10
t: 6.119

i: 37,0,0,1,0,0,0,0,1,7,1,1,0,1,0,0,1,0,0,0,0
s: 10
t: 3.106

[TIMEOUT SMT] instance 58
i: 49,0,0,0,1,0,0,0,1,6,1,1,1,0,0,0,0,1,0,0,0
s: 6
t: 44.900

i: 42,0,0,1,0,0,0,1,0,10,1,1,0,0,1,0,0,0,1,0,0
s: 8
t: 16.644

i: 20,0,1,0,0,0,0,1,0,1,1,1,0,1,0,0,0,0,1,0,0
s: 10
t: 2.461

i: 47,1,0,0,0,0,1,0,0,2,1,0,1,0,0,0,0,0,1,0,0
s: 6
t: 49.577

i: 22,0,1,0,0,0,0,1,0,1,1,1,0,1,0,0,1,0,0,0,0
s: 10
t: 2.776

i: 27,0,1,0,0,0,0,0,1,1,1,0,1,0,0,0,0,0,1,0,0
s: 14
t: 6.131

i: 24,0,1,0,0,0,0,0,1,1,1,1,0,0,1,0,1,0,0,0,0
s: 15
t: 2.688

i: 44,0,0,0,1,0,1,0,0,8,1,1,0,0,1,0,0,0,1,0,0
s: 9
t: 5.840

i: 30,0,1,0,0,0,0,1,0,3,1,1,0,0,1,0,1,0,0,0,0
s: 11
t: 4.998

i: 23,0,0,1,0,0,0,0,1,2,1,1,0,0,1,0,0,0,0,1,0
s: 12
t: 1.372

i: 25,0,0,0,1,0,0,0,1,1,1,0,0,0,1,0,0,0,1,0,0
s: 11
t: 3.421

i: 47,0,1,0,0,0,0,1,0,4,1,1,0,1,0,0,0,0,1,0,0
s: 9
t: 11.368

i: 48,0,1,0,0,0,0,1,0,8,1,1,1,0,0,0,0,0,0,1,0
s: 10
t: 5.732

i: 29,0,1,0,0,0,0,1,0,1,1,1,1,0,0,0,1,0,0,0,0
s: 8
t: 15.853

i: 29,0,1,0,0,0,0,1,0,1,1,1,1,0,0,0,0,1,0,0,0
s: 10
t: 10.192

[TIMEOUT SMT] instance 74
i: 21,0,0,1,0,0,0,0,1,1,1,1,0,1,0,0,0,0,1,0,0
s: 9
t: 7.035

[TIMEOUT SMT] instance 76
i: 45,0,0,1,0,0,0,0,1,3,1,1,1,0,0,0,0,0,0,1,0
s: 11
t: 3.822

i: 33,0,1,0,0,0,0,1,0,2,1,1,0,0,1,0,0,1,0,0,0
s: 11
t: 2.821

i: 24,0,0,0,1,0,0,0,1,0,0,1,1,0,0,0,0,0,0,1,0
s: 12
t: 23.783

i: 49,0,0,0,1,0,0,0,1,6,0,0,1,0,0,0,0,0,0,1,0
s: 11
t: 6.575

i: 24,0,1,0,0,0,0,0,1,1,1,0,0,0,0,1,0,0,0,1,0
s: 12
t: 1.205

[TIMEOUT SMT] instance 82
i: 30,0,0,0,1,0,0,0,1,2,1,1,1,0,0,0,0,0,0,1,0
s: 13
t: 1.254

i: 33,0,0,0,1,0,0,0,1,2,1,1,1,0,0,0,0,0,0,1,0
s: 11
t: 4.434

i: 25,0,0,0,1,0,0,0,1,1,1,1,1,0,0,0,0,0,1,0,0
s: 9
t: 9.516

i: 35,0,0,0,1,0,0,0,1,3,0,1,1,0,0,0,0,0,0,1,0
s: 14
t: 1.001

i: 27,0,1,0,0,0,0,0,1,4,1,1,1,0,0,0,0,0,0,1,0
s: 11
t: 2.863

i: 24,0,1,0,0,0,1,0,0,3,1,0,0,1,0,0,1,0,0,0,0
s: 12
t: 1.069

[TIMEOUT SMT] instance 89
i: 46,0,1,0,0,0,0,0,1,6,1,1,1,0,0,0,0,0,0,1,0
s: 9
t: 6.460

i: 26,0,1,0,0,0,1,0,0,3,1,1,0,1,0,0,1,0,0,0,0
s: 10
t: 5.475

i: 38,0,1,0,0,0,1,0,0,1,1,0,0,0,1,0,0,1,0,0,0
s: 4
t: 104.969

i: 47,1,0,0,0,0,1,0,0,3,1,1,1,0,0,0,0,0,1,0,0
s: 7
t: 21.329

i: 41,1,0,0,0,0,0,1,0,10,1,1,0,1,0,0,0,0,1,0,1
s: 8
t: 60.616

i: 41,0,1,0,0,0,0,1,0,1,1,0,0,1,0,0,0,0,1,0,0
s: 12
t: 11.621

i: 28,0,0,0,1,0,0,0,1,5,1,1,0,1,0,0,1,0,0,0,0
s: 9
t: 6.856

i: 17,0,1,0,0,0,1,0,0,3,1,1,0,0,1,0,1,0,0,0,0
s: 15
t: 5.319

i: 27,0,1,0,0,0,0,1,0,5,1,1,0,1,0,0,1,0,0,0,0
s: 11
t: 2.411

i: 27,1,0,0,0,0,1,0,0,4,1,1,0,0,1,0,1,0,0,0,1
s: 8
t: 20.388

SMT max time: 169.93
SMT min time: 0.94
SMT avg time: 17.32
SMT cumulative time: 1455.29
nombre of explain instances: 84
SMT std dev: 29.89

Nombre of timeouts SMT: 16
