i: 0,1,0,0,6,0,1,0,0,0,0,0,0,0,0,0,0,1,0,0,1169,0,0,0,0,1,0,0,0,1,0,4,0,0,0,1,0,0,1,4,0,0,1,0,67,0,1,0,0,1,0,2,0,0,0,1,1,1
s: 10
t: 22.061

i: 1,0,0,0,48,0,0,0,1,0,0,0,0,0,0,0,0,1,0,0,5951,0,0,1,0,0,1,0,0,0,0,2,1,0,0,0,0,0,1,2,0,0,1,0,22,0,1,0,0,1,0,1,0,0,0,1,1,0
s: 17
t: 32.561

i: 0,0,0,1,12,0,1,0,0,0,0,0,0,0,1,0,0,0,0,0,2096,0,0,1,0,0,0,1,0,0,0,2,0,0,0,1,0,0,1,3,0,0,1,0,49,0,1,0,0,1,0,1,0,0,1,0,2,0
s: 12
t: 52.648

i: 0,1,0,0,42,0,0,0,1,0,0,0,0,0,0,1,0,0,0,0,7882,0,0,1,0,0,0,1,0,0,0,2,0,0,0,1,0,1,0,4,1,0,0,0,45,0,1,0,1,0,0,1,0,0,0,1,2,0
s: 13
t: 77.242

i: 0,1,0,0,24,0,0,1,0,0,0,1,0,0,0,0,0,0,0,0,4870,0,0,1,0,0,1,0,0,0,0,3,0,0,0,1,0,0,1,4,0,1,0,0,53,0,1,0,1,0,0,2,0,0,0,1,2,0
s: 14
t: 18.793

i: 0,0,0,1,36,0,0,0,1,0,0,0,0,0,1,0,0,0,0,0,9055,0,0,0,0,1,1,0,0,0,0,2,0,0,0,1,0,0,1,4,0,1,0,0,35,0,1,0,1,0,0,1,0,0,1,0,2,1
s: 14
t: 15.684

i: 0,0,0,1,24,0,0,0,1,0,0,0,0,0,0,1,0,0,0,0,2835,0,1,0,0,0,0,0,0,1,0,3,0,0,0,1,0,0,1,4,1,0,0,0,53,0,1,0,0,1,0,1,0,0,0,1,1,0
s: 13
t: 21.851

i: 1,0,0,0,36,0,0,0,1,0,0,0,1,0,0,0,0,0,0,0,6948,0,0,1,0,0,1,0,0,0,0,2,0,0,0,1,0,0,1,2,0,0,0,1,35,0,1,0,0,0,1,1,1,0,0,0,1,1
s: 14
t: 41.516

i: 0,0,0,1,12,0,0,0,1,0,0,0,0,0,0,0,0,1,0,0,3059,0,0,0,1,0,0,1,0,0,0,2,0,1,0,0,0,0,1,4,0,0,1,0,61,0,1,0,0,1,0,1,0,0,1,0,1,0
s: 15
t: 24.558

i: 1,0,0,0,30,0,1,0,0,0,0,1,0,0,0,0,0,0,0,0,5234,0,0,1,0,0,0,0,0,0,1,4,0,0,1,0,0,0,1,2,0,0,0,1,28,0,1,0,0,1,0,2,1,0,0,0,1,0
s: 11
t: 3.782

i: 1,0,0,0,12,0,0,0,1,0,0,1,0,0,0,0,0,0,0,0,1295,0,0,1,0,0,0,0,1,0,0,3,1,0,0,0,0,0,1,1,0,0,0,1,25,0,1,0,0,0,1,1,0,0,0,1,1,0
s: 10
t: 17.098

i: 0,1,0,0,48,0,0,0,1,0,0,0,0,1,0,0,0,0,0,0,4308,0,0,1,0,0,0,0,1,0,0,3,1,0,0,0,0,0,1,4,1,0,0,0,24,0,1,0,0,0,1,1,0,0,0,1,1,0
s: 16
t: 12.872

i: 1,0,0,0,12,0,0,0,1,0,0,0,0,0,0,0,0,1,0,0,1567,0,0,1,0,0,1,0,0,0,0,1,1,0,0,0,0,0,1,1,0,0,0,1,22,0,1,0,0,1,0,1,0,0,0,1,1,1
s: 12
t: 123.506

[TIMEOUT SMT] instance 13
i: 0,1,0,0,15,0,0,0,1,0,0,1,0,0,0,0,0,0,0,0,1403,0,0,1,0,0,1,0,0,0,0,2,1,0,0,0,0,0,1,4,0,0,0,1,28,0,1,0,0,0,1,1,0,0,0,1,1,0
s: 16
t: 31.194

i: 0,1,0,0,24,0,0,0,1,0,0,0,0,0,0,0,0,1,0,0,1282,1,0,0,0,0,1,0,0,0,0,4,1,0,0,0,0,0,1,2,0,0,0,1,32,0,1,0,0,1,0,1,0,0,1,0,1,0
s: 17
t: 10.821

[TIMEOUT SMT] instance 16
i: 0,1,0,0,30,0,0,0,0,1,0,0,0,1,0,0,0,0,0,0,8072,0,0,0,0,1,0,0,1,0,0,2,0,0,0,1,0,0,1,3,0,0,0,1,25,1,0,0,0,1,0,3,0,0,0,1,1,0
s: 18
t: 14.746

i: 1,0,0,0,24,0,0,0,1,0,0,0,1,0,0,0,0,0,0,0,12579,0,0,1,0,0,0,0,0,1,0,4,1,0,0,0,0,0,1,2,0,1,0,0,44,0,1,0,1,0,0,1,1,0,0,0,1,1
s: 13
t: 22.987

i: 0,0,0,1,24,0,0,0,1,0,0,0,0,0,0,0,0,1,0,0,3430,0,1,0,0,0,0,0,0,1,0,3,0,0,0,1,0,0,1,2,0,0,0,1,31,0,1,0,0,1,0,1,0,0,0,1,2,1
s: 11
t: 160.540

[TIMEOUT SMT] instance 20
i: 0,1,0,0,6,0,0,0,1,0,0,0,0,0,0,0,0,1,0,0,2647,0,1,0,0,0,1,0,0,0,0,2,0,0,0,1,0,0,1,3,0,0,1,0,44,0,1,0,0,0,1,1,0,0,0,1,2,0
s: 19
t: 7.900

i: 0,1,0,0,10,0,1,0,0,0,0,1,0,0,0,0,0,0,0,0,2241,0,0,1,0,0,0,0,1,0,0,1,0,0,0,1,0,0,1,3,0,0,1,0,48,0,1,0,0,0,1,2,0,0,1,0,2,0
s: 14
t: 11.751

i: 1,0,0,0,12,0,1,0,0,0,0,0,1,0,0,0,0,0,0,0,1804,1,0,0,0,0,0,0,1,0,0,3,0,0,0,1,0,0,1,4,1,0,0,0,44,0,1,0,0,1,0,1,0,0,0,1,1,0
s: 20
t: 0.894

[TIMEOUT SMT] instance 24
i: 0,1,0,0,6,0,0,0,1,0,0,0,0,0,0,1,0,0,0,0,1374,0,0,1,0,0,1,0,0,0,0,1,0,0,0,1,0,0,1,2,0,0,1,0,36,1,0,0,0,1,0,1,0,0,1,0,1,1
s: 19
t: 1.485

i: 0,0,0,1,6,0,0,0,0,1,0,0,0,0,0,0,0,1,0,0,426,0,0,1,0,0,0,0,0,1,0,4,0,0,1,0,0,0,1,4,0,0,0,1,39,0,1,0,0,1,0,1,0,0,1,0,1,0
s: 12
t: 36.262

i: 0,0,1,0,12,1,0,0,0,0,0,0,0,0,0,0,0,1,0,0,409,0,0,0,1,0,1,0,0,0,0,3,1,0,0,0,0,0,1,3,0,0,1,0,42,0,1,0,0,0,1,2,0,0,0,1,1,0
s: 12
t: 26.742

i: 1,0,0,0,7,0,0,0,1,0,0,0,0,0,0,0,0,1,0,0,2415,0,0,1,0,0,1,0,0,0,0,3,0,0,0,1,0,1,0,2,0,0,1,0,34,0,1,0,0,1,0,1,0,0,0,1,1,0
s: 16
t: 29.959

i: 0,1,0,0,60,0,0,1,0,0,0,0,0,1,0,0,0,0,0,0,6836,0,0,1,0,0,0,0,0,1,0,3,0,0,0,1,0,0,1,4,0,1,0,0,63,0,1,0,0,1,0,2,0,0,0,1,1,1
s: 17
t: 105.595

i: 1,0,0,0,18,0,0,0,1,0,0,0,0,1,0,0,0,0,0,0,1913,0,0,0,1,0,0,0,1,0,0,3,0,0,1,0,0,0,1,3,0,0,1,0,36,1,0,0,0,1,0,1,0,0,0,1,1,1
s: 12
t: 20.501

i: 0,1,0,0,24,0,0,0,1,0,0,0,0,0,0,1,0,0,0,0,4020,0,0,1,0,0,1,0,0,0,0,2,0,0,0,1,0,0,1,2,0,0,0,1,27,0,0,1,0,1,0,1,0,0,0,1,1,0
s: 13
t: 79.122

i: 1,0,0,0,18,0,0,0,1,0,0,1,0,0,0,0,0,0,0,0,5866,1,0,0,0,0,1,0,0,0,0,2,0,0,0,1,0,0,1,2,0,0,0,1,30,0,1,0,0,1,0,2,0,0,0,1,1,1
s: 12
t: 99.588

i: 0,0,0,1,12,0,1,0,0,0,0,0,0,1,0,0,0,0,0,0,1264,0,0,0,0,1,0,0,0,1,0,4,0,0,0,1,0,0,1,4,0,1,0,0,57,0,1,0,0,0,1,1,0,0,1,0,1,0
s: 10
t: 18.015

i: 0,0,1,0,12,0,0,0,1,0,0,0,0,0,0,1,0,0,0,0,1474,0,0,1,0,0,0,0,1,0,0,4,1,0,0,0,0,0,1,1,1,0,0,0,33,1,0,0,0,1,0,1,1,0,0,0,1,1
s: 15
t: 34.507

i: 1,0,0,0,45,0,1,0,0,0,0,0,0,0,0,0,0,1,0,0,4746,0,0,1,0,0,0,0,1,0,0,4,0,0,0,1,0,0,1,2,1,0,0,0,25,0,1,0,0,1,0,2,0,0,1,0,1,0
s: 8
t: 57.531

i: 0,0,0,1,48,0,1,0,0,0,0,0,0,0,1,0,0,0,0,0,6110,0,0,1,0,0,1,0,0,0,0,1,0,0,0,1,0,0,1,3,0,1,0,0,31,1,0,0,1,0,0,1,0,0,0,1,1,1
s: 14
t: 3.400

i: 0,0,1,0,18,0,0,0,1,0,0,0,0,0,0,0,0,1,0,0,2100,0,0,1,0,0,1,0,0,0,0,4,0,0,0,1,1,0,0,2,0,0,1,0,37,0,0,1,0,1,0,1,0,0,0,1,1,0
s: 13
t: 16.046

i: 0,0,1,0,10,0,0,0,1,0,1,0,0,0,0,0,0,0,0,0,1225,0,0,1,0,0,1,0,0,0,0,2,0,0,0,1,0,0,1,2,0,0,0,1,37,0,1,0,0,1,0,1,0,0,0,1,1,1
s: 13
t: 68.981

i: 1,0,0,0,9,0,0,0,1,0,0,0,0,0,0,0,0,1,0,0,458,0,0,1,0,0,1,0,0,0,0,4,0,0,0,1,0,0,1,3,0,0,1,0,24,0,1,0,0,1,0,1,0,0,0,1,1,0
s: 12
t: 78.170

i: 0,0,0,1,30,0,0,0,1,0,0,0,0,0,0,0,0,1,0,0,2333,0,1,0,0,0,0,0,0,1,0,4,0,0,0,1,0,0,1,2,0,0,0,1,30,1,0,0,0,1,0,1,1,0,0,0,1,0
s: 11
t: 8.669

i: 1,0,0,0,12,0,0,0,1,0,0,0,0,0,0,0,0,1,0,0,1158,0,1,0,0,0,1,0,0,0,0,3,0,1,0,0,0,0,1,1,0,0,0,1,26,0,1,0,0,1,0,1,0,0,0,1,1,1
s: 12
t: 118.554

i: 1,0,0,0,18,0,0,1,0,0,0,0,0,0,0,0,0,0,1,0,6204,0,0,1,0,0,1,0,0,0,0,2,0,0,0,1,0,0,1,4,0,0,1,0,44,0,1,0,0,1,0,1,0,0,1,0,2,1
s: 18
t: 9.412

i: 0,1,0,0,30,0,1,0,0,0,0,0,1,0,0,0,0,0,0,0,6187,1,0,0,0,0,0,1,0,0,0,1,0,0,1,0,0,0,1,4,0,0,0,1,24,0,1,0,0,0,1,2,0,0,0,1,1,0
s: 11
t: 23.123

i: 0,1,0,0,48,0,1,0,0,0,0,0,1,0,0,0,0,0,0,0,6143,0,0,1,0,0,0,0,0,1,0,4,1,0,0,0,0,0,1,4,0,1,0,0,58,0,0,1,1,0,0,2,0,0,1,0,1,0
s: 10
t: 51.340

i: 0,0,0,1,11,0,1,0,0,0,0,1,0,0,0,0,0,0,0,0,1393,0,0,1,0,0,0,0,1,0,0,4,1,0,0,0,0,0,1,4,0,0,0,1,35,0,1,0,0,1,0,2,1,0,0,0,1,0
s: 10
t: 106.125

i: 0,0,0,1,36,0,0,0,1,0,0,0,0,0,0,0,0,1,0,0,2299,0,1,0,0,0,0,0,0,1,0,4,0,0,0,1,0,0,1,4,0,0,0,1,39,0,1,0,0,1,0,1,0,0,0,1,1,0
s: 20
t: 6.319

i: 0,1,0,0,6,0,0,0,1,0,0,0,1,0,0,0,0,0,0,0,1352,0,1,0,0,0,0,0,0,0,1,1,1,0,0,0,0,0,1,2,1,0,0,0,23,0,1,0,0,0,1,1,0,1,0,0,1,1
s: 16
t: 26.509

i: 0,0,0,1,11,0,1,0,0,0,0,1,0,0,0,0,0,0,0,0,7228,0,0,1,0,0,1,0,0,0,0,1,0,0,0,1,0,0,1,4,1,0,0,0,39,0,1,0,0,1,0,2,0,0,1,0,1,0
s: 16
t: 1.069

i: 0,0,0,1,12,0,0,0,1,0,0,0,0,0,0,0,0,1,0,0,2073,1,0,0,0,0,1,0,0,0,0,4,1,0,0,0,1,0,0,2,0,0,1,0,28,0,1,0,0,1,0,1,0,0,0,1,1,0
s: 16
t: 9.959

i: 1,0,0,0,24,0,0,1,0,0,0,0,0,0,0,1,0,0,0,0,2333,0,0,0,0,1,0,0,1,0,0,4,0,0,0,1,0,0,1,2,1,0,0,0,29,1,0,0,0,1,0,1,0,0,1,0,1,0
s: 6
t: 164.893

[TIMEOUT SMT] instance 51
i: 0,0,0,1,12,0,0,0,1,0,0,0,0,0,0,0,0,1,0,0,1262,0,0,1,0,0,1,0,0,0,0,3,0,0,0,1,0,0,1,2,0,0,0,1,25,0,1,0,0,1,0,1,0,0,0,1,1,0
s: 10
t: 20.261

i: 0,0,0,1,18,0,0,0,1,0,0,0,1,0,0,0,0,0,0,0,3378,0,0,0,0,1,1,0,0,0,0,2,0,0,0,1,0,0,1,1,1,0,0,0,31,0,1,0,0,1,0,1,0,0,0,1,1,1
s: 15
t: 70.993

i: 1,0,0,0,36,0,0,1,0,0,0,1,0,0,0,0,0,0,0,0,2225,0,0,1,0,0,0,0,0,1,0,4,0,0,0,1,0,0,1,4,0,1,0,0,57,1,0,0,1,0,0,2,0,0,0,1,1,1
s: 16
t: 51.460

i: 0,0,0,1,6,1,0,0,0,0,0,1,0,0,0,0,0,0,0,0,783,0,0,0,0,1,1,0,0,0,0,1,0,0,0,1,0,1,0,2,0,0,1,0,26,0,0,1,0,1,0,1,0,0,1,0,2,0
s: 11
t: 7.845

[TIMEOUT SMT] instance 56
i: 0,0,0,1,36,0,1,0,0,0,0,0,0,0,0,0,0,1,0,0,9566,0,0,1,0,0,1,0,0,0,0,2,1,0,0,0,0,0,1,2,0,0,0,1,31,0,0,1,0,1,0,2,0,0,0,1,1,0
s: 16
t: 18.408

i: 0,0,1,0,18,0,0,0,1,0,0,1,0,0,0,0,0,0,0,0,1961,0,0,1,0,0,0,0,0,1,0,3,1,0,0,0,0,0,1,2,0,0,0,1,23,0,1,0,0,1,0,1,1,0,0,0,1,0
s: 13
t: 40.840

i: 0,1,0,0,36,0,1,0,0,0,0,0,0,0,0,1,0,0,0,0,6229,0,0,1,0,0,0,0,1,0,0,4,1,0,0,0,1,0,0,4,0,1,0,0,23,0,1,0,0,0,1,2,0,0,1,0,1,1
s: 13
t: 12.515

i: 1,0,0,0,9,0,0,0,1,0,0,0,0,1,0,0,0,0,0,0,1391,0,0,1,0,0,1,0,0,0,0,2,0,0,1,0,0,0,1,1,0,0,1,0,27,1,0,0,0,1,0,1,0,0,0,1,1,1
s: 16
t: 6.782

[TIMEOUT SMT] instance 61
i: 1,0,0,0,36,0,0,0,0,1,0,0,0,1,0,0,0,0,0,0,1953,0,0,1,0,0,0,0,0,1,0,4,0,0,0,1,0,0,1,4,0,1,0,0,61,0,1,0,1,0,0,1,1,0,0,0,1,1
s: 16
t: 57.990

i: 1,0,0,0,48,0,0,0,0,1,0,0,0,1,0,0,0,0,0,0,14421,0,0,1,0,0,1,0,0,0,0,2,0,0,0,1,0,0,1,2,0,0,0,1,25,0,1,0,0,1,0,1,0,0,0,1,1,1
s: 14
t: 66.585

i: 0,0,0,1,24,0,0,0,1,0,0,0,0,0,0,0,0,1,0,0,3181,0,0,1,0,0,0,0,1,0,0,4,1,0,0,0,0,0,1,4,1,0,0,0,26,0,1,0,0,1,0,1,0,0,0,1,1,1
s: 14
t: 60.268

i: 0,0,0,1,27,0,0,0,1,0,0,0,0,0,0,0,0,0,1,0,5190,0,0,0,0,1,0,0,0,1,0,4,0,0,0,1,0,0,1,4,1,0,0,0,48,0,1,0,0,1,0,4,0,0,0,1,2,1
s: 16
t: 30.007

i: 0,0,0,1,12,0,0,0,1,0,0,0,0,0,0,0,0,1,0,0,2171,0,0,1,0,0,0,0,1,0,0,2,1,0,0,0,0,0,1,2,0,0,0,1,29,1,0,0,0,1,0,1,0,0,0,1,1,0
s: 17
t: 15.509

[TIMEOUT SMT] instance 67
i: 0,0,0,1,36,0,0,0,1,0,0,0,0,0,1,0,0,0,0,0,1819,0,0,1,0,0,1,0,0,0,0,4,0,0,0,1,0,0,1,4,0,1,0,0,37,0,0,1,1,0,0,1,0,0,0,1,1,1
s: 19
t: 86.356

i: 0,0,0,1,36,0,0,0,1,0,0,0,0,0,0,0,0,1,0,0,2394,0,0,0,0,1,1,0,0,0,0,4,1,0,0,0,0,0,1,4,0,0,0,1,25,0,1,0,0,1,0,1,0,0,0,1,1,0
s: 15
t: 92.096

i: 0,0,0,1,36,0,0,0,1,0,0,0,1,0,0,0,0,0,0,0,8133,0,0,1,0,0,1,0,0,0,0,1,1,0,0,0,0,0,1,2,1,0,0,0,30,1,0,0,0,1,0,1,0,0,0,1,1,0
s: 14
t: 17.513

i: 0,0,0,1,7,0,1,0,0,0,0,0,0,0,0,0,0,1,0,0,730,0,0,0,0,1,0,0,0,1,0,4,0,0,0,1,0,0,1,2,1,0,0,0,46,0,1,0,0,0,1,2,0,0,1,0,1,1
s: 10
t: 34.779

i: 0,1,0,0,8,0,1,0,0,0,0,0,0,0,0,0,1,0,0,0,1164,0,0,1,0,0,0,0,0,1,0,3,0,0,0,1,0,0,1,4,0,1,0,0,51,1,0,0,1,0,0,2,1,0,0,0,2,1
s: 9
t: 64.076

i: 1,0,0,0,42,0,1,0,0,0,0,0,0,1,0,0,0,0,0,0,5954,0,0,1,0,0,0,1,0,0,0,2,1,0,0,0,0,0,1,1,0,0,1,0,41,1,0,0,0,1,0,2,0,0,1,0,1,0
s: 6
t: 86.880

i: 0,1,0,0,36,0,0,0,1,0,0,0,0,0,1,0,0,0,0,0,1977,0,0,0,0,1,0,0,0,1,0,4,0,0,0,1,0,0,1,4,0,1,0,0,40,0,1,0,0,1,0,1,1,0,0,0,1,1
s: 15
t: 62.654

i: 0,1,0,0,12,0,1,0,0,0,0,0,1,0,0,0,0,0,0,0,1526,0,0,1,0,0,0,0,0,1,0,4,0,0,0,1,0,0,1,4,0,1,0,0,66,0,1,0,1,0,0,2,1,0,0,0,1,0
s: 16
t: 17.204

i: 0,1,0,0,42,0,0,0,1,0,0,0,0,0,0,0,0,1,0,0,3965,0,0,1,0,0,0,0,1,0,0,4,0,0,0,1,0,0,1,3,0,0,0,1,34,0,1,0,0,1,0,1,0,0,0,1,1,0
s: 17
t: 12.019

i: 1,0,0,0,11,0,0,1,0,0,0,0,0,0,0,0,0,1,0,0,4771,0,0,1,0,0,0,1,0,0,0,2,0,0,0,1,0,0,1,4,1,0,0,0,51,0,1,0,0,1,0,1,0,0,0,1,1,0
s: 13
t: 92.744

[TIMEOUT SMT] instance 78
i: 1,0,0,0,30,0,0,0,1,0,0,0,0,0,0,1,0,0,0,0,3832,0,0,1,0,0,0,0,1,0,0,2,0,0,1,0,0,0,1,1,1,0,0,0,22,0,1,0,0,1,0,1,0,0,0,1,1,0
s: 9
t: 27.854

[TIMEOUT SMT] instance 80
i: 0,0,0,1,15,0,0,0,1,0,0,0,0,0,0,0,0,1,0,0,1213,0,1,0,0,0,0,0,0,1,0,4,0,0,0,1,0,0,1,3,1,0,0,0,47,0,0,1,0,1,0,1,0,0,0,1,1,1
s: 14
t: 28.471

i: 0,0,0,1,18,0,0,0,1,0,0,0,0,1,0,0,0,0,0,0,1568,1,0,0,0,0,1,0,0,0,0,3,1,0,0,0,0,0,1,4,1,0,0,0,24,0,1,0,0,0,1,1,0,0,1,0,1,0
s: 11
t: 67.611

[TIMEOUT SMT] instance 83
i: 0,1,0,0,10,0,0,0,1,0,0,0,0,0,0,0,0,1,0,0,2315,0,0,1,0,0,0,0,0,1,0,3,0,0,0,1,0,0,1,4,0,0,1,0,52,0,1,0,0,1,0,1,0,0,1,0,1,0
s: 13
t: 31.903

i: 0,0,0,1,12,0,1,0,0,0,0,0,0,1,0,0,0,0,0,0,1412,0,0,1,0,0,1,0,0,0,0,4,1,0,0,0,0,1,0,2,0,0,1,0,29,0,1,0,0,1,0,2,1,0,0,0,1,1
s: 16
t: 11.386

i: 1,0,0,0,18,0,1,0,0,0,0,0,0,0,0,1,0,0,0,0,1295,0,0,1,0,0,0,0,1,0,0,4,1,0,0,0,0,0,1,1,1,0,0,0,27,0,1,0,0,1,0,2,0,0,0,1,1,0
s: 12
t: 16.938

i: 1,0,0,0,36,0,0,0,1,0,0,0,0,0,1,0,0,0,0,0,12612,1,0,0,0,0,1,0,0,0,0,1,0,0,0,1,0,0,1,4,0,1,0,0,47,0,1,0,1,0,0,1,0,0,0,1,2,1
s: 13
t: 29.150

i: 0,1,0,0,18,0,0,0,1,0,0,1,0,0,0,0,0,0,0,0,2249,1,0,0,0,0,0,1,0,0,0,4,0,0,0,1,0,0,1,3,0,0,0,1,30,0,1,0,0,1,0,1,1,0,0,0,2,1
s: 14
t: 38.433

i: 0,1,0,0,12,0,0,0,0,1,0,0,0,0,0,0,0,0,1,0,1108,0,0,1,0,0,0,1,0,0,0,4,0,0,0,1,0,0,1,3,0,0,1,0,28,0,1,0,0,1,0,2,0,0,0,1,1,0
s: 20
t: 18.159

i: 0,0,0,1,12,0,1,0,0,0,0,0,0,0,0,0,0,1,0,0,618,0,0,1,0,0,0,0,0,1,0,4,0,0,0,1,0,0,1,4,0,0,1,0,56,0,1,0,0,1,0,1,0,0,0,1,1,0
s: 9
t: 81.831

i: 0,1,0,0,12,0,1,0,0,0,0,0,1,0,0,0,0,0,0,0,1409,0,0,1,0,0,0,0,0,1,0,4,0,0,0,1,0,0,1,3,0,0,1,0,54,0,1,0,0,1,0,1,0,0,0,1,1,0
s: 11
t: 28.226

[TIMEOUT SMT] instance 92
i: 0,0,1,0,24,0,1,0,0,0,0,0,0,0,0,1,0,0,0,0,3617,0,0,0,0,1,0,0,0,1,0,4,0,0,0,1,1,0,0,4,0,1,0,0,20,0,1,0,0,0,1,2,0,0,0,1,1,0
s: 14
t: 58.537

[TIMEOUT SMT] instance 94
i: 1,0,0,0,54,0,0,0,0,1,0,0,0,1,0,0,0,0,0,0,15945,0,0,1,0,0,0,0,1,0,0,3,0,0,0,1,0,0,1,4,0,1,0,0,58,0,1,0,0,0,1,1,0,0,0,1,1,1
s: 17
t: 98.285

[TIMEOUT SMT] instance 96
i: 1,0,0,0,18,0,0,0,1,0,0,0,0,1,0,0,0,0,0,0,2622,1,0,0,0,0,1,0,0,0,0,4,0,0,0,1,0,0,1,4,0,0,0,1,34,0,1,0,0,1,0,1,0,0,0,1,1,0
s: 17
t: 15.584

i: 1,0,0,0,36,0,1,0,0,0,0,0,0,0,0,0,0,1,0,0,2337,0,0,1,0,0,0,0,0,1,0,4,0,0,0,1,0,0,1,4,0,0,1,0,36,0,1,0,0,1,0,1,0,0,0,1,1,0
s: 18
t: 10.445

i: 1,0,0,0,20,0,0,1,0,0,0,0,1,0,0,0,0,0,0,0,7057,0,0,0,0,1,0,1,0,0,0,3,0,0,0,1,0,0,1,4,1,0,0,0,36,1,0,0,0,0,1,2,1,0,0,0,2,1
s: 14
t: 0.916

SMT max time: 164.89
SMT min time: 0.89
SMT avg time: 40.89
SMT cumulative time: 3516.39
nombre of explain instances: 86
SMT std dev: 36.46

Nombre of timeouts SMT: 14
