i: 1,65,168,0,1,0,0,0,0,1,0,0,0,0,0,0,0,0,0,0,0,0,0,1,0,0,0,0,39,0,0,1,1,0,1,0,32,161
s: 7
t: 4.307
c: 0

i: 0,72,123,0,1,0,0,0,0,0,0,0,0,1,0,0,0,0,0,0,0,0,0,1,0,0,0,0,5,0,0,1,0,0,1,0,53,1
s: 6
t: 4.547
c: 0

i: 0,142,52,1,0,0,0,0,0,1,0,0,0,0,0,0,0,0,0,0,0,0,0,1,0,0,0,0,31,0,0,1,1,0,1,0,98,1
s: 10
t: 6.472
c: 0

i: 0,60,169,1,0,0,0,0,0,0,1,0,0,0,0,0,0,0,0,0,0,0,1,0,0,0,0,0,1,1,1,12,1,0,1,0,1,1
s: 9
t: 5.779
c: 0

i: 1,44,134,0,1,0,0,0,0,0,0,1,0,0,0,0,0,0,0,0,0,0,0,1,0,0,0,0,46,1,1,15,0,0,1,0,18,68
s: 6
t: 4.899
c: 0

i: 0,4,20,0,1,0,0,0,0,0,0,0,0,1,0,0,0,0,0,0,0,0,0,0,0,0,1,0,37,1,1,3,0,0,1,0,32,1
s: 13
t: 6.333
c: 0

i: 1,16,119,0,1,0,0,0,1,0,0,0,0,0,0,0,0,0,0,0,0,0,0,1,0,0,0,0,4,0,0,1,0,0,1,0,18,50
s: 7
t: 5.360
c: 0

i: 0,330,94,0,1,0,0,0,0,0,0,0,0,0,0,0,1,0,0,0,0,0,0,0,0,0,1,0,66,1,1,7,0,0,1,0,12,120
s: 5
t: 5.384
c: 0

i: 1,126,33,1,0,0,0,1,0,0,0,0,0,0,0,0,0,0,0,0,0,0,0,0,0,0,1,0,65,0,0,1,0,0,1,0,61,117
s: 8
t: 6.058
c: 0

i: 0,315,125,0,1,0,0,0,0,1,0,0,0,0,0,0,0,0,0,0,0,0,0,0,0,0,1,0,100,1,1,4,1,0,1,0,32,36
s: 8
t: 6.204
c: 0

i: 1,183,52,0,1,0,0,0,0,0,0,0,0,0,0,0,0,0,0,1,0,0,0,0,0,0,1,0,81,1,1,5,1,0,1,0,89,144
s: 6
t: 7.261
c: 0

i: 1,248,102,0,1,0,0,0,0,0,0,0,0,0,0,0,1,0,0,0,0,0,0,0,0,0,1,0,85,1,1,7,1,0,1,0,148,1
s: 8
t: 13.334
c: 0

i: 1,49,40,1,0,0,0,0,0,0,0,0,0,1,0,0,0,0,0,0,0,0,0,0,0,0,1,0,34,1,1,4,1,0,1,0,45,79
s: 11
t: 12.444
c: 0

i: 1,198,102,0,1,0,0,0,0,0,0,0,0,0,0,0,0,0,0,1,0,0,0,0,0,0,1,0,104,1,1,7,1,0,1,0,1,150
s: 5
t: 7.583
c: 0

i: 1,329,69,0,1,0,0,0,0,0,0,0,0,1,0,0,0,0,0,0,0,0,0,1,0,0,0,0,56,0,0,1,1,0,1,0,107,1
s: 11
t: 9.489
c: 0

i: 1,284,116,0,1,0,0,0,0,1,0,0,0,0,0,0,0,0,0,0,0,0,0,1,0,0,0,0,2,0,0,1,0,0,1,0,1,196
s: 8
t: 6.038
c: 0

i: 1,142,95,0,1,0,0,0,0,0,0,0,0,0,1,0,0,0,0,0,0,0,0,1,0,0,0,0,104,1,1,3,1,0,1,0,109,1
s: 11
t: 21.953
c: 0

i: 0,33,139,0,1,0,0,0,0,0,0,1,0,0,0,0,0,0,0,0,0,0,0,1,0,0,0,0,20,1,1,3,0,0,1,0,26,124
s: 9
t: 10.563
c: 0

i: 1,42,40,1,0,0,0,0,0,1,0,0,0,0,0,0,0,0,0,0,0,0,0,1,0,0,0,0,4,0,0,1,0,0,1,0,45,5
s: 7
t: 9.608
c: 0

i: 0,69,111,0,1,0,0,0,0,0,0,0,0,0,0,0,1,0,0,0,0,0,0,1,0,0,0,0,60,1,1,8,0,0,1,0,41,202
s: 5
t: 12.654
c: 0

i: 0,129,20,0,1,0,0,0,0,0,0,1,0,0,0,0,0,0,0,0,0,0,0,1,0,0,0,0,2,0,0,1,0,0,1,0,92,151
s: 8
t: 7.665
c: 0

i: 0,35,20,1,0,0,0,0,0,0,0,1,0,0,0,0,0,0,0,0,0,0,0,1,0,0,0,0,16,1,0,1,1,0,1,0,53,1
s: 9
t: 9.909
c: 0

i: 1,246,42,0,1,0,0,1,0,0,0,0,0,0,0,0,0,0,0,0,0,0,0,1,0,0,0,0,5,0,0,1,0,0,1,0,57,1
s: 6
t: 10.643
c: 0

i: 1,250,52,0,1,0,0,0,0,1,0,0,0,0,0,0,0,0,0,0,0,0,0,1,0,0,0,0,6,1,0,1,0,0,1,0,53,1
s: 8
t: 16.483
c: 0

i: 1,38,146,0,1,0,0,0,0,0,0,1,0,0,0,0,0,0,0,0,0,0,0,1,0,0,0,0,21,0,0,1,0,0,1,0,24,101
s: 6
t: 8.018
c: 0

i: 1,176,46,0,1,0,0,0,0,0,0,0,0,0,0,0,0,0,1,0,0,0,0,0,0,0,1,0,93,1,1,4,1,0,1,0,1,1
s: 7
t: 12.436
c: 0

i: 1,70,5,1,0,0,0,0,0,1,0,0,0,0,0,0,0,0,0,0,0,0,0,1,0,0,0,0,4,0,0,1,0,0,1,0,69,44
s: 9
t: 16.312
c: 0

i: 1,181,74,1,0,0,0,0,0,0,0,0,0,1,0,0,0,0,0,0,0,0,0,0,0,0,1,0,48,1,1,2,1,0,1,0,63,235
s: 8
t: 16.544
c: 0

i: 0,155,175,0,1,0,0,0,0,0,0,0,0,1,0,0,0,0,0,0,0,0,0,1,0,0,0,0,47,1,1,2,0,0,1,0,77,20
s: 12
t: 19.996
c: 0

i: 1,77,66,0,1,0,0,0,0,0,0,0,0,1,0,0,0,0,0,0,0,0,0,1,0,0,0,0,28,1,1,12,1,0,1,0,18,186
s: 5
t: 12.805
c: 0

i: 1,118,26,0,1,0,0,0,0,0,0,0,0,1,0,0,0,0,0,0,0,0,0,0,0,0,1,0,78,1,1,4,1,0,1,0,106,66
s: 11
t: 21.926
c: 0

i: 0,47,160,1,0,0,0,0,0,0,0,0,0,0,0,0,0,0,0,1,0,0,0,0,0,0,1,0,1,0,0,1,1,0,1,0,51,28
s: 9
t: 10.679
c: 0

i: 1,305,43,1,0,0,0,0,0,0,0,0,0,1,0,0,0,0,0,0,0,0,0,0,0,0,1,0,114,1,0,1,1,0,1,0,69,50
s: 10
t: 16.347
c: 0

i: 1,77,169,0,1,0,0,0,0,0,0,0,0,0,1,0,0,0,0,0,0,0,0,0,0,0,1,0,50,1,1,12,1,0,1,0,100,92
s: 6
t: 18.721
c: 0

i: 1,259,40,0,1,0,0,0,0,0,0,0,1,0,0,0,0,0,0,0,0,0,0,1,0,0,0,0,123,0,1,2,1,0,1,0,115,54
s: 10
t: 10.492
c: 0

i: 1,348,204,1,0,0,1,0,0,0,0,0,0,0,0,0,0,0,0,0,1,0,0,0,0,0,0,0,2,0,1,3,0,0,1,0,1,102
s: 12
t: 13.426
c: 0

i: 1,95,180,0,1,0,0,0,0,0,0,1,0,0,0,0,0,0,0,0,0,0,0,1,0,0,0,0,65,1,0,1,1,1,0,0,3,1
s: 8
t: 17.353
c: 0

i: 1,236,191,0,1,0,0,0,0,0,0,0,0,0,1,0,0,0,0,0,0,0,0,1,0,0,0,0,111,1,1,7,1,0,1,0,20,1
s: 6
t: 16.135
c: 0

i: 0,282,132,0,1,0,0,0,0,0,0,0,0,1,0,0,0,0,0,0,0,0,0,1,0,0,0,0,106,1,1,7,1,0,1,0,1,164
s: 5
t: 13.289
c: 0

i: 0,280,73,0,1,0,0,0,0,0,0,0,0,0,0,0,0,0,0,1,0,0,0,1,0,0,0,0,123,1,1,3,1,0,1,0,155,178
s: 5
t: 20.075
c: 0

i: 1,78,1,0,1,0,0,0,0,0,0,0,0,0,0,0,0,0,1,0,0,0,0,1,0,0,0,0,3,1,0,1,0,0,1,0,1,1
s: 11
t: 30.713
c: 0

i: 1,71,46,1,0,0,0,0,0,0,0,1,0,0,0,0,0,0,0,0,0,0,0,1,0,0,0,0,15,0,0,1,1,0,1,0,38,42
s: 11
t: 16.373
c: 0

i: 1,115,37,0,1,0,0,0,0,0,0,0,0,0,0,0,0,0,0,1,0,0,0,0,0,0,1,0,31,1,0,1,0,0,1,0,1,216
s: 8
t: 16.537
c: 0

i: 1,338,18,0,1,0,0,0,0,0,0,0,0,1,0,0,0,0,0,0,0,0,0,1,0,0,0,0,16,1,1,4,1,0,1,0,63,1
s: 6
t: 11.941
c: 0

i: 1,84,14,1,0,0,0,0,0,0,0,0,0,1,0,0,0,0,0,0,0,0,0,1,0,0,0,0,2,0,1,3,0,0,1,0,40,7
s: 10
t: 16.553
c: 0

i: 0,50,156,0,1,0,0,0,0,0,0,0,0,0,0,0,1,0,0,0,0,0,0,1,0,0,0,0,19,1,1,3,1,0,1,0,14,1
s: 12
t: 29.446
c: 0

i: 0,90,52,1,0,0,0,0,0,0,0,0,0,1,0,0,0,0,0,0,0,0,0,1,0,0,0,0,5,0,0,1,0,0,1,0,43,1
s: 5
t: 14.130
c: 0

i: 1,8,2,0,1,0,0,0,0,0,0,0,0,1,0,0,0,0,0,0,0,0,0,1,0,0,0,0,2,0,0,1,0,0,1,0,1,1
s: 7
t: 22.604
c: 0

i: 0,141,55,1,0,0,0,0,0,0,0,0,0,0,0,1,0,0,0,0,0,0,0,0,0,0,1,0,47,0,0,1,0,0,1,0,91,18
s: 6
t: 11.882
c: 0

i: 0,308,196,0,1,0,0,0,0,0,0,0,0,1,0,0,0,0,0,0,0,0,0,1,0,0,0,0,93,1,1,15,0,0,1,0,1,188
s: 5
t: 16.001
c: 0

i: 1,173,82,0,1,0,0,0,0,1,0,0,0,0,0,0,0,0,0,0,0,0,0,1,0,0,0,0,14,0,0,1,1,0,1,0,84,1
s: 6
t: 13.853
c: 0

i: 1,53,90,1,0,0,0,0,1,0,0,0,0,0,0,0,0,0,0,0,0,0,0,0,0,0,1,0,2,0,0,1,0,0,1,0,45,50
s: 8
t: 14.784
c: 0

i: 1,129,5,1,0,0,0,0,0,1,0,0,0,0,0,0,0,0,0,0,0,0,0,1,0,0,0,0,3,0,0,1,0,0,1,0,76,185
s: 9
t: 14.724
c: 0

i: 1,34,52,1,0,0,0,0,0,0,0,0,0,1,0,0,0,0,0,0,0,0,0,1,0,0,0,0,54,0,0,1,1,0,1,0,36,7
s: 10
t: 13.533
c: 0

i: 1,123,78,1,0,0,0,0,0,0,0,0,0,0,0,0,1,0,0,0,0,0,0,0,0,0,1,0,87,0,1,3,1,0,1,0,119,2
s: 7
t: 20.755
c: 0

i: 1,126,46,0,1,0,0,0,0,0,0,0,0,0,1,0,0,0,0,0,0,0,0,1,0,0,0,0,47,1,1,12,1,0,1,0,140,30
s: 13
t: 28.822
c: 0

i: 1,239,119,0,1,0,0,0,0,0,0,1,0,0,0,0,0,0,0,0,0,0,0,0,1,0,0,0,73,1,1,2,0,0,1,0,1,115
s: 5
t: 19.720
c: 0

i: 0,216,66,0,1,0,0,0,1,0,0,0,0,0,0,0,0,0,0,0,0,0,0,0,0,0,1,0,6,0,0,1,0,0,1,0,92,86
s: 7
t: 12.821
c: 0

i: 1,257,101,1,0,0,0,0,0,0,0,0,0,0,1,0,0,0,0,0,0,0,0,1,0,0,0,0,69,1,0,1,1,0,1,0,16,173
s: 4
t: 20.084
c: 0

i: 1,321,177,0,1,0,0,0,0,0,0,0,1,0,0,0,0,0,0,0,0,0,0,1,0,0,0,0,31,1,1,5,1,0,1,0,69,1
s: 7
t: 49.185
c: 0

i: 1,262,102,0,1,0,0,0,1,0,0,0,0,0,0,0,0,0,0,0,0,0,0,0,1,0,0,0,52,0,0,1,1,0,1,0,46,1
s: 8
t: 16.342
c: 0

i: 0,84,25,0,1,0,0,0,0,0,0,0,0,0,1,0,0,0,0,0,0,0,0,1,0,0,0,0,7,0,1,2,1,0,1,0,86,5
s: 6
t: 18.790
c: 0

i: 1,28,55,0,1,0,0,0,1,0,0,0,0,0,0,0,0,0,0,0,0,0,0,1,0,0,0,0,37,1,1,3,0,0,1,0,38,94
s: 8
t: 18.022
c: 0

i: 0,243,82,0,1,0,0,0,1,0,0,0,0,0,0,0,0,0,0,0,0,0,0,0,1,0,0,0,14,0,0,1,0,1,0,0,170,1
s: 12
t: 30.099
c: 0

i: 0,90,17,0,1,0,0,0,0,0,0,0,0,0,0,0,1,0,0,0,0,0,0,0,0,0,1,0,37,1,0,1,0,0,1,0,98,141
s: 6
t: 46.975
c: 0

i: 1,253,149,0,1,0,0,0,0,0,0,0,0,0,0,0,0,0,0,1,0,0,0,0,0,0,1,0,107,1,1,9,0,0,1,0,1,1
s: 5
t: 25.414
c: 0

i: 0,38,6,0,1,0,0,0,0,0,0,0,0,0,0,0,1,0,0,0,0,0,0,1,0,0,0,0,2,0,0,1,1,0,1,0,124,1
s: 13
t: 21.973
c: 0

i: 1,58,169,0,1,0,0,0,1,0,0,0,0,0,0,0,0,0,0,0,0,0,0,1,0,0,0,0,14,1,0,1,1,0,1,0,32,43
s: 10
t: 26.821
c: 0

i: 1,160,71,0,1,0,1,0,0,0,0,0,0,0,0,0,0,0,0,0,1,0,0,0,0,0,0,0,1,0,1,6,0,0,1,0,61,64
s: 12
t: 32.873
c: 0

i: 1,120,48,0,1,0,0,0,0,0,0,0,0,0,0,0,0,0,1,0,0,0,0,0,0,0,1,0,44,1,1,13,1,0,1,0,160,131
s: 6
t: 29.780
c: 0

i: 1,290,214,1,0,0,1,0,0,0,0,0,0,0,0,0,0,0,0,0,1,0,0,0,0,0,0,0,1,1,0,1,1,0,1,0,1,1
s: 10
t: 18.049
c: 0

i: 0,152,43,0,1,0,0,0,0,0,0,0,0,0,1,0,0,0,0,0,0,0,0,0,0,0,1,0,2,0,1,4,0,0,1,0,1,29
s: 8
t: 15.303
c: 0

i: 1,140,40,0,1,0,0,0,0,0,0,0,0,0,1,0,0,0,0,0,0,0,0,1,0,0,0,0,43,0,0,1,0,0,1,0,69,1
s: 10
t: 31.793
c: 0

i: 1,130,103,1,0,0,0,0,0,0,0,0,0,1,0,0,0,0,0,0,0,0,0,0,1,0,0,0,37,1,1,9,1,0,1,0,47,8
s: 12
t: 31.346
c: 0

i: 1,240,208,0,1,0,0,0,0,0,0,0,0,0,0,1,0,0,0,0,0,0,0,0,0,0,0,1,131,1,1,12,0,0,1,0,1,158
s: 5
t: 22.230
c: 0

i: 1,211,92,0,1,0,0,0,0,0,0,0,0,0,0,0,1,0,0,0,0,0,0,1,0,0,0,0,73,0,0,1,0,0,1,0,144,36
s: 9
t: 23.823
c: 0

i: 1,102,12,0,1,0,0,0,0,1,0,0,0,0,0,0,0,0,0,0,0,0,0,0,0,0,1,0,73,0,0,1,1,0,1,0,111,1
s: 11
t: 25.218
c: 0

i: 1,145,82,0,1,0,0,0,0,0,0,0,0,1,0,0,0,0,0,0,0,0,0,1,0,0,0,0,5,0,0,1,0,0,1,0,76,1
s: 6
t: 26.218
c: 0

i: 1,77,1,0,1,0,0,0,0,1,0,0,0,0,0,0,0,0,0,0,0,0,0,1,0,0,0,0,26,0,1,12,0,1,0,0,1,1
s: 12
t: 31.981
c: 0

i: 0,171,45,0,1,0,0,0,0,0,0,0,0,0,1,0,0,0,0,0,0,0,0,1,0,0,0,0,28,1,1,17,0,0,1,0,38,184
s: 8
t: 30.472
c: 0

i: 1,97,82,0,1,0,0,0,0,0,0,0,0,0,0,0,0,0,1,0,0,0,0,1,0,0,0,0,17,1,1,8,0,0,1,0,1,223
s: 5
t: 27.661
c: 0

i: 0,200,85,0,1,0,1,0,0,0,0,0,0,0,0,0,0,0,0,0,1,0,0,0,0,0,0,0,1,0,1,7,0,0,1,0,1,77
s: 7
t: 14.756
c: 0

i: 0,29,151,0,1,0,0,1,0,0,0,0,0,0,0,0,0,0,0,0,0,0,0,1,0,0,0,0,11,0,0,1,0,0,1,0,24,34
s: 6
t: 17.528
c: 0

i: 1,238,102,0,1,0,0,0,1,0,0,0,0,0,0,0,0,0,0,0,0,0,0,0,1,0,0,0,6,0,0,1,0,0,1,0,158,1
s: 13
t: 49.181
c: 0

i: 1,81,33,0,1,0,0,0,0,0,0,0,0,1,0,0,0,0,0,0,0,0,0,1,0,0,0,0,14,0,0,1,1,1,0,0,98,1
s: 8
t: 33.697
c: 0

i: 1,219,1,0,1,0,0,0,0,0,0,0,0,1,0,0,0,0,0,0,0,0,0,1,0,0,0,0,1,0,0,1,0,0,0,1,65,1
s: 12
t: 19.510
c: 0

i: 0,92,189,0,1,0,0,0,0,0,0,0,0,0,0,0,1,0,0,0,0,0,0,0,0,0,1,0,37,0,0,1,0,0,1,0,98,2
s: 7
t: 34.706
c: 0

i: 0,276,185,0,1,0,0,0,1,0,0,0,0,0,0,0,0,0,0,0,0,0,0,0,1,0,0,0,89,1,1,10,1,0,1,0,1,1
s: 5
t: 33.391
c: 0

i: 1,190,106,0,1,0,0,0,0,0,0,0,0,0,1,0,0,0,0,0,0,0,0,1,0,0,0,0,3,0,0,1,1,0,1,0,100,7
s: 16
t: 48.438
c: 0

i: 1,66,20,1,0,0,1,0,0,0,0,0,0,0,0,0,0,0,0,0,1,0,0,0,0,0,0,0,1,0,0,1,0,0,1,0,32,1
s: 9
t: 34.624
c: 0

i: 1,125,41,0,1,0,0,0,0,1,0,0,0,0,0,0,0,0,0,0,0,0,0,0,0,0,1,0,7,0,0,1,1,1,0,0,45,1
s: 7
t: 25.736
c: 0

i: 1,258,89,0,1,0,0,0,0,0,0,1,0,0,0,0,0,0,0,0,0,0,0,1,0,0,0,0,2,0,0,1,0,0,1,0,34,50
s: 12
t: 44.282
c: 0

i: 1,135,193,0,1,0,0,1,0,0,0,0,0,0,0,0,0,0,0,0,0,0,0,1,0,0,0,0,4,0,0,1,0,0,1,0,1,93
s: 6
t: 21.739
c: 0

i: 1,208,102,0,1,0,0,0,0,0,0,0,0,1,0,0,0,0,0,0,0,0,0,0,1,0,0,0,58,1,1,7,0,0,1,0,1,104
s: 5
t: 28.587
c: 0

i: 0,24,151,1,0,0,0,0,0,0,0,0,0,0,0,0,1,0,0,0,0,0,0,0,0,0,1,0,5,0,0,1,0,0,1,0,111,1
s: 9
t: 37.598
c: 0

i: 1,55,46,0,1,0,0,0,0,0,0,0,0,0,1,0,0,0,0,0,0,0,0,1,0,0,0,0,37,0,0,1,0,0,1,0,49,9
s: 11
t: 49.872
c: 0

i: 0,228,50,0,1,0,0,0,0,0,0,1,0,0,0,0,0,0,0,0,0,0,0,1,0,0,0,0,7,0,0,1,0,0,1,0,1,106
s: 6
t: 20.854
c: 0

i: 1,167,2,1,0,0,0,0,0,0,0,0,1,0,0,0,0,0,0,0,0,0,0,1,0,0,0,0,2,0,0,1,0,0,1,0,1,1
s: 10
t: 29.556
c: 0

i: 0,15,144,0,1,0,0,0,0,0,0,1,0,0,0,0,0,0,0,0,0,0,0,1,0,0,0,0,43,0,1,11,1,0,1,0,1,11
s: 9
t: 17.596
c: 0

i: 0,47,29,0,1,0,0,0,0,0,0,0,0,0,0,0,1,0,0,0,0,0,0,1,0,0,0,0,39,1,1,2,0,0,1,0,1,1
s: 9
t: 58.441
c: 0

MaxSAT max time: 58.44
MaxSAT min time: 4.31
MaxSAT avg time: 20.21
MaxSAT cumulative time: 2021.26
nombre of explain instances: 100
MaxSAT std dev: 11.64

mem usage: SMT=0.0 MB MaxSAT=2.32 MB
Nombre of timeouts MaxSAT: 0
