i: 1,1,1,1
s: 3
t: 0.751
c: 0

i: 2,1,1,1
s: 3
t: 0.832
c: 0

i: 3,1,1,1
s: 3
t: 0.725
c: 0

i: 4,1,1,1
s: 3
t: 0.704
c: 0

i: 5,1,1,1
s: 3
t: 0.715
c: 0

i: 1,1,1,2
s: 4
t: 0.692
c: 0

i: 2,1,1,2
s: 3
t: 0.736
c: 0

i: 3,1,1,2
s: 2
t: 0.769
c: 0

i: 4,1,1,2
s: 3
t: 0.622
c: 0

i: 5,1,1,2
s: 3
t: 0.727
c: 0

i: 1,1,1,3
s: 4
t: 0.788
c: 0

i: 2,1,1,3
s: 3
t: 0.979
c: 0

i: 3,1,1,3
s: 2
t: 0.851
c: 0

i: 4,1,1,3
s: 3
t: 0.708
c: 0

i: 5,1,1,3
s: 3
t: 0.682
c: 0

i: 1,1,1,4
s: 3
t: 0.759
c: 0

i: 2,1,1,4
s: 3
t: 0.664
c: 0

i: 3,1,1,4
s: 3
t: 0.666
c: 0

i: 4,1,1,4
s: 3
t: 0.668
c: 0

i: 5,1,1,4
s: 3
t: 0.657
c: 0

i: 1,1,1,5
s: 3
t: 0.702
c: 0

i: 2,1,1,5
s: 3
t: 0.590
c: 0

i: 3,1,1,5
s: 3
t: 0.592
c: 0

i: 4,1,1,5
s: 3
t: 0.594
c: 0

i: 5,1,1,5
s: 3
t: 0.587
c: 0

i: 1,1,2,1
s: 3
t: 0.974
c: 0

i: 2,1,2,1
s: 3
t: 0.988
c: 0

i: 3,1,2,1
s: 3
t: 0.893
c: 0

i: 4,1,2,1
s: 3
t: 0.999
c: 0

i: 5,1,2,1
s: 3
t: 1.003
c: 0

i: 1,1,2,2
s: 4
t: 0.607
c: 0

i: 2,1,2,2
s: 4
t: 0.611
c: 0

i: 3,1,2,2
s: 2
t: 0.852
c: 0

i: 4,1,2,2
s: 3
t: 1.061
c: 0

i: 5,1,2,2
s: 3
t: 0.724
c: 0

i: 1,1,2,3
s: 4
t: 0.652
c: 0

i: 2,1,2,3
s: 4
t: 0.975
c: 0

i: 3,1,2,3
s: 2
t: 0.937
c: 0

i: 4,1,2,3
s: 3
t: 0.786
c: 0

i: 5,1,2,3
s: 3
t: 0.819
c: 0

i: 1,1,2,4
s: 3
t: 0.983
c: 0

i: 2,1,2,4
s: 3
t: 1.020
c: 0

i: 3,1,2,4
s: 3
t: 0.858
c: 0

i: 4,1,2,4
s: 3
t: 0.854
c: 0

i: 5,1,2,4
s: 3
t: 0.866
c: 0

i: 1,1,2,5
s: 2
t: 0.987
c: 0

i: 2,1,2,5
s: 2
t: 0.860
c: 0

i: 3,1,2,5
s: 2
t: 0.893
c: 0

i: 4,1,2,5
s: 2
t: 0.901
c: 0

i: 5,1,2,5
s: 2
t: 0.893
c: 0

i: 1,1,3,1
s: 3
t: 1.216
c: 0

i: 2,1,3,1
s: 3
t: 1.069
c: 0

i: 3,1,3,1
s: 3
t: 1.092
c: 0

i: 4,1,3,1
s: 3
t: 1.224
c: 0

i: 5,1,3,1
s: 3
t: 1.080
c: 0

i: 1,1,3,2
s: 4
t: 0.659
c: 0

i: 2,1,3,2
s: 4
t: 0.568
c: 0

i: 3,1,3,2
s: 2
t: 1.009
c: 0

i: 4,1,3,2
s: 3
t: 1.071
c: 0

i: 5,1,3,2
s: 3
t: 0.924
c: 0

i: 1,1,3,3
s: 4
t: 0.577
c: 0

i: 2,1,3,3
s: 4
t: 0.700
c: 0

i: 3,1,3,3
s: 2
t: 0.983
c: 0

i: 4,1,3,3
s: 3
t: 1.115
c: 0

i: 5,1,3,3
s: 3
t: 0.656
c: 0

i: 1,1,3,4
s: 3
t: 1.305
c: 0

i: 2,1,3,4
s: 3
t: 1.172
c: 0

i: 3,1,3,4
s: 3
t: 0.997
c: 0

i: 4,1,3,4
s: 3
t: 1.011
c: 0

i: 5,1,3,4
s: 3
t: 1.025
c: 0

i: 1,1,3,5
s: 2
t: 1.167
c: 0

i: 2,1,3,5
s: 2
t: 1.220
c: 0

i: 3,1,3,5
s: 2
t: 1.052
c: 0

i: 4,1,3,5
s: 2
t: 1.083
c: 0

i: 5,1,3,5
s: 2
t: 1.085
c: 0

i: 1,1,4,1
s: 3
t: 1.442
c: 0

i: 2,1,4,1
s: 3
t: 1.422
c: 0

i: 3,1,4,1
s: 2
t: 1.477
c: 0

i: 4,1,4,1
s: 4
t: 0.689
c: 0

i: 5,1,4,1
s: 3
t: 1.381
c: 0

i: 1,1,4,2
s: 4
t: 0.718
c: 0

i: 2,1,4,2
s: 4
t: 0.736
c: 0

i: 3,1,4,2
s: 2
t: 1.358
c: 0

i: 4,1,4,2
s: 3
t: 1.460
c: 0

i: 5,1,4,2
s: 3
t: 1.332
c: 0

i: 1,1,4,3
s: 4
t: 0.675
c: 0

i: 2,1,4,3
s: 4
t: 1.629
c: 0

i: 3,1,4,3
s: 2
t: 1.439
c: 0

i: 4,1,4,3
s: 3
t: 1.362
c: 0

i: 5,1,4,3
s: 3
t: 1.243
c: 0

i: 1,1,4,4
s: 4
t: 0.755
c: 0

i: 2,1,4,4
s: 3
t: 1.379
c: 0

i: 3,1,4,4
s: 2
t: 1.374
c: 0

i: 4,1,4,4
s: 3
t: 1.406
c: 0

i: 5,1,4,4
s: 3
t: 1.041
c: 0

i: 1,1,4,5
s: 4
t: 0.821
c: 0

i: 2,1,4,5
s: 4
t: 1.246
c: 0

i: 3,1,4,5
s: 3
t: 1.265
c: 0

i: 4,1,4,5
s: 3
t: 1.311
c: 0

i: 5,1,4,5
s: 3
t: 1.028
c: 0

MaxSAT max time: 1.63
MaxSAT min time: 0.57
MaxSAT avg time: 0.95
MaxSAT cumulative time: 94.81
nombre of explain instances: 100
MaxSAT std dev: 0.26

mem usage: SMT=0.0 MB MaxSAT=0.258 MB
Nombre of timeouts MaxSAT: 0
