i: 2,1,1,1
s: 3
t: 0.321
c: 0

i: 3,1,1,1
s: 3
t: 0.284
c: 0

i: 4,1,1,1
s: 3
t: 0.287
c: 0

i: 5,1,1,1
s: 2
t: 0.447
c: 0

i: 1,1,1,2
s: 3
t: 0.337
c: 0

i: 2,1,1,2
s: 3
t: 0.301
c: 0

i: 3,1,1,2
s: 3
t: 0.249
c: 0

i: 4,1,1,2
s: 3
t: 0.251
c: 0

i: 5,1,1,2
s: 3
t: 0.245
c: 0

i: 1,1,1,3
s: 3
t: 0.333
c: 0

i: 2,1,1,3
s: 3
t: 0.288
c: 0

i: 3,1,1,3
s: 3
t: 0.290
c: 0

i: 4,1,1,3
s: 3
t: 0.292
c: 0

i: 5,1,1,3
s: 3
t: 0.292
c: 0

i: 1,1,1,4
s: 3
t: 0.383
c: 0

i: 2,1,1,4
s: 3
t: 0.342
c: 0

i: 3,1,1,4
s: 3
t: 0.337
c: 0

i: 4,1,1,4
s: 3
t: 0.341
c: 0

i: 5,1,1,4
s: 3
t: 0.344
c: 0

i: 1,1,1,5
s: 2
t: 0.379
c: 0

i: 2,1,1,5
s: 2
t: 0.326
c: 0

i: 3,1,1,5
s: 2
t: 0.335
c: 0

i: 4,1,1,5
s: 2
t: 0.332
c: 0

i: 5,1,1,5
s: 2
t: 0.331
c: 0

i: 1,1,2,1
s: 2
t: 0.313
c: 0

i: 3,1,2,1
s: 3
t: 0.249
c: 0

i: 4,1,2,1
s: 3
t: 0.284
c: 0

i: 5,1,2,1
s: 2
t: 0.353
c: 0

i: 2,1,2,2
s: 3
t: 0.253
c: 0

i: 3,1,2,2
s: 3
t: 0.194
c: 0

i: 4,1,2,2
s: 3
t: 0.200
c: 0

i: 5,1,2,2
s: 3
t: 0.199
c: 0

i: 1,1,2,3
s: 3
t: 0.361
c: 0

i: 2,1,2,3
s: 3
t: 0.255
c: 0

i: 3,1,2,3
s: 3
t: 0.256
c: 0

i: 4,1,2,3
s: 3
t: 0.264
c: 0

i: 5,1,2,3
s: 3
t: 0.263
c: 0

i: 1,1,2,4
s: 3
t: 0.324
c: 0

i: 2,1,2,4
s: 3
t: 0.271
c: 0

i: 3,1,2,4
s: 3
t: 0.271
c: 0

i: 4,1,2,4
s: 3
t: 0.274
c: 0

i: 5,1,2,4
s: 3
t: 0.268
c: 0

i: 1,1,2,5
s: 2
t: 0.334
c: 0

i: 2,1,2,5
s: 2
t: 0.283
c: 0

i: 3,1,2,5
s: 2
t: 0.284
c: 0

i: 4,1,2,5
s: 2
t: 0.279
c: 0

i: 5,1,2,5
s: 2
t: 0.282
c: 0

i: 1,1,3,1
s: 2
t: 0.330
c: 0

i: 2,1,3,1
s: 3
t: 0.306
c: 0

i: 4,1,3,1
s: 3
t: 0.287
c: 0

i: 5,1,3,1
s: 2
t: 0.359
c: 0

i: 1,1,3,2
s: 3
t: 0.303
c: 0

i: 2,1,3,2
s: 4
t: 0.188
c: 0

i: 3,1,3,2
s: 3
t: 0.271
c: 0

i: 4,1,3,2
s: 3
t: 0.262
c: 0

i: 5,1,3,2
s: 2
t: 0.316
c: 0

i: 2,1,3,3
s: 3
t: 0.301
c: 0

i: 3,1,3,3
s: 3
t: 0.238
c: 0

i: 4,1,3,3
s: 3
t: 0.245
c: 0

i: 5,1,3,3
s: 3
t: 0.242
c: 0

i: 1,1,3,4
s: 3
t: 0.327
c: 0

i: 2,1,3,4
s: 3
t: 0.297
c: 0

i: 3,1,3,4
s: 3
t: 0.239
c: 0

i: 4,1,3,4
s: 3
t: 0.241
c: 0

i: 5,1,3,4
s: 3
t: 0.230
c: 0

i: 1,1,3,5
s: 2
t: 0.334
c: 0

i: 2,1,3,5
s: 2
t: 0.330
c: 0

i: 3,1,3,5
s: 2
t: 0.281
c: 0

i: 4,1,3,5
s: 2
t: 0.279
c: 0

i: 5,1,3,5
s: 2
t: 0.279
c: 0

i: 1,1,4,1
s: 2
t: 0.360
c: 0

i: 2,1,4,1
s: 3
t: 0.329
c: 0

i: 3,1,4,1
s: 3
t: 0.307
c: 0

i: 5,1,4,1
s: 2
t: 0.374
c: 0

i: 1,1,4,2
s: 3
t: 0.311
c: 0

i: 3,1,4,2
s: 3
t: 0.235
c: 0

i: 4,1,4,2
s: 3
t: 0.297
c: 0

i: 5,1,4,2
s: 2
t: 0.337
c: 0

i: 1,1,4,3
s: 3
t: 0.361
c: 0

i: 2,1,4,3
s: 4
t: 0.303
c: 0

i: 3,1,4,3
s: 3
t: 0.305
c: 0

i: 4,1,4,3
s: 3
t: 0.288
c: 0

i: 5,1,4,3
s: 2
t: 0.365
c: 0

i: 2,1,4,4
s: 3
t: 0.303
c: 0

i: 3,1,4,4
s: 3
t: 0.248
c: 0

i: 4,1,4,4
s: 3
t: 0.249
c: 0

i: 5,1,4,4
s: 3
t: 0.246
c: 0

i: 1,1,4,5
s: 2
t: 0.394
c: 0

i: 2,1,4,5
s: 2
t: 0.338
c: 0

i: 3,1,4,5
s: 2
t: 0.297
c: 0

i: 4,1,4,5
s: 2
t: 0.295
c: 0

i: 5,1,4,5
s: 2
t: 0.292
c: 0

i: 1,1,5,1
s: 2
t: 0.402
c: 0

i: 2,1,5,1
s: 3
t: 0.390
c: 0

i: 3,1,5,1
s: 3
t: 0.370
c: 0

i: 4,1,5,1
s: 3
t: 0.387
c: 0

i: 1,1,5,2
s: 3
t: 0.367
c: 0

i: 2,1,5,2
s: 3
t: 0.518
c: 0

i: 3,1,5,2
s: 3
t: 0.292
c: 0

i: 4,1,5,2
s: 3
t: 0.275
c: 0

MaxSAT max time: 0.52
MaxSAT min time: 0.19
MaxSAT avg time: 0.30
MaxSAT cumulative time: 30.30
nombre of explain instances: 100
MaxSAT std dev: 0.05

mem usage: SMT=0.0 MB MaxSAT=0.0 MB
Nombre of timeouts MaxSAT: 0
