i: 1,1,1,1
s: 2
t: 0.144
c: 0

i: 2,1,1,1
s: 2
t: 0.210
c: 0

i: 3,1,1,1
s: 3
t: 0.195
c: 0

i: 4,1,1,1
s: 3
t: 0.206
c: 0

i: 5,1,1,1
s: 3
t: 0.175
c: 0

i: 1,1,1,2
s: 2
t: 0.207
c: 0

i: 2,1,1,2
s: 4
t: 0.187
c: 0

i: 3,1,1,2
s: 3
t: 0.236
c: 0

i: 4,1,1,2
s: 3
t: 0.230
c: 0

i: 5,1,1,2
s: 3
t: 0.230
c: 0

i: 1,1,1,3
s: 3
t: 0.229
c: 0

i: 2,1,1,3
s: 3
t: 0.191
c: 0

i: 3,1,1,3
s: 3
t: 0.189
c: 0

i: 4,1,1,3
s: 3
t: 0.185
c: 0

i: 5,1,1,3
s: 3
t: 0.149
c: 0

i: 1,1,1,4
s: 2
t: 0.182
c: 0

i: 2,1,1,4
s: 2
t: 0.188
c: 0

i: 3,1,1,4
s: 2
t: 0.187
c: 0

i: 4,1,1,4
s: 2
t: 0.187
c: 0

i: 5,1,1,4
s: 2
t: 0.143
c: 0

i: 1,1,1,5
s: 2
t: 0.184
c: 0

i: 2,1,1,5
s: 2
t: 0.185
c: 0

i: 3,1,1,5
s: 2
t: 0.159
c: 0

i: 4,1,1,5
s: 2
t: 0.151
c: 0

i: 5,1,1,5
s: 2
t: 0.153
c: 0

i: 2,1,2,1
s: 2
t: 0.215
c: 0

i: 3,1,2,1
s: 3
t: 0.208
c: 0

i: 4,1,2,1
s: 3
t: 0.177
c: 0

i: 5,1,2,1
s: 3
t: 0.181
c: 0

i: 1,1,2,2
s: 2
t: 0.208
c: 0

i: 2,1,2,2
s: 3
t: 0.257
c: 0

i: 3,1,2,2
s: 4
t: 0.218
c: 0

i: 4,1,2,2
s: 3
t: 0.152
c: 0

i: 5,1,2,2
s: 3
t: 0.174
c: 0

i: 1,1,2,3
s: 3
t: 0.227
c: 0

i: 2,1,2,3
s: 3
t: 0.194
c: 0

i: 3,1,2,3
s: 3
t: 0.196
c: 0

i: 4,1,2,3
s: 3
t: 0.196
c: 0

i: 5,1,2,3
s: 3
t: 0.199
c: 0

i: 1,1,2,4
s: 2
t: 0.181
c: 0

i: 2,1,2,4
s: 2
t: 0.182
c: 0

i: 3,1,2,4
s: 2
t: 0.181
c: 0

i: 4,1,2,4
s: 2
t: 0.185
c: 0

i: 5,1,2,4
s: 2
t: 0.131
c: 0

i: 1,1,2,5
s: 2
t: 0.177
c: 0

i: 2,1,2,5
s: 2
t: 0.183
c: 0

i: 3,1,2,5
s: 2
t: 0.172
c: 0

i: 4,1,2,5
s: 2
t: 0.181
c: 0

i: 5,1,2,5
s: 2
t: 0.131
c: 0

i: 3,1,3,1
s: 3
t: 0.225
c: 0

i: 4,1,3,1
s: 3
t: 0.182
c: 0

i: 5,1,3,1
s: 3
t: 0.175
c: 0

i: 2,1,3,2
s: 3
t: 0.207
c: 0

i: 3,1,3,2
s: 4
t: 0.238
c: 0

i: 4,1,3,2
s: 3
t: 0.158
c: 0

i: 5,1,3,2
s: 3
t: 0.166
c: 0

i: 1,1,3,3
s: 3
t: 0.264
c: 0

i: 2,1,3,3
s: 3
t: 0.239
c: 0

i: 3,1,3,3
s: 3
t: 0.202
c: 0

i: 4,1,3,3
s: 3
t: 0.204
c: 0

i: 5,1,3,3
s: 3
t: 0.205
c: 0

i: 1,1,3,4
s: 2
t: 0.226
c: 0

i: 2,1,3,4
s: 2
t: 0.189
c: 0

i: 3,1,3,4
s: 2
t: 0.193
c: 0

i: 4,1,3,4
s: 2
t: 0.195
c: 0

i: 5,1,3,4
s: 2
t: 0.194
c: 0

i: 1,1,3,5
s: 2
t: 0.172
c: 0

i: 2,1,3,5
s: 2
t: 0.176
c: 0

i: 3,1,3,5
s: 2
t: 0.175
c: 0

i: 4,1,3,5
s: 2
t: 0.190
c: 0

i: 5,1,3,5
s: 2
t: 0.129
c: 0

i: 4,1,4,1
s: 2
t: 0.236
c: 0

i: 5,1,4,1
s: 2
t: 0.287
c: 0

i: 2,1,4,2
s: 3
t: 0.224
c: 0

i: 3,1,4,2
s: 3
t: 0.221
c: 0

i: 4,1,4,2
s: 3
t: 0.187
c: 0

i: 5,1,4,2
s: 3
t: 0.196
c: 0

i: 2,1,4,3
s: 3
t: 0.248
c: 0

i: 3,1,4,3
s: 3
t: 0.183
c: 0

i: 4,1,4,3
s: 3
t: 0.201
c: 0

i: 5,1,4,3
s: 3
t: 0.211
c: 0

i: 1,1,4,4
s: 2
t: 0.265
c: 0

i: 2,1,4,4
s: 2
t: 0.234
c: 0

i: 3,1,4,4
s: 2
t: 0.198
c: 0

i: 4,1,4,4
s: 2
t: 0.202
c: 0

i: 5,1,4,4
s: 2
t: 0.201
c: 0

i: 1,1,4,5
s: 2
t: 0.225
c: 0

i: 2,1,4,5
s: 2
t: 0.220
c: 0

i: 3,1,4,5
s: 2
t: 0.190
c: 0

i: 4,1,4,5
s: 2
t: 0.188
c: 0

i: 5,1,4,5
s: 2
t: 0.185
c: 0

i: 5,1,5,1
s: 2
t: 0.230
c: 0

i: 3,1,5,2
s: 3
t: 0.233
c: 0

i: 4,1,5,2
s: 3
t: 0.215
c: 0

i: 5,1,5,2
s: 3
t: 0.213
c: 0

i: 2,1,5,3
s: 3
t: 0.250
c: 0

i: 3,1,5,3
s: 3
t: 0.215
c: 0

i: 4,1,5,3
s: 3
t: 0.209
c: 0

i: 5,1,5,3
s: 3
t: 0.209
c: 0

i: 2,1,5,4
s: 2
t: 0.239
c: 0

MaxSAT max time: 0.29
MaxSAT min time: 0.13
MaxSAT avg time: 0.20
MaxSAT cumulative time: 19.80
nombre of explain instances: 100
MaxSAT std dev: 0.03

mem usage: SMT=0.0 MB MaxSAT=0.0 MB
Nombre of timeouts MaxSAT: 0
