i: 85,92,45,27,31
s: 4
t: 0.600
c: 0

i: 85,64,59,32,23
s: 4
t: 0.597
c: 0

i: 86,54,33,16,54
s: 3
t: 0.573
c: 0

i: 91,78,34,24,36
s: 4
t: 0.680
c: 0

i: 87,70,12,28,10
s: 4
t: 0.808
c: 0

i: 98,55,13,17,17
s: 3
t: 0.678
c: 0

i: 88,62,20,17,9
s: 4
t: 0.718
c: 0

i: 88,67,21,11,11
s: 3
t: 0.696
c: 0

i: 92,54,22,20,7
s: 3
t: 0.829
c: 0

i: 90,60,25,19,5
s: 4
t: 0.871
c: 0

i: 89,52,13,24,15
s: 3
t: 0.992
c: 0

i: 82,62,17,17,15
s: 4
t: 0.821
c: 0

i: 90,64,61,32,13
s: 4
t: 0.969
c: 0

i: 86,77,25,19,18
s: 3
t: 1.106
c: 0

i: 96,67,29,20,11
s: 3
t: 0.980
c: 0

i: 91,78,20,31,18
s: 4
t: 1.198
c: 0

i: 89,67,23,16,10
s: 3
t: 1.099
c: 0

i: 89,79,17,17,16
s: 3
t: 1.173
c: 0

i: 91,107,20,20,56
s: 3
t: 1.014
c: 0

i: 94,116,11,33,11
s: 4
t: 1.089
c: 0

i: 92,59,35,13,19
s: 4
t: 1.092
c: 0

i: 93,23,35,20,20
s: 3
t: 0.997
c: 0

i: 90,60,23,27,5
s: 4
t: 1.190
c: 0

i: 96,68,18,19,19
s: 4
t: 1.124
c: 0

i: 84,80,47,33,97
s: 3
t: 1.291
c: 0

i: 92,70,24,13,26
s: 4
t: 1.467
c: 0

i: 90,47,28,15,18
s: 3
t: 1.049
c: 0

i: 88,66,20,21,10
s: 3
t: 1.420
c: 0

i: 91,102,17,13,19
s: 3
t: 1.279
c: 0

i: 87,41,31,19,16
s: 3
t: 1.109
c: 0

i: 86,79,28,16,17
s: 3
t: 1.343
c: 0

i: 91,57,31,23,42
s: 4
t: 1.571
c: 0

i: 93,77,32,18,29
s: 4
t: 1.263
c: 0

i: 88,96,28,21,40
s: 4
t: 1.412
c: 0

i: 94,65,22,18,11
s: 3
t: 1.616
c: 0

i: 91,72,155,68,82
s: 3
t: 1.301
c: 0

i: 85,54,47,33,22
s: 4
t: 1.265
c: 0

i: 79,39,14,19,9
s: 3
t: 1.200
c: 0

i: 85,85,25,26,30
s: 2
t: 1.796
c: 0

i: 89,63,24,20,38
s: 3
t: 1.595
c: 0

i: 84,92,68,37,44
s: 3
t: 1.676
c: 0

i: 89,68,26,39,42
s: 3
t: 2.325
c: 0

i: 89,101,18,25,13
s: 4
t: 1.544
c: 0

i: 86,84,18,14,16
s: 3
t: 1.658
c: 0

i: 85,65,25,14,18
s: 3
t: 1.703
c: 0

i: 88,61,19,21,13
s: 4
t: 1.934
c: 0

i: 92,56,14,16,10
s: 3
t: 1.390
c: 0

i: 95,50,29,25,50
s: 3
t: 1.440
c: 0

i: 91,75,24,22,11
s: 3
t: 1.914
c: 0

i: 83,40,29,25,38
s: 3
t: 1.935
c: 0

i: 89,74,19,23,16
s: 3
t: 2.178
c: 0

i: 85,64,24,22,11
s: 3
t: 2.056
c: 0

i: 92,57,64,36,90
s: 3
t: 1.617
c: 0

i: 94,48,11,23,43
s: 3
t: 2.157
c: 0

i: 87,52,21,19,30
s: 4
t: 1.584
c: 0

i: 85,65,23,29,15
s: 3
t: 2.360
c: 0

i: 84,82,21,21,19
s: 3
t: 2.328
c: 0

i: 88,49,20,22,19
s: 3
t: 2.289
c: 0

i: 96,67,26,26,36
s: 4
t: 1.782
c: 0

i: 90,63,24,24,24
s: 3
t: 2.215
c: 0

i: 90,45,33,34,27
s: 5
t: 0.525
c: 0

i: 90,72,14,15,18
s: 4
t: 2.002
c: 0

i: 91,55,4,8,13
s: 3
t: 1.946
c: 0

i: 91,52,15,22,11
s: 3
t: 2.545
c: 0

i: 87,71,32,19,27
s: 4
t: 0.593
c: 0

i: 89,77,26,20,19
s: 2
t: 2.967
c: 0

i: 89,67,5,17,14
s: 4
t: 2.033
c: 0

i: 85,51,26,24,23
s: 4
t: 1.747
c: 0

i: 103,75,19,30,13
s: 3
t: 2.866
c: 0

i: 90,63,16,21,14
s: 3
t: 2.652
c: 0

i: 90,63,29,23,57
s: 4
t: 0.724
c: 0

i: 90,67,35,19,35
s: 4
t: 0.799
c: 0

i: 87,66,27,22,9
s: 4
t: 0.628
c: 0

i: 90,73,34,21,22
s: 4
t: 0.765
c: 0

i: 86,54,20,21,16
s: 3
t: 2.343
c: 0

i: 90,80,19,14,42
s: 4
t: 0.689
c: 0

i: 87,90,43,28,156
s: 5
t: 0.766
c: 0

i: 96,72,28,19,30
s: 4
t: 0.862
c: 0

i: 91,55,9,25,16
s: 5
t: 0.763
c: 0

i: 95,78,27,25,30
s: 4
t: 0.948
c: 0

i: 92,101,34,30,64
s: 4
t: 0.773
c: 0

i: 89,51,41,22,48
s: 3
t: 2.460
c: 0

i: 91,99,42,33,16
s: 4
t: 0.713
c: 0

i: 94,58,21,18,26
s: 4
t: 1.008
c: 0

i: 92,60,30,27,297
s: 4
t: 0.892
c: 0

i: 88,47,33,26,29
s: 4
t: 0.826
c: 0

i: 92,65,17,25,9
s: 4
t: 0.886
c: 0

i: 92,79,22,20,11
s: 3
t: 2.714
c: 0

i: 84,83,20,25,7
s: 3
t: 2.318
c: 0

i: 88,68,27,21,26
s: 4
t: 0.921
c: 0

i: 86,48,20,20,6
s: 3
t: 2.548
c: 0

i: 99,69,45,32,30
s: 4
t: 1.988
c: 0

i: 88,66,23,12,15
s: 3
t: 2.802
c: 0

i: 89,62,42,30,20
s: 4
t: 2.197
c: 0

i: 90,51,23,17,27
s: 3
t: 2.431
c: 0

i: 81,61,32,37,53
s: 3
t: 2.554
c: 0

i: 89,89,23,18,104
s: 3
t: 2.467
c: 0

i: 89,65,26,18,36
s: 4
t: 3.212
c: 0

i: 92,75,26,26,24
s: 4
t: 2.589
c: 0

i: 85,59,25,20,25
s: 3
t: 2.950
c: 0

MaxSAT max time: 3.21
MaxSAT min time: 0.53
MaxSAT avg time: 1.50
MaxSAT cumulative time: 150.37
nombre of explain instances: 100
MaxSAT std dev: 0.70

mem usage: SMT=0.0 MB MaxSAT=0.0 MB
Nombre of timeouts MaxSAT: 0
