i: 29,1,1,0,0,0,31,64,1,0,0,1,49,0,22,0,0,1,0,0,1,0,0
s: 7
t: 1.591
c: 0

i: 33,1,0,0,0,1,40,111,0,0,0,1,10,1,15,0,1,0,3,1,0,0,0
s: 6
t: 1.447
c: 0

i: 33,1,0,0,0,1,14,60,0,0,0,1,29,1,25,0,1,0,2,0,0,1,0
s: 5
t: 1.517
c: 0

i: 3,1,0,0,1,0,22,80,0,1,0,0,84,0,32,0,0,1,0,1,0,0,0
s: 7
t: 1.792
c: 0

i: 7,0,0,1,0,0,22,35,0,0,0,1,71,0,14,1,0,0,0,1,0,0,0
s: 7
t: 2.042
c: 0

i: 22,1,0,1,0,0,14,67,0,1,0,0,76,0,8,1,0,0,0,1,0,0,0
s: 6
t: 2.502
c: 0

i: 28,0,0,0,0,1,28,97,0,0,0,1,59,0,33,0,0,1,2,1,0,0,0
s: 4
t: 1.775
c: 0

i: 23,0,0,0,0,1,14,145,0,1,0,0,62,1,6,1,0,0,0,1,0,0,0
s: 10
t: 1.494
c: 0

i: 29,1,0,0,0,1,22,83,0,0,0,1,46,0,14,0,1,0,1,0,0,1,0
s: 8
t: 1.943
c: 0

i: 19,1,0,0,0,1,28,34,1,0,0,1,54,1,29,0,0,1,0,0,0,1,0
s: 7
t: 1.642
c: 0

i: 23,1,0,0,0,1,28,25,0,1,0,0,47,0,4,0,1,0,0,0,1,0,0
s: 5
t: 2.104
c: 0

i: 22,0,0,1,0,0,28,116,0,0,0,1,52,0,13,0,1,0,0,1,0,0,0
s: 9
t: 2.135
c: 0

i: 22,1,0,0,1,0,22,85,1,0,0,1,41,1,6,0,1,0,1,0,1,0,0
s: 8
t: 2.597
c: 0

i: 10,1,0,1,0,0,14,92,0,1,0,0,72,0,0,1,0,0,0,0,0,1,0
s: 7
t: 2.803
c: 0

i: 18,1,0,0,1,0,44,31,1,1,0,0,61,0,5,1,0,0,0,0,0,1,0
s: 8
t: 3.766
c: 0

i: 23,1,0,0,1,0,34,9,0,1,0,0,73,0,16,1,0,0,0,1,0,0,0
s: 7
t: 3.031
c: 0

i: 14,1,0,1,0,0,8,60,0,1,0,0,67,0,10,0,0,1,0,0,0,1,0
s: 10
t: 1.850
c: 0

i: 20,1,0,0,0,1,28,69,0,1,0,0,59,0,12,1,0,0,0,1,0,0,0
s: 7
t: 3.682
c: 0

i: 14,0,0,0,1,0,22,103,0,1,0,0,38,0,2,1,0,0,0,1,0,0,0
s: 8
t: 3.350
c: 0

i: 15,1,0,1,0,0,22,95,0,1,0,0,70,0,6,1,0,0,0,1,0,0,0
s: 7
t: 4.361
c: 0

i: 30,1,1,0,0,0,8,42,0,0,0,1,43,1,17,0,1,0,0,1,0,0,0
s: 6
t: 3.739
c: 0

i: 24,0,1,0,0,0,34,109,1,0,0,1,61,0,10,1,0,0,0,1,0,0,0
s: 9
t: 3.821
c: 0

i: 24,1,0,1,0,0,14,110,0,0,0,1,59,0,17,0,1,0,0,1,0,0,0
s: 8
t: 3.299
c: 0

i: 24,1,0,0,1,0,23,55,0,0,0,1,72,0,30,1,0,0,2,0,0,1,0
s: 9
t: 1.914
c: 0

i: 26,1,0,0,0,1,22,37,0,0,0,1,32,1,23,0,1,0,2,0,0,1,0
s: 5
t: 2.364
c: 0

i: 16,0,0,0,1,0,14,50,0,1,0,0,57,0,16,0,1,0,0,1,0,0,0
s: 6
t: 3.635
c: 0

i: 24,0,0,0,1,0,14,141,0,1,0,0,71,0,0,1,0,0,0,1,0,0,0
s: 10
t: 4.212
c: 0

i: 32,0,1,0,0,0,34,57,0,1,0,0,15,0,25,0,0,1,0,1,0,0,0
s: 9
t: 5.231
c: 0

i: 9,1,0,0,0,1,34,77,0,1,0,0,70,0,15,1,0,0,0,1,0,0,0
s: 7
t: 5.119
c: 0

i: 6,1,0,0,0,1,8,8,0,0,0,1,15,1,19,0,1,0,0,0,0,1,0
s: 7
t: 2.215
c: 0

i: 35,0,1,0,0,0,28,69,0,1,0,0,50,0,17,1,0,0,2,1,0,0,0
s: 10
t: 3.262
c: 0

i: 26,1,0,0,0,1,12,61,1,1,0,0,59,1,14,1,0,0,2,0,0,1,0
s: 7
t: 1.956
c: 0

i: 30,1,0,0,1,0,28,140,0,1,0,0,57,0,0,1,0,0,0,1,0,0,0
s: 9
t: 1.686
c: 0

i: 25,1,0,0,0,1,25,65,0,1,0,0,60,0,5,0,1,0,0,0,0,1,0
s: 6
t: 3.307
c: 0

i: 10,1,0,0,1,0,22,64,0,1,0,0,77,1,4,1,0,0,0,1,0,0,0
s: 6
t: 6.628
c: 0

i: 8,1,0,0,0,1,28,57,0,1,0,0,76,0,0,1,0,0,0,1,0,0,0
s: 7
t: 6.184
c: 0

i: 9,1,0,0,0,1,14,15,0,0,0,1,20,1,24,0,1,0,0,0,0,1,0
s: 7
t: 3.265
c: 0

i: 23,1,0,0,0,1,34,104,0,0,0,1,13,1,6,0,1,0,1,0,1,0,0
s: 9
t: 3.570
c: 0

i: 21,1,0,0,0,1,23,144,0,1,0,0,32,1,12,0,1,0,1,0,0,1,0
s: 7
t: 3.522
c: 0

i: 27,1,0,0,1,0,34,73,1,1,0,0,36,1,10,0,1,0,0,1,0,0,0
s: 9
t: 3.757
c: 0

i: 31,0,0,0,0,1,34,56,0,0,0,1,15,0,10,0,1,0,3,0,0,1,0
s: 7
t: 3.784
c: 0

i: 6,1,1,0,0,0,28,31,0,1,0,0,76,1,14,1,0,0,0,0,0,1,0
s: 7
t: 3.947
c: 0

i: 37,0,0,1,0,0,40,121,0,1,0,0,61,0,4,1,0,0,2,1,0,0,0
s: 9
t: 4.343
c: 0

i: 25,1,0,0,1,0,34,43,1,1,0,0,56,0,16,1,0,0,0,1,0,0,0
s: 7
t: 6.530
c: 0

i: 27,0,0,0,0,1,22,139,0,0,0,1,68,0,0,1,0,0,0,1,0,0,0
s: 10
t: 2.505
c: 0

i: 24,1,0,0,1,0,9,61,0,0,0,1,64,0,24,0,1,0,1,0,0,1,0
s: 9
t: 4.163
c: 0

i: 17,1,0,0,1,0,8,13,0,1,0,0,23,0,6,1,0,0,0,1,0,0,0
s: 7
t: 6.491
c: 0

i: 16,1,0,0,0,1,34,73,0,0,0,1,28,0,25,0,1,0,0,0,0,1,0
s: 7
t: 3.989
c: 0

i: 31,0,0,0,1,0,28,150,1,0,0,1,56,0,8,1,0,0,1,1,0,0,0
s: 10
t: 6.976
c: 0

i: 19,1,0,0,1,0,22,29,1,0,0,1,51,0,12,0,0,1,0,1,0,0,0
s: 7
t: 5.981
c: 0

i: 7,0,0,1,0,0,5,30,0,1,0,0,67,0,0,1,0,0,1,1,0,0,0
s: 7
t: 5.394
c: 0

i: 31,1,0,0,0,1,14,15,0,1,0,0,39,0,4,1,0,0,0,0,0,1,0
s: 7
t: 4.686
c: 0

i: 10,1,0,0,0,1,9,114,0,0,0,1,52,0,0,1,0,0,1,1,0,0,0
s: 9
t: 7.748
c: 0

i: 10,1,0,1,0,0,22,50,0,0,0,1,85,0,0,1,0,0,0,1,0,0,0
s: 7
t: 8.601
c: 0

i: 26,1,0,0,0,1,22,82,0,1,0,0,43,1,14,1,0,0,1,0,0,1,0
s: 7
t: 3.283
c: 0

i: 20,1,0,0,0,1,17,95,0,0,0,1,11,1,21,0,1,0,1,0,0,1,0
s: 6
t: 4.305
c: 0

i: 16,1,0,0,1,0,28,64,0,1,0,0,62,0,6,0,1,0,1,0,0,1,0
s: 8
t: 3.909
c: 0

i: 7,1,0,0,0,1,8,11,0,0,0,1,57,0,0,1,0,0,0,0,0,1,0
s: 10
t: 1.962
c: 0

i: 20,1,0,0,1,0,18,101,0,0,0,1,51,0,5,0,0,1,1,1,0,0,0
s: 8
t: 6.126
c: 0

i: 17,1,1,0,0,0,18,44,0,0,0,1,25,1,14,1,0,0,1,1,0,0,0
s: 8
t: 3.985
c: 0

i: 17,0,0,0,0,1,22,124,0,1,0,0,41,1,12,0,1,0,0,0,0,1,0
s: 7
t: 3.555
c: 0

i: 12,0,0,0,1,0,29,15,0,0,0,1,59,1,14,0,0,1,0,1,0,0,0
s: 10
t: 4.679
c: 0

i: 24,1,0,0,0,1,20,47,0,0,0,1,31,1,21,0,1,0,3,0,0,1,0
s: 5
t: 4.487
c: 0

i: 20,0,0,0,1,0,25,123,1,1,0,0,69,0,0,1,0,0,0,1,0,0,0
s: 10
t: 6.193
c: 0

i: 20,1,0,0,0,1,14,24,0,1,0,0,14,0,14,0,1,0,1,0,0,1,0
s: 7
t: 5.389
c: 0

i: 26,1,0,0,0,1,31,108,0,0,0,1,41,1,26,0,1,0,2,0,0,1,0
s: 5
t: 4.146
c: 0

i: 26,1,0,0,1,0,28,21,0,0,0,1,54,0,28,0,1,0,0,1,0,0,0
s: 8
t: 5.847
c: 0

i: 20,1,0,0,1,0,34,63,0,0,0,1,64,0,16,1,0,0,0,0,0,1,0
s: 9
t: 8.521
c: 0

i: 25,1,0,0,0,1,43,137,0,0,0,1,39,1,31,0,0,1,0,0,0,1,0
s: 6
t: 3.748
c: 0

i: 12,1,0,0,1,0,34,62,0,1,0,0,46,0,33,0,1,0,0,1,0,0,0
s: 8
t: 4.074
c: 0

i: 31,0,0,0,1,0,37,98,0,1,0,0,47,0,8,1,0,0,0,1,0,0,0
s: 8
t: 8.006
c: 0

i: 33,1,0,0,0,1,18,83,1,1,0,0,62,0,2,0,1,0,2,0,0,1,0
s: 7
t: 3.981
c: 0

i: 28,1,0,0,0,1,14,96,0,1,0,0,6,1,17,0,1,0,2,0,0,1,0
s: 7
t: 5.007
c: 0

i: 31,1,0,0,0,1,8,78,0,0,0,1,57,0,6,1,0,0,2,0,1,0,0
s: 10
t: 2.681
c: 0

i: 10,1,0,0,0,1,8,29,0,0,0,1,75,0,0,1,0,0,1,1,0,0,0
s: 8
t: 6.016
c: 0

i: 31,0,0,0,1,0,40,146,0,0,0,1,50,0,8,1,0,0,0,1,0,0,0
s: 9
t: 10.585
c: 0

i: 26,1,0,0,0,1,18,87,0,0,0,1,40,1,26,0,1,0,1,0,0,1,0
s: 6
t: 5.337
c: 0

i: 17,0,0,0,1,0,28,127,0,0,0,1,41,0,15,1,0,0,1,1,0,0,0
s: 12
t: 4.491
c: 0

i: 14,1,0,1,0,0,22,75,0,0,0,1,78,0,2,0,1,0,0,1,0,0,0
s: 5
t: 10.641
c: 0

i: 24,1,0,0,0,1,34,99,0,0,0,1,12,1,8,1,0,0,0,0,0,1,0
s: 8
t: 4.472
c: 0

i: 11,1,0,0,0,1,4,39,0,0,0,1,47,1,28,0,1,0,0,1,0,0,0
s: 5
t: 8.031
c: 0

i: 19,0,0,0,0,1,22,93,0,0,0,1,42,0,4,0,1,0,0,1,0,0,0
s: 6
t: 11.728
c: 0

i: 5,1,0,0,1,0,28,134,0,0,0,1,80,0,0,1,0,0,0,1,0,0,0
s: 7
t: 10.053
c: 0

i: 34,1,0,0,1,0,47,102,1,0,0,1,49,1,16,0,1,0,0,0,0,1,0
s: 8
t: 4.025
c: 0

i: 18,1,0,1,0,0,14,136,0,1,0,0,71,0,2,1,0,0,0,1,0,0,0
s: 7
t: 10.155
c: 0

i: 10,1,0,0,1,0,28,66,0,0,0,1,78,0,0,1,0,0,0,1,0,0,0
s: 7
t: 12.473
c: 0

i: 13,1,0,0,1,0,27,86,0,0,0,1,55,0,0,1,0,0,0,1,0,0,0
s: 7
t: 11.289
c: 0

i: 19,0,0,0,1,0,20,47,0,0,0,1,16,0,0,1,0,0,0,0,0,0,1
s: 7
t: 12.212
c: 0

i: 19,0,0,0,0,1,27,65,0,0,0,1,59,0,0,1,0,0,0,1,0,0,0
s: 7
t: 13.596
c: 0

i: 17,0,0,0,1,0,22,85,0,0,0,1,48,0,5,1,0,0,0,1,0,0,0
s: 7
t: 10.942
c: 0

i: 32,1,0,0,0,1,14,121,0,0,0,1,50,0,4,0,1,0,0,1,0,0,0
s: 7
t: 9.399
c: 0

i: 28,0,0,0,0,1,40,6,0,0,0,1,44,0,39,0,0,1,3,0,0,1,0
s: 7
t: 4.461
c: 0

i: 28,1,0,0,1,0,22,62,0,1,0,0,45,0,17,0,1,0,3,0,0,1,0
s: 6
t: 5.139
c: 0

i: 10,0,0,0,1,0,7,2,0,1,0,0,74,0,6,0,1,0,0,1,0,0,0
s: 5
t: 10.636
c: 0

i: 29,0,0,0,1,0,25,81,0,0,0,1,71,0,0,1,0,0,0,1,0,0,0
s: 7
t: 14.453
c: 0

i: 18,1,0,0,0,1,20,84,0,1,0,0,60,1,0,1,0,0,1,0,0,1,0
s: 7
t: 5.224
c: 0

i: 25,1,0,0,0,1,8,69,0,0,0,1,41,1,12,0,1,0,1,0,0,1,0
s: 7
t: 6.612
c: 0

i: 26,0,0,0,0,1,34,87,0,0,0,1,56,0,25,0,1,0,2,0,0,1,0
s: 5
t: 5.927
c: 0

i: 18,1,0,1,0,0,24,33,0,1,0,0,57,0,8,1,0,0,1,1,0,0,0
s: 8
t: 11.294
c: 0

i: 14,1,0,0,0,1,15,53,0,0,0,1,83,0,0,1,0,0,0,1,0,0,0
s: 8
t: 15.765
c: 0

MaxSAT max time: 15.77
MaxSAT min time: 1.45
MaxSAT avg time: 5.24
MaxSAT cumulative time: 524.09
nombre of explain instances: 100
MaxSAT std dev: 3.24

mem usage: SMT=0.0 MB MaxSAT=0.0 MB
Nombre of timeouts MaxSAT: 0
