i: 0,0,0,1,0,0,0,0,0,1,0
s: 9
t: 7.586
c: 0

i: 0,0,0,0,0,1,0,0,0,0,0
s: 5
t: 8.934
c: 0

i: 0,4,0,0,1,1,0,0,0,0,0
s: 3
t: 9.434
c: 0

i: 1,0,0,0,0,0,0,0,0,1,0
s: 5
t: 10.911
c: 0

i: 0,14,1,0,0,0,0,0,0,0,0
s: 4
t: 9.356
c: 0

i: 0,3,0,0,0,0,0,0,0,1,0
s: 6
t: 9.119
c: 0

i: 1,0,0,0,0,0,0,0,0,0,1
s: 4
t: 12.078
c: 0

i: 0,0,0,0,0,0,0,0,0,0,0
s: 9
t: 8.391
c: 0

i: 1,3,1,0,1,1,0,0,0,0,0
s: 6
t: 10.920
c: 0

i: 0,1,0,1,0,0,0,0,0,0,1
s: 5
t: 11.956
c: 0

i: 0,7,0,0,0,1,0,0,0,0,0
s: 6
t: 11.749
c: 0

i: 1,0,0,0,0,0,0,1,0,0,0
s: 5
t: 14.790
c: 0

i: 0,3,1,0,0,1,0,0,0,0,0
s: 6
t: 13.574
c: 0

i: 0,6,1,0,0,0,0,0,0,0,0
s: 7
t: 10.730
c: 0

i: 0,5,0,0,0,0,0,0,0,0,0
s: 7
t: 11.338
c: 0

i: 0,13,1,1,0,1,0,0,0,0,0
s: 7
t: 12.230
c: 0

i: 0,1,1,0,1,1,0,0,0,0,0
s: 6
t: 16.752
c: 0

i: 1,0,0,0,0,0,0,0,0,0,0
s: 5
t: 15.489
c: 0

i: 0,0,0,0,1,0,0,0,0,0,1
s: 6
t: 13.594
c: 0

i: 0,1,0,0,1,0,0,1,0,0,0
s: 7
t: 10.258
c: 0

i: 1,1,0,0,0,0,0,0,0,0,0
s: 5
t: 15.881
c: 0

i: 0,8,0,0,0,1,0,0,0,0,0
s: 6
t: 14.328
c: 0

i: 0,5,1,0,0,1,0,0,0,0,0
s: 7
t: 13.565
c: 0

i: 0,0,1,0,0,1,0,0,0,0,0
s: 5
t: 20.501
c: 0

i: 0,9,1,0,0,0,0,0,0,0,0
s: 5
t: 13.207
c: 0

i: 0,4,1,0,0,1,0,0,0,0,0
s: 7
t: 13.266
c: 0

i: 0,0,0,1,0,0,0,0,0,0,0
s: 9
t: 10.603
c: 0

i: 0,7,0,1,0,0,0,0,0,1,0
s: 6
t: 11.666
c: 0

i: 1,4,1,0,0,0,0,0,0,0,1
s: 7
t: 15.134
c: 0

i: 1,1,0,0,1,0,0,0,0,0,0
s: 5
t: 15.427
c: 0

i: 0,21,1,0,0,1,0,0,0,0,0
s: 6
t: 12.906
c: 0

i: 0,2,1,0,1,1,0,0,0,0,1
s: 6
t: 17.801
c: 0

i: 1,2,0,1,0,1,0,0,0,0,0
s: 8
t: 11.343
c: 0

i: 1,2,0,0,0,0,0,0,0,0,0
s: 8
t: 11.890
c: 0

i: 0,7,0,1,0,1,0,0,0,0,1
s: 7
t: 16.193
c: 0

i: 1,9,1,0,0,0,0,0,0,0,0
s: 5
t: 14.267
c: 0

i: 0,13,1,0,0,1,0,0,0,0,0
s: 4
t: 12.503
c: 0

i: 1,0,0,1,0,0,0,0,0,0,0
s: 5
t: 18.577
c: 0

i: 0,1,0,0,0,0,0,0,0,0,0
s: 5
t: 19.440
c: 0

i: 0,0,0,0,0,0,0,0,0,1,1
s: 5
t: 20.604
c: 0

i: 0,15,1,0,0,1,0,0,0,0,0
s: 4
t: 15.235
c: 0

i: 0,2,0,0,1,1,0,0,0,0,0
s: 6
t: 17.535
c: 0

i: 1,0,1,0,0,0,0,1,0,0,0
s: 5
t: 24.935
c: 0

i: 1,4,0,1,0,1,0,0,0,0,0
s: 8
t: 12.422
c: 0

i: 0,8,1,1,0,0,0,0,0,0,0
s: 8
t: 16.754
c: 0

i: 0,5,0,0,0,1,0,0,0,0,0
s: 7
t: 17.791
c: 0

i: 1,4,0,0,0,0,0,0,0,0,0
s: 7
t: 17.177
c: 0

i: 0,1,0,0,1,1,0,0,0,0,0
s: 8
t: 15.436
c: 0

i: 1,0,0,1,0,0,0,1,0,0,0
s: 5
t: 29.220
c: 0

i: 0,6,1,0,0,1,0,0,0,0,0
s: 7
t: 18.842
c: 0

i: 1,0,0,1,0,1,0,0,0,0,1
s: 4
t: 23.792
c: 0

i: 0,6,0,1,0,0,0,1,0,0,0
s: 7
t: 19.231
c: 0

i: 1,1,0,0,0,1,0,0,0,0,0
s: 4
t: 34.752
c: 0

i: 0,1,1,0,0,0,0,0,0,0,0
s: 9
t: 13.869
c: 0

i: 0,2,0,0,0,1,0,0,0,0,0
s: 6
t: 21.701
c: 0

i: 1,1,0,0,1,1,0,0,0,0,0
s: 8
t: 16.885
c: 0

i: 0,0,1,0,1,0,0,0,0,0,0
s: 8
t: 16.744
c: 0

i: 0,1,0,0,0,1,0,0,0,0,1
s: 4
t: 39.716
c: 0

i: 1,8,1,0,0,1,0,0,0,0,0
s: 5
t: 19.359
c: 0

i: 0,14,1,0,0,1,0,0,0,0,0
s: 4
t: 13.448
c: 0

i: 0,0,1,0,1,0,0,0,0,1,0
s: 5
t: 33.216
c: 0

i: 0,2,1,0,1,1,0,0,0,0,0
s: 6
t: 28.132
c: 0

i: 1,1,0,0,0,1,0,0,0,0,1
s: 4
t: 40.103
c: 0

i: 0,9,1,0,0,1,0,0,0,0,0
s: 9
t: 22.050
c: 0

i: 0,7,1,0,0,0,0,0,0,0,0
s: 7
t: 18.205
c: 0

i: 0,1,1,0,1,0,0,0,0,1,0
s: 5
t: 31.197
c: 0

i: 0,0,1,0,1,0,0,0,0,0,1
s: 8
t: 16.357
c: 0

i: 0,2,0,0,0,0,0,0,0,0,0
s: 6
t: 28.608
c: 0

i: 1,0,0,1,0,0,0,0,0,0,1
s: 4
t: 38.395
c: 0

i: 1,0,0,0,0,0,0,1,0,0,1
s: 5
t: 46.162
c: 0

i: 0,1,0,0,0,1,0,0,0,0,0
s: 4
t: 55.969
c: 0

i: 0,0,0,0,0,0,0,0,0,0,1
s: 9
t: 13.804
c: 0

i: 0,8,1,0,1,0,0,0,0,0,0
s: 8
t: 19.931
c: 0

i: 1,0,1,0,0,0,0,0,0,0,0
s: 5
t: 42.931
c: 0

i: 0,1,0,0,0,0,0,0,0,0,1
s: 5
t: 37.340
c: 0

i: 0,3,1,0,1,1,0,0,0,0,0
s: 6
t: 35.474
c: 0

i: 1,5,0,0,0,0,0,0,0,0,0
s: 7
t: 29.847
c: 0

i: 0,0,1,0,0,0,0,0,0,0,0
s: 5
t: 45.265
c: 0

i: 0,3,0,0,0,1,0,0,0,0,0
s: 7
t: 34.421
c: 0

i: 0,10,1,0,0,1,0,0,0,0,0
s: 9
t: 23.258
c: 0

i: 0,0,0,0,1,1,0,0,0,0,0
s: 8
t: 17.684
c: 0

i: 0,28,1,0,0,1,0,0,0,0,0
s: 1
t: 13.814
c: 0

i: 1,1,1,0,0,1,0,0,0,0,0
s: 4
t: 70.576
c: 0

i: 0,1,0,0,0,0,0,0,0,1,1
s: 4
t: 54.505
c: 0

i: 0,13,1,0,0,0,0,0,0,0,0
s: 9
t: 36.687
c: 0

i: 1,3,1,1,0,0,0,0,0,0,0
s: 6
t: 44.663
c: 0

i: 0,19,1,0,0,1,0,0,0,0,0
s: 4
t: 17.412
c: 0

i: 0,6,0,0,0,0,0,0,0,0,0
s: 7
t: 38.915
c: 0

i: 0,2,0,0,0,0,0,0,0,0,1
s: 6
t: 41.234
c: 0

i: 1,2,0,0,0,0,0,0,0,1,1
s: 6
t: 52.593
c: 0

i: 1,0,0,0,1,1,0,0,0,0,1
s: 8
t: 18.710
c: 0

i: 0,10,0,0,0,0,0,0,0,0,1
s: 3
t: 15.116
c: 0

i: 0,1,0,1,0,0,0,0,0,0,0
s: 9
t: 15.698
c: 0

i: 0,1,1,0,1,1,0,0,0,0,1
s: 9
t: 18.512
c: 0

i: 0,11,1,0,0,1,0,0,0,0,0
s: 7
t: 24.607
c: 0

i: 0,0,0,0,0,1,0,0,0,0,1
s: 5
t: 64.114
c: 0

i: 0,7,1,0,0,1,0,0,0,0,1
s: 7
t: 41.319
c: 0

i: 0,2,1,0,0,1,0,0,0,0,0
s: 6
t: 45.799
c: 0

i: 0,0,1,0,1,1,0,0,0,0,1
s: 6
t: 51.407
c: 0

i: 1,0,1,0,0,0,0,0,0,0,1
s: 6
t: 61.597
c: 0

MaxSAT max time: 70.58
MaxSAT min time: 7.59
MaxSAT avg time: 23.19
MaxSAT cumulative time: 2318.76
nombre of explain instances: 100
MaxSAT std dev: 14.16

mem usage: SMT=0.0 MB MaxSAT=0.0 MB
Nombre of timeouts MaxSAT: 0
