i: 0,1,0,0,6,0,1,0,0,0,0,0,0,0,0,0,0,1,0,0,1169,0,0,0,0,1,0,0,0,1,0,4,0,0,0,1,0,0,1,4,0,0,1,0,67,0,1,0,0,1,0,2,0,0,0,1,1,1
s: 10
t: 2.303
c: 0

i: 1,0,0,0,48,0,0,0,1,0,0,0,0,0,0,0,0,1,0,0,5951,0,0,1,0,0,1,0,0,0,0,2,1,0,0,0,0,0,1,2,0,0,1,0,22,0,1,0,0,1,0,1,0,0,0,1,1,0
s: 16
t: 2.455
c: 0

i: 0,0,0,1,12,0,1,0,0,0,0,0,0,0,1,0,0,0,0,0,2096,0,0,1,0,0,0,1,0,0,0,2,0,0,0,1,0,0,1,3,0,0,1,0,49,0,1,0,0,1,0,1,0,0,1,0,2,0
s: 12
t: 2.264
c: 0

i: 0,1,0,0,42,0,0,0,1,0,0,0,0,0,0,1,0,0,0,0,7882,0,0,1,0,0,0,1,0,0,0,2,0,0,0,1,0,1,0,4,1,0,0,0,45,0,1,0,1,0,0,1,0,0,0,1,2,0
s: 13
t: 2.916
c: 0

i: 0,1,0,0,24,0,0,1,0,0,0,1,0,0,0,0,0,0,0,0,4870,0,0,1,0,0,1,0,0,0,0,3,0,0,0,1,0,0,1,4,0,1,0,0,53,0,1,0,1,0,0,2,0,0,0,1,2,0
s: 14
t: 2.423
c: 0

i: 0,0,0,1,36,0,0,0,1,0,0,0,0,0,1,0,0,0,0,0,9055,0,0,0,0,1,1,0,0,0,0,2,0,0,0,1,0,0,1,4,0,1,0,0,35,0,1,0,1,0,0,1,0,0,1,0,2,1
s: 14
t: 2.283
c: 0

i: 0,0,0,1,24,0,0,0,1,0,0,0,0,0,0,1,0,0,0,0,2835,0,1,0,0,0,0,0,0,1,0,3,0,0,0,1,0,0,1,4,1,0,0,0,53,0,1,0,0,1,0,1,0,0,0,1,1,0
s: 13
t: 2.754
c: 0

i: 1,0,0,0,36,0,0,0,1,0,0,0,1,0,0,0,0,0,0,0,6948,0,0,1,0,0,1,0,0,0,0,2,0,0,0,1,0,0,1,2,0,0,0,1,35,0,1,0,0,0,1,1,1,0,0,0,1,1
s: 14
t: 2.842
c: 0

i: 0,0,0,1,12,0,0,0,1,0,0,0,0,0,0,0,0,1,0,0,3059,0,0,0,1,0,0,1,0,0,0,2,0,1,0,0,0,0,1,4,0,0,1,0,61,0,1,0,0,1,0,1,0,0,1,0,1,0
s: 7
t: 2.520
c: 0

i: 1,0,0,0,30,0,1,0,0,0,0,1,0,0,0,0,0,0,0,0,5234,0,0,1,0,0,0,0,0,0,1,4,0,0,1,0,0,0,1,2,0,0,0,1,28,0,1,0,0,1,0,2,1,0,0,0,1,0
s: 11
t: 2.428
c: 0

i: 1,0,0,0,12,0,0,0,1,0,0,1,0,0,0,0,0,0,0,0,1295,0,0,1,0,0,0,0,1,0,0,3,1,0,0,0,0,0,1,1,0,0,0,1,25,0,1,0,0,0,1,1,0,0,0,1,1,0
s: 10
t: 3.180
c: 0

i: 0,1,0,0,48,0,0,0,1,0,0,0,0,1,0,0,0,0,0,0,4308,0,0,1,0,0,0,0,1,0,0,3,1,0,0,0,0,0,1,4,1,0,0,0,24,0,1,0,0,0,1,1,0,0,0,1,1,0
s: 15
t: 3.235
c: 0

i: 1,0,0,0,12,0,0,0,1,0,0,0,0,0,0,0,0,1,0,0,1567,0,0,1,0,0,1,0,0,0,0,1,1,0,0,0,0,0,1,1,0,0,0,1,22,0,1,0,0,1,0,1,0,0,0,1,1,1
s: 12
t: 5.343
c: 0

i: 0,1,0,0,24,0,1,0,0,0,0,1,0,0,0,0,0,0,0,0,1199,0,0,1,0,0,0,0,0,1,0,4,0,0,0,1,0,0,1,4,0,0,0,1,60,0,1,0,0,1,0,2,0,0,1,0,1,0
s: 10
t: 4.345
c: 0

i: 0,1,0,0,15,0,0,0,1,0,0,1,0,0,0,0,0,0,0,0,1403,0,0,1,0,0,1,0,0,0,0,2,1,0,0,0,0,0,1,4,0,0,0,1,28,0,1,0,0,0,1,1,0,0,0,1,1,0
s: 16
t: 6.525
c: 0

i: 0,1,0,0,24,0,0,0,1,0,0,0,0,0,0,0,0,1,0,0,1282,1,0,0,0,0,1,0,0,0,0,4,1,0,0,0,0,0,1,2,0,0,0,1,32,0,1,0,0,1,0,1,0,0,1,0,1,0
s: 17
t: 5.414
c: 0

i: 0,0,0,1,24,0,1,0,0,0,0,0,0,0,0,0,0,1,0,0,2424,0,0,0,0,1,0,0,0,1,0,4,0,0,0,1,0,0,1,4,1,0,0,0,53,0,1,0,0,1,0,2,0,0,0,1,1,0
s: 11
t: 5.569
c: 0

i: 0,1,0,0,30,0,0,0,0,1,0,0,0,1,0,0,0,0,0,0,8072,0,0,0,0,1,0,0,1,0,0,2,0,0,0,1,0,0,1,3,0,0,0,1,25,1,0,0,0,1,0,3,0,0,0,1,1,0
s: 18
t: 5.545
c: 0

i: 1,0,0,0,24,0,0,0,1,0,0,0,1,0,0,0,0,0,0,0,12579,0,0,1,0,0,0,0,0,1,0,4,1,0,0,0,0,0,1,2,0,1,0,0,44,0,1,0,1,0,0,1,1,0,0,0,1,1
s: 13
t: 3.884
c: 0

i: 0,0,0,1,24,0,0,0,1,0,0,0,0,0,0,0,0,1,0,0,3430,0,1,0,0,0,0,0,0,1,0,3,0,0,0,1,0,0,1,2,0,0,0,1,31,0,1,0,0,1,0,1,0,0,0,1,2,1
s: 11
t: 5.001
c: 0

i: 0,0,0,1,9,0,1,0,0,0,0,1,0,0,0,0,0,0,0,0,2134,0,0,1,0,0,1,0,0,0,0,4,0,0,0,1,0,0,1,4,0,0,0,1,48,0,1,0,0,1,0,3,0,0,0,1,1,1
s: 10
t: 6.847
c: 0

i: 0,1,0,0,6,0,0,0,1,0,0,0,0,0,0,0,0,1,0,0,2647,0,1,0,0,0,1,0,0,0,0,2,0,0,0,1,0,0,1,3,0,0,1,0,44,0,1,0,0,0,1,1,0,0,0,1,2,0
s: 19
t: 4.447
c: 0

i: 0,1,0,0,10,0,1,0,0,0,0,1,0,0,0,0,0,0,0,0,2241,0,0,1,0,0,0,0,1,0,0,1,0,0,0,1,0,0,1,3,0,0,1,0,48,0,1,0,0,0,1,2,0,0,1,0,2,0
s: 14
t: 1.943
c: 0

i: 1,0,0,0,12,0,1,0,0,0,0,0,1,0,0,0,0,0,0,0,1804,1,0,0,0,0,0,0,1,0,0,3,0,0,0,1,0,0,1,4,1,0,0,0,44,0,1,0,0,1,0,1,0,0,0,1,1,0
s: 16
t: 3.610
c: 0

i: 0,0,0,1,10,0,1,0,0,0,0,0,0,0,0,1,0,0,0,0,2069,0,0,0,0,1,1,0,0,0,0,2,0,0,1,0,0,0,1,1,0,0,0,1,26,0,1,0,0,1,0,2,0,0,0,1,1,0
s: 7
t: 1.987
c: 0

i: 0,1,0,0,6,0,0,0,1,0,0,0,0,0,0,1,0,0,0,0,1374,0,0,1,0,0,1,0,0,0,0,1,0,0,0,1,0,0,1,2,0,0,1,0,36,1,0,0,0,1,0,1,0,0,1,0,1,1
s: 19
t: 2.082
c: 0

i: 0,0,0,1,6,0,0,0,0,1,0,0,0,0,0,0,0,1,0,0,426,0,0,1,0,0,0,0,0,1,0,4,0,0,1,0,0,0,1,4,0,0,0,1,39,0,1,0,0,1,0,1,0,0,1,0,1,0
s: 12
t: 6.330
c: 0

i: 0,0,1,0,12,1,0,0,0,0,0,0,0,0,0,0,0,1,0,0,409,0,0,0,1,0,1,0,0,0,0,3,1,0,0,0,0,0,1,3,0,0,1,0,42,0,1,0,0,0,1,2,0,0,0,1,1,0
s: 12
t: 6.328
c: 0

i: 1,0,0,0,7,0,0,0,1,0,0,0,0,0,0,0,0,1,0,0,2415,0,0,1,0,0,1,0,0,0,0,3,0,0,0,1,0,1,0,2,0,0,1,0,34,0,1,0,0,1,0,1,0,0,0,1,1,0
s: 19
t: 6.297
c: 0

i: 0,1,0,0,60,0,0,1,0,0,0,0,0,1,0,0,0,0,0,0,6836,0,0,1,0,0,0,0,0,1,0,3,0,0,0,1,0,0,1,4,0,1,0,0,63,0,1,0,0,1,0,2,0,0,0,1,1,1
s: 8
t: 5.008
c: 0

i: 1,0,0,0,18,0,0,0,1,0,0,0,0,1,0,0,0,0,0,0,1913,0,0,0,1,0,0,0,1,0,0,3,0,0,1,0,0,0,1,3,0,0,1,0,36,1,0,0,0,1,0,1,0,0,0,1,1,1
s: 11
t: 3.899
c: 0

i: 0,1,0,0,24,0,0,0,1,0,0,0,0,0,0,1,0,0,0,0,4020,0,0,1,0,0,1,0,0,0,0,2,0,0,0,1,0,0,1,2,0,0,0,1,27,0,0,1,0,1,0,1,0,0,0,1,1,0
s: 13
t: 7.104
c: 0

i: 1,0,0,0,18,0,0,0,1,0,0,1,0,0,0,0,0,0,0,0,5866,1,0,0,0,0,1,0,0,0,0,2,0,0,0,1,0,0,1,2,0,0,0,1,30,0,1,0,0,1,0,2,0,0,0,1,1,1
s: 13
t: 5.781
c: 0

i: 0,0,0,1,12,0,1,0,0,0,0,0,0,1,0,0,0,0,0,0,1264,0,0,0,0,1,0,0,0,1,0,4,0,0,0,1,0,0,1,4,0,1,0,0,57,0,1,0,0,0,1,1,0,0,1,0,1,0
s: 11
t: 6.897
c: 0

i: 0,0,1,0,12,0,0,0,1,0,0,0,0,0,0,1,0,0,0,0,1474,0,0,1,0,0,0,0,1,0,0,4,1,0,0,0,0,0,1,1,1,0,0,0,33,1,0,0,0,1,0,1,1,0,0,0,1,1
s: 15
t: 2.133
c: 0

i: 1,0,0,0,45,0,1,0,0,0,0,0,0,0,0,0,0,1,0,0,4746,0,0,1,0,0,0,0,1,0,0,4,0,0,0,1,0,0,1,2,1,0,0,0,25,0,1,0,0,1,0,2,0,0,1,0,1,0
s: 8
t: 4.910
c: 0

i: 0,0,0,1,48,0,1,0,0,0,0,0,0,0,1,0,0,0,0,0,6110,0,0,1,0,0,1,0,0,0,0,1,0,0,0,1,0,0,1,3,0,1,0,0,31,1,0,0,1,0,0,1,0,0,0,1,1,1
s: 14
t: 3.785
c: 0

i: 0,0,1,0,18,0,0,0,1,0,0,0,0,0,0,0,0,1,0,0,2100,0,0,1,0,0,1,0,0,0,0,4,0,0,0,1,1,0,0,2,0,0,1,0,37,0,0,1,0,1,0,1,0,0,0,1,1,0
s: 13
t: 5.023
c: 0

i: 0,0,1,0,10,0,0,0,1,0,1,0,0,0,0,0,0,0,0,0,1225,0,0,1,0,0,1,0,0,0,0,2,0,0,0,1,0,0,1,2,0,0,0,1,37,0,1,0,0,1,0,1,0,0,0,1,1,1
s: 13
t: 9.919
c: 0

i: 1,0,0,0,9,0,0,0,1,0,0,0,0,0,0,0,0,1,0,0,458,0,0,1,0,0,1,0,0,0,0,4,0,0,0,1,0,0,1,3,0,0,1,0,24,0,1,0,0,1,0,1,0,0,0,1,1,0
s: 12
t: 9.675
c: 0

i: 0,0,0,1,30,0,0,0,1,0,0,0,0,0,0,0,0,1,0,0,2333,0,1,0,0,0,0,0,0,1,0,4,0,0,0,1,0,0,1,2,0,0,0,1,30,1,0,0,0,1,0,1,1,0,0,0,1,0
s: 11
t: 5.016
c: 0

i: 1,0,0,0,12,0,0,0,1,0,0,0,0,0,0,0,0,1,0,0,1158,0,1,0,0,0,1,0,0,0,0,3,0,1,0,0,0,0,1,1,0,0,0,1,26,0,1,0,0,1,0,1,0,0,0,1,1,1
s: 12
t: 7.515
c: 0

i: 1,0,0,0,18,0,0,1,0,0,0,0,0,0,0,0,0,0,1,0,6204,0,0,1,0,0,1,0,0,0,0,2,0,0,0,1,0,0,1,4,0,0,1,0,44,0,1,0,0,1,0,1,0,0,1,0,2,1
s: 14
t: 5.735
c: 0

i: 0,1,0,0,30,0,1,0,0,0,0,0,1,0,0,0,0,0,0,0,6187,1,0,0,0,0,0,1,0,0,0,1,0,0,1,0,0,0,1,4,0,0,0,1,24,0,1,0,0,0,1,2,0,0,0,1,1,0
s: 11
t: 4.612
c: 0

i: 0,1,0,0,48,0,1,0,0,0,0,0,1,0,0,0,0,0,0,0,6143,0,0,1,0,0,0,0,0,1,0,4,1,0,0,0,0,0,1,4,0,1,0,0,58,0,0,1,1,0,0,2,0,0,1,0,1,0
s: 10
t: 6.394
c: 0

i: 0,0,0,1,11,0,1,0,0,0,0,1,0,0,0,0,0,0,0,0,1393,0,0,1,0,0,0,0,1,0,0,4,1,0,0,0,0,0,1,4,0,0,0,1,35,0,1,0,0,1,0,2,1,0,0,0,1,0
s: 10
t: 6.945
c: 0

i: 0,0,0,1,36,0,0,0,1,0,0,0,0,0,0,0,0,1,0,0,2299,0,1,0,0,0,0,0,0,1,0,4,0,0,0,1,0,0,1,4,0,0,0,1,39,0,1,0,0,1,0,1,0,0,0,1,1,0
s: 17
t: 6.836
c: 0

i: 0,1,0,0,6,0,0,0,1,0,0,0,1,0,0,0,0,0,0,0,1352,0,1,0,0,0,0,0,0,0,1,1,1,0,0,0,0,0,1,2,1,0,0,0,23,0,1,0,0,0,1,1,0,1,0,0,1,1
s: 16
t: 11.586
c: 0

i: 0,0,0,1,11,0,1,0,0,0,0,1,0,0,0,0,0,0,0,0,7228,0,0,1,0,0,1,0,0,0,0,1,0,0,0,1,0,0,1,4,1,0,0,0,39,0,1,0,0,1,0,2,0,0,1,0,1,0
s: 16
t: 1.973
c: 0

i: 0,0,0,1,12,0,0,0,1,0,0,0,0,0,0,0,0,1,0,0,2073,1,0,0,0,0,1,0,0,0,0,4,1,0,0,0,1,0,0,2,0,0,1,0,28,0,1,0,0,1,0,1,0,0,0,1,1,0
s: 16
t: 5.765
c: 0

i: 1,0,0,0,24,0,0,1,0,0,0,0,0,0,0,1,0,0,0,0,2333,0,0,0,0,1,0,0,1,0,0,4,0,0,0,1,0,0,1,2,1,0,0,0,29,1,0,0,0,1,0,1,0,0,1,0,1,0
s: 6
t: 5.334
c: 0

i: 1,0,0,0,27,0,0,1,0,0,0,0,1,0,0,0,0,0,0,0,5965,0,0,1,0,0,0,0,0,1,0,1,0,0,0,1,0,0,1,2,0,0,0,1,30,0,1,0,0,1,0,2,1,0,0,0,1,1
s: 12
t: 12.944
c: 0

i: 0,0,0,1,12,0,0,0,1,0,0,0,0,0,0,0,0,1,0,0,1262,0,0,1,0,0,1,0,0,0,0,3,0,0,0,1,0,0,1,2,0,0,0,1,25,0,1,0,0,1,0,1,0,0,0,1,1,0
s: 10
t: 8.291
c: 0

i: 0,0,0,1,18,0,0,0,1,0,0,0,1,0,0,0,0,0,0,0,3378,0,0,0,0,1,1,0,0,0,0,2,0,0,0,1,0,0,1,1,1,0,0,0,31,0,1,0,0,1,0,1,0,0,0,1,1,1
s: 15
t: 8.097
c: 0

i: 1,0,0,0,36,0,0,1,0,0,0,1,0,0,0,0,0,0,0,0,2225,0,0,1,0,0,0,0,0,1,0,4,0,0,0,1,0,0,1,4,0,1,0,0,57,1,0,0,1,0,0,2,0,0,0,1,1,1
s: 16
t: 10.793
c: 0

i: 0,0,0,1,6,1,0,0,0,0,0,1,0,0,0,0,0,0,0,0,783,0,0,0,0,1,1,0,0,0,0,1,0,0,0,1,0,1,0,2,0,0,1,0,26,0,0,1,0,1,0,1,0,0,1,0,2,0
s: 11
t: 2.008
c: 0

i: 1,0,0,0,12,0,0,0,1,0,0,0,0,0,0,0,0,1,0,0,6468,0,0,0,0,1,0,0,0,0,1,2,0,0,0,1,0,0,1,1,0,1,0,0,52,0,1,0,0,1,0,1,1,0,0,0,1,1
s: 9
t: 7.392
c: 0

i: 0,0,0,1,36,0,1,0,0,0,0,0,0,0,0,0,0,1,0,0,9566,0,0,1,0,0,1,0,0,0,0,2,1,0,0,0,0,0,1,2,0,0,0,1,31,0,0,1,0,1,0,2,0,0,0,1,1,0
s: 11
t: 10.372
c: 0

i: 0,0,1,0,18,0,0,0,1,0,0,1,0,0,0,0,0,0,0,0,1961,0,0,1,0,0,0,0,0,1,0,3,1,0,0,0,0,0,1,2,0,0,0,1,23,0,1,0,0,1,0,1,1,0,0,0,1,0
s: 13
t: 7.612
c: 0

i: 0,1,0,0,36,0,1,0,0,0,0,0,0,0,0,1,0,0,0,0,6229,0,0,1,0,0,0,0,1,0,0,4,1,0,0,0,1,0,0,4,0,1,0,0,23,0,1,0,0,0,1,2,0,0,1,0,1,1
s: 13
t: 8.577
c: 0

i: 1,0,0,0,9,0,0,0,1,0,0,0,0,1,0,0,0,0,0,0,1391,0,0,1,0,0,1,0,0,0,0,2,0,0,1,0,0,0,1,1,0,0,1,0,27,1,0,0,0,1,0,1,0,0,0,1,1,1
s: 16
t: 7.752
c: 0

i: 1,0,0,0,15,0,1,0,0,0,0,0,0,0,0,0,0,1,0,0,1537,0,0,0,0,1,0,0,0,1,0,4,0,0,0,1,0,1,0,4,0,0,1,0,50,0,1,0,0,1,0,2,0,0,0,1,1,1
s: 9
t: 9.984
c: 0

i: 1,0,0,0,36,0,0,0,0,1,0,0,0,1,0,0,0,0,0,0,1953,0,0,1,0,0,0,0,0,1,0,4,0,0,0,1,0,0,1,4,0,1,0,0,61,0,1,0,1,0,0,1,1,0,0,0,1,1
s: 16
t: 11.261
c: 0

i: 1,0,0,0,48,0,0,0,0,1,0,0,0,1,0,0,0,0,0,0,14421,0,0,1,0,0,1,0,0,0,0,2,0,0,0,1,0,0,1,2,0,0,0,1,25,0,1,0,0,1,0,1,0,0,0,1,1,1
s: 14
t: 11.016
c: 0

i: 0,0,0,1,24,0,0,0,1,0,0,0,0,0,0,0,0,1,0,0,3181,0,0,1,0,0,0,0,1,0,0,4,1,0,0,0,0,0,1,4,1,0,0,0,26,0,1,0,0,1,0,1,0,0,0,1,1,1
s: 14
t: 7.505
c: 0

i: 0,0,0,1,27,0,0,0,1,0,0,0,0,0,0,0,0,0,1,0,5190,0,0,0,0,1,0,0,0,1,0,4,0,0,0,1,0,0,1,4,1,0,0,0,48,0,1,0,0,1,0,4,0,0,0,1,2,1
s: 14
t: 7.738
c: 0

i: 0,0,0,1,12,0,0,0,1,0,0,0,0,0,0,0,0,1,0,0,2171,0,0,1,0,0,0,0,1,0,0,2,1,0,0,0,0,0,1,2,0,0,0,1,29,1,0,0,0,1,0,1,0,0,0,1,1,0
s: 17
t: 7.805
c: 0

i: 1,0,0,0,12,0,0,0,1,0,0,1,0,0,0,0,0,0,0,0,1007,0,0,0,1,0,1,0,0,0,0,4,0,0,1,0,0,0,1,1,0,0,1,0,22,0,1,0,0,1,0,1,0,0,0,1,1,0
s: 7
t: 9.152
c: 0

i: 0,0,0,1,36,0,0,0,1,0,0,0,0,0,1,0,0,0,0,0,1819,0,0,1,0,0,1,0,0,0,0,4,0,0,0,1,0,0,1,4,0,1,0,0,37,0,0,1,1,0,0,1,0,0,0,1,1,1
s: 18
t: 12.999
c: 0

i: 0,0,0,1,36,0,0,0,1,0,0,0,0,0,0,0,0,1,0,0,2394,0,0,0,0,1,1,0,0,0,0,4,1,0,0,0,0,0,1,4,0,0,0,1,25,0,1,0,0,1,0,1,0,0,0,1,1,0
s: 12
t: 13.690
c: 0

i: 0,0,0,1,36,0,0,0,1,0,0,0,1,0,0,0,0,0,0,0,8133,0,0,1,0,0,1,0,0,0,0,1,1,0,0,0,0,0,1,2,1,0,0,0,30,1,0,0,0,1,0,1,0,0,0,1,1,0
s: 10
t: 9.353
c: 0

i: 0,0,0,1,7,0,1,0,0,0,0,0,0,0,0,0,0,1,0,0,730,0,0,0,0,1,0,0,0,1,0,4,0,0,0,1,0,0,1,2,1,0,0,0,46,0,1,0,0,0,1,2,0,0,1,0,1,1
s: 10
t: 9.012
c: 0

i: 0,1,0,0,8,0,1,0,0,0,0,0,0,0,0,0,1,0,0,0,1164,0,0,1,0,0,0,0,0,1,0,3,0,0,0,1,0,0,1,4,0,1,0,0,51,1,0,0,1,0,0,2,1,0,0,0,2,1
s: 9
t: 12.409
c: 0

i: 1,0,0,0,42,0,1,0,0,0,0,0,0,1,0,0,0,0,0,0,5954,0,0,1,0,0,0,1,0,0,0,2,1,0,0,0,0,0,1,1,0,0,1,0,41,1,0,0,0,1,0,2,0,0,1,0,1,0
s: 6
t: 6.451
c: 0

i: 0,1,0,0,36,0,0,0,1,0,0,0,0,0,1,0,0,0,0,0,1977,0,0,0,0,1,0,0,0,1,0,4,0,0,0,1,0,0,1,4,0,1,0,0,40,0,1,0,0,1,0,1,1,0,0,0,1,1
s: 15
t: 12.293
c: 0

i: 0,1,0,0,12,0,1,0,0,0,0,0,1,0,0,0,0,0,0,0,1526,0,0,1,0,0,0,0,0,1,0,4,0,0,0,1,0,0,1,4,0,1,0,0,66,0,1,0,1,0,0,2,1,0,0,0,1,0
s: 16
t: 11.349
c: 0

i: 0,1,0,0,42,0,0,0,1,0,0,0,0,0,0,0,0,1,0,0,3965,0,0,1,0,0,0,0,1,0,0,4,0,0,0,1,0,0,1,3,0,0,0,1,34,0,1,0,0,1,0,1,0,0,0,1,1,0
s: 17
t: 11.733
c: 0

i: 1,0,0,0,11,0,0,1,0,0,0,0,0,0,0,0,0,1,0,0,4771,0,0,1,0,0,0,1,0,0,0,2,0,0,0,1,0,0,1,4,1,0,0,0,51,0,1,0,0,1,0,1,0,0,0,1,1,0
s: 13
t: 14.082
c: 0

i: 0,0,0,1,54,0,0,0,0,1,0,0,1,0,0,0,0,0,0,0,9436,0,0,0,0,1,1,0,0,0,0,2,0,0,0,1,0,0,1,2,1,0,0,0,39,0,1,0,0,1,0,1,0,0,1,0,2,0
s: 11
t: 10.910
c: 0

i: 1,0,0,0,30,0,0,0,1,0,0,0,0,0,0,1,0,0,0,0,3832,0,0,1,0,0,0,0,1,0,0,2,0,0,1,0,0,0,1,1,1,0,0,0,22,0,1,0,0,1,0,1,0,0,0,1,1,0
s: 9
t: 8.262
c: 0

i: 0,0,0,1,24,0,0,0,1,0,0,0,0,0,0,0,0,1,0,0,5943,0,0,0,0,1,0,0,1,0,0,1,1,0,0,0,0,0,1,1,0,0,0,1,44,0,1,0,0,1,0,2,0,0,0,1,1,1
s: 11
t: 14.853
c: 0

i: 0,0,0,1,15,0,0,0,1,0,0,0,0,0,0,0,0,1,0,0,1213,0,1,0,0,0,0,0,0,1,0,4,0,0,0,1,0,0,1,3,1,0,0,0,47,0,0,1,0,1,0,1,0,0,0,1,1,1
s: 14
t: 16.729
c: 0

i: 0,0,0,1,18,0,0,0,1,0,0,0,0,1,0,0,0,0,0,0,1568,1,0,0,0,0,1,0,0,0,0,3,1,0,0,0,0,0,1,4,1,0,0,0,24,0,1,0,0,0,1,1,0,0,1,0,1,0
s: 11
t: 10.234
c: 0

i: 0,1,0,0,24,0,0,0,1,0,0,0,0,0,0,0,1,0,0,0,1755,0,0,1,0,0,0,0,0,1,0,4,1,0,0,0,0,1,0,4,0,0,1,0,58,0,1,0,0,1,0,1,0,0,1,0,1,1
s: 16
t: 26.560
c: 0

i: 0,1,0,0,10,0,0,0,1,0,0,0,0,0,0,0,0,1,0,0,2315,0,0,1,0,0,0,0,0,1,0,3,0,0,0,1,0,0,1,4,0,0,1,0,52,0,1,0,0,1,0,1,0,0,1,0,1,0
s: 13
t: 12.011
c: 0

i: 0,0,0,1,12,0,1,0,0,0,0,0,0,1,0,0,0,0,0,0,1412,0,0,1,0,0,1,0,0,0,0,4,1,0,0,0,0,1,0,2,0,0,1,0,29,0,1,0,0,1,0,2,1,0,0,0,1,1
s: 16
t: 11.773
c: 0

i: 1,0,0,0,18,0,1,0,0,0,0,0,0,0,0,1,0,0,0,0,1295,0,0,1,0,0,0,0,1,0,0,4,1,0,0,0,0,0,1,1,1,0,0,0,27,0,1,0,0,1,0,2,0,0,0,1,1,0
s: 12
t: 9.819
c: 0

i: 1,0,0,0,36,0,0,0,1,0,0,0,0,0,1,0,0,0,0,0,12612,1,0,0,0,0,1,0,0,0,0,1,0,0,0,1,0,0,1,4,0,1,0,0,47,0,1,0,1,0,0,1,0,0,0,1,2,1
s: 12
t: 14.385
c: 0

i: 0,1,0,0,18,0,0,0,1,0,0,1,0,0,0,0,0,0,0,0,2249,1,0,0,0,0,0,1,0,0,0,4,0,0,0,1,0,0,1,3,0,0,0,1,30,0,1,0,0,1,0,1,1,0,0,0,2,1
s: 14
t: 12.947
c: 0

i: 0,1,0,0,12,0,0,0,0,1,0,0,0,0,0,0,0,0,1,0,1108,0,0,1,0,0,0,1,0,0,0,4,0,0,0,1,0,0,1,3,0,0,1,0,28,0,1,0,0,1,0,2,0,0,0,1,1,0
s: 20
t: 2.977
c: 0

i: 0,0,0,1,12,0,1,0,0,0,0,0,0,0,0,0,0,1,0,0,618,0,0,1,0,0,0,0,0,1,0,4,0,0,0,1,0,0,1,4,0,0,1,0,56,0,1,0,0,1,0,1,0,0,0,1,1,0
s: 9
t: 11.430
c: 0

i: 0,1,0,0,12,0,1,0,0,0,0,0,1,0,0,0,0,0,0,0,1409,0,0,1,0,0,0,0,0,1,0,4,0,0,0,1,0,0,1,3,0,0,1,0,54,0,1,0,0,1,0,1,0,0,0,1,1,0
s: 11
t: 11.218
c: 0

i: 0,0,0,1,12,0,1,0,0,0,0,0,0,0,0,0,0,1,0,0,797,0,0,0,0,1,0,0,0,1,0,4,1,0,0,0,0,0,1,3,1,0,0,0,33,1,0,0,0,1,0,1,0,0,1,0,2,0
s: 10
t: 21.430
c: 0

i: 0,0,1,0,24,0,1,0,0,0,0,0,0,0,0,1,0,0,0,0,3617,0,0,0,0,1,0,0,0,1,0,4,0,0,0,1,1,0,0,4,0,1,0,0,20,0,1,0,0,0,1,2,0,0,0,1,1,0
s: 14
t: 18.044
c: 0

i: 1,0,0,0,12,0,0,0,1,0,0,1,0,0,0,0,0,0,0,0,1318,0,0,0,1,0,0,0,0,1,0,4,0,0,0,1,0,0,1,4,0,0,1,0,54,0,1,0,0,1,0,1,0,0,0,1,1,1
s: 10
t: 16.286
c: 0

i: 1,0,0,0,54,0,0,0,0,1,0,0,0,1,0,0,0,0,0,0,15945,0,0,1,0,0,0,0,1,0,0,3,0,0,0,1,0,0,1,4,0,1,0,0,58,0,1,0,0,0,1,1,0,0,0,1,1,1
s: 8
t: 12.581
c: 0

i: 0,0,0,1,12,0,1,0,0,0,0,0,0,0,1,0,0,0,0,0,2012,0,0,0,0,1,0,1,0,0,0,4,1,0,0,0,0,0,1,2,0,0,0,1,61,0,1,0,0,1,0,1,0,0,0,1,1,0
s: 10
t: 13.513
c: 0

i: 1,0,0,0,18,0,0,0,1,0,0,0,0,1,0,0,0,0,0,0,2622,1,0,0,0,0,1,0,0,0,0,4,0,0,0,1,0,0,1,4,0,0,0,1,34,0,1,0,0,1,0,1,0,0,0,1,1,0
s: 18
t: 13.832
c: 0

i: 1,0,0,0,36,0,1,0,0,0,0,0,0,0,0,0,0,1,0,0,2337,0,0,1,0,0,0,0,0,1,0,4,0,0,0,1,0,0,1,4,0,0,1,0,36,0,1,0,0,1,0,1,0,0,0,1,1,0
s: 17
t: 15.930
c: 0

i: 1,0,0,0,20,0,0,1,0,0,0,0,1,0,0,0,0,0,0,0,7057,0,0,0,0,1,0,1,0,0,0,3,0,0,0,1,0,0,1,4,1,0,0,0,36,1,0,0,0,0,1,2,1,0,0,0,2,1
s: 14
t: 6.523
c: 0

MaxSAT max time: 26.56
MaxSAT min time: 1.94
MaxSAT avg time: 7.99
MaxSAT cumulative time: 798.87
nombre of explain instances: 100
MaxSAT std dev: 4.67

mem usage: SMT=0.0 MB MaxSAT=0.0 MB
Nombre of timeouts MaxSAT: 0
