i: 1,65,168,0,1,0,0,0,0,1,0,0,0,0,0,0,0,0,0,0,0,0,0,1,0,0,0,0,39,0,0,1,1,0,1,0,32,161
s: 7
t: 22.239

i: 0,72,123,0,1,0,0,0,0,0,0,0,0,1,0,0,0,0,0,0,0,0,0,1,0,0,0,0,5,0,0,1,0,0,1,0,53,1
s: 6
t: 39.734

i: 0,142,52,1,0,0,0,0,0,1,0,0,0,0,0,0,0,0,0,0,0,0,0,1,0,0,0,0,31,0,0,1,1,0,1,0,98,1
s: 10
t: 10.898

i: 0,60,169,1,0,0,0,0,0,0,1,0,0,0,0,0,0,0,0,0,0,0,1,0,0,0,0,0,1,1,1,12,1,0,1,0,1,1
s: 9
t: 46.237

i: 1,44,134,0,1,0,0,0,0,0,0,1,0,0,0,0,0,0,0,0,0,0,0,1,0,0,0,0,46,1,1,15,0,0,1,0,18,68
s: 6
t: 35.476

i: 0,4,20,0,1,0,0,0,0,0,0,0,0,1,0,0,0,0,0,0,0,0,0,0,0,0,1,0,37,1,1,3,0,0,1,0,32,1
s: 13
t: 3.380

i: 1,16,119,0,1,0,0,0,1,0,0,0,0,0,0,0,0,0,0,0,0,0,0,1,0,0,0,0,4,0,0,1,0,0,1,0,18,50
s: 7
t: 17.496

i: 0,330,94,0,1,0,0,0,0,0,0,0,0,0,0,0,1,0,0,0,0,0,0,0,0,0,1,0,66,1,1,7,0,0,1,0,12,120
s: 5
t: 124.148

i: 1,126,33,1,0,0,0,1,0,0,0,0,0,0,0,0,0,0,0,0,0,0,0,0,0,0,1,0,65,0,0,1,0,0,1,0,61,117
s: 8
t: 20.081

i: 0,315,125,0,1,0,0,0,0,1,0,0,0,0,0,0,0,0,0,0,0,0,0,0,0,0,1,0,100,1,1,4,1,0,1,0,32,36
s: 9
t: 8.452

i: 1,183,52,0,1,0,0,0,0,0,0,0,0,0,0,0,0,0,0,1,0,0,0,0,0,0,1,0,81,1,1,5,1,0,1,0,89,144
s: 6
t: 70.547

i: 1,248,102,0,1,0,0,0,0,0,0,0,0,0,0,0,1,0,0,0,0,0,0,0,0,0,1,0,85,1,1,7,1,0,1,0,148,1
s: 8
t: 32.904

i: 1,49,40,1,0,0,0,0,0,0,0,0,0,1,0,0,0,0,0,0,0,0,0,0,0,0,1,0,34,1,1,4,1,0,1,0,45,79
s: 11
t: 41.716

i: 1,198,102,0,1,0,0,0,0,0,0,0,0,0,0,0,0,0,0,1,0,0,0,0,0,0,1,0,104,1,1,7,1,0,1,0,1,150
s: 5
t: 137.332

i: 1,329,69,0,1,0,0,0,0,0,0,0,0,1,0,0,0,0,0,0,0,0,0,1,0,0,0,0,56,0,0,1,1,0,1,0,107,1
s: 11
t: 17.510

i: 1,284,116,0,1,0,0,0,0,1,0,0,0,0,0,0,0,0,0,0,0,0,0,1,0,0,0,0,2,0,0,1,0,0,1,0,1,196
s: 8
t: 6.284

i: 1,142,95,0,1,0,0,0,0,0,0,0,0,0,1,0,0,0,0,0,0,0,0,1,0,0,0,0,104,1,1,3,1,0,1,0,109,1
s: 11
t: 37.655

i: 0,33,139,0,1,0,0,0,0,0,0,1,0,0,0,0,0,0,0,0,0,0,0,1,0,0,0,0,20,1,1,3,0,0,1,0,26,124
s: 9
t: 3.737

i: 1,42,40,1,0,0,0,0,0,1,0,0,0,0,0,0,0,0,0,0,0,0,0,1,0,0,0,0,4,0,0,1,0,0,1,0,45,5
s: 7
t: 142.183

i: 0,69,111,0,1,0,0,0,0,0,0,0,0,0,0,0,1,0,0,0,0,0,0,1,0,0,0,0,60,1,1,8,0,0,1,0,41,202
s: 5
t: 103.121

i: 0,129,20,0,1,0,0,0,0,0,0,1,0,0,0,0,0,0,0,0,0,0,0,1,0,0,0,0,2,0,0,1,0,0,1,0,92,151
s: 8
t: 18.618

i: 0,35,20,1,0,0,0,0,0,0,0,1,0,0,0,0,0,0,0,0,0,0,0,1,0,0,0,0,16,1,0,1,1,0,1,0,53,1
s: 9
t: 5.627

i: 1,246,42,0,1,0,0,1,0,0,0,0,0,0,0,0,0,0,0,0,0,0,0,1,0,0,0,0,5,0,0,1,0,0,1,0,57,1
s: 6
t: 17.939

i: 1,250,52,0,1,0,0,0,0,1,0,0,0,0,0,0,0,0,0,0,0,0,0,1,0,0,0,0,6,1,0,1,0,0,1,0,53,1
s: 8
t: 8.629

i: 1,38,146,0,1,0,0,0,0,0,0,1,0,0,0,0,0,0,0,0,0,0,0,1,0,0,0,0,21,0,0,1,0,0,1,0,24,101
s: 6
t: 15.760

i: 1,176,46,0,1,0,0,0,0,0,0,0,0,0,0,0,0,0,1,0,0,0,0,0,0,0,1,0,93,1,1,4,1,0,1,0,1,1
s: 7
t: 34.516

i: 1,70,5,1,0,0,0,0,0,1,0,0,0,0,0,0,0,0,0,0,0,0,0,1,0,0,0,0,4,0,0,1,0,0,1,0,69,44
s: 9
t: 26.258

i: 1,181,74,1,0,0,0,0,0,0,0,0,0,1,0,0,0,0,0,0,0,0,0,0,0,0,1,0,48,1,1,2,1,0,1,0,63,235
s: 8
t: 24.881

i: 0,155,175,0,1,0,0,0,0,0,0,0,0,1,0,0,0,0,0,0,0,0,0,1,0,0,0,0,47,1,1,2,0,0,1,0,77,20
s: 12
t: 20.432

i: 1,77,66,0,1,0,0,0,0,0,0,0,0,1,0,0,0,0,0,0,0,0,0,1,0,0,0,0,28,1,1,12,1,0,1,0,18,186
s: 5
t: 147.889

i: 1,118,26,0,1,0,0,0,0,0,0,0,0,1,0,0,0,0,0,0,0,0,0,0,0,0,1,0,78,1,1,4,1,0,1,0,106,66
s: 11
t: 17.294

i: 0,47,160,1,0,0,0,0,0,0,0,0,0,0,0,0,0,0,0,1,0,0,0,0,0,0,1,0,1,0,0,1,1,0,1,0,51,28
s: 9
t: 31.469

i: 1,305,43,1,0,0,0,0,0,0,0,0,0,1,0,0,0,0,0,0,0,0,0,0,0,0,1,0,114,1,0,1,1,0,1,0,69,50
s: 10
t: 4.532

i: 1,77,169,0,1,0,0,0,0,0,0,0,0,0,1,0,0,0,0,0,0,0,0,0,0,0,1,0,50,1,1,12,1,0,1,0,100,92
s: 6
t: 26.782

i: 1,259,40,0,1,0,0,0,0,0,0,0,1,0,0,0,0,0,0,0,0,0,0,1,0,0,0,0,123,0,1,2,1,0,1,0,115,54
s: 10
t: 3.569

i: 1,348,204,1,0,0,1,0,0,0,0,0,0,0,0,0,0,0,0,0,1,0,0,0,0,0,0,0,2,0,1,3,0,0,1,0,1,102
s: 12
t: 11.358

i: 1,95,180,0,1,0,0,0,0,0,0,1,0,0,0,0,0,0,0,0,0,0,0,1,0,0,0,0,65,1,0,1,1,1,0,0,3,1
s: 8
t: 41.470

i: 1,236,191,0,1,0,0,0,0,0,0,0,0,0,1,0,0,0,0,0,0,0,0,1,0,0,0,0,111,1,1,7,1,0,1,0,20,1
s: 6
t: 37.958

i: 0,282,132,0,1,0,0,0,0,0,0,0,0,1,0,0,0,0,0,0,0,0,0,1,0,0,0,0,106,1,1,7,1,0,1,0,1,164
s: 5
t: 107.461

i: 0,280,73,0,1,0,0,0,0,0,0,0,0,0,0,0,0,0,0,1,0,0,0,1,0,0,0,0,123,1,1,3,1,0,1,0,155,178
s: 5
t: 62.060

i: 1,78,1,0,1,0,0,0,0,0,0,0,0,0,0,0,0,0,1,0,0,0,0,1,0,0,0,0,3,1,0,1,0,0,1,0,1,1
s: 11
t: 38.610

i: 1,71,46,1,0,0,0,0,0,0,0,1,0,0,0,0,0,0,0,0,0,0,0,1,0,0,0,0,15,0,0,1,1,0,1,0,38,42
s: 11
t: 39.286

i: 1,115,37,0,1,0,0,0,0,0,0,0,0,0,0,0,0,0,0,1,0,0,0,0,0,0,1,0,31,1,0,1,0,0,1,0,1,216
s: 8
t: 16.531

i: 1,338,18,0,1,0,0,0,0,0,0,0,0,1,0,0,0,0,0,0,0,0,0,1,0,0,0,0,16,1,1,4,1,0,1,0,63,1
s: 6
t: 2.019

i: 1,84,14,1,0,0,0,0,0,0,0,0,0,1,0,0,0,0,0,0,0,0,0,1,0,0,0,0,2,0,1,3,0,0,1,0,40,7
s: 10
t: 38.800

i: 0,50,156,0,1,0,0,0,0,0,0,0,0,0,0,0,1,0,0,0,0,0,0,1,0,0,0,0,19,1,1,3,1,0,1,0,14,1
s: 12
t: 13.244

i: 0,90,52,1,0,0,0,0,0,0,0,0,0,1,0,0,0,0,0,0,0,0,0,1,0,0,0,0,5,0,0,1,0,0,1,0,43,1
s: 5
t: 68.877

i: 1,8,2,0,1,0,0,0,0,0,0,0,0,1,0,0,0,0,0,0,0,0,0,1,0,0,0,0,2,0,0,1,0,0,1,0,1,1
s: 7
t: 29.447

i: 0,141,55,1,0,0,0,0,0,0,0,0,0,0,0,1,0,0,0,0,0,0,0,0,0,0,1,0,47,0,0,1,0,0,1,0,91,18
s: 6
t: 12.159

i: 0,308,196,0,1,0,0,0,0,0,0,0,0,1,0,0,0,0,0,0,0,0,0,1,0,0,0,0,93,1,1,15,0,0,1,0,1,188
s: 5
t: 98.769

i: 1,173,82,0,1,0,0,0,0,1,0,0,0,0,0,0,0,0,0,0,0,0,0,1,0,0,0,0,14,0,0,1,1,0,1,0,84,1
s: 6
t: 23.616

i: 1,53,90,1,0,0,0,0,1,0,0,0,0,0,0,0,0,0,0,0,0,0,0,0,0,0,1,0,2,0,0,1,0,0,1,0,45,50
s: 8
t: 47.372

i: 1,129,5,1,0,0,0,0,0,1,0,0,0,0,0,0,0,0,0,0,0,0,0,1,0,0,0,0,3,0,0,1,0,0,1,0,76,185
s: 9
t: 3.733

i: 1,34,52,1,0,0,0,0,0,0,0,0,0,1,0,0,0,0,0,0,0,0,0,1,0,0,0,0,54,0,0,1,1,0,1,0,36,7
s: 10
t: 6.771

i: 1,123,78,1,0,0,0,0,0,0,0,0,0,0,0,0,1,0,0,0,0,0,0,0,0,0,1,0,87,0,1,3,1,0,1,0,119,2
s: 7
t: 27.794

i: 1,126,46,0,1,0,0,0,0,0,0,0,0,0,1,0,0,0,0,0,0,0,0,1,0,0,0,0,47,1,1,12,1,0,1,0,140,30
s: 13
t: 6.050

i: 1,239,119,0,1,0,0,0,0,0,0,1,0,0,0,0,0,0,0,0,0,0,0,0,1,0,0,0,73,1,1,2,0,0,1,0,1,115
s: 5
t: 61.051

i: 0,216,66,0,1,0,0,0,1,0,0,0,0,0,0,0,0,0,0,0,0,0,0,0,0,0,1,0,6,0,0,1,0,0,1,0,92,86
s: 7
t: 10.554

i: 1,257,101,1,0,0,0,0,0,0,0,0,0,0,1,0,0,0,0,0,0,0,0,1,0,0,0,0,69,1,0,1,1,0,1,0,16,173
s: 4
t: 132.841

i: 1,321,177,0,1,0,0,0,0,0,0,0,1,0,0,0,0,0,0,0,0,0,0,1,0,0,0,0,31,1,1,5,1,0,1,0,69,1
s: 7
t: 68.562

i: 1,262,102,0,1,0,0,0,1,0,0,0,0,0,0,0,0,0,0,0,0,0,0,0,1,0,0,0,52,0,0,1,1,0,1,0,46,1
s: 8
t: 28.898

i: 0,84,25,0,1,0,0,0,0,0,0,0,0,0,1,0,0,0,0,0,0,0,0,1,0,0,0,0,7,0,1,2,1,0,1,0,86,5
s: 6
t: 26.200

i: 1,28,55,0,1,0,0,0,1,0,0,0,0,0,0,0,0,0,0,0,0,0,0,1,0,0,0,0,37,1,1,3,0,0,1,0,38,94
s: 8
t: 19.881

i: 0,243,82,0,1,0,0,0,1,0,0,0,0,0,0,0,0,0,0,0,0,0,0,0,1,0,0,0,14,0,0,1,0,1,0,0,170,1
s: 12
t: 17.336

i: 0,90,17,0,1,0,0,0,0,0,0,0,0,0,0,0,1,0,0,0,0,0,0,0,0,0,1,0,37,1,0,1,0,0,1,0,98,141
s: 6
t: 97.947

i: 1,253,149,0,1,0,0,0,0,0,0,0,0,0,0,0,0,0,0,1,0,0,0,0,0,0,1,0,107,1,1,9,0,0,1,0,1,1
s: 5
t: 54.757

i: 0,38,6,0,1,0,0,0,0,0,0,0,0,0,0,0,1,0,0,0,0,0,0,1,0,0,0,0,2,0,0,1,1,0,1,0,124,1
s: 13
t: 3.412

i: 1,58,169,0,1,0,0,0,1,0,0,0,0,0,0,0,0,0,0,0,0,0,0,1,0,0,0,0,14,1,0,1,1,0,1,0,32,43
s: 10
t: 2.359

i: 1,160,71,0,1,0,1,0,0,0,0,0,0,0,0,0,0,0,0,0,1,0,0,0,0,0,0,0,1,0,1,6,0,0,1,0,61,64
s: 12
t: 14.342

i: 1,120,48,0,1,0,0,0,0,0,0,0,0,0,0,0,0,0,1,0,0,0,0,0,0,0,1,0,44,1,1,13,1,0,1,0,160,131
s: 6
t: 42.818

i: 1,290,214,1,0,0,1,0,0,0,0,0,0,0,0,0,0,0,0,0,1,0,0,0,0,0,0,0,1,1,0,1,1,0,1,0,1,1
s: 10
t: 3.599

i: 0,152,43,0,1,0,0,0,0,0,0,0,0,0,1,0,0,0,0,0,0,0,0,0,0,0,1,0,2,0,1,4,0,0,1,0,1,29
s: 8
t: 16.780

i: 1,140,40,0,1,0,0,0,0,0,0,0,0,0,1,0,0,0,0,0,0,0,0,1,0,0,0,0,43,0,0,1,0,0,1,0,69,1
s: 10
t: 15.598

i: 1,130,103,1,0,0,0,0,0,0,0,0,0,1,0,0,0,0,0,0,0,0,0,0,1,0,0,0,37,1,1,9,1,0,1,0,47,8
s: 12
t: 3.730

i: 1,240,208,0,1,0,0,0,0,0,0,0,0,0,0,1,0,0,0,0,0,0,0,0,0,0,0,1,131,1,1,12,0,0,1,0,1,158
s: 5
t: 111.022

i: 1,211,92,0,1,0,0,0,0,0,0,0,0,0,0,0,1,0,0,0,0,0,0,1,0,0,0,0,73,0,0,1,0,0,1,0,144,36
s: 9
t: 12.756

i: 1,102,12,0,1,0,0,0,0,1,0,0,0,0,0,0,0,0,0,0,0,0,0,0,0,0,1,0,73,0,0,1,1,0,1,0,111,1
s: 11
t: 0.669

i: 1,145,82,0,1,0,0,0,0,0,0,0,0,1,0,0,0,0,0,0,0,0,0,1,0,0,0,0,5,0,0,1,0,0,1,0,76,1
s: 6
t: 29.255

i: 1,77,1,0,1,0,0,0,0,1,0,0,0,0,0,0,0,0,0,0,0,0,0,1,0,0,0,0,26,0,1,12,0,1,0,0,1,1
s: 12
t: 6.399

i: 0,171,45,0,1,0,0,0,0,0,0,0,0,0,1,0,0,0,0,0,0,0,0,1,0,0,0,0,28,1,1,17,0,0,1,0,38,184
s: 8
t: 24.265

i: 1,97,82,0,1,0,0,0,0,0,0,0,0,0,0,0,0,0,1,0,0,0,0,1,0,0,0,0,17,1,1,8,0,0,1,0,1,223
s: 5
t: 89.047

i: 0,200,85,0,1,0,1,0,0,0,0,0,0,0,0,0,0,0,0,0,1,0,0,0,0,0,0,0,1,0,1,7,0,0,1,0,1,77
s: 7
t: 6.760

i: 0,29,151,0,1,0,0,1,0,0,0,0,0,0,0,0,0,0,0,0,0,0,0,1,0,0,0,0,11,0,0,1,0,0,1,0,24,34
s: 6
t: 18.273

i: 1,238,102,0,1,0,0,0,1,0,0,0,0,0,0,0,0,0,0,0,0,0,0,0,1,0,0,0,6,0,0,1,0,0,1,0,158,1
s: 13
t: 17.817

i: 1,81,33,0,1,0,0,0,0,0,0,0,0,1,0,0,0,0,0,0,0,0,0,1,0,0,0,0,14,0,0,1,1,1,0,0,98,1
s: 8
t: 12.591

i: 1,219,1,0,1,0,0,0,0,0,0,0,0,1,0,0,0,0,0,0,0,0,0,1,0,0,0,0,1,0,0,1,0,0,0,1,65,1
s: 12
t: 0.480

i: 0,92,189,0,1,0,0,0,0,0,0,0,0,0,0,0,1,0,0,0,0,0,0,0,0,0,1,0,37,0,0,1,0,0,1,0,98,2
s: 7
t: 11.746

i: 0,276,185,0,1,0,0,0,1,0,0,0,0,0,0,0,0,0,0,0,0,0,0,0,1,0,0,0,89,1,1,10,1,0,1,0,1,1
s: 5
t: 52.583

i: 1,190,106,0,1,0,0,0,0,0,0,0,0,0,1,0,0,0,0,0,0,0,0,1,0,0,0,0,3,0,0,1,1,0,1,0,100,7
s: 16
t: 1.513

i: 1,66,20,1,0,0,1,0,0,0,0,0,0,0,0,0,0,0,0,0,1,0,0,0,0,0,0,0,1,0,0,1,0,0,1,0,32,1
s: 9
t: 31.061

i: 1,125,41,0,1,0,0,0,0,1,0,0,0,0,0,0,0,0,0,0,0,0,0,0,0,0,1,0,7,0,0,1,1,1,0,0,45,1
s: 7
t: 30.461

i: 1,258,89,0,1,0,0,0,0,0,0,1,0,0,0,0,0,0,0,0,0,0,0,1,0,0,0,0,2,0,0,1,0,0,1,0,34,50
s: 12
t: 26.642

i: 1,135,193,0,1,0,0,1,0,0,0,0,0,0,0,0,0,0,0,0,0,0,0,1,0,0,0,0,4,0,0,1,0,0,1,0,1,93
s: 6
t: 18.090

i: 1,208,102,0,1,0,0,0,0,0,0,0,0,1,0,0,0,0,0,0,0,0,0,0,1,0,0,0,58,1,1,7,0,0,1,0,1,104
s: 5
t: 68.125

i: 0,24,151,1,0,0,0,0,0,0,0,0,0,0,0,0,1,0,0,0,0,0,0,0,0,0,1,0,5,0,0,1,0,0,1,0,111,1
s: 9
t: 6.920

i: 1,55,46,0,1,0,0,0,0,0,0,0,0,0,1,0,0,0,0,0,0,0,0,1,0,0,0,0,37,0,0,1,0,0,1,0,49,9
s: 11
t: 5.000

i: 0,228,50,0,1,0,0,0,0,0,0,1,0,0,0,0,0,0,0,0,0,0,0,1,0,0,0,0,7,0,0,1,0,0,1,0,1,106
s: 6
t: 8.866

i: 1,167,2,1,0,0,0,0,0,0,0,0,1,0,0,0,0,0,0,0,0,0,0,1,0,0,0,0,2,0,0,1,0,0,1,0,1,1
s: 10
t: 10.563

i: 0,15,144,0,1,0,0,0,0,0,0,1,0,0,0,0,0,0,0,0,0,0,0,1,0,0,0,0,43,0,1,11,1,0,1,0,1,11
s: 9
t: 11.794

i: 0,47,29,0,1,0,0,0,0,0,0,0,0,0,0,0,1,0,0,0,0,0,0,1,0,0,0,0,39,1,1,2,0,0,1,0,1,1
s: 9
t: 32.133

SMT max time: 147.89
SMT min time: 0.48
SMT avg time: 33.24
SMT cumulative time: 3324.21
nombre of explain instances: 100
all times: 22.239, 39.734, 10.898, 46.237, 35.476, 3.380, 17.496, 124.148, 20.081, 8.452, 70.547, 32.904, 41.716, 137.332, 17.510, 6.284, 37.655, 3.737, 142.183, 103.121, 18.618, 5.627, 17.939, 8.629, 15.760, 34.516, 26.258, 24.881, 20.432, 147.889, 17.294, 31.469, 4.532, 26.782, 3.569, 11.358, 41.470, 37.958, 107.461, 62.060, 38.610, 39.286, 16.531, 2.019, 38.800, 13.244, 68.877, 29.447, 12.159, 98.769, 23.616, 47.372, 3.733, 6.771, 27.794, 6.050, 61.051, 10.554, 132.841, 68.562, 28.898, 26.200, 19.881, 17.336, 97.947, 54.757, 3.412, 2.359, 14.342, 42.818, 3.599, 16.780, 15.598, 3.730, 111.022, 12.756, 0.669, 29.255, 6.399, 24.265, 89.047, 6.760, 18.273, 17.817, 12.591, 0.480, 11.746, 52.583, 1.513, 31.061, 30.461, 26.642, 18.090, 68.125, 6.920, 5.000, 8.866, 10.563, 11.794, 32.133
SMT std dev: 34.75

Nombre of timeouts SMT: 0
