i: 1,1,1,1
s: 2
t: 0.091

i: 2,1,1,1
s: 2
t: 0.065

i: 3,1,1,1
s: 3
t: 0.045

i: 4,1,1,1
s: 3
t: 0.044

i: 5,1,1,1
s: 3
t: 0.044

i: 1,1,1,2
s: 2
t: 0.070

i: 2,1,1,2
s: 4
t: 0.046

i: 3,1,1,2
s: 3
t: 0.045

i: 4,1,1,2
s: 3
t: 0.054

i: 5,1,1,2
s: 3
t: 0.054

i: 1,1,1,3
s: 3
t: 0.101

i: 2,1,1,3
s: 3
t: 0.077

i: 3,1,1,3
s: 3
t: 0.049

i: 4,1,1,3
s: 3
t: 0.039

i: 5,1,1,3
s: 3
t: 0.033

i: 1,1,1,4
s: 2
t: 0.087

i: 2,1,1,4
s: 2
t: 0.053

i: 3,1,1,4
s: 2
t: 0.063

i: 4,1,1,4
s: 2
t: 0.033

i: 5,1,1,4
s: 2
t: 0.060

i: 1,1,1,5
s: 2
t: 0.060

i: 2,1,1,5
s: 2
t: 0.044

i: 3,1,1,5
s: 2
t: 0.061

i: 4,1,1,5
s: 2
t: 0.035

i: 5,1,1,5
s: 2
t: 0.033

i: 2,1,2,1
s: 2
t: 0.084

i: 3,1,2,1
s: 3
t: 0.064

i: 4,1,2,1
s: 3
t: 0.043

i: 5,1,2,1
s: 3
t: 0.043

i: 1,1,2,2
s: 2
t: 0.067

i: 2,1,2,2
s: 3
t: 0.071

i: 3,1,2,2
s: 4
t: 0.046

i: 4,1,2,2
s: 3
t: 0.065

i: 5,1,2,2
s: 3
t: 0.049

i: 1,1,2,3
s: 3
t: 0.060

i: 2,1,2,3
s: 3
t: 0.044

i: 3,1,2,3
s: 3
t: 0.045

i: 4,1,2,3
s: 3
t: 0.036

i: 5,1,2,3
s: 3
t: 0.039

i: 1,1,2,4
s: 2
t: 0.092

i: 2,1,2,4
s: 2
t: 0.064

i: 3,1,2,4
s: 2
t: 0.057

i: 4,1,2,4
s: 2
t: 0.052

i: 5,1,2,4
s: 2
t: 0.082

i: 1,1,2,5
s: 2
t: 0.093

i: 2,1,2,5
s: 2
t: 0.043

i: 3,1,2,5
s: 2
t: 0.036

i: 4,1,2,5
s: 2
t: 0.072

i: 5,1,2,5
s: 2
t: 0.038

i: 3,1,3,1
s: 3
t: 0.057

i: 4,1,3,1
s: 3
t: 0.045

i: 5,1,3,1
s: 3
t: 0.042

i: 2,1,3,2
s: 3
t: 0.069

i: 3,1,3,2
s: 4
t: 0.048

i: 4,1,3,2
s: 3
t: 0.053

i: 5,1,3,2
s: 3
t: 0.057

i: 1,1,3,3
s: 3
t: 0.054

i: 2,1,3,3
s: 3
t: 0.070

i: 3,1,3,3
s: 3
t: 0.058

i: 4,1,3,3
s: 3
t: 0.034

i: 5,1,3,3
s: 3
t: 0.044

i: 1,1,3,4
s: 2
t: 0.054

i: 2,1,3,4
s: 2
t: 0.037

i: 3,1,3,4
s: 2
t: 0.066

i: 4,1,3,4
s: 2
t: 0.076

i: 5,1,3,4
s: 2
t: 0.041

i: 1,1,3,5
s: 2
t: 0.047

i: 2,1,3,5
s: 2
t: 0.037

i: 3,1,3,5
s: 2
t: 0.032

i: 4,1,3,5
s: 2
t: 0.032

i: 5,1,3,5
s: 2
t: 0.035

i: 4,1,4,1
s: 2
t: 0.084

i: 5,1,4,1
s: 2
t: 0.046

i: 2,1,4,2
s: 3
t: 0.065

i: 3,1,4,2
s: 3
t: 0.065

i: 4,1,4,2
s: 3
t: 0.056

i: 5,1,4,2
s: 3
t: 0.049

i: 2,1,4,3
s: 3
t: 0.056

i: 3,1,4,3
s: 3
t: 0.043

i: 4,1,4,3
s: 3
t: 0.044

i: 5,1,4,3
s: 3
t: 0.046

i: 1,1,4,4
s: 2
t: 0.054

i: 2,1,4,4
s: 2
t: 0.038

i: 3,1,4,4
s: 2
t: 0.031

i: 4,1,4,4
s: 2
t: 0.031

i: 5,1,4,4
s: 2
t: 0.031

i: 1,1,4,5
s: 2
t: 0.065

i: 2,1,4,5
s: 2
t: 0.069

i: 3,1,4,5
s: 2
t: 0.051

i: 4,1,4,5
s: 2
t: 0.039

i: 5,1,4,5
s: 2
t: 0.035

i: 5,1,5,1
s: 2
t: 0.143

i: 3,1,5,2
s: 3
t: 0.055

i: 4,1,5,2
s: 3
t: 0.048

i: 5,1,5,2
s: 3
t: 0.041

i: 2,1,5,3
s: 3
t: 0.049

i: 3,1,5,3
s: 3
t: 0.036

i: 4,1,5,3
s: 3
t: 0.035

i: 5,1,5,3
s: 3
t: 0.035

i: 2,1,5,4
s: 2
t: 0.061

SMT max time: 0.14
SMT min time: 0.03
SMT avg time: 0.05
SMT cumulative time: 5.36
nombre of explain instances: 100
all times: 0.091, 0.065, 0.045, 0.044, 0.044, 0.070, 0.046, 0.045, 0.054, 0.054, 0.101, 0.077, 0.049, 0.039, 0.033, 0.087, 0.053, 0.063, 0.033, 0.060, 0.060, 0.044, 0.061, 0.035, 0.033, 0.084, 0.064, 0.043, 0.043, 0.067, 0.071, 0.046, 0.065, 0.049, 0.060, 0.044, 0.045, 0.036, 0.039, 0.092, 0.064, 0.057, 0.052, 0.082, 0.093, 0.043, 0.036, 0.072, 0.038, 0.057, 0.045, 0.042, 0.069, 0.048, 0.053, 0.057, 0.054, 0.070, 0.058, 0.034, 0.044, 0.054, 0.037, 0.066, 0.076, 0.041, 0.047, 0.037, 0.032, 0.032, 0.035, 0.084, 0.046, 0.065, 0.065, 0.056, 0.049, 0.056, 0.043, 0.044, 0.046, 0.054, 0.038, 0.031, 0.031, 0.031, 0.065, 0.069, 0.051, 0.039, 0.035, 0.143, 0.055, 0.048, 0.041, 0.049, 0.036, 0.035, 0.035, 0.061
SMT std dev: 0.02

Nombre of timeouts SMT: 0
