i: 1,1,1,1
s: 3
t: 0.119

i: 2,1,1,1
s: 3
t: 0.059

i: 3,1,1,1
s: 3
t: 0.054

i: 4,1,1,1
s: 3
t: 0.045

i: 5,1,1,1
s: 3
t: 0.053

i: 1,1,1,2
s: 4
t: 0.058

i: 2,1,1,2
s: 3
t: 0.054

i: 3,1,1,2
s: 2
t: 0.094

i: 4,1,1,2
s: 3
t: 0.080

i: 5,1,1,2
s: 3
t: 0.057

i: 1,1,1,3
s: 4
t: 0.058

i: 2,1,1,3
s: 3
t: 0.057

i: 3,1,1,3
s: 2
t: 0.091

i: 4,1,1,3
s: 3
t: 0.076

i: 5,1,1,3
s: 3
t: 0.057

i: 1,1,1,4
s: 3
t: 0.107

i: 2,1,1,4
s: 3
t: 0.093

i: 3,1,1,4
s: 3
t: 0.059

i: 4,1,1,4
s: 3
t: 0.041

i: 5,1,1,4
s: 3
t: 0.048

i: 1,1,1,5
s: 3
t: 0.072

i: 2,1,1,5
s: 3
t: 0.065

i: 3,1,1,5
s: 3
t: 0.042

i: 4,1,1,5
s: 3
t: 0.042

i: 5,1,1,5
s: 3
t: 0.049

i: 1,1,2,1
s: 3
t: 0.081

i: 2,1,2,1
s: 3
t: 0.075

i: 3,1,2,1
s: 3
t: 0.080

i: 4,1,2,1
s: 3
t: 0.078

i: 5,1,2,1
s: 3
t: 0.075

i: 1,1,2,2
s: 4
t: 0.050

i: 2,1,2,2
s: 4
t: 0.051

i: 3,1,2,2
s: 2
t: 0.087

i: 4,1,2,2
s: 3
t: 0.063

i: 5,1,2,2
s: 3
t: 0.064

i: 1,1,2,3
s: 4
t: 0.057

i: 2,1,2,3
s: 4
t: 0.058

i: 3,1,2,3
s: 2
t: 0.077

i: 4,1,2,3
s: 3
t: 0.075

i: 5,1,2,3
s: 3
t: 0.065

i: 1,1,2,4
s: 3
t: 0.095

i: 2,1,2,4
s: 3
t: 0.083

i: 3,1,2,4
s: 3
t: 0.083

i: 4,1,2,4
s: 3
t: 0.085

i: 5,1,2,4
s: 3
t: 0.088

i: 1,1,2,5
s: 2
t: 0.087

i: 2,1,2,5
s: 2
t: 0.089

i: 3,1,2,5
s: 2
t: 0.086

i: 4,1,2,5
s: 2
t: 0.101

i: 5,1,2,5
s: 2
t: 0.088

i: 1,1,3,1
s: 3
t: 0.102

i: 2,1,3,1
s: 3
t: 0.085

i: 3,1,3,1
s: 3
t: 0.091

i: 4,1,3,1
s: 3
t: 0.090

i: 5,1,3,1
s: 3
t: 0.085

i: 1,1,3,2
s: 4
t: 0.056

i: 2,1,3,2
s: 4
t: 0.055

i: 3,1,3,2
s: 2
t: 0.074

i: 4,1,3,2
s: 3
t: 0.068

i: 5,1,3,2
s: 3
t: 0.063

i: 1,1,3,3
s: 4
t: 0.055

i: 2,1,3,3
s: 4
t: 0.057

i: 3,1,3,3
s: 2
t: 0.087

i: 4,1,3,3
s: 3
t: 0.061

i: 5,1,3,3
s: 3
t: 0.063

i: 1,1,3,4
s: 3
t: 0.080

i: 2,1,3,4
s: 3
t: 0.072

i: 3,1,3,4
s: 3
t: 0.057

i: 4,1,3,4
s: 3
t: 0.059

i: 5,1,3,4
s: 3
t: 0.045

i: 1,1,3,5
s: 2
t: 0.086

i: 2,1,3,5
s: 2
t: 0.040

i: 3,1,3,5
s: 2
t: 0.041

i: 4,1,3,5
s: 2
t: 0.042

i: 5,1,3,5
s: 2
t: 0.041

i: 1,1,4,1
s: 3
t: 0.086

i: 2,1,4,1
s: 3
t: 0.079

i: 3,1,4,1
s: 2
t: 0.083

i: 4,1,4,1
s: 4
t: 0.054

i: 5,1,4,1
s: 3
t: 0.060

i: 1,1,4,2
s: 4
t: 0.055

i: 2,1,4,2
s: 4
t: 0.053

i: 3,1,4,2
s: 2
t: 0.083

i: 4,1,4,2
s: 3
t: 0.080

i: 5,1,4,2
s: 3
t: 0.061

i: 1,1,4,3
s: 4
t: 0.059

i: 2,1,4,3
s: 4
t: 0.064

i: 3,1,4,3
s: 2
t: 0.084

i: 4,1,4,3
s: 3
t: 0.070

i: 5,1,4,3
s: 3
t: 0.065

i: 1,1,4,4
s: 4
t: 0.056

i: 2,1,4,4
s: 3
t: 0.060

i: 3,1,4,4
s: 2
t: 0.081

i: 4,1,4,4
s: 3
t: 0.067

i: 5,1,4,4
s: 3
t: 0.059

i: 1,1,4,5
s: 4
t: 0.059

i: 2,1,4,5
s: 4
t: 0.058

i: 3,1,4,5
s: 3
t: 0.054

i: 4,1,4,5
s: 3
t: 0.069

i: 5,1,4,5
s: 3
t: 0.064

SMT max time: 0.12
SMT min time: 0.04
SMT avg time: 0.07
SMT cumulative time: 6.87
nombre of explain instances: 100
all times: 0.119, 0.059, 0.054, 0.045, 0.053, 0.058, 0.054, 0.094, 0.080, 0.057, 0.058, 0.057, 0.091, 0.076, 0.057, 0.107, 0.093, 0.059, 0.041, 0.048, 0.072, 0.065, 0.042, 0.042, 0.049, 0.081, 0.075, 0.080, 0.078, 0.075, 0.050, 0.051, 0.087, 0.063, 0.064, 0.057, 0.058, 0.077, 0.075, 0.065, 0.095, 0.083, 0.083, 0.085, 0.088, 0.087, 0.089, 0.086, 0.101, 0.088, 0.102, 0.085, 0.091, 0.090, 0.085, 0.056, 0.055, 0.074, 0.068, 0.063, 0.055, 0.057, 0.087, 0.061, 0.063, 0.080, 0.072, 0.057, 0.059, 0.045, 0.086, 0.040, 0.041, 0.042, 0.041, 0.086, 0.079, 0.083, 0.054, 0.060, 0.055, 0.053, 0.083, 0.080, 0.061, 0.059, 0.064, 0.084, 0.070, 0.065, 0.056, 0.060, 0.081, 0.067, 0.059, 0.059, 0.058, 0.054, 0.069, 0.064
SMT std dev: 0.02

Nombre of timeouts SMT: 0
