i: 2,1,1,1
s: 3
t: 0.061

i: 3,1,1,1
s: 3
t: 0.040

i: 4,1,1,1
s: 3
t: 0.045

i: 5,1,1,1
s: 2
t: 0.057

i: 1,1,1,2
s: 3
t: 0.072

i: 2,1,1,2
s: 3
t: 0.069

i: 3,1,1,2
s: 3
t: 0.034

i: 4,1,1,2
s: 3
t: 0.032

i: 5,1,1,2
s: 3
t: 0.032

i: 1,1,1,3
s: 3
t: 0.070

i: 2,1,1,3
s: 3
t: 0.064

i: 3,1,1,3
s: 3
t: 0.066

i: 4,1,1,3
s: 3
t: 0.090

i: 5,1,1,3
s: 3
t: 0.058

i: 1,1,1,4
s: 3
t: 0.051

i: 2,1,1,4
s: 3
t: 0.053

i: 3,1,1,4
s: 3
t: 0.057

i: 4,1,1,4
s: 3
t: 0.056

i: 5,1,1,4
s: 3
t: 0.044

i: 1,1,1,5
s: 2
t: 0.061

i: 2,1,1,5
s: 2
t: 0.053

i: 3,1,1,5
s: 2
t: 0.056

i: 4,1,1,5
s: 2
t: 0.056

i: 5,1,1,5
s: 2
t: 0.062

i: 1,1,2,1
s: 2
t: 0.084

i: 3,1,2,1
s: 3
t: 0.044

i: 4,1,2,1
s: 3
t: 0.039

i: 5,1,2,1
s: 2
t: 0.057

i: 2,1,2,2
s: 3
t: 0.068

i: 3,1,2,2
s: 3
t: 0.049

i: 4,1,2,2
s: 3
t: 0.038

i: 5,1,2,2
s: 3
t: 0.037

i: 1,1,2,3
s: 3
t: 0.064

i: 2,1,2,3
s: 3
t: 0.047

i: 3,1,2,3
s: 3
t: 0.037

i: 4,1,2,3
s: 3
t: 0.032

i: 5,1,2,3
s: 3
t: 0.032

i: 1,1,2,4
s: 3
t: 0.073

i: 2,1,2,4
s: 3
t: 0.070

i: 3,1,2,4
s: 3
t: 0.072

i: 4,1,2,4
s: 3
t: 0.071

i: 5,1,2,4
s: 3
t: 0.047

i: 1,1,2,5
s: 2
t: 0.066

i: 2,1,2,5
s: 2
t: 0.066

i: 3,1,2,5
s: 2
t: 0.036

i: 4,1,2,5
s: 2
t: 0.034

i: 5,1,2,5
s: 2
t: 0.031

i: 1,1,3,1
s: 2
t: 0.070

i: 2,1,3,1
s: 3
t: 0.057

i: 4,1,3,1
s: 3
t: 0.046

i: 5,1,3,1
s: 2
t: 0.056

i: 1,1,3,2
s: 3
t: 0.064

i: 2,1,3,2
s: 4
t: 0.048

i: 3,1,3,2
s: 3
t: 0.057

i: 4,1,3,2
s: 3
t: 0.061

i: 5,1,3,2
s: 2
t: 0.056

i: 2,1,3,3
s: 3
t: 0.059

i: 3,1,3,3
s: 3
t: 0.036

i: 4,1,3,3
s: 3
t: 0.035

i: 5,1,3,3
s: 3
t: 0.037

i: 1,1,3,4
s: 3
t: 0.060

i: 2,1,3,4
s: 3
t: 0.034

i: 3,1,3,4
s: 3
t: 0.033

i: 4,1,3,4
s: 3
t: 0.032

i: 5,1,3,4
s: 3
t: 0.032

i: 1,1,3,5
s: 2
t: 0.071

i: 2,1,3,5
s: 2
t: 0.078

i: 3,1,3,5
s: 2
t: 0.051

i: 4,1,3,5
s: 2
t: 0.046

i: 5,1,3,5
s: 2
t: 0.047

i: 1,1,4,1
s: 2
t: 0.065

i: 2,1,4,1
s: 3
t: 0.057

i: 3,1,4,1
s: 3
t: 0.054

i: 5,1,4,1
s: 2
t: 0.057

i: 1,1,4,2
s: 3
t: 0.065

i: 3,1,4,2
s: 3
t: 0.053

i: 4,1,4,2
s: 3
t: 0.044

i: 5,1,4,2
s: 2
t: 0.060

i: 1,1,4,3
s: 3
t: 0.074

i: 2,1,4,3
s: 4
t: 0.047

i: 3,1,4,3
s: 3
t: 0.057

i: 4,1,4,3
s: 3
t: 0.051

i: 5,1,4,3
s: 2
t: 0.062

i: 2,1,4,4
s: 3
t: 0.051

i: 3,1,4,4
s: 3
t: 0.033

i: 4,1,4,4
s: 3
t: 0.033

i: 5,1,4,4
s: 3
t: 0.032

i: 1,1,4,5
s: 2
t: 0.053

i: 2,1,4,5
s: 2
t: 0.050

i: 3,1,4,5
s: 2
t: 0.049

i: 4,1,4,5
s: 2
t: 0.036

i: 5,1,4,5
s: 2
t: 0.029

i: 1,1,5,1
s: 2
t: 0.067

i: 2,1,5,1
s: 3
t: 0.070

i: 3,1,5,1
s: 3
t: 0.048

i: 4,1,5,1
s: 3
t: 0.042

i: 1,1,5,2
s: 3
t: 0.067

i: 2,1,5,2
s: 3
t: 0.062

i: 3,1,5,2
s: 3
t: 0.055

i: 4,1,5,2
s: 3
t: 0.046

SMT max time: 0.09
SMT min time: 0.03
SMT avg time: 0.05
SMT cumulative time: 5.27
nombre of explain instances: 100
all times: 0.061, 0.040, 0.045, 0.057, 0.072, 0.069, 0.034, 0.032, 0.032, 0.070, 0.064, 0.066, 0.090, 0.058, 0.051, 0.053, 0.057, 0.056, 0.044, 0.061, 0.053, 0.056, 0.056, 0.062, 0.084, 0.044, 0.039, 0.057, 0.068, 0.049, 0.038, 0.037, 0.064, 0.047, 0.037, 0.032, 0.032, 0.073, 0.070, 0.072, 0.071, 0.047, 0.066, 0.066, 0.036, 0.034, 0.031, 0.070, 0.057, 0.046, 0.056, 0.064, 0.048, 0.057, 0.061, 0.056, 0.059, 0.036, 0.035, 0.037, 0.060, 0.034, 0.033, 0.032, 0.032, 0.071, 0.078, 0.051, 0.046, 0.047, 0.065, 0.057, 0.054, 0.057, 0.065, 0.053, 0.044, 0.060, 0.074, 0.047, 0.057, 0.051, 0.062, 0.051, 0.033, 0.033, 0.032, 0.053, 0.050, 0.049, 0.036, 0.029, 0.067, 0.070, 0.048, 0.042, 0.067, 0.062, 0.055, 0.046
SMT std dev: 0.01

Nombre of timeouts SMT: 0
