i: 3.919,2.6909,0.0,0.0,0.0,0.0,0.0,31.4,2.0,0.0,0.0,0.0,3.1060000000000003,2.55,9.002,0.0,0.96,1.142,0.0,0.0,0.0,1.2009999999999998,0.0,0.0,0.0,0.0,1.932,0.011,0.0,0.0,4.489,0.0,0.0,0.0,0.0,2.949,1.591,0.0,7.252999999999999,0.0,0.0
s: 22
t: 46.143

i: 4.17,2.1144,0.0,0.0,0.0,0.0,0.0,30.8,1.0,1.0,0.0,0.0,2.461,1.393,8.722999999999999,1.0,0.989,1.144,0.0,0.0,0.0,1.104,1.0,0.0,0.0,0.0,2.214,-0.204,0.0,0.0,1.5419999999999998,0.0,0.0,0.0,0.0,3.315,1.967,0.0,7.257000000000001,0.0,0.0
s: 24
t: 2.357

i: 3.932,3.2512,0.0,0.0,0.0,0.0,0.0,26.7,2.0,4.0,0.0,0.0,3.279,2.585,9.11,0.0,1.009,1.152,0.0,0.0,0.0,1.092,0.0,0.0,0.0,0.0,1.942,-0.008,0.0,0.0,4.891,0.0,0.0,0.0,1.0,3.076,2.417,0.0,7.601,0.0,0.0
s: 23
t: 35.069

[TIMEOUT SMT] instance 3
i: 4.236000000000001,3.3944,0.0,0.0,0.0,0.0,0.0,29.4,2.0,4.0,0.0,-0.271,3.449,2.753,9.528,2.0,1.004,1.147,0.0,0.0,0.0,1.137,0.0,0.0,0.0,0.0,1.985,-0.002,0.0,10.348,5.587999999999999,0.0,0.0,0.0,0.0,3.3510000000000004,2.405,0.0,8.003,0.0,0.0
s: 22
t: 67.452

i: 4.236000000000001,3.4286,0.0,0.0,0.0,0.0,0.0,28.6,2.0,4.0,0.0,-0.275,3.313,2.522,9.383,1.0,1.014,1.149,0.0,0.0,0.0,1.119,0.0,0.0,0.0,0.0,1.98,-0.008,0.0,10.276,4.746,0.0,0.0,0.0,0.0,3.3510000000000004,2.556,0.0,7.904,0.0,0.0
s: 24
t: 27.607

i: 5.0,5.0476,1.0,0.0,0.0,0.0,0.0,11.1,0.0,3.0,0.0,0.0,2.872,0.722,9.657,0.0,1.092,1.153,0.0,0.0,0.0,1.125,0.0,0.0,0.0,0.0,2.0,0.446,0.0,18.375,0.8,0.0,0.0,0.0,1.0,4.712,4.583,0.0,9.303,0.0,0.0
s: 24
t: 160.858

i: 4.525,3.8301,0.0,0.0,0.0,0.0,0.0,31.6,3.0,2.0,0.0,-0.039,3.418,2.468,9.786,5.0,0.98,1.142,0.0,0.0,0.0,1.179,0.0,0.0,0.0,0.0,2.119,-0.002,0.0,11.115,3.889,0.0,0.0,0.0,0.0,3.379,2.143,0.0,7.95,0.0,0.0
s: 26
t: 20.435

[TIMEOUT SMT] instance 8
i: 5.04,3.6112,0.0,0.0,1.0,0.0,2.0,41.2,0.0,4.0,3.0,-1.29,3.483,1.258,10.159,8.0,1.069,1.127,0.0,1.0,0.0,1.199,1.0,0.0,0.0,0.0,2.323,0.005,0.0,30.959,1.711,0.0,1.0,2.0,1.0,3.888,3.5,1.0,8.706,0.0,0.0
s: 24
t: 2.043

i: 4.91,2.7414,0.0,0.0,0.0,0.0,2.0,52.9,0.0,2.0,0.0,-0.302,3.364,0.629,10.06,5.0,1.018,1.098,0.0,0.0,0.0,1.279,3.0,0.0,0.0,0.0,2.333,0.004,0.0,10.717,1.207,0.0,1.0,0.0,0.0,3.767,2.5,0.0,8.427,0.0,0.0
s: 22
t: 7.604

i: 3.618,2.1906,0.0,0.0,0.0,0.0,0.0,29.4,2.0,0.0,0.0,0.0,2.333,1.5219999999999998,7.853,0.0,0.959,1.147,0.0,0.0,0.0,1.178,0.0,0.0,0.0,0.0,1.732,0.294,0.0,0.0,2.094,0.0,0.0,0.0,0.0,2.794,1.7,0.0,6.332999999999999,0.0,0.0
s: 20
t: 23.791

[TIMEOUT SMT] instance 12
i: 3.732,2.3391,0.0,0.0,0.0,0.0,0.0,30.0,2.0,0.0,0.0,0.0,2.511,1.585,8.16,0.0,0.959,1.145,0.0,0.0,0.0,1.196,0.0,0.0,0.0,0.0,1.802,-0.181,0.0,0.0,2.488,0.0,0.0,0.0,0.0,2.846,1.6669999999999998,0.0,6.557,0.0,0.0
s: 19
t: 24.943

i: 3.879,2.5951,0.0,0.0,0.0,0.0,0.0,31.0,2.0,0.0,0.0,0.0,2.908,2.281,8.743,0.0,0.96,1.143,0.0,0.0,0.0,1.202,0.0,0.0,0.0,0.0,1.902,0.036,0.0,0.0,3.685,0.0,0.0,0.0,0.0,2.924,1.611,0.0,7.029,0.0,0.0
s: 24
t: 14.498

i: 3.942,2.7719,1.0,0.0,0.0,0.0,0.0,31.6,2.0,0.0,0.0,0.0,3.44,2.777,9.207,0.0,0.969,1.141,0.0,0.0,0.0,1.22,0.0,0.0,1.0,0.0,1.95,0.003,0.0,0.0,5.294,0.0,0.0,0.0,0.0,3.542,1.739,0.0,8.127,0.0,1.0
s: 25
t: 1.401

i: 3.966,2.852,1.0,0.0,0.0,0.0,0.0,32.0,2.0,0.0,0.0,0.0,4.075,3.1460000000000004,9.522,0.0,0.965,1.138,0.0,0.0,0.0,1.243,0.0,1.0,0.0,0.0,1.97,0.0,1.0,0.0,6.909,0.0,0.0,0.0,0.0,6.8660000000000005,1.6030000000000002,0.0,11.578,0.0,1.0
s: 21
t: 7.021

i: 3.732,2.3761,0.0,0.0,1.0,0.0,0.0,26.3,2.0,0.0,1.0,0.0,2.532,1.585,8.16,0.0,0.969,1.157,0.0,0.0,0.0,1.152,0.0,0.0,0.0,0.0,1.802,-0.195,0.0,0.0,2.488,0.0,0.0,1.0,2.0,2.858,2.0,1.0,6.599,0.0,0.0
s: 21
t: 39.349

i: 4.0,2.6264,0.0,0.0,0.0,0.0,0.0,23.1,0.0,0.0,0.0,0.0,2.167,0.8109999999999999,8.318,0.0,0.972,1.166,0.0,0.0,0.0,1.182,0.0,0.0,0.0,0.0,1.732,-0.522,0.0,0.0,1.0,0.0,0.0,0.0,0.0,2.991,2.0,1.0,6.579,0.0,0.0
s: 17
t: 169.867

[TIMEOUT SMT] instance 19
i: 3.732,2.4062,0.0,0.0,0.0,0.0,0.0,27.8,2.0,1.0,0.0,0.0,2.555,1.585,8.16,1.0,0.979,1.15,0.0,0.0,0.0,1.134,0.0,0.0,0.0,0.0,1.802,-0.205,0.0,0.0,2.488,0.0,0.0,0.0,1.0,2.874,2.333,0.0,6.649,0.0,0.0
s: 22
t: 22.990

i: 4.0,2.3699,0.0,0.0,0.0,0.0,0.0,30.0,1.0,1.0,0.0,0.0,2.273,1.0,8.482000000000001,0.0,0.998,1.146,0.0,0.0,0.0,1.09,1.0,0.0,0.0,0.0,2.17,0.34,0.0,0.0,1.0,0.0,0.0,0.0,0.0,3.302,2.083,0.0,7.174,0.0,0.0
s: 20
t: 54.214

[TIMEOUT SMT] instance 22
[TIMEOUT SMT] instance 23
i: 4.303,2.9558,0.0,0.0,0.0,0.0,0.0,25.0,2.0,2.0,0.0,0.0,2.608,1.459,8.815,2.0,1.005,1.156,0.0,0.0,0.0,1.056,0.0,0.0,0.0,0.0,1.932,-0.2289999999999999,0.0,0.0,1.745,0.0,0.0,0.0,2.0,3.083,3.056,0.0,6.914,0.0,0.0
s: 21
t: 49.806

i: 3.414,2.6294,0.0,0.0,0.0,0.0,0.0,37.5,1.0,1.0,0.0,0.0,2.333,1.0,7.407999999999999,1.0,1.012,1.13,0.0,0.0,0.0,1.215,0.0,0.0,0.0,0.0,1.618,-0.66,0.0,0.0,1.707,0.0,0.0,0.0,1.0,3.188,3.5,0.0,7.035,0.0,0.0
s: 23
t: 27.277

[TIMEOUT SMT] instance 26
[TIMEOUT SMT] instance 27
i: 3.414,2.3729,0.0,0.0,0.0,0.0,0.0,30.0,1.0,1.0,0.0,0.0,2.263,1.0,7.407999999999999,1.0,0.998,1.146,0.0,0.0,0.0,1.142,0.0,0.0,0.0,0.0,1.618,-0.589,0.0,9.174,1.707,0.0,0.0,0.0,0.0,3.0380000000000003,3.125,0.0,6.735,0.0,0.0
s: 23
t: 57.900

i: 4.393,3.6458,0.0,0.0,0.0,0.0,0.0,37.0,3.0,1.0,0.0,2.487,3.233,2.187,9.562,1.0,0.978,1.131,0.0,0.0,0.0,1.259,0.0,0.0,0.0,0.0,2.048,0.013,0.0,10.02,3.684,0.0,0.0,0.0,0.0,3.39,2.303,0.0,8.029,0.0,0.0
s: 22
t: 118.980

[TIMEOUT SMT] instance 30
i: 4.0,2.9193,0.0,0.0,0.0,0.0,0.0,30.0,2.0,1.0,0.0,0.1669999999999999,2.279,0.8109999999999999,8.318,0.0,0.998,1.146,0.0,0.0,0.0,1.195,0.0,0.0,0.0,0.0,1.732,-0.596,0.0,9.444,1.0,0.0,0.0,0.0,0.0,3.261,3.167,0.0,7.097,0.0,0.0
s: 23
t: 5.097

i: 4.694,3.646,0.0,0.0,0.0,0.0,0.0,30.0,2.0,2.0,0.0,-0.6709999999999999,2.917,1.406,9.425,4.0,0.998,1.146,0.0,0.0,0.0,1.14,0.0,0.0,0.0,0.0,2.101,-0.077,0.0,10.162,1.631,0.0,0.0,0.0,1.0,3.417,2.875,0.0,7.595,0.0,0.0
s: 22
t: 153.673

i: 4.236000000000001,2.9879,0.0,0.0,0.0,0.0,0.0,33.3,0.0,2.0,0.0,-0.653,3.974,3.574,10.082,2.0,0.972,1.138,0.0,0.0,0.0,1.205,0.0,0.0,0.0,0.0,1.996,0.0,0.0,10.389,10.108,0.0,0.0,0.0,1.0,3.329,1.987,0.0,8.414,0.0,0.0
s: 26
t: 8.759

[TIMEOUT SMT] instance 34
i: 4.214,3.3939,0.0,0.0,0.0,0.0,0.0,28.6,2.0,2.0,0.0,-0.211,2.662,1.459,8.755,1.0,1.014,1.149,0.0,0.0,0.0,1.138,0.0,0.0,0.0,0.0,1.902,-0.249,0.0,9.822,2.052,0.0,0.0,0.0,0.0,3.344,2.944,0.0,7.382000000000001,0.0,0.0
s: 24
t: 5.889

[TIMEOUT SMT] instance 36
i: 4.2330000000000005,3.4039,0.0,0.0,0.0,0.0,0.0,27.8,1.0,3.0,0.0,-0.262,2.938,1.906,9.011,1.0,1.022,1.15,0.0,0.0,0.0,1.119,0.0,0.0,0.0,0.0,1.95,-0.087,0.0,10.041,2.999,0.0,0.0,0.0,0.0,3.349,2.833,0.0,7.61,0.0,0.0
s: 23
t: 162.231

[TIMEOUT SMT] instance 38
i: 4.372,3.3652,0.0,0.0,0.0,0.0,0.0,33.3,1.0,2.0,0.0,-0.177,3.139,2.246,9.253,3.0,0.993,1.139,0.0,0.0,0.0,1.186,0.0,0.0,0.0,0.0,2.024,-0.025,0.0,10.624,3.412,0.0,0.0,0.0,0.0,3.394,2.517,0.0,7.787999999999999,0.0,0.0
s: 25
t: 14.624

[TIMEOUT SMT] instance 40
[TIMEOUT SMT] instance 41
i: 4.4110000000000005,3.5866,0.0,0.0,0.0,0.0,0.0,31.8,2.0,4.0,0.0,-0.3279999999999999,3.699,2.948,9.956,8.0,0.995,1.142,0.0,0.0,0.0,1.164,0.0,0.0,0.0,0.0,2.08,0.0,0.0,22.47,6.131,0.0,0.0,0.0,0.0,3.393,2.407,0.0,8.325,0.0,0.0
s: 25
t: 20.771

[TIMEOUT SMT] instance 43
i: 4.347,3.1269,0.0,0.0,0.0,0.0,0.0,33.3,1.0,2.0,0.0,-0.076,3.809,3.309,9.933,3.0,0.975,1.138,0.0,0.0,0.0,1.202,0.0,0.0,0.0,0.0,2.019,0.0,0.0,10.914,8.395,0.0,0.0,0.0,0.0,3.358,1.96,0.0,8.298,0.0,0.0
s: 27
t: 1.852

i: 4.562,3.8122,0.0,0.0,0.0,0.0,0.0,33.3,1.0,2.0,0.0,-0.759,2.7230000000000003,0.918,9.184,4.0,1.025,1.139,0.0,0.0,0.0,1.179,0.0,0.0,0.0,0.0,2.0,-0.258,0.0,9.6,1.521,0.0,0.0,0.0,1.0,3.511,3.556,0.0,7.676,0.0,0.0
s: 22
t: 81.360

i: 4.629,4.0061,0.0,0.0,0.0,0.0,0.0,33.3,1.0,2.0,0.0,0.086,2.847,1.379,9.312,5.0,1.013,1.139,0.0,0.0,0.0,1.189,0.0,0.0,0.0,0.0,2.053,0.149,0.0,10.19,1.776,0.0,0.0,0.0,0.0,3.523,2.9760000000000004,0.0,7.747000000000001,0.0,0.0
s: 22
t: 122.434

[TIMEOUT SMT] instance 47
[TIMEOUT SMT] instance 48
i: 4.646,3.9619,0.0,0.0,0.0,0.0,0.0,34.3,2.0,5.0,0.0,-0.1889999999999999,3.707,2.587,10.202,10.0,1.017,1.137,0.0,0.0,0.0,1.1840000000000002,0.0,0.0,0.0,0.0,2.107,0.0,0.0,21.879,6.086,0.0,0.0,0.0,0.0,3.535,2.775,0.0,8.578,0.0,0.0
s: 25
t: 16.504

i: 4.468,4.1984,0.0,0.0,0.0,0.0,0.0,33.3,2.0,4.0,0.0,-1.073,3.37,2.252,9.651,6.0,1.025,1.139,0.0,0.0,0.0,1.158,0.0,0.0,0.0,0.0,2.085,-0.008,0.0,21.27,3.737,0.0,0.0,0.0,0.0,3.534,2.944,0.0,8.196,0.0,0.0
s: 21
t: 157.388

i: 4.562,3.7287,2.0,0.0,0.0,0.0,0.0,25.0,1.0,2.0,0.0,-1.21,3.184,0.918,9.184,0.0,1.134,1.142,0.0,0.0,0.0,1.19,0.0,0.0,0.0,0.0,2.0,-0.271,0.0,9.435,1.521,0.0,0.0,0.0,1.0,3.976,4.037,0.0,8.593,0.0,2.0
s: 22
t: 23.526

i: 5.206,3.3847,0.0,0.0,1.0,0.0,0.0,30.8,1.0,2.0,1.0,-0.947,3.713,2.9,10.416,0.0,0.979,1.145,0.0,0.0,0.0,1.187,0.0,0.0,0.0,0.0,2.218,0.0,0.0,10.57,6.77,0.0,0.0,2.0,0.0,3.47,2.167,1.0,8.295,0.0,0.0
s: 25
t: 7.728

i: 4.691,3.8787,0.0,0.0,0.0,0.0,0.0,25.0,0.0,4.0,1.0,-2.498,3.125,1.436,9.666,4.0,1.0659999999999998,1.161,0.0,0.0,0.0,1.078,0.0,0.0,0.0,0.0,2.117,0.052,0.0,19.617,2.428,0.0,0.0,2.0,4.0,3.483,4.019,1.0,8.015,0.0,0.0
s: 22
t: 168.028

[TIMEOUT SMT] instance 54
[TIMEOUT SMT] instance 55
[TIMEOUT SMT] instance 56
i: 4.17,2.6629,0.0,0.0,0.0,0.0,0.0,26.7,3.0,1.0,0.0,0.0,2.4,0.971,8.597000000000001,2.0,0.983,1.152,0.0,0.0,0.0,1.12,0.0,0.0,0.0,0.0,1.848,0.342,0.0,0.0,1.5419999999999998,0.0,0.0,0.0,1.0,3.0,2.567,0.0,6.683,0.0,0.0
s: 21
t: 96.246

[TIMEOUT SMT] instance 58
i: 4.642,3.0034,0.0,0.0,0.0,0.0,2.0,42.1,1.0,1.0,0.0,0.0,3.093,1.187,9.631,2.0,0.987,1.12,0.0,0.0,0.0,1.256,1.0,0.0,0.0,0.0,2.2,-0.024,0.0,0.0,1.487,0.0,1.0,0.0,1.0,3.639,2.315,0.0,8.009,0.0,0.0
s: 26
t: 1.782

i: 4.607,2.9443,0.0,0.0,0.0,0.0,2.0,42.1,1.0,1.0,0.0,0.0,3.093,1.187,9.631,2.0,0.987,1.12,0.0,0.0,0.0,1.242,1.0,0.0,0.0,0.0,2.194,-0.024,0.0,0.0,1.544,0.0,1.0,0.0,1.0,3.635,2.315,0.0,8.009,0.0,0.0
s: 23
t: 5.059

i: 4.807,3.2486,0.0,0.0,0.0,0.0,3.0,42.1,2.0,1.0,0.0,0.0,3.1,0.8809999999999999,9.833,3.0,0.987,1.12,0.0,0.0,0.0,1.272,1.0,0.0,0.0,0.0,2.246,-0.024,0.0,0.0,1.06,0.0,1.0,0.0,1.0,3.71,2.333,0.0,8.113999999999999,0.0,0.0
s: 24
t: 3.542

i: 4.828,3.3386,0.0,0.0,0.0,0.0,2.0,40.0,0.0,2.0,0.0,0.0,3.2030000000000003,1.261,9.749,4.0,1.004,1.125,0.0,0.0,0.0,1.219,1.0,0.0,0.0,0.0,2.247,0.0139999999999999,0.0,0.0,1.436,0.0,2.0,0.0,0.0,3.677,2.233,0.0,8.113999999999999,0.0,0.0
s: 21
t: 2.808

i: 4.543,2.7023,0.0,0.0,0.0,0.0,1.0,42.9,1.0,2.0,0.0,-0.242,3.309,1.705,9.722,3.0,1.003,1.119,0.0,0.0,0.0,1.241,1.0,0.0,0.0,0.0,2.166,-0.008,0.0,10.395,2.905,0.0,0.0,0.0,0.0,3.573,2.485,0.0,8.245,0.0,0.0
s: 25
t: 5.593

[TIMEOUT SMT] instance 64
i: 4.607,3.1116,0.0,0.0,0.0,0.0,2.0,46.7,0.0,2.0,0.0,0.0,3.151,1.187,9.631,4.0,1.02,1.111,0.0,0.0,0.0,1.253,1.0,0.0,0.0,0.0,2.194,-0.026,0.0,10.036,1.544,0.0,1.0,0.0,1.0,3.662,2.926,0.0,8.142999999999999,0.0,0.0
s: 25
t: 35.923

i: 4.863,3.3599,0.0,0.0,0.0,0.0,3.0,42.1,0.0,3.0,0.0,0.0,3.335,1.273,9.967,6.0,1.027,1.12,0.0,0.0,0.0,1.216,1.0,0.0,0.0,0.0,2.283,-0.008,0.0,10.249,1.568,0.0,2.0,0.0,1.0,3.743,2.864,0.0,8.33,0.0,0.0
s: 26
t: 24.611

i: 4.923,3.2457,0.0,0.0,0.0,0.0,2.0,44.4,1.0,2.0,0.0,-0.863,3.239,1.185,9.911,4.0,1.011,1.116,0.0,0.0,0.0,1.248,1.0,0.0,0.0,0.0,2.267,0.0139999999999999,0.0,10.422,1.5630000000000002,0.0,0.0,0.0,1.0,3.73,2.8,0.0,8.28,0.0,0.0
s: 26
t: 78.877

i: 5.0680000000000005,3.3983,0.0,0.0,0.0,0.0,2.0,41.7,0.0,4.0,0.0,-1.1,3.571,1.59,10.257,10.0,1.03,1.121,0.0,0.0,0.0,1.202,1.0,0.0,0.0,0.0,2.343,0.001,0.0,22.449,2.147,0.0,0.0,0.0,0.0,3.793,2.833,0.0,8.593,2.0,0.0
s: 23
t: 64.680

[TIMEOUT SMT] instance 69
i: 4.914,3.2253,0.0,0.0,0.0,0.0,2.0,41.7,0.0,4.0,0.0,-0.952,3.571,1.59,10.236,10.0,1.03,1.121,0.0,0.0,0.0,1.202,1.0,0.0,0.0,0.0,2.307,0.001,0.0,22.204,2.465,0.0,0.0,0.0,0.0,3.764,2.833,0.0,8.591000000000001,2.0,0.0
s: 24
t: 51.478

i: 5.047,2.7377,0.0,0.0,0.0,0.0,3.0,50.0,0.0,5.0,0.0,-2.685,3.634,1.06,10.531,12.0,1.078,1.104,0.0,0.0,0.0,1.211,3.0,0.0,0.0,0.0,2.454,-0.001,0.0,32.533,1.75,0.0,0.0,0.0,1.0,3.906,3.321,0.0,8.796,2.0,0.0
s: 24
t: 68.849

i: 4.793,2.1244,0.0,0.0,0.0,0.0,2.0,50.0,0.0,2.0,0.0,-0.288,3.699,0.5,10.239,7.0,0.998,1.104,0.0,0.0,0.0,1.28,2.0,0.0,0.0,0.0,2.247,0.0,0.0,11.595999999999998,3.928,0.0,0.0,0.0,0.0,3.681,2.313,0.0,8.7,1.0,0.0
s: 25
t: 5.136

i: 4.77,3.1445,0.0,0.0,0.0,0.0,2.0,43.8,0.0,3.0,0.0,-0.986,3.261,1.185,9.882,6.0,1.04,1.117,0.0,0.0,0.0,1.207,1.0,0.0,0.0,0.0,2.236,0.015,0.0,10.231,1.74,0.0,1.0,0.0,2.0,3.712,3.2,0.0,8.3,0.0,0.0
s: 23
t: 30.504

i: 5.313,3.4571,1.0,0.0,0.0,0.0,2.0,35.3,0.0,4.0,0.0,0.0,3.509,1.16,10.388,8.0,1.061,1.118,0.0,0.0,0.0,1.219,1.0,0.0,0.0,0.0,2.311,-0.008,0.0,20.836,1.833,0.0,2.0,0.0,2.0,4.735,3.477,0.0,9.513,0.0,0.0
s: 25
t: 45.851

i: 4.77,2.5385,0.0,0.0,0.0,0.0,0.0,38.5,3.0,0.0,0.0,3.12,3.131,1.185,9.882,0.0,0.964,1.128,0.0,0.0,0.0,1.274,1.0,0.0,0.0,0.0,2.236,0.012,0.0,0.0,1.74,0.0,0.0,0.0,0.0,3.5210000000000004,1.767,0.0,7.934,0.0,0.0
s: 22
t: 12.823

i: 4.414,2.18,0.0,0.0,0.0,0.0,0.0,31.6,0.0,1.0,0.0,0.0,2.755,0.802,9.183,2.0,0.98,1.142,0.0,0.0,0.0,1.149,1.0,0.0,0.0,0.0,2.101,-0.066,0.0,0.0,0.975,0.0,0.0,0.0,1.0,3.159,2.119,0.0,7.119,0.0,0.0
s: 21
t: 132.060

i: 4.821000000000001,2.5866,0.0,0.0,0.0,0.0,0.0,33.3,2.0,2.0,0.0,-0.135,3.232,1.455,9.928,4.0,0.99,1.139,0.0,0.0,0.0,1.189,1.0,0.0,0.0,0.0,2.249,-0.0069999999999999,0.0,10.635,2.209,1.0,0.0,0.0,0.0,3.434,2.258,0.0,7.93,0.0,0.0
s: 27
t: 1.691

i: 5.331,2.1747,1.0,0.0,0.0,0.0,3.0,47.4,0.0,4.0,0.0,0.0,4.133,0.3929999999999999,10.867,15.0,1.009,1.102,0.0,0.0,0.0,1.3,3.0,0.0,0.0,0.0,2.37,0.0,0.0,13.055,2.694,0.0,3.0,0.0,0.0,4.44,2.318,0.0,9.576,0.0,0.0
s: 27
t: 4.651

i: 4.607,3.0422,0.0,0.0,0.0,0.0,2.0,47.1,1.0,1.0,0.0,0.0,3.127,1.187,9.631,2.0,0.992,1.11,0.0,0.0,0.0,1.2990000000000002,1.0,0.0,0.0,0.0,2.194,-0.025,0.0,10.118,1.544,0.0,0.0,0.0,0.0,3.651,2.481,0.0,8.116,0.0,0.0
s: 26
t: 2.053

i: 5.814,2.4937,0.0,0.0,0.0,2.0,0.0,37.0,3.0,1.0,0.0,0.513,3.256,0.845,10.925999999999998,4.0,0.978,1.131,0.0,0.0,0.0,1.254,3.0,0.0,0.0,0.0,2.62,0.003,0.0,11.573,0.8109999999999999,1.0,0.0,0.0,0.0,3.756,2.091,0.0,8.196,0.0,0.0
s: 23
t: 3.466

i: 5.6370000000000005,2.2966,0.0,0.0,0.0,1.0,0.0,38.5,3.0,0.0,0.0,1.646,3.144,0.853,10.63,0.0,0.964,1.128,0.0,0.0,0.0,1.267,3.0,0.0,0.0,0.0,2.5540000000000003,-0.006,0.0,0.0,0.986,2.0,0.0,0.0,0.0,3.676,1.658,0.0,8.065,0.0,0.0
s: 21
t: 7.160

[TIMEOUT SMT] instance 82
i: 4.732,2.9426,0.0,0.0,0.0,0.0,0.0,40.0,0.0,2.0,0.0,0.417,2.767,0.959,9.464,1.0,1.042,1.125,0.0,0.0,0.0,1.208,1.0,0.0,0.0,0.0,2.236,0.145,0.0,9.827,1.138,0.0,0.0,0.0,0.0,3.603,3.056,0.0,7.829,0.0,0.0
s: 25
t: 17.031

i: 4.923,2.7291,0.0,0.0,0.0,0.0,2.0,50.0,0.0,2.0,0.0,-0.1989999999999999,3.266,0.664,10.037,5.0,1.019,1.104,0.0,0.0,0.0,1.266,3.0,0.0,0.0,0.0,2.376,-0.008,0.0,10.843,1.057,0.0,0.0,0.0,0.0,3.783,2.5,0.0,8.33,1.0,0.0
s: 22
t: 149.671

i: 4.414,3.2274,0.0,0.0,0.0,0.0,0.0,45.5,0.0,2.0,0.0,0.0,2.935,1.203,9.209,1.0,1.038,1.114,0.0,0.0,0.0,1.296,1.0,0.0,0.0,0.0,2.152,-0.085,0.0,9.774,1.496,0.0,0.0,0.0,0.0,3.67,2.881,0.0,8.002,0.0,0.0
s: 27
t: 2.675

[TIMEOUT SMT] instance 86
i: 4.982,2.8025,0.0,0.0,2.0,0.0,2.0,50.0,0.0,2.0,2.0,-0.601,3.38,0.762,10.226,6.0,1.033,1.109,0.0,0.0,0.0,1.261,3.0,0.0,0.0,0.0,2.424,0.004,0.0,21.888,1.027,0.0,0.0,2.0,1.0,3.853,2.833,1.0,8.508,0.0,0.0
s: 24
t: 5.792

i: 4.651,2.7156,0.0,0.0,0.0,0.0,0.0,31.3,0.0,1.0,0.0,0.292,2.826,0.917,9.502,3.0,0.998,1.148,0.0,0.0,0.0,1.19,1.0,0.0,0.0,0.0,2.214,-0.074,0.0,10.5,0.918,0.0,0.0,2.0,0.0,3.482,2.452,1.0,7.624,0.0,0.0
s: 27
t: 3.583

i: 4.802,3.0226,0.0,0.0,1.0,0.0,2.0,50.0,0.0,0.0,2.0,0.0,3.174,0.0,9.805,0.0,0.985,1.109,0.0,0.0,0.0,1.359,3.0,0.0,0.0,1.0,2.323,0.013,0.0,0.0,0.95,0.0,0.0,3.0,1.0,3.868,1.981,1.0,8.357000000000001,0.0,0.0
s: 20
t: 59.814

i: 5.164,3.2947,1.0,0.0,0.0,0.0,0.0,23.1,0.0,3.0,0.0,0.0,3.108,0.917,9.968,4.0,1.055,1.138,0.0,0.0,0.0,1.188,1.0,0.0,0.0,0.0,2.256,-0.081,0.0,20.417,0.939,0.0,0.0,0.0,0.0,4.681,3.274,0.0,9.289,0.0,0.0
s: 20
t: 104.460

[TIMEOUT SMT] instance 91
i: 4.829,2.9046,1.0,0.0,1.0,0.0,2.0,39.3,2.0,3.0,2.0,-0.664,3.786,1.875,10.281,6.0,1.025,1.127,0.0,0.0,0.0,1.227,1.0,0.0,0.0,0.0,2.2840000000000003,0.0,0.0,22.271,3.31,0.0,1.0,3.0,1.0,3.74,2.736,1.0,8.888,1.0,1.0
s: 26
t: 1.228

i: 5.439,2.3629,2.0,0.0,2.0,0.0,0.0,23.5,0.0,11.0,7.0,-0.945,4.381,1.871,11.509,12.0,1.055,1.155,0.0,0.0,0.0,1.154,2.0,0.0,0.0,0.0,2.466,0.0,0.0,35.388000000000005,5.533,0.0,0.0,4.0,5.0,4.61,3.182,4.0,9.993,0.0,0.0
s: 23
t: 13.203

i: 4.739,2.6454,0.0,0.0,2.0,0.0,1.0,39.1,0.0,2.0,1.0,-0.959,3.394,1.695,9.972,2.0,1.008,1.13,0.0,0.0,0.0,1.218,1.0,0.0,0.0,0.0,2.212,0.004,0.0,10.379,2.815,0.0,0.0,2.0,3.0,3.585,2.764,1.0,8.318999999999999,0.0,0.0
s: 24
t: 16.622

i: 4.659,3.7176,2.0,0.0,0.0,0.0,0.0,23.1,0.0,4.0,0.0,-2.138,3.714,2.128,10.094,4.0,1.042,1.144,0.0,0.0,0.0,1.1740000000000002,0.0,0.0,0.0,0.0,2.125,-0.002,0.0,20.538,4.56,0.0,0.0,4.0,6.0,4.061,3.333,2.0,8.992,0.0,0.0
s: 25
t: 6.963

i: 3.975,2.8897,0.0,0.0,0.0,0.0,0.0,32.3,2.0,0.0,0.0,0.0,3.699,3.322,9.707,0.0,0.961,1.141,0.0,0.0,0.0,1.209,0.0,0.0,0.0,0.0,1.978,0.0,0.0,0.0,8.122,0.0,0.0,0.0,0.0,2.994,1.55,0.0,7.896,0.0,0.0
s: 25
t: 3.741

i: 4.17,2.607,0.0,0.0,0.0,0.0,0.0,25.0,3.0,0.0,2.0,0.0,2.373,0.971,8.597000000000001,0.0,0.97,1.161,0.0,0.0,0.0,1.133,0.0,0.0,0.0,0.0,1.848,0.322,0.0,0.0,1.5419999999999998,0.0,0.0,1.0,2.0,2.983,2.167,1.0,6.635,0.0,0.0
s: 22
t: 55.247

i: 3.0,1.8227,0.0,0.0,0.0,0.0,0.0,20.0,0.0,0.0,0.0,0.0,1.883,0.918,6.593999999999999,0.0,0.975,1.1740000000000002,0.0,0.0,0.0,1.126,0.0,0.0,0.0,0.0,1.414,0.764,0.0,0.0,1.3330000000000002,0.0,0.0,0.0,1.0,2.642,2.167,1.0,5.834,0.0,0.0
s: 23
t: 46.897

[TIMEOUT SMT] instance 99
SMT max time: 169.87
SMT min time: 1.23
SMT avg time: 42.51
SMT cumulative time: 3103.24
nombre of explain instances: 73
all times: 46.143, 2.357, 35.069, 67.452, 27.607, 160.858, 20.435, 2.043, 7.604, 23.791, 24.943, 14.498, 1.401, 7.021, 39.349, 169.867, 22.990, 54.214, 49.806, 27.277, 57.900, 118.980, 5.097, 153.673, 8.759, 5.889, 162.231, 14.624, 20.771, 1.852, 81.360, 122.434, 16.504, 157.388, 23.526, 7.728, 168.028, 96.246, 1.782, 5.059, 3.542, 2.808, 5.593, 35.923, 24.611, 78.877, 64.680, 51.478, 68.849, 5.136, 30.504, 45.851, 12.823, 132.060, 1.691, 4.651, 2.053, 3.466, 7.160, 17.031, 149.671, 2.675, 5.792, 3.583, 59.814, 104.460, 1.228, 13.203, 16.622, 6.963, 3.741, 55.247, 46.897
SMT std dev: 49.75

Nombre of timeouts SMT: 27
