i: 85,92,45,27,31
s: 4
t: 0.386

i: 85,64,59,32,23
s: 4
t: 0.183

i: 86,54,33,16,54
s: 3
t: 0.285

i: 91,78,34,24,36
s: 4
t: 0.186

i: 87,70,12,28,10
s: 4
t: 0.216

i: 98,55,13,17,17
s: 3
t: 0.330

i: 88,62,20,17,9
s: 4
t: 0.346

i: 88,67,21,11,11
s: 3
t: 0.267

i: 92,54,22,20,7
s: 3
t: 0.435

i: 90,60,25,19,5
s: 4
t: 0.272

i: 89,52,13,24,15
s: 3
t: 0.615

i: 82,62,17,17,15
s: 4
t: 0.199

i: 90,64,61,32,13
s: 4
t: 0.134

i: 86,77,25,19,18
s: 3
t: 0.550

i: 96,67,29,20,11
s: 3
t: 0.452

i: 91,78,20,31,18
s: 4
t: 0.266

i: 89,67,23,16,10
s: 3
t: 0.351

i: 89,79,17,17,16
s: 3
t: 0.208

i: 91,107,20,20,56
s: 3
t: 0.839

i: 94,116,11,33,11
s: 4
t: 0.135

i: 92,59,35,13,19
s: 4
t: 0.082

i: 93,23,35,20,20
s: 3
t: 0.317

i: 90,60,23,27,5
s: 4
t: 0.318

i: 96,68,18,19,19
s: 4
t: 0.330

i: 84,80,47,33,97
s: 3
t: 0.245

i: 92,70,24,13,26
s: 4
t: 0.214

i: 90,47,28,15,18
s: 3
t: 0.377

i: 88,66,20,21,10
s: 3
t: 0.256

i: 91,102,17,13,19
s: 3
t: 0.222

i: 87,41,31,19,16
s: 3
t: 0.393

i: 86,79,28,16,17
s: 3
t: 0.286

i: 91,57,31,23,42
s: 4
t: 0.137

i: 93,77,32,18,29
s: 4
t: 0.089

i: 88,96,28,21,40
s: 4
t: 0.071

i: 94,65,22,18,11
s: 3
t: 0.294

i: 91,72,155,68,82
s: 3
t: 0.312

i: 85,54,47,33,22
s: 4
t: 0.233

i: 79,39,14,19,9
s: 3
t: 0.792

i: 85,85,25,26,30
s: 2
t: 1.335

i: 89,63,24,20,38
s: 3
t: 0.327

i: 84,92,68,37,44
s: 3
t: 0.487

i: 89,68,26,39,42
s: 3
t: 0.316

i: 89,101,18,25,13
s: 4
t: 0.138

i: 86,84,18,14,16
s: 3
t: 0.398

i: 85,65,25,14,18
s: 3
t: 0.703

i: 88,61,19,21,13
s: 4
t: 0.189

i: 92,56,14,16,10
s: 3
t: 0.394

i: 95,50,29,25,50
s: 3
t: 0.362

i: 91,75,24,22,11
s: 3
t: 0.478

i: 83,40,29,25,38
s: 3
t: 0.751

i: 89,74,19,23,16
s: 3
t: 0.478

i: 85,64,24,22,11
s: 3
t: 0.904

i: 92,57,64,36,90
s: 3
t: 0.236

i: 94,48,11,23,43
s: 3
t: 0.438

i: 87,52,21,19,30
s: 4
t: 0.078

i: 85,65,23,29,15
s: 3
t: 0.253

i: 84,82,21,21,19
s: 3
t: 0.208

i: 88,49,20,22,19
s: 3
t: 0.447

i: 96,67,26,26,36
s: 4
t: 0.245

i: 90,63,24,24,24
s: 3
t: 0.234

i: 90,45,33,34,27
s: 5
t: 0.080

i: 90,72,14,15,18
s: 4
t: 0.086

i: 91,55,4,8,13
s: 3
t: 0.730

i: 91,52,15,22,11
s: 3
t: 0.784

i: 87,71,32,19,27
s: 4
t: 0.086

i: 89,77,26,20,19
s: 2
t: 0.982

i: 89,67,5,17,14
s: 4
t: 0.131

i: 85,51,26,24,23
s: 4
t: 0.098

i: 103,75,19,30,13
s: 3
t: 0.438

i: 90,63,16,21,14
s: 3
t: 0.236

i: 90,63,29,23,57
s: 4
t: 0.184

i: 90,67,35,19,35
s: 4
t: 0.104

i: 87,66,27,22,9
s: 4
t: 0.083

i: 90,73,34,21,22
s: 4
t: 0.079

i: 86,54,20,21,16
s: 3
t: 0.458

i: 90,80,19,14,42
s: 4
t: 0.124

i: 87,90,43,28,156
s: 5
t: 0.057

i: 96,72,28,19,30
s: 4
t: 0.126

i: 91,55,9,25,16
s: 5
t: 0.059

i: 95,78,27,25,30
s: 4
t: 0.127

i: 92,101,34,30,64
s: 4
t: 0.090

i: 89,51,41,22,48
s: 3
t: 0.363

i: 91,99,42,33,16
s: 4
t: 0.149

i: 94,58,21,18,26
s: 4
t: 0.082

i: 92,60,30,27,297
s: 4
t: 0.060

i: 88,47,33,26,29
s: 4
t: 0.159

i: 92,65,17,25,9
s: 4
t: 0.099

i: 92,79,22,20,11
s: 3
t: 0.647

i: 84,83,20,25,7
s: 3
t: 1.369

i: 88,68,27,21,26
s: 4
t: 0.149

i: 86,48,20,20,6
s: 3
t: 0.656

i: 99,69,45,32,30
s: 4
t: 0.095

i: 88,66,23,12,15
s: 3
t: 0.541

i: 89,62,42,30,20
s: 4
t: 0.144

i: 90,51,23,17,27
s: 3
t: 0.137

i: 81,61,32,37,53
s: 3
t: 0.177

i: 89,89,23,18,104
s: 3
t: 0.110

i: 89,65,26,18,36
s: 4
t: 0.071

i: 92,75,26,26,24
s: 4
t: 0.148

i: 85,59,25,20,25
s: 3
t: 0.230

SMT max time: 1.37
SMT min time: 0.06
SMT avg time: 0.32
SMT cumulative time: 31.55
nombre of explain instances: 100
all times: 0.386, 0.183, 0.285, 0.186, 0.216, 0.330, 0.346, 0.267, 0.435, 0.272, 0.615, 0.199, 0.134, 0.550, 0.452, 0.266, 0.351, 0.208, 0.839, 0.135, 0.082, 0.317, 0.318, 0.330, 0.245, 0.214, 0.377, 0.256, 0.222, 0.393, 0.286, 0.137, 0.089, 0.071, 0.294, 0.312, 0.233, 0.792, 1.335, 0.327, 0.487, 0.316, 0.138, 0.398, 0.703, 0.189, 0.394, 0.362, 0.478, 0.751, 0.478, 0.904, 0.236, 0.438, 0.078, 0.253, 0.208, 0.447, 0.245, 0.234, 0.080, 0.086, 0.730, 0.784, 0.086, 0.982, 0.131, 0.098, 0.438, 0.236, 0.184, 0.104, 0.083, 0.079, 0.458, 0.124, 0.057, 0.126, 0.059, 0.127, 0.090, 0.363, 0.149, 0.082, 0.060, 0.159, 0.099, 0.647, 1.369, 0.149, 0.656, 0.095, 0.541, 0.144, 0.137, 0.177, 0.110, 0.071, 0.148, 0.230
SMT std dev: 0.26

Nombre of timeouts SMT: 0
