i: 29,1,1,0,0,0,31,64,1,0,0,1,49,0,22,0,0,1,0,0,1,0,0
s: 7
t: 11.117

i: 33,1,0,0,0,1,40,111,0,0,0,1,10,1,15,0,1,0,3,1,0,0,0
s: 6
t: 24.746

i: 33,1,0,0,0,1,14,60,0,0,0,1,29,1,25,0,1,0,2,0,0,1,0
s: 5
t: 75.476

i: 3,1,0,0,1,0,22,80,0,1,0,0,84,0,32,0,0,1,0,1,0,0,0
s: 7
t: 27.988

i: 7,0,0,1,0,0,22,35,0,0,0,1,71,0,14,1,0,0,0,1,0,0,0
s: 7
t: 72.347

i: 22,1,0,1,0,0,14,67,0,1,0,0,76,0,8,1,0,0,0,1,0,0,0
s: 6
t: 90.239

i: 28,0,0,0,0,1,28,97,0,0,0,1,59,0,33,0,0,1,2,1,0,0,0
s: 4
t: 111.121

i: 23,0,0,0,0,1,14,145,0,1,0,0,62,1,6,1,0,0,0,1,0,0,0
s: 10
t: 1.177

i: 29,1,0,0,0,1,22,83,0,0,0,1,46,0,14,0,1,0,1,0,0,1,0
s: 8
t: 10.834

i: 19,1,0,0,0,1,28,34,1,0,0,1,54,1,29,0,0,1,0,0,0,1,0
s: 7
t: 1.478

i: 23,1,0,0,0,1,28,25,0,1,0,0,47,0,4,0,1,0,0,0,1,0,0
s: 5
t: 70.999

i: 22,0,0,1,0,0,28,116,0,0,0,1,52,0,13,0,1,0,0,1,0,0,0
s: 9
t: 1.766

i: 22,1,0,0,1,0,22,85,1,0,0,1,41,1,6,0,1,0,1,0,1,0,0
s: 8
t: 6.455

i: 10,1,0,1,0,0,14,92,0,1,0,0,72,0,0,1,0,0,0,0,0,1,0
s: 7
t: 3.175

i: 18,1,0,0,1,0,44,31,1,1,0,0,61,0,5,1,0,0,0,0,0,1,0
s: 8
t: 18.589

i: 23,1,0,0,1,0,34,9,0,1,0,0,73,0,16,1,0,0,0,1,0,0,0
s: 7
t: 62.230

i: 14,1,0,1,0,0,8,60,0,1,0,0,67,0,10,0,0,1,0,0,0,1,0
s: 10
t: 0.476

i: 20,1,0,0,0,1,28,69,0,1,0,0,59,0,12,1,0,0,0,1,0,0,0
s: 7
t: 43.136

i: 14,0,0,0,1,0,22,103,0,1,0,0,38,0,2,1,0,0,0,1,0,0,0
s: 8
t: 8.030

i: 15,1,0,1,0,0,22,95,0,1,0,0,70,0,6,1,0,0,0,1,0,0,0
s: 7
t: 46.734

i: 30,1,1,0,0,0,8,42,0,0,0,1,43,1,17,0,1,0,0,1,0,0,0
s: 6
t: 9.368

i: 24,0,1,0,0,0,34,109,1,0,0,1,61,0,10,1,0,0,0,1,0,0,0
s: 9
t: 3.488

i: 24,1,0,1,0,0,14,110,0,0,0,1,59,0,17,0,1,0,0,1,0,0,0
s: 8
t: 2.423

i: 24,1,0,0,1,0,23,55,0,0,0,1,72,0,30,1,0,0,2,0,0,1,0
s: 9
t: 0.859

i: 26,1,0,0,0,1,22,37,0,0,0,1,32,1,23,0,1,0,2,0,0,1,0
s: 5
t: 126.391

i: 16,0,0,0,1,0,14,50,0,1,0,0,57,0,16,0,1,0,0,1,0,0,0
s: 6
t: 7.611

i: 24,0,0,0,1,0,14,141,0,1,0,0,71,0,0,1,0,0,0,1,0,0,0
s: 10
t: 6.310

i: 32,0,1,0,0,0,34,57,0,1,0,0,15,0,25,0,0,1,0,1,0,0,0
s: 9
t: 29.167

i: 9,1,0,0,0,1,34,77,0,1,0,0,70,0,15,1,0,0,0,1,0,0,0
s: 7
t: 59.893

i: 6,1,0,0,0,1,8,8,0,0,0,1,15,1,19,0,1,0,0,0,0,1,0
s: 7
t: 1.828

i: 35,0,1,0,0,0,28,69,0,1,0,0,50,0,17,1,0,0,2,1,0,0,0
s: 10
t: 0.851

i: 26,1,0,0,0,1,12,61,1,1,0,0,59,1,14,1,0,0,2,0,0,1,0
s: 7
t: 2.021

i: 30,1,0,0,1,0,28,140,0,1,0,0,57,0,0,1,0,0,0,1,0,0,0
s: 9
t: 0.409

i: 25,1,0,0,0,1,25,65,0,1,0,0,60,0,5,0,1,0,0,0,0,1,0
s: 6
t: 1.873

i: 10,1,0,0,1,0,22,64,0,1,0,0,77,1,4,1,0,0,0,1,0,0,0
s: 6
t: 99.760

i: 8,1,0,0,0,1,28,57,0,1,0,0,76,0,0,1,0,0,0,1,0,0,0
s: 7
t: 19.675

i: 9,1,0,0,0,1,14,15,0,0,0,1,20,1,24,0,1,0,0,0,0,1,0
s: 7
t: 15.891

i: 23,1,0,0,0,1,34,104,0,0,0,1,13,1,6,0,1,0,1,0,1,0,0
s: 9
t: 5.716

i: 21,1,0,0,0,1,23,144,0,1,0,0,32,1,12,0,1,0,1,0,0,1,0
s: 7
t: 30.548

i: 27,1,0,0,1,0,34,73,1,1,0,0,36,1,10,0,1,0,0,1,0,0,0
s: 9
t: 1.454

i: 31,0,0,0,0,1,34,56,0,0,0,1,15,0,10,0,1,0,3,0,0,1,0
s: 7
t: 23.663

i: 6,1,1,0,0,0,28,31,0,1,0,0,76,1,14,1,0,0,0,0,0,1,0
s: 7
t: 6.080

i: 37,0,0,1,0,0,40,121,0,1,0,0,61,0,4,1,0,0,2,1,0,0,0
s: 9
t: 2.881

i: 25,1,0,0,1,0,34,43,1,1,0,0,56,0,16,1,0,0,0,1,0,0,0
s: 7
t: 43.374

i: 27,0,0,0,0,1,22,139,0,0,0,1,68,0,0,1,0,0,0,1,0,0,0
s: 10
t: 1.237

i: 24,1,0,0,1,0,9,61,0,0,0,1,64,0,24,0,1,0,1,0,0,1,0
s: 9
t: 12.680

i: 17,1,0,0,1,0,8,13,0,1,0,0,23,0,6,1,0,0,0,1,0,0,0
s: 7
t: 38.648

i: 16,1,0,0,0,1,34,73,0,0,0,1,28,0,25,0,1,0,0,0,0,1,0
s: 7
t: 9.919

i: 31,0,0,0,1,0,28,150,1,0,0,1,56,0,8,1,0,0,1,1,0,0,0
s: 10
t: 13.846

i: 19,1,0,0,1,0,22,29,1,0,0,1,51,0,12,0,0,1,0,1,0,0,0
s: 7
t: 21.229

i: 7,0,0,1,0,0,5,30,0,1,0,0,67,0,0,1,0,0,1,1,0,0,0
s: 7
t: 2.347

i: 31,1,0,0,0,1,14,15,0,1,0,0,39,0,4,1,0,0,0,0,0,1,0
s: 7
t: 5.158

i: 10,1,0,0,0,1,9,114,0,0,0,1,52,0,0,1,0,0,1,1,0,0,0
s: 9
t: 4.407

i: 10,1,0,1,0,0,22,50,0,0,0,1,85,0,0,1,0,0,0,1,0,0,0
s: 7
t: 46.900

i: 26,1,0,0,0,1,22,82,0,1,0,0,43,1,14,1,0,0,1,0,0,1,0
s: 7
t: 5.129

i: 20,1,0,0,0,1,17,95,0,0,0,1,11,1,21,0,1,0,1,0,0,1,0
s: 6
t: 36.069

i: 16,1,0,0,1,0,28,64,0,1,0,0,62,0,6,0,1,0,1,0,0,1,0
s: 8
t: 6.882

i: 7,1,0,0,0,1,8,11,0,0,0,1,57,0,0,1,0,0,0,0,0,1,0
s: 10
t: 0.253

i: 20,1,0,0,1,0,18,101,0,0,0,1,51,0,5,0,0,1,1,1,0,0,0
s: 8
t: 2.159

i: 17,1,1,0,0,0,18,44,0,0,0,1,25,1,14,1,0,0,1,1,0,0,0
s: 8
t: 2.870

i: 17,0,0,0,0,1,22,124,0,1,0,0,41,1,12,0,1,0,0,0,0,1,0
s: 7
t: 4.227

i: 12,0,0,0,1,0,29,15,0,0,0,1,59,1,14,0,0,1,0,1,0,0,0
s: 10
t: 0.853

i: 24,1,0,0,0,1,20,47,0,0,0,1,31,1,21,0,1,0,3,0,0,1,0
s: 5
t: 148.477

i: 20,0,0,0,1,0,25,123,1,1,0,0,69,0,0,1,0,0,0,1,0,0,0
s: 10
t: 0.781

i: 20,1,0,0,0,1,14,24,0,1,0,0,14,0,14,0,1,0,1,0,0,1,0
s: 7
t: 32.411

i: 26,1,0,0,0,1,31,108,0,0,0,1,41,1,26,0,1,0,2,0,0,1,0
s: 5
t: 76.176

i: 26,1,0,0,1,0,28,21,0,0,0,1,54,0,28,0,1,0,0,1,0,0,0
s: 8
t: 1.092

i: 20,1,0,0,1,0,34,63,0,0,0,1,64,0,16,1,0,0,0,0,0,1,0
s: 9
t: 2.810

i: 25,1,0,0,0,1,43,137,0,0,0,1,39,1,31,0,0,1,0,0,0,1,0
s: 6
t: 3.163

i: 12,1,0,0,1,0,34,62,0,1,0,0,46,0,33,0,1,0,0,1,0,0,0
s: 8
t: 1.744

i: 31,0,0,0,1,0,37,98,0,1,0,0,47,0,8,1,0,0,0,1,0,0,0
s: 8
t: 14.686

i: 33,1,0,0,0,1,18,83,1,1,0,0,62,0,2,0,1,0,2,0,0,1,0
s: 7
t: 15.877

i: 28,1,0,0,0,1,14,96,0,1,0,0,6,1,17,0,1,0,2,0,0,1,0
s: 7
t: 42.972

i: 31,1,0,0,0,1,8,78,0,0,0,1,57,0,6,1,0,0,2,0,1,0,0
s: 10
t: 0.416

i: 10,1,0,0,0,1,8,29,0,0,0,1,75,0,0,1,0,0,1,1,0,0,0
s: 8
t: 1.955

i: 31,0,0,0,1,0,40,146,0,0,0,1,50,0,8,1,0,0,0,1,0,0,0
s: 9
t: 22.829

i: 26,1,0,0,0,1,18,87,0,0,0,1,40,1,26,0,1,0,1,0,0,1,0
s: 6
t: 57.791

i: 17,0,0,0,1,0,28,127,0,0,0,1,41,0,15,1,0,0,1,1,0,0,0
s: 12
t: 0.450

i: 14,1,0,1,0,0,22,75,0,0,0,1,78,0,2,0,1,0,0,1,0,0,0
s: 5
t: 164.935

i: 24,1,0,0,0,1,34,99,0,0,0,1,12,1,8,1,0,0,0,0,0,1,0
s: 8
t: 1.956

i: 11,1,0,0,0,1,4,39,0,0,0,1,47,1,28,0,1,0,0,1,0,0,0
s: 5
t: 31.309

i: 19,0,0,0,0,1,22,93,0,0,0,1,42,0,4,0,1,0,0,1,0,0,0
s: 6
t: 114.725

i: 5,1,0,0,1,0,28,134,0,0,0,1,80,0,0,1,0,0,0,1,0,0,0
s: 7
t: 14.789

i: 34,1,0,0,1,0,47,102,1,0,0,1,49,1,16,0,1,0,0,0,0,1,0
s: 8
t: 1.341

i: 18,1,0,1,0,0,14,136,0,1,0,0,71,0,2,1,0,0,0,1,0,0,0
s: 7
t: 12.926

i: 10,1,0,0,1,0,28,66,0,0,0,1,78,0,0,1,0,0,0,1,0,0,0
s: 7
t: 92.840

i: 13,1,0,0,1,0,27,86,0,0,0,1,55,0,0,1,0,0,0,1,0,0,0
s: 7
t: 11.134

i: 19,0,0,0,1,0,20,47,0,0,0,1,16,0,0,1,0,0,0,0,0,0,1
s: 7
t: 73.242

i: 19,0,0,0,0,1,27,65,0,0,0,1,59,0,0,1,0,0,0,1,0,0,0
s: 7
t: 75.423

i: 17,0,0,0,1,0,22,85,0,0,0,1,48,0,5,1,0,0,0,1,0,0,0
s: 7
t: 19.813

i: 32,1,0,0,0,1,14,121,0,0,0,1,50,0,4,0,1,0,0,1,0,0,0
s: 7
t: 5.422

i: 28,0,0,0,0,1,40,6,0,0,0,1,44,0,39,0,0,1,3,0,0,1,0
s: 7
t: 2.022

i: 28,1,0,0,1,0,22,62,0,1,0,0,45,0,17,0,1,0,3,0,0,1,0
s: 6
t: 31.057

i: 10,0,0,0,1,0,7,2,0,1,0,0,74,0,6,0,1,0,0,1,0,0,0
s: 5
t: 76.981

i: 29,0,0,0,1,0,25,81,0,0,0,1,71,0,0,1,0,0,0,1,0,0,0
s: 7
t: 43.509

i: 18,1,0,0,0,1,20,84,0,1,0,0,60,1,0,1,0,0,1,0,0,1,0
s: 7
t: 9.174

i: 25,1,0,0,0,1,8,69,0,0,0,1,41,1,12,0,1,0,1,0,0,1,0
s: 7
t: 29.302

i: 26,0,0,0,0,1,34,87,0,0,0,1,56,0,25,0,1,0,2,0,0,1,0
s: 5
t: 91.313

i: 18,1,0,1,0,0,24,33,0,1,0,0,57,0,8,1,0,0,1,1,0,0,0
s: 8
t: 7.505

i: 14,1,0,0,0,1,15,53,0,0,0,1,83,0,0,1,0,0,0,1,0,0,0
s: 8
t: 75.907

SMT max time: 164.94
SMT min time: 0.25
SMT avg time: 28.15
SMT cumulative time: 2814.72
nombre of explain instances: 100
all times: 11.117, 24.746, 75.476, 27.988, 72.347, 90.239, 111.121, 1.177, 10.834, 1.478, 70.999, 1.766, 6.455, 3.175, 18.589, 62.230, 0.476, 43.136, 8.030, 46.734, 9.368, 3.488, 2.423, 0.859, 126.391, 7.611, 6.310, 29.167, 59.893, 1.828, 0.851, 2.021, 0.409, 1.873, 99.760, 19.675, 15.891, 5.716, 30.548, 1.454, 23.663, 6.080, 2.881, 43.374, 1.237, 12.680, 38.648, 9.919, 13.846, 21.229, 2.347, 5.158, 4.407, 46.900, 5.129, 36.069, 6.882, 0.253, 2.159, 2.870, 4.227, 0.853, 148.477, 0.781, 32.411, 76.176, 1.092, 2.810, 3.163, 1.744, 14.686, 15.877, 42.972, 0.416, 1.955, 22.829, 57.791, 0.450, 164.935, 1.956, 31.309, 114.725, 14.789, 1.341, 12.926, 92.840, 11.134, 73.242, 75.423, 19.813, 5.422, 2.022, 31.057, 76.981, 43.509, 9.174, 29.302, 91.313, 7.505, 75.907
SMT std dev: 36.09

Nombre of timeouts SMT: 0
