i: 0,0,0,1,0,0,0,0,0,1,0
s: 9
t: 0.182

i: 0,0,0,0,0,1,0,0,0,0,0
s: 5
t: 0.303

i: 0,4,0,0,1,1,0,0,0,0,0
s: 3
t: 0.618

i: 1,0,0,0,0,0,0,0,0,1,0
s: 5
t: 0.249

i: 0,14,1,0,0,0,0,0,0,0,0
s: 4
t: 0.418

i: 0,3,0,0,0,0,0,0,0,1,0
s: 6
t: 0.180

i: 1,0,0,0,0,0,0,0,0,0,1
s: 4
t: 0.478

i: 0,0,0,0,0,0,0,0,0,0,0
s: 9
t: 0.131

i: 1,3,1,0,1,1,0,0,0,0,0
s: 6
t: 0.177

i: 0,1,0,1,0,0,0,0,0,0,1
s: 5
t: 0.245

i: 0,7,0,0,0,1,0,0,0,0,0
s: 6
t: 0.159

i: 1,0,0,0,0,0,0,1,0,0,0
s: 5
t: 0.247

i: 0,3,1,0,0,1,0,0,0,0,0
s: 6
t: 0.159

i: 0,6,1,0,0,0,0,0,0,0,0
s: 7
t: 0.177

i: 0,5,0,0,0,0,0,0,0,0,0
s: 7
t: 0.139

i: 0,13,1,1,0,1,0,0,0,0,0
s: 7
t: 0.203

i: 0,1,1,0,1,1,0,0,0,0,0
s: 6
t: 0.239

i: 1,0,0,0,0,0,0,0,0,0,0
s: 5
t: 0.292

i: 0,0,0,0,1,0,0,0,0,0,1
s: 6
t: 0.202

i: 0,1,0,0,1,0,0,1,0,0,0
s: 7
t: 0.175

i: 1,1,0,0,0,0,0,0,0,0,0
s: 5
t: 0.226

i: 0,8,0,0,0,1,0,0,0,0,0
s: 6
t: 0.172

i: 0,5,1,0,0,1,0,0,0,0,0
s: 7
t: 0.142

i: 0,0,1,0,0,1,0,0,0,0,0
s: 5
t: 0.249

i: 0,9,1,0,0,0,0,0,0,0,0
s: 5
t: 0.341

i: 0,4,1,0,0,1,0,0,0,0,0
s: 7
t: 0.131

i: 0,0,0,1,0,0,0,0,0,0,0
s: 9
t: 0.136

i: 0,7,0,1,0,0,0,0,0,1,0
s: 6
t: 0.211

i: 1,4,1,0,0,0,0,0,0,0,1
s: 7
t: 0.162

i: 1,1,0,0,1,0,0,0,0,0,0
s: 5
t: 0.206

i: 0,21,1,0,0,1,0,0,0,0,0
s: 6
t: 0.164

i: 0,2,1,0,1,1,0,0,0,0,1
s: 6
t: 0.174

i: 1,2,0,1,0,1,0,0,0,0,0
s: 8
t: 0.148

i: 1,2,0,0,0,0,0,0,0,0,0
s: 8
t: 0.121

i: 0,7,0,1,0,1,0,0,0,0,1
s: 7
t: 0.157

i: 1,9,1,0,0,0,0,0,0,0,0
s: 5
t: 0.325

i: 0,13,1,0,0,1,0,0,0,0,0
s: 4
t: 0.363

i: 1,0,0,1,0,0,0,0,0,0,0
s: 5
t: 0.274

i: 0,1,0,0,0,0,0,0,0,0,0
s: 5
t: 0.233

i: 0,0,0,0,0,0,0,0,0,1,1
s: 5
t: 0.289

i: 0,15,1,0,0,1,0,0,0,0,0
s: 4
t: 0.504

i: 0,2,0,0,1,1,0,0,0,0,0
s: 6
t: 0.166

i: 1,0,1,0,0,0,0,1,0,0,0
s: 5
t: 0.302

i: 1,4,0,1,0,1,0,0,0,0,0
s: 8
t: 0.145

i: 0,8,1,1,0,0,0,0,0,0,0
s: 8
t: 0.147

i: 0,5,0,0,0,1,0,0,0,0,0
s: 7
t: 0.144

i: 1,4,0,0,0,0,0,0,0,0,0
s: 7
t: 0.140

i: 0,1,0,0,1,1,0,0,0,0,0
s: 8
t: 0.212

i: 1,0,0,1,0,0,0,1,0,0,0
s: 5
t: 0.275

i: 0,6,1,0,0,1,0,0,0,0,0
s: 7
t: 0.138

i: 1,0,0,1,0,1,0,0,0,0,1
s: 4
t: 0.324

i: 0,6,0,1,0,0,0,1,0,0,0
s: 7
t: 0.210

i: 1,1,0,0,0,1,0,0,0,0,0
s: 4
t: 0.310

i: 0,1,1,0,0,0,0,0,0,0,0
s: 9
t: 0.162

i: 0,2,0,0,0,1,0,0,0,0,0
s: 6
t: 0.161

i: 1,1,0,0,1,1,0,0,0,0,0
s: 8
t: 0.229

i: 0,0,1,0,1,0,0,0,0,0,0
s: 8
t: 0.146

i: 0,1,0,0,0,1,0,0,0,0,1
s: 4
t: 0.466

i: 1,8,1,0,0,1,0,0,0,0,0
s: 5
t: 0.235

i: 0,14,1,0,0,1,0,0,0,0,0
s: 4
t: 0.302

i: 0,0,1,0,1,0,0,0,0,1,0
s: 5
t: 0.245

i: 0,2,1,0,1,1,0,0,0,0,0
s: 6
t: 0.164

i: 1,1,0,0,0,1,0,0,0,0,1
s: 4
t: 0.413

i: 0,9,1,0,0,1,0,0,0,0,0
s: 9
t: 0.155

i: 0,7,1,0,0,0,0,0,0,0,0
s: 7
t: 0.180

i: 0,1,1,0,1,0,0,0,0,1,0
s: 5
t: 0.208

i: 0,0,1,0,1,0,0,0,0,0,1
s: 8
t: 0.206

i: 0,2,0,0,0,0,0,0,0,0,0
s: 6
t: 0.148

i: 1,0,0,1,0,0,0,0,0,0,1
s: 4
t: 0.401

i: 1,0,0,0,0,0,0,1,0,0,1
s: 5
t: 0.196

i: 0,1,0,0,0,1,0,0,0,0,0
s: 4
t: 0.317

i: 0,0,0,0,0,0,0,0,0,0,1
s: 9
t: 0.129

i: 0,8,1,0,1,0,0,0,0,0,0
s: 8
t: 0.142

i: 1,0,1,0,0,0,0,0,0,0,0
s: 5
t: 0.227

i: 0,1,0,0,0,0,0,0,0,0,1
s: 5
t: 0.280

i: 0,3,1,0,1,1,0,0,0,0,0
s: 6
t: 0.163

i: 1,5,0,0,0,0,0,0,0,0,0
s: 7
t: 0.148

i: 0,0,1,0,0,0,0,0,0,0,0
s: 5
t: 0.247

i: 0,3,0,0,0,1,0,0,0,0,0
s: 7
t: 0.156

i: 0,10,1,0,0,1,0,0,0,0,0
s: 9
t: 0.139

i: 0,0,0,0,1,1,0,0,0,0,0
s: 8
t: 0.216

i: 0,28,1,0,0,1,0,0,0,0,0
s: 1
t: 1.586

i: 1,1,1,0,0,1,0,0,0,0,0
s: 4
t: 0.321

i: 0,1,0,0,0,0,0,0,0,1,1
s: 4
t: 0.343

i: 0,13,1,0,0,0,0,0,0,0,0
s: 9
t: 0.145

i: 1,3,1,1,0,0,0,0,0,0,0
s: 6
t: 0.179

i: 0,19,1,0,0,1,0,0,0,0,0
s: 4
t: 0.292

i: 0,6,0,0,0,0,0,0,0,0,0
s: 7
t: 0.150

i: 0,2,0,0,0,0,0,0,0,0,1
s: 6
t: 0.162

i: 1,2,0,0,0,0,0,0,0,1,1
s: 6
t: 0.204

i: 1,0,0,0,1,1,0,0,0,0,1
s: 8
t: 0.194

i: 0,10,0,0,0,0,0,0,0,0,1
s: 3
t: 0.775

i: 0,1,0,1,0,0,0,0,0,0,0
s: 9
t: 0.160

i: 0,1,1,0,1,1,0,0,0,0,1
s: 9
t: 0.181

i: 0,11,1,0,0,1,0,0,0,0,0
s: 7
t: 0.147

i: 0,0,0,0,0,1,0,0,0,0,1
s: 5
t: 0.252

i: 0,7,1,0,0,1,0,0,0,0,1
s: 7
t: 0.173

i: 0,2,1,0,0,1,0,0,0,0,0
s: 6
t: 0.166

i: 0,0,1,0,1,1,0,0,0,0,1
s: 6
t: 0.153

i: 1,0,1,0,0,0,0,0,0,0,1
s: 6
t: 0.227

SMT max time: 1.59
SMT min time: 0.12
SMT avg time: 0.24
SMT cumulative time: 24.21
nombre of explain instances: 100
all times: 0.182, 0.303, 0.618, 0.249, 0.418, 0.180, 0.478, 0.131, 0.177, 0.245, 0.159, 0.247, 0.159, 0.177, 0.139, 0.203, 0.239, 0.292, 0.202, 0.175, 0.226, 0.172, 0.142, 0.249, 0.341, 0.131, 0.136, 0.211, 0.162, 0.206, 0.164, 0.174, 0.148, 0.121, 0.157, 0.325, 0.363, 0.274, 0.233, 0.289, 0.504, 0.166, 0.302, 0.145, 0.147, 0.144, 0.140, 0.212, 0.275, 0.138, 0.324, 0.210, 0.310, 0.162, 0.161, 0.229, 0.146, 0.466, 0.235, 0.302, 0.245, 0.164, 0.413, 0.155, 0.180, 0.208, 0.206, 0.148, 0.401, 0.196, 0.317, 0.129, 0.142, 0.227, 0.280, 0.163, 0.148, 0.247, 0.156, 0.139, 0.216, 1.586, 0.321, 0.343, 0.145, 0.179, 0.292, 0.150, 0.162, 0.204, 0.194, 0.775, 0.160, 0.181, 0.147, 0.252, 0.173, 0.166, 0.153, 0.227
SMT std dev: 0.17

Nombre of timeouts SMT: 0
