i: 24,0,1,0,0,0,0,1,0,3,1,1,0,1,0,0,0,0,1,0,0
s: 13
t: 1.053

i: 45,1,0,0,0,0,0,1,0,10,1,1,0,0,1,0,0,0,0,1,0
s: 9
t: 10.833

i: 43,0,1,0,0,0,0,1,0,7,1,1,0,0,1,0,0,0,0,1,0
s: 13
t: 1.129

i: 42,0,0,1,0,0,1,0,0,9,1,1,0,0,1,0,0,0,1,0,0
s: 10
t: 5.582

i: 36,0,0,1,0,0,0,1,0,8,1,1,0,0,1,0,0,1,0,0,0
s: 10
t: 9.846

[TIMEOUT SMT] instance 5
i: 38,0,1,0,0,0,0,1,0,6,1,1,0,0,1,0,0,1,0,0,0
s: 9
t: 11.091

i: 21,0,0,1,0,0,0,1,0,1,1,0,0,0,1,0,0,1,0,0,0
s: 12
t: 1.633

i: 27,0,1,0,0,0,0,1,0,3,1,1,0,0,1,0,0,0,0,1,0
s: 11
t: 3.539

i: 45,1,0,0,0,1,0,0,0,8,1,1,0,1,0,0,0,1,0,0,1
s: 8
t: 74.571

i: 38,1,0,0,0,0,0,1,0,2,1,0,0,0,1,0,0,0,1,0,1
s: 6
t: 74.844

i: 42,1,0,0,0,0,0,0,1,4,1,1,1,0,0,0,0,0,1,0,0
s: 8
t: 14.153

i: 44,0,0,0,1,0,0,0,1,1,1,0,1,0,0,0,0,0,0,1,0
s: 4
t: 136.717

i: 42,0,1,0,0,0,0,0,1,1,1,0,0,0,1,0,0,0,1,0,0
s: 14
t: 11.335

i: 38,0,0,1,0,0,0,0,1,2,1,1,0,1,0,0,0,0,1,0,0
s: 13
t: 0.912

[TIMEOUT SMT] instance 15
i: 48,1,0,0,0,1,0,0,0,7,1,1,0,1,0,0,0,0,0,1,0
s: 17
t: 1.610

i: 39,0,1,0,0,0,1,0,0,6,1,1,0,1,0,0,0,0,0,1,0
s: 11
t: 3.574

i: 37,0,1,0,0,0,1,0,0,8,1,1,0,1,0,0,0,0,1,0,0
s: 10
t: 7.399

[TIMEOUT SMT] instance 19
i: 26,0,0,1,0,0,0,0,1,1,1,0,0,0,0,1,1,0,0,0,0
s: 8
t: 12.112

[TIMEOUT SMT] instance 21
i: 46,0,0,0,1,0,0,0,1,1,0,1,1,0,0,0,0,0,0,1,0
s: 8
t: 8.998

i: 39,0,0,0,1,0,0,0,1,1,1,1,1,0,0,0,0,0,0,1,0
s: 3
t: 161.633

i: 48,0,0,0,1,0,0,0,1,5,1,1,1,0,0,0,0,0,0,1,0
s: 10
t: 4.411

i: 40,0,1,0,0,0,0,0,1,8,1,1,0,0,1,0,0,0,1,0,0
s: 7
t: 18.690

i: 38,0,0,0,1,0,0,0,1,1,1,0,1,0,0,0,0,0,0,1,0
s: 5
t: 82.781

[TIMEOUT SMT] instance 27
[TIMEOUT SMT] instance 28
i: 43,1,0,0,0,0,1,0,0,8,1,1,0,1,0,0,0,0,0,1,0
s: 12
t: 1.442

i: 31,0,0,1,0,0,0,0,1,2,1,1,1,0,0,0,0,0,0,1,0
s: 10
t: 6.249

i: 31,0,0,0,1,0,0,0,1,2,1,1,0,0,1,0,0,1,0,0,0
s: 11
t: 2.991

[TIMEOUT SMT] instance 32
i: 33,0,1,0,0,0,1,0,0,2,1,1,0,0,1,0,1,0,0,0,0
s: 14
t: 4.196

i: 24,0,1,0,0,0,0,1,0,1,1,1,0,0,1,0,0,0,1,0,0
s: 11
t: 1.833

i: 42,1,0,0,0,0,0,1,0,9,1,1,0,0,1,0,0,1,0,0,1
s: 9
t: 7.838

i: 43,1,0,0,0,0,1,0,0,8,1,0,0,0,1,0,1,0,0,0,0
s: 9
t: 7.412

i: 25,0,0,1,0,0,0,1,0,4,1,1,0,0,1,0,0,1,0,0,0
s: 13
t: 1.266

i: 42,0,1,0,0,0,1,0,0,3,1,1,0,0,1,0,0,0,0,1,0
s: 6
t: 45.915

i: 28,0,1,0,0,0,1,0,0,1,1,1,0,1,0,0,0,0,0,1,0
s: 13
t: 2.069

i: 28,1,0,0,0,1,0,0,0,3,1,1,0,0,1,0,1,0,0,0,0
s: 11
t: 4.974

[TIMEOUT SMT] instance 41
i: 48,0,1,0,0,0,0,0,1,2,1,1,1,0,0,0,0,0,1,0,0
s: 6
t: 40.418

i: 40,0,0,0,1,0,0,0,1,2,0,1,1,0,0,0,0,0,0,1,0
s: 9
t: 9.278

i: 28,0,1,0,0,0,1,0,0,1,1,1,0,0,1,0,0,1,0,0,0
s: 12
t: 3.961

i: 25,1,0,0,0,0,0,0,1,1,1,1,0,1,0,0,1,0,0,0,0
s: 9
t: 9.312

i: 32,0,0,0,1,0,0,0,1,2,1,1,0,1,0,0,0,0,1,0,0
s: 11
t: 2.487

[TIMEOUT SMT] instance 47
i: 26,0,0,0,1,0,0,0,1,1,1,1,1,0,0,0,0,0,0,1,0
s: 10
t: 4.555

[TIMEOUT SMT] instance 49
[TIMEOUT SMT] instance 50
i: 49,0,0,0,1,0,0,0,1,7,0,1,0,1,0,0,0,0,0,1,0
s: 10
t: 6.049

i: 40,0,0,1,0,0,0,0,1,8,1,1,0,0,1,0,0,0,1,0,0
s: 7
t: 17.047

i: 34,0,0,0,1,0,0,0,1,1,0,0,0,1,0,0,0,0,1,0,0
s: 5
t: 66.656

i: 36,0,1,0,0,0,0,0,1,5,1,1,0,1,0,0,0,0,1,0,0
s: 13
t: 1.182

i: 20,0,1,0,0,0,1,0,0,2,1,1,0,1,0,0,0,1,0,0,1
s: 7
t: 24.071

i: 43,0,0,0,1,0,0,0,1,5,1,0,1,0,0,0,0,0,0,1,0
s: 10
t: 6.363

i: 37,0,0,1,0,0,0,0,1,7,1,1,0,1,0,0,1,0,0,0,0
s: 10
t: 3.257

[TIMEOUT SMT] instance 58
i: 49,0,0,0,1,0,0,0,1,6,1,1,1,0,0,0,0,1,0,0,0
s: 6
t: 36.332

i: 42,0,0,1,0,0,0,1,0,10,1,1,0,0,1,0,0,0,1,0,0
s: 8
t: 11.356

i: 20,0,1,0,0,0,0,1,0,1,1,1,0,1,0,0,0,0,1,0,0
s: 10
t: 4.739

i: 47,1,0,0,0,0,1,0,0,2,1,0,1,0,0,0,0,0,1,0,0
s: 6
t: 50.129

i: 22,0,1,0,0,0,0,1,0,1,1,1,0,1,0,0,1,0,0,0,0
s: 10
t: 2.607

i: 27,0,1,0,0,0,0,0,1,1,1,0,1,0,0,0,0,0,1,0,0
s: 14
t: 8.296

i: 24,0,1,0,0,0,0,0,1,1,1,1,0,0,1,0,1,0,0,0,0
s: 15
t: 3.639

i: 44,0,0,0,1,0,1,0,0,8,1,1,0,0,1,0,0,0,1,0,0
s: 9
t: 6.409

i: 30,0,1,0,0,0,0,1,0,3,1,1,0,0,1,0,1,0,0,0,0
s: 11
t: 2.395

i: 23,0,0,1,0,0,0,0,1,2,1,1,0,0,1,0,0,0,0,1,0
s: 12
t: 1.211

i: 25,0,0,0,1,0,0,0,1,1,1,0,0,0,1,0,0,0,1,0,0
s: 11
t: 3.874

i: 47,0,1,0,0,0,0,1,0,4,1,1,0,1,0,0,0,0,1,0,0
s: 9
t: 8.839

i: 48,0,1,0,0,0,0,1,0,8,1,1,1,0,0,0,0,0,0,1,0
s: 10
t: 5.116

i: 29,0,1,0,0,0,0,1,0,1,1,1,1,0,0,0,1,0,0,0,0
s: 8
t: 13.915

i: 29,0,1,0,0,0,0,1,0,1,1,1,1,0,0,0,0,1,0,0,0
s: 10
t: 7.824

[TIMEOUT SMT] instance 74
i: 21,0,0,1,0,0,0,0,1,1,1,1,0,1,0,0,0,0,1,0,0
s: 9
t: 7.558

[TIMEOUT SMT] instance 76
i: 45,0,0,1,0,0,0,0,1,3,1,1,1,0,0,0,0,0,0,1,0
s: 11
t: 2.508

i: 33,0,1,0,0,0,0,1,0,2,1,1,0,0,1,0,0,1,0,0,0
s: 11
t: 4.073

i: 24,0,0,0,1,0,0,0,1,0,0,1,1,0,0,0,0,0,0,1,0
s: 12
t: 26.107

i: 49,0,0,0,1,0,0,0,1,6,0,0,1,0,0,0,0,0,0,1,0
s: 11
t: 5.818

i: 24,0,1,0,0,0,0,0,1,1,1,0,0,0,0,1,0,0,0,1,0
s: 12
t: 1.446

[TIMEOUT SMT] instance 82
i: 30,0,0,0,1,0,0,0,1,2,1,1,1,0,0,0,0,0,0,1,0
s: 13
t: 1.005

i: 33,0,0,0,1,0,0,0,1,2,1,1,1,0,0,0,0,0,0,1,0
s: 11
t: 2.752

i: 25,0,0,0,1,0,0,0,1,1,1,1,1,0,0,0,0,0,1,0,0
s: 9
t: 6.122

i: 35,0,0,0,1,0,0,0,1,3,0,1,1,0,0,0,0,0,0,1,0
s: 14
t: 0.864

i: 27,0,1,0,0,0,0,0,1,4,1,1,1,0,0,0,0,0,0,1,0
s: 11
t: 3.111

i: 24,0,1,0,0,0,1,0,0,3,1,0,0,1,0,0,1,0,0,0,0
s: 12
t: 2.216

[TIMEOUT SMT] instance 89
i: 46,0,1,0,0,0,0,0,1,6,1,1,1,0,0,0,0,0,0,1,0
s: 9
t: 5.564

i: 26,0,1,0,0,0,1,0,0,3,1,1,0,1,0,0,1,0,0,0,0
s: 10
t: 7.791

i: 38,0,1,0,0,0,1,0,0,1,1,0,0,0,1,0,0,1,0,0,0
s: 4
t: 117.034

i: 47,1,0,0,0,0,1,0,0,3,1,1,1,0,0,0,0,0,1,0,0
s: 7
t: 21.960

i: 41,1,0,0,0,0,0,1,0,10,1,1,0,1,0,0,0,0,1,0,1
s: 8
t: 72.111

i: 41,0,1,0,0,0,0,1,0,1,1,0,0,1,0,0,0,0,1,0,0
s: 12
t: 14.684

i: 28,0,0,0,1,0,0,0,1,5,1,1,0,1,0,0,1,0,0,0,0
s: 9
t: 7.383

i: 17,0,1,0,0,0,1,0,0,3,1,1,0,0,1,0,1,0,0,0,0
s: 15
t: 5.192

i: 27,0,1,0,0,0,0,1,0,5,1,1,0,1,0,0,1,0,0,0,0
s: 11
t: 2.482

i: 27,1,0,0,0,0,1,0,0,4,1,1,0,0,1,0,1,0,0,0,1
s: 8
t: 14.573

SMT max time: 161.63
SMT min time: 0.86
SMT avg time: 17.12
SMT cumulative time: 1438.30
nombre of explain instances: 84
all times: 1.053, 10.833, 1.129, 5.582, 9.846, 11.091, 1.633, 3.539, 74.571, 74.844, 14.153, 136.717, 11.335, 0.912, 1.610, 3.574, 7.399, 12.112, 8.998, 161.633, 4.411, 18.690, 82.781, 1.442, 6.249, 2.991, 4.196, 1.833, 7.838, 7.412, 1.266, 45.915, 2.069, 4.974, 40.418, 9.278, 3.961, 9.312, 2.487, 4.555, 6.049, 17.047, 66.656, 1.182, 24.071, 6.363, 3.257, 36.332, 11.356, 4.739, 50.129, 2.607, 8.296, 3.639, 6.409, 2.395, 1.211, 3.874, 8.839, 5.116, 13.915, 7.824, 7.558, 2.508, 4.073, 26.107, 5.818, 1.446, 1.005, 2.752, 6.122, 0.864, 3.111, 2.216, 5.564, 7.791, 117.034, 21.960, 72.111, 14.684, 7.383, 5.192, 2.482, 14.573
SMT std dev: 29.96

Nombre of timeouts SMT: 16
