i: 0,1,0,0,6,0,1,0,0,0,0,0,0,0,0,0,0,1,0,0,1169,0,0,0,0,1,0,0,0,1,0,4,0,0,0,1,0,0,1,4,0,0,1,0,67,0,1,0,0,1,0,2,0,0,0,1,1,1
s: 10
t: 20.096

i: 1,0,0,0,48,0,0,0,1,0,0,0,0,0,0,0,0,1,0,0,5951,0,0,1,0,0,1,0,0,0,0,2,1,0,0,0,0,0,1,2,0,0,1,0,22,0,1,0,0,1,0,1,0,0,0,1,1,0
s: 17
t: 20.287

i: 0,0,0,1,12,0,1,0,0,0,0,0,0,0,1,0,0,0,0,0,2096,0,0,1,0,0,0,1,0,0,0,2,0,0,0,1,0,0,1,3,0,0,1,0,49,0,1,0,0,1,0,1,0,0,1,0,2,0
s: 12
t: 39.885

i: 0,1,0,0,42,0,0,0,1,0,0,0,0,0,0,1,0,0,0,0,7882,0,0,1,0,0,0,1,0,0,0,2,0,0,0,1,0,1,0,4,1,0,0,0,45,0,1,0,1,0,0,1,0,0,0,1,2,0
s: 13
t: 67.113

i: 0,1,0,0,24,0,0,1,0,0,0,1,0,0,0,0,0,0,0,0,4870,0,0,1,0,0,1,0,0,0,0,3,0,0,0,1,0,0,1,4,0,1,0,0,53,0,1,0,1,0,0,2,0,0,0,1,2,0
s: 14
t: 24.256

i: 0,0,0,1,36,0,0,0,1,0,0,0,0,0,1,0,0,0,0,0,9055,0,0,0,0,1,1,0,0,0,0,2,0,0,0,1,0,0,1,4,0,1,0,0,35,0,1,0,1,0,0,1,0,0,1,0,2,1
s: 14
t: 15.415

i: 0,0,0,1,24,0,0,0,1,0,0,0,0,0,0,1,0,0,0,0,2835,0,1,0,0,0,0,0,0,1,0,3,0,0,0,1,0,0,1,4,1,0,0,0,53,0,1,0,0,1,0,1,0,0,0,1,1,0
s: 13
t: 20.227

i: 1,0,0,0,36,0,0,0,1,0,0,0,1,0,0,0,0,0,0,0,6948,0,0,1,0,0,1,0,0,0,0,2,0,0,0,1,0,0,1,2,0,0,0,1,35,0,1,0,0,0,1,1,1,0,0,0,1,1
s: 14
t: 46.600

i: 0,0,0,1,12,0,0,0,1,0,0,0,0,0,0,0,0,1,0,0,3059,0,0,0,1,0,0,1,0,0,0,2,0,1,0,0,0,0,1,4,0,0,1,0,61,0,1,0,0,1,0,1,0,0,1,0,1,0
s: 15
t: 28.471

i: 1,0,0,0,30,0,1,0,0,0,0,1,0,0,0,0,0,0,0,0,5234,0,0,1,0,0,0,0,0,0,1,4,0,0,1,0,0,0,1,2,0,0,0,1,28,0,1,0,0,1,0,2,1,0,0,0,1,0
s: 11
t: 5.352

i: 1,0,0,0,12,0,0,0,1,0,0,1,0,0,0,0,0,0,0,0,1295,0,0,1,0,0,0,0,1,0,0,3,1,0,0,0,0,0,1,1,0,0,0,1,25,0,1,0,0,0,1,1,0,0,0,1,1,0
s: 10
t: 18.075

i: 0,1,0,0,48,0,0,0,1,0,0,0,0,1,0,0,0,0,0,0,4308,0,0,1,0,0,0,0,1,0,0,3,1,0,0,0,0,0,1,4,1,0,0,0,24,0,1,0,0,0,1,1,0,0,0,1,1,0
s: 16
t: 10.287

i: 1,0,0,0,12,0,0,0,1,0,0,0,0,0,0,0,0,1,0,0,1567,0,0,1,0,0,1,0,0,0,0,1,1,0,0,0,0,0,1,1,0,0,0,1,22,0,1,0,0,1,0,1,0,0,0,1,1,1
s: 12
t: 161.355

[TIMEOUT SMT] instance 13
i: 0,1,0,0,15,0,0,0,1,0,0,1,0,0,0,0,0,0,0,0,1403,0,0,1,0,0,1,0,0,0,0,2,1,0,0,0,0,0,1,4,0,0,0,1,28,0,1,0,0,0,1,1,0,0,0,1,1,0
s: 16
t: 27.632

i: 0,1,0,0,24,0,0,0,1,0,0,0,0,0,0,0,0,1,0,0,1282,1,0,0,0,0,1,0,0,0,0,4,1,0,0,0,0,0,1,2,0,0,0,1,32,0,1,0,0,1,0,1,0,0,1,0,1,0
s: 17
t: 11.222

[TIMEOUT SMT] instance 16
i: 0,1,0,0,30,0,0,0,0,1,0,0,0,1,0,0,0,0,0,0,8072,0,0,0,0,1,0,0,1,0,0,2,0,0,0,1,0,0,1,3,0,0,0,1,25,1,0,0,0,1,0,3,0,0,0,1,1,0
s: 18
t: 12.829

i: 1,0,0,0,24,0,0,0,1,0,0,0,1,0,0,0,0,0,0,0,12579,0,0,1,0,0,0,0,0,1,0,4,1,0,0,0,0,0,1,2,0,1,0,0,44,0,1,0,1,0,0,1,1,0,0,0,1,1
s: 13
t: 26.545

i: 0,0,0,1,24,0,0,0,1,0,0,0,0,0,0,0,0,1,0,0,3430,0,1,0,0,0,0,0,0,1,0,3,0,0,0,1,0,0,1,2,0,0,0,1,31,0,1,0,0,1,0,1,0,0,0,1,2,1
s: 11
t: 113.229

i: 0,0,0,1,9,0,1,0,0,0,0,1,0,0,0,0,0,0,0,0,2134,0,0,1,0,0,1,0,0,0,0,4,0,0,0,1,0,0,1,4,0,0,0,1,48,0,1,0,0,1,0,3,0,0,0,1,1,1
s: 10
t: 177.382

i: 0,1,0,0,6,0,0,0,1,0,0,0,0,0,0,0,0,1,0,0,2647,0,1,0,0,0,1,0,0,0,0,2,0,0,0,1,0,0,1,3,0,0,1,0,44,0,1,0,0,0,1,1,0,0,0,1,2,0
s: 19
t: 7.080

i: 0,1,0,0,10,0,1,0,0,0,0,1,0,0,0,0,0,0,0,0,2241,0,0,1,0,0,0,0,1,0,0,1,0,0,0,1,0,0,1,3,0,0,1,0,48,0,1,0,0,0,1,2,0,0,1,0,2,0
s: 14
t: 8.201

i: 1,0,0,0,12,0,1,0,0,0,0,0,1,0,0,0,0,0,0,0,1804,1,0,0,0,0,0,0,1,0,0,3,0,0,0,1,0,0,1,4,1,0,0,0,44,0,1,0,0,1,0,1,0,0,0,1,1,0
s: 20
t: 2.275

[TIMEOUT SMT] instance 24
i: 0,1,0,0,6,0,0,0,1,0,0,0,0,0,0,1,0,0,0,0,1374,0,0,1,0,0,1,0,0,0,0,1,0,0,0,1,0,0,1,2,0,0,1,0,36,1,0,0,0,1,0,1,0,0,1,0,1,1
s: 19
t: 1.094

i: 0,0,0,1,6,0,0,0,0,1,0,0,0,0,0,0,0,1,0,0,426,0,0,1,0,0,0,0,0,1,0,4,0,0,1,0,0,0,1,4,0,0,0,1,39,0,1,0,0,1,0,1,0,0,1,0,1,0
s: 12
t: 28.008

i: 0,0,1,0,12,1,0,0,0,0,0,0,0,0,0,0,0,1,0,0,409,0,0,0,1,0,1,0,0,0,0,3,1,0,0,0,0,0,1,3,0,0,1,0,42,0,1,0,0,0,1,2,0,0,0,1,1,0
s: 12
t: 26.609

i: 1,0,0,0,7,0,0,0,1,0,0,0,0,0,0,0,0,1,0,0,2415,0,0,1,0,0,1,0,0,0,0,3,0,0,0,1,0,1,0,2,0,0,1,0,34,0,1,0,0,1,0,1,0,0,0,1,1,0
s: 16
t: 33.682

i: 0,1,0,0,60,0,0,1,0,0,0,0,0,1,0,0,0,0,0,0,6836,0,0,1,0,0,0,0,0,1,0,3,0,0,0,1,0,0,1,4,0,1,0,0,63,0,1,0,0,1,0,2,0,0,0,1,1,1
s: 17
t: 83.038

i: 1,0,0,0,18,0,0,0,1,0,0,0,0,1,0,0,0,0,0,0,1913,0,0,0,1,0,0,0,1,0,0,3,0,0,1,0,0,0,1,3,0,0,1,0,36,1,0,0,0,1,0,1,0,0,0,1,1,1
s: 12
t: 22.020

i: 0,1,0,0,24,0,0,0,1,0,0,0,0,0,0,1,0,0,0,0,4020,0,0,1,0,0,1,0,0,0,0,2,0,0,0,1,0,0,1,2,0,0,0,1,27,0,0,1,0,1,0,1,0,0,0,1,1,0
s: 13
t: 59.841

i: 1,0,0,0,18,0,0,0,1,0,0,1,0,0,0,0,0,0,0,0,5866,1,0,0,0,0,1,0,0,0,0,2,0,0,0,1,0,0,1,2,0,0,0,1,30,0,1,0,0,1,0,2,0,0,0,1,1,1
s: 12
t: 93.986

i: 0,0,0,1,12,0,1,0,0,0,0,0,0,1,0,0,0,0,0,0,1264,0,0,0,0,1,0,0,0,1,0,4,0,0,0,1,0,0,1,4,0,1,0,0,57,0,1,0,0,0,1,1,0,0,1,0,1,0
s: 10
t: 20.301

i: 0,0,1,0,12,0,0,0,1,0,0,0,0,0,0,1,0,0,0,0,1474,0,0,1,0,0,0,0,1,0,0,4,1,0,0,0,0,0,1,1,1,0,0,0,33,1,0,0,0,1,0,1,1,0,0,0,1,1
s: 15
t: 29.201

i: 1,0,0,0,45,0,1,0,0,0,0,0,0,0,0,0,0,1,0,0,4746,0,0,1,0,0,0,0,1,0,0,4,0,0,0,1,0,0,1,2,1,0,0,0,25,0,1,0,0,1,0,2,0,0,1,0,1,0
s: 8
t: 58.056

i: 0,0,0,1,48,0,1,0,0,0,0,0,0,0,1,0,0,0,0,0,6110,0,0,1,0,0,1,0,0,0,0,1,0,0,0,1,0,0,1,3,0,1,0,0,31,1,0,0,1,0,0,1,0,0,0,1,1,1
s: 14
t: 4.531

i: 0,0,1,0,18,0,0,0,1,0,0,0,0,0,0,0,0,1,0,0,2100,0,0,1,0,0,1,0,0,0,0,4,0,0,0,1,1,0,0,2,0,0,1,0,37,0,0,1,0,1,0,1,0,0,0,1,1,0
s: 13
t: 20.938

i: 0,0,1,0,10,0,0,0,1,0,1,0,0,0,0,0,0,0,0,0,1225,0,0,1,0,0,1,0,0,0,0,2,0,0,0,1,0,0,1,2,0,0,0,1,37,0,1,0,0,1,0,1,0,0,0,1,1,1
s: 13
t: 64.622

i: 1,0,0,0,9,0,0,0,1,0,0,0,0,0,0,0,0,1,0,0,458,0,0,1,0,0,1,0,0,0,0,4,0,0,0,1,0,0,1,3,0,0,1,0,24,0,1,0,0,1,0,1,0,0,0,1,1,0
s: 12
t: 96.993

i: 0,0,0,1,30,0,0,0,1,0,0,0,0,0,0,0,0,1,0,0,2333,0,1,0,0,0,0,0,0,1,0,4,0,0,0,1,0,0,1,2,0,0,0,1,30,1,0,0,0,1,0,1,1,0,0,0,1,0
s: 11
t: 9.194

i: 1,0,0,0,12,0,0,0,1,0,0,0,0,0,0,0,0,1,0,0,1158,0,1,0,0,0,1,0,0,0,0,3,0,1,0,0,0,0,1,1,0,0,0,1,26,0,1,0,0,1,0,1,0,0,0,1,1,1
s: 12
t: 132.710

i: 1,0,0,0,18,0,0,1,0,0,0,0,0,0,0,0,0,0,1,0,6204,0,0,1,0,0,1,0,0,0,0,2,0,0,0,1,0,0,1,4,0,0,1,0,44,0,1,0,0,1,0,1,0,0,1,0,2,1
s: 18
t: 10.116

i: 0,1,0,0,30,0,1,0,0,0,0,0,1,0,0,0,0,0,0,0,6187,1,0,0,0,0,0,1,0,0,0,1,0,0,1,0,0,0,1,4,0,0,0,1,24,0,1,0,0,0,1,2,0,0,0,1,1,0
s: 11
t: 28.317

i: 0,1,0,0,48,0,1,0,0,0,0,0,1,0,0,0,0,0,0,0,6143,0,0,1,0,0,0,0,0,1,0,4,1,0,0,0,0,0,1,4,0,1,0,0,58,0,0,1,1,0,0,2,0,0,1,0,1,0
s: 10
t: 47.620

i: 0,0,0,1,11,0,1,0,0,0,0,1,0,0,0,0,0,0,0,0,1393,0,0,1,0,0,0,0,1,0,0,4,1,0,0,0,0,0,1,4,0,0,0,1,35,0,1,0,0,1,0,2,1,0,0,0,1,0
s: 10
t: 113.216

i: 0,0,0,1,36,0,0,0,1,0,0,0,0,0,0,0,0,1,0,0,2299,0,1,0,0,0,0,0,0,1,0,4,0,0,0,1,0,0,1,4,0,0,0,1,39,0,1,0,0,1,0,1,0,0,0,1,1,0
s: 20
t: 6.614

i: 0,1,0,0,6,0,0,0,1,0,0,0,1,0,0,0,0,0,0,0,1352,0,1,0,0,0,0,0,0,0,1,1,1,0,0,0,0,0,1,2,1,0,0,0,23,0,1,0,0,0,1,1,0,1,0,0,1,1
s: 16
t: 23.593

i: 0,0,0,1,11,0,1,0,0,0,0,1,0,0,0,0,0,0,0,0,7228,0,0,1,0,0,1,0,0,0,0,1,0,0,0,1,0,0,1,4,1,0,0,0,39,0,1,0,0,1,0,2,0,0,1,0,1,0
s: 16
t: 0.964

i: 0,0,0,1,12,0,0,0,1,0,0,0,0,0,0,0,0,1,0,0,2073,1,0,0,0,0,1,0,0,0,0,4,1,0,0,0,1,0,0,2,0,0,1,0,28,0,1,0,0,1,0,1,0,0,0,1,1,0
s: 16
t: 9.295

i: 1,0,0,0,24,0,0,1,0,0,0,0,0,0,0,1,0,0,0,0,2333,0,0,0,0,1,0,0,1,0,0,4,0,0,0,1,0,0,1,2,1,0,0,0,29,1,0,0,0,1,0,1,0,0,1,0,1,0
s: 6
t: 140.135

[TIMEOUT SMT] instance 51
i: 0,0,0,1,12,0,0,0,1,0,0,0,0,0,0,0,0,1,0,0,1262,0,0,1,0,0,1,0,0,0,0,3,0,0,0,1,0,0,1,2,0,0,0,1,25,0,1,0,0,1,0,1,0,0,0,1,1,0
s: 10
t: 23.571

i: 0,0,0,1,18,0,0,0,1,0,0,0,1,0,0,0,0,0,0,0,3378,0,0,0,0,1,1,0,0,0,0,2,0,0,0,1,0,0,1,1,1,0,0,0,31,0,1,0,0,1,0,1,0,0,0,1,1,1
s: 15
t: 53.728

i: 1,0,0,0,36,0,0,1,0,0,0,1,0,0,0,0,0,0,0,0,2225,0,0,1,0,0,0,0,0,1,0,4,0,0,0,1,0,0,1,4,0,1,0,0,57,1,0,0,1,0,0,2,0,0,0,1,1,1
s: 16
t: 39.406

i: 0,0,0,1,6,1,0,0,0,0,0,1,0,0,0,0,0,0,0,0,783,0,0,0,0,1,1,0,0,0,0,1,0,0,0,1,0,1,0,2,0,0,1,0,26,0,0,1,0,1,0,1,0,0,1,0,2,0
s: 11
t: 10.863

[TIMEOUT SMT] instance 56
i: 0,0,0,1,36,0,1,0,0,0,0,0,0,0,0,0,0,1,0,0,9566,0,0,1,0,0,1,0,0,0,0,2,1,0,0,0,0,0,1,2,0,0,0,1,31,0,0,1,0,1,0,2,0,0,0,1,1,0
s: 16
t: 15.397

i: 0,0,1,0,18,0,0,0,1,0,0,1,0,0,0,0,0,0,0,0,1961,0,0,1,0,0,0,0,0,1,0,3,1,0,0,0,0,0,1,2,0,0,0,1,23,0,1,0,0,1,0,1,1,0,0,0,1,0
s: 13
t: 52.012

i: 0,1,0,0,36,0,1,0,0,0,0,0,0,0,0,1,0,0,0,0,6229,0,0,1,0,0,0,0,1,0,0,4,1,0,0,0,1,0,0,4,0,1,0,0,23,0,1,0,0,0,1,2,0,0,1,0,1,1
s: 13
t: 10.080

i: 1,0,0,0,9,0,0,0,1,0,0,0,0,1,0,0,0,0,0,0,1391,0,0,1,0,0,1,0,0,0,0,2,0,0,1,0,0,0,1,1,0,0,1,0,27,1,0,0,0,1,0,1,0,0,0,1,1,1
s: 16
t: 6.470

[TIMEOUT SMT] instance 61
i: 1,0,0,0,36,0,0,0,0,1,0,0,0,1,0,0,0,0,0,0,1953,0,0,1,0,0,0,0,0,1,0,4,0,0,0,1,0,0,1,4,0,1,0,0,61,0,1,0,1,0,0,1,1,0,0,0,1,1
s: 16
t: 65.510

i: 1,0,0,0,48,0,0,0,0,1,0,0,0,1,0,0,0,0,0,0,14421,0,0,1,0,0,1,0,0,0,0,2,0,0,0,1,0,0,1,2,0,0,0,1,25,0,1,0,0,1,0,1,0,0,0,1,1,1
s: 14
t: 46.245

i: 0,0,0,1,24,0,0,0,1,0,0,0,0,0,0,0,0,1,0,0,3181,0,0,1,0,0,0,0,1,0,0,4,1,0,0,0,0,0,1,4,1,0,0,0,26,0,1,0,0,1,0,1,0,0,0,1,1,1
s: 14
t: 47.882

i: 0,0,0,1,27,0,0,0,1,0,0,0,0,0,0,0,0,0,1,0,5190,0,0,0,0,1,0,0,0,1,0,4,0,0,0,1,0,0,1,4,1,0,0,0,48,0,1,0,0,1,0,4,0,0,0,1,2,1
s: 16
t: 28.548

i: 0,0,0,1,12,0,0,0,1,0,0,0,0,0,0,0,0,1,0,0,2171,0,0,1,0,0,0,0,1,0,0,2,1,0,0,0,0,0,1,2,0,0,0,1,29,1,0,0,0,1,0,1,0,0,0,1,1,0
s: 17
t: 12.303

[TIMEOUT SMT] instance 67
i: 0,0,0,1,36,0,0,0,1,0,0,0,0,0,1,0,0,0,0,0,1819,0,0,1,0,0,1,0,0,0,0,4,0,0,0,1,0,0,1,4,0,1,0,0,37,0,0,1,1,0,0,1,0,0,0,1,1,1
s: 19
t: 86.965

i: 0,0,0,1,36,0,0,0,1,0,0,0,0,0,0,0,0,1,0,0,2394,0,0,0,0,1,1,0,0,0,0,4,1,0,0,0,0,0,1,4,0,0,0,1,25,0,1,0,0,1,0,1,0,0,0,1,1,0
s: 15
t: 92.106

i: 0,0,0,1,36,0,0,0,1,0,0,0,1,0,0,0,0,0,0,0,8133,0,0,1,0,0,1,0,0,0,0,1,1,0,0,0,0,0,1,2,1,0,0,0,30,1,0,0,0,1,0,1,0,0,0,1,1,0
s: 14
t: 16.941

i: 0,0,0,1,7,0,1,0,0,0,0,0,0,0,0,0,0,1,0,0,730,0,0,0,0,1,0,0,0,1,0,4,0,0,0,1,0,0,1,2,1,0,0,0,46,0,1,0,0,0,1,2,0,0,1,0,1,1
s: 10
t: 46.237

i: 0,1,0,0,8,0,1,0,0,0,0,0,0,0,0,0,1,0,0,0,1164,0,0,1,0,0,0,0,0,1,0,3,0,0,0,1,0,0,1,4,0,1,0,0,51,1,0,0,1,0,0,2,1,0,0,0,2,1
s: 9
t: 78.621

i: 1,0,0,0,42,0,1,0,0,0,0,0,0,1,0,0,0,0,0,0,5954,0,0,1,0,0,0,1,0,0,0,2,1,0,0,0,0,0,1,1,0,0,1,0,41,1,0,0,0,1,0,2,0,0,1,0,1,0
s: 6
t: 74.889

i: 0,1,0,0,36,0,0,0,1,0,0,0,0,0,1,0,0,0,0,0,1977,0,0,0,0,1,0,0,0,1,0,4,0,0,0,1,0,0,1,4,0,1,0,0,40,0,1,0,0,1,0,1,1,0,0,0,1,1
s: 15
t: 82.209

i: 0,1,0,0,12,0,1,0,0,0,0,0,1,0,0,0,0,0,0,0,1526,0,0,1,0,0,0,0,0,1,0,4,0,0,0,1,0,0,1,4,0,1,0,0,66,0,1,0,1,0,0,2,1,0,0,0,1,0
s: 16
t: 15.760

i: 0,1,0,0,42,0,0,0,1,0,0,0,0,0,0,0,0,1,0,0,3965,0,0,1,0,0,0,0,1,0,0,4,0,0,0,1,0,0,1,3,0,0,0,1,34,0,1,0,0,1,0,1,0,0,0,1,1,0
s: 17
t: 11.405

i: 1,0,0,0,11,0,0,1,0,0,0,0,0,0,0,0,0,1,0,0,4771,0,0,1,0,0,0,1,0,0,0,2,0,0,0,1,0,0,1,4,1,0,0,0,51,0,1,0,0,1,0,1,0,0,0,1,1,0
s: 13
t: 65.754

[TIMEOUT SMT] instance 78
i: 1,0,0,0,30,0,0,0,1,0,0,0,0,0,0,1,0,0,0,0,3832,0,0,1,0,0,0,0,1,0,0,2,0,0,1,0,0,0,1,1,1,0,0,0,22,0,1,0,0,1,0,1,0,0,0,1,1,0
s: 9
t: 28.773

[TIMEOUT SMT] instance 80
i: 0,0,0,1,15,0,0,0,1,0,0,0,0,0,0,0,0,1,0,0,1213,0,1,0,0,0,0,0,0,1,0,4,0,0,0,1,0,0,1,3,1,0,0,0,47,0,0,1,0,1,0,1,0,0,0,1,1,1
s: 14
t: 27.794

i: 0,0,0,1,18,0,0,0,1,0,0,0,0,1,0,0,0,0,0,0,1568,1,0,0,0,0,1,0,0,0,0,3,1,0,0,0,0,0,1,4,1,0,0,0,24,0,1,0,0,0,1,1,0,0,1,0,1,0
s: 11
t: 53.580

[TIMEOUT SMT] instance 83
i: 0,1,0,0,10,0,0,0,1,0,0,0,0,0,0,0,0,1,0,0,2315,0,0,1,0,0,0,0,0,1,0,3,0,0,0,1,0,0,1,4,0,0,1,0,52,0,1,0,0,1,0,1,0,0,1,0,1,0
s: 13
t: 27.003

i: 0,0,0,1,12,0,1,0,0,0,0,0,0,1,0,0,0,0,0,0,1412,0,0,1,0,0,1,0,0,0,0,4,1,0,0,0,0,1,0,2,0,0,1,0,29,0,1,0,0,1,0,2,1,0,0,0,1,1
s: 16
t: 12.576

i: 1,0,0,0,18,0,1,0,0,0,0,0,0,0,0,1,0,0,0,0,1295,0,0,1,0,0,0,0,1,0,0,4,1,0,0,0,0,0,1,1,1,0,0,0,27,0,1,0,0,1,0,2,0,0,0,1,1,0
s: 12
t: 27.271

i: 1,0,0,0,36,0,0,0,1,0,0,0,0,0,1,0,0,0,0,0,12612,1,0,0,0,0,1,0,0,0,0,1,0,0,0,1,0,0,1,4,0,1,0,0,47,0,1,0,1,0,0,1,0,0,0,1,2,1
s: 13
t: 23.935

i: 0,1,0,0,18,0,0,0,1,0,0,1,0,0,0,0,0,0,0,0,2249,1,0,0,0,0,0,1,0,0,0,4,0,0,0,1,0,0,1,3,0,0,0,1,30,0,1,0,0,1,0,1,1,0,0,0,2,1
s: 14
t: 32.467

i: 0,1,0,0,12,0,0,0,0,1,0,0,0,0,0,0,0,0,1,0,1108,0,0,1,0,0,0,1,0,0,0,4,0,0,0,1,0,0,1,3,0,0,1,0,28,0,1,0,0,1,0,2,0,0,0,1,1,0
s: 20
t: 12.406

i: 0,0,0,1,12,0,1,0,0,0,0,0,0,0,0,0,0,1,0,0,618,0,0,1,0,0,0,0,0,1,0,4,0,0,0,1,0,0,1,4,0,0,1,0,56,0,1,0,0,1,0,1,0,0,0,1,1,0
s: 9
t: 65.835

i: 0,1,0,0,12,0,1,0,0,0,0,0,1,0,0,0,0,0,0,0,1409,0,0,1,0,0,0,0,0,1,0,4,0,0,0,1,0,0,1,3,0,0,1,0,54,0,1,0,0,1,0,1,0,0,0,1,1,0
s: 11
t: 40.567

[TIMEOUT SMT] instance 92
i: 0,0,1,0,24,0,1,0,0,0,0,0,0,0,0,1,0,0,0,0,3617,0,0,0,0,1,0,0,0,1,0,4,0,0,0,1,1,0,0,4,0,1,0,0,20,0,1,0,0,0,1,2,0,0,0,1,1,0
s: 14
t: 65.742

[TIMEOUT SMT] instance 94
i: 1,0,0,0,54,0,0,0,0,1,0,0,0,1,0,0,0,0,0,0,15945,0,0,1,0,0,0,0,1,0,0,3,0,0,0,1,0,0,1,4,0,1,0,0,58,0,1,0,0,0,1,1,0,0,0,1,1,1
s: 17
t: 109.635

[TIMEOUT SMT] instance 96
i: 1,0,0,0,18,0,0,0,1,0,0,0,0,1,0,0,0,0,0,0,2622,1,0,0,0,0,1,0,0,0,0,4,0,0,0,1,0,0,1,4,0,0,0,1,34,0,1,0,0,1,0,1,0,0,0,1,1,0
s: 17
t: 12.828

i: 1,0,0,0,36,0,1,0,0,0,0,0,0,0,0,0,0,1,0,0,2337,0,0,1,0,0,0,0,0,1,0,4,0,0,0,1,0,0,1,4,0,0,1,0,36,0,1,0,0,1,0,1,0,0,0,1,1,0
s: 18
t: 10.717

i: 1,0,0,0,20,0,0,1,0,0,0,0,1,0,0,0,0,0,0,0,7057,0,0,0,0,1,0,1,0,0,0,3,0,0,0,1,0,0,1,4,1,0,0,0,36,1,0,0,0,0,1,2,1,0,0,0,2,1
s: 14
t: 0.753

SMT max time: 177.38
SMT min time: 0.75
SMT avg time: 40.96
SMT cumulative time: 3563.29
nombre of explain instances: 87
all times: 20.096, 20.287, 39.885, 67.113, 24.256, 15.415, 20.227, 46.600, 28.471, 5.352, 18.075, 10.287, 161.355, 27.632, 11.222, 12.829, 26.545, 113.229, 177.382, 7.080, 8.201, 2.275, 1.094, 28.008, 26.609, 33.682, 83.038, 22.020, 59.841, 93.986, 20.301, 29.201, 58.056, 4.531, 20.938, 64.622, 96.993, 9.194, 132.710, 10.116, 28.317, 47.620, 113.216, 6.614, 23.593, 0.964, 9.295, 140.135, 23.571, 53.728, 39.406, 10.863, 15.397, 52.012, 10.080, 6.470, 65.510, 46.245, 47.882, 28.548, 12.303, 86.965, 92.106, 16.941, 46.237, 78.621, 74.889, 82.209, 15.760, 11.405, 65.754, 28.773, 27.794, 53.580, 27.003, 12.576, 27.271, 23.935, 32.467, 12.406, 65.835, 40.567, 65.742, 109.635, 12.828, 10.717, 0.753
SMT std dev: 37.83

Nombre of timeouts SMT: 13
